#
# There is insufficient memory for the Java Runtime Environment to continue.
# Native memory allocation (mmap) failed to map 24117248 bytes for G1 virtual space
# Possible reasons:
#   The system is out of physical RAM or swap space
#   The process is running with CompressedOops enabled, and the Java Heap may be blocking the growth of the native heap
# Possible solutions:
#   Reduce memory load on the system
#   Increase physical memory or swap space
#   Check if swap backing store is full
#   Decrease Java heap size (-Xmx/-Xms)
#   Decrease number of Java threads
#   Decrease Java thread stack sizes (-Xss)
#   Set larger code cache with -XX:ReservedCodeCacheSize=
#   JVM is running with Unscaled Compressed Oops mode in which the Java heap is
#     placed in the first 4GB address space. The Java Heap base address is the
#     maximum limit for the native heap growth. Please use -XX:HeapBaseMinAddress
#     to set the Java Heap base and to place the Java Heap above 4GB virtual address.
# This output file may be truncated or incomplete.
#
#  Out of Memory Error (os_windows.cpp:3825), pid=5576, tid=12176
#
# JRE version: OpenJDK Runtime Environment (17.0.9) (build 17.0.9+0--11185874)
# Java VM: OpenJDK 64-Bit Server VM (17.0.9+0--11185874, mixed mode, tiered, compressed oops, compressed class ptrs, g1 gc, windows-amd64)
# No core dump will be written. Minidumps are not enabled by default on client versions of Windows
#

---------------  S U M M A R Y ------------

Command Line: --add-opens=java.base/java.util=ALL-UNNAMED --add-opens=java.base/java.lang=ALL-UNNAMED --add-opens=java.base/java.lang.invoke=ALL-UNNAMED --add-opens=java.prefs/java.util.prefs=ALL-UNNAMED --add-opens=java.base/java.nio.charset=ALL-UNNAMED --add-opens=java.base/java.net=ALL-UNNAMED --add-opens=java.base/java.util.concurrent.atomic=ALL-UNNAMED -Xmx2048m -Dfile.encoding=UTF-8 -Duser.country=RU -Duser.language=ru -Duser.variant -javaagent:C:\Users\gazhi\.gradle\wrapper\dists\gradle-8.4-bin\1w5dpkrfk8irigvoxmyhowfim\gradle-8.4\lib\agents\gradle-instrumentation-agent-8.4.jar org.gradle.launcher.daemon.bootstrap.GradleDaemon 8.4

Host: AMD Ryzen 3 3200U with Radeon Vega Mobile Gfx  , 4 cores, 5G,  Windows 10 , 64 bit Build 19041 (10.0.19041.3636)
Time: Fri Mar 22 13:56:47 2024 RTZ 2 (s 10 , 64 bit Build 19041 (10.0.19041.3636) elapsed time: 22.573549 seconds (0d 0h 0m 22s)

---------------  T H R E A D  ---------------

Current thread (0x00000145d29308d0):  VMThread "VM Thread" [stack: 0x000000456cd00000,0x000000456ce00000] [id=12176]

Stack: [0x000000456cd00000,0x000000456ce00000]
Native frames: (J=compiled Java code, j=interpreted, Vv=VM code, C=native code)
V  [jvm.dll+0x6886e9]
V  [jvm.dll+0x841e4a]
V  [jvm.dll+0x843a8e]
V  [jvm.dll+0x8440f3]
V  [jvm.dll+0x24c14f]
V  [jvm.dll+0x685499]
V  [jvm.dll+0x679c2a]
V  [jvm.dll+0x30cf9b]
V  [jvm.dll+0x314446]
V  [jvm.dll+0x36425e]
V  [jvm.dll+0x36448f]
V  [jvm.dll+0x2e2d68]
V  [jvm.dll+0x2e0f44]
V  [jvm.dll+0x2e054c]
V  [jvm.dll+0x325721]
V  [jvm.dll+0x8487eb]
V  [jvm.dll+0x849531]
V  [jvm.dll+0x849a4d]
V  [jvm.dll+0x849e24]
V  [jvm.dll+0x849ef0]
V  [jvm.dll+0x7f06aa]
V  [jvm.dll+0x687565]
C  [ucrtbase.dll+0x21bb2]
C  [KERNEL32.DLL+0x17344]
C  [ntdll.dll+0x526b1]

VM_Operation (0x000000456e3f1020): G1TryInitiateConcMark, mode: safepoint, requested by thread 0x00000145d7f6dd90


---------------  P R O C E S S  ---------------

Threads class SMR info:
_java_thread_list=0x00000145d84afb20, length=43, elements={
0x00000145b9350870, 0x00000145d28fe310, 0x00000145d28ff320, 0x00000145d291a3a0,
0x00000145d291ae70, 0x00000145d291b740, 0x00000145d2bce7c0, 0x00000145d2bcf3c0,
0x00000145d2bd70a0, 0x00000145d2bfe1a0, 0x00000145d2cc4fe0, 0x00000145d2e70ac0,
0x00000145d7db9540, 0x00000145d874f8e0, 0x00000145d86fa3d0, 0x00000145d89ac010,
0x00000145d89ac4f0, 0x00000145d89ac9d0, 0x00000145d7f6dd90, 0x00000145d8812980,
0x00000145d88142d0, 0x00000145d8815200, 0x00000145d8812470, 0x00000145d8814cf0,
0x00000145d8815710, 0x00000145d8815c20, 0x00000145d8812e90, 0x00000145d88133a0,
0x00000145d88138b0, 0x00000145d8813dc0, 0x00000145d9dd3070, 0x00000145d9dd3fa0,
0x00000145d9dda4e0, 0x00000145d9dd95b0, 0x00000145d9dd9ac0, 0x00000145d9dd3a90,
0x00000145d9dd90a0, 0x00000145d9dd9fd0, 0x00000145d9dd7240, 0x00000145d9dd44b0,
0x00000145d9dd49c0, 0x00000145d9dd4ed0, 0x00000145d9dd3580
}

Java Threads: ( => current thread )
  0x00000145b9350870 JavaThread "main" [_thread_blocked, id=2996, stack(0x000000456c700000,0x000000456c800000)]
  0x00000145d28fe310 JavaThread "Reference Handler" daemon [_thread_blocked, id=12368, stack(0x000000456ce00000,0x000000456cf00000)]
  0x00000145d28ff320 JavaThread "Finalizer" daemon [_thread_blocked, id=10804, stack(0x000000456cf00000,0x000000456d000000)]
  0x00000145d291a3a0 JavaThread "Signal Dispatcher" daemon [_thread_blocked, id=13092, stack(0x000000456d000000,0x000000456d100000)]
  0x00000145d291ae70 JavaThread "Attach Listener" daemon [_thread_blocked, id=16024, stack(0x000000456d100000,0x000000456d200000)]
  0x00000145d291b740 JavaThread "Service Thread" daemon [_thread_blocked, id=15340, stack(0x000000456d200000,0x000000456d300000)]
  0x00000145d2bce7c0 JavaThread "Monitor Deflation Thread" daemon [_thread_blocked, id=13208, stack(0x000000456d300000,0x000000456d400000)]
  0x00000145d2bcf3c0 JavaThread "C2 CompilerThread0" daemon [_thread_blocked, id=14564, stack(0x000000456d400000,0x000000456d500000)]
  0x00000145d2bd70a0 JavaThread "C1 CompilerThread0" daemon [_thread_blocked, id=7440, stack(0x000000456d500000,0x000000456d600000)]
  0x00000145d2bfe1a0 JavaThread "Sweeper thread" daemon [_thread_blocked, id=15656, stack(0x000000456d600000,0x000000456d700000)]
  0x00000145d2cc4fe0 JavaThread "Common-Cleaner" daemon [_thread_blocked, id=1928, stack(0x000000456d700000,0x000000456d800000)]
  0x00000145d2e70ac0 JavaThread "Notification Thread" daemon [_thread_blocked, id=5628, stack(0x000000456d800000,0x000000456d900000)]
  0x00000145d7db9540 JavaThread "Daemon health stats" [_thread_blocked, id=2520, stack(0x000000456dd00000,0x000000456de00000)]
  0x00000145d874f8e0 JavaThread "Incoming local TCP Connector on port 55415" [_thread_in_native, id=5424, stack(0x000000456de00000,0x000000456df00000)]
  0x00000145d86fa3d0 JavaThread "Daemon periodic checks" [_thread_blocked, id=10392, stack(0x000000456df00000,0x000000456e000000)]
  0x00000145d89ac010 JavaThread "Daemon" [_thread_blocked, id=8496, stack(0x000000456e000000,0x000000456e100000)]
  0x00000145d89ac4f0 JavaThread "Handler for socket connection from /127.0.0.1:55415 to /127.0.0.1:55416" [_thread_in_native, id=2884, stack(0x000000456e100000,0x000000456e200000)]
  0x00000145d89ac9d0 JavaThread "Cancel handler" [_thread_blocked, id=6820, stack(0x000000456e200000,0x000000456e300000)]
  0x00000145d7f6dd90 JavaThread "Daemon worker" [_thread_blocked, id=16072, stack(0x000000456e300000,0x000000456e400000)]
  0x00000145d8812980 JavaThread "Asynchronous log dispatcher for DefaultDaemonConnection: socket connection from /127.0.0.1:55415 to /127.0.0.1:55416" [_thread_blocked, id=14916, stack(0x000000456e400000,0x000000456e500000)]
  0x00000145d88142d0 JavaThread "Stdin handler" [_thread_blocked, id=11940, stack(0x000000456e500000,0x000000456e600000)]
  0x00000145d8815200 JavaThread "Daemon client event forwarder" [_thread_blocked, id=12904, stack(0x000000456e600000,0x000000456e700000)]
  0x00000145d8812470 JavaThread "Cache worker for journal cache (C:\Users\gazhi\.gradle\caches\journal-1)" [_thread_blocked, id=14952, stack(0x000000456e700000,0x000000456e800000)]
  0x00000145d8814cf0 JavaThread "File lock request listener" [_thread_in_native, id=13768, stack(0x000000456e800000,0x000000456e900000)]
  0x00000145d8815710 JavaThread "Cache worker for file hash cache (C:\Users\gazhi\.gradle\caches\8.4\fileHashes)" [_thread_blocked, id=12248, stack(0x000000456e900000,0x000000456ea00000)]
  0x00000145d8815c20 JavaThread "File watcher server" daemon [_thread_blocked, id=14160, stack(0x000000456ea00000,0x000000456eb00000)]
  0x00000145d8812e90 JavaThread "File watcher consumer" daemon [_thread_blocked, id=7360, stack(0x000000456eb00000,0x000000456ec00000)]
  0x00000145d88133a0 JavaThread "Cache worker for checksums cache (C:\Users\gazhi\AndroidStudioProjects\project\.gradle\8.4\checksums)" [_thread_blocked, id=5888, stack(0x000000456ec00000,0x000000456ed00000)]
  0x00000145d88138b0 JavaThread "Cache worker for file hash cache (C:\Users\gazhi\AndroidStudioProjects\project\.gradle\8.4\fileHashes)" [_thread_blocked, id=16356, stack(0x000000456ed00000,0x000000456ee00000)]
  0x00000145d8813dc0 JavaThread "Cache worker for cache directory md-supplier (C:\Users\gazhi\.gradle\caches\8.4\md-supplier)" [_thread_blocked, id=15612, stack(0x000000456ee00000,0x000000456ef00000)]
  0x00000145d9dd3070 JavaThread "Cache worker for file content cache (C:\Users\gazhi\.gradle\caches\8.4\fileContent)" [_thread_blocked, id=1016, stack(0x000000456ef00000,0x000000456f000000)]
  0x00000145d9dd3fa0 JavaThread "Cache worker for cache directory md-rule (C:\Users\gazhi\.gradle\caches\8.4\md-rule)" [_thread_blocked, id=15976, stack(0x000000456f000000,0x000000456f100000)]
  0x00000145d9dda4e0 JavaThread "Cache worker for execution history cache (C:\Users\gazhi\.gradle\caches\8.4\executionHistory)" [_thread_blocked, id=13996, stack(0x000000456f100000,0x000000456f200000)]
  0x00000145d9dd95b0 JavaThread "Cache worker for kotlin-dsl (C:\Users\gazhi\.gradle\caches\8.4\kotlin-dsl)" [_thread_blocked, id=15832, stack(0x000000456f200000,0x000000456f300000)]
  0x00000145d9dd9ac0 JavaThread "jar transforms" [_thread_blocked, id=4552, stack(0x000000456f300000,0x000000456f400000)]
  0x00000145d9dd3a90 JavaThread "jar transforms Thread 2" [_thread_blocked, id=15784, stack(0x000000456f400000,0x000000456f500000)]
  0x00000145d9dd90a0 JavaThread "jar transforms Thread 3" [_thread_blocked, id=13868, stack(0x000000456f500000,0x000000456f600000)]
  0x00000145d9dd9fd0 JavaThread "jar transforms Thread 4" [_thread_blocked, id=11660, stack(0x000000456f600000,0x000000456f700000)]
  0x00000145d9dd7240 JavaThread "Cache worker for dependencies-accessors (C:\Users\gazhi\AndroidStudioProjects\project\.gradle\8.4\dependencies-accessors)" [_thread_blocked, id=12492, stack(0x000000456f700000,0x000000456f800000)]
  0x00000145d9dd44b0 JavaThread "Cache worker for Build Output Cleanup Cache (C:\Users\gazhi\AndroidStudioProjects\project\.gradle\buildOutputCleanup)" [_thread_blocked, id=10180, stack(0x000000456f800000,0x000000456f900000)]
  0x00000145d9dd49c0 JavaThread "Unconstrained build operations" [_thread_blocked, id=12944, stack(0x000000456f900000,0x000000456fa00000)]
  0x00000145d9dd4ed0 JavaThread "Unconstrained build operations Thread 2" [_thread_blocked, id=3820, stack(0x000000456fa00000,0x000000456fb00000)]
  0x00000145d9dd3580 JavaThread "Unconstrained build operations Thread 3" [_thread_blocked, id=6064, stack(0x000000456fb00000,0x000000456fc00000)]

Other Threads:
=>0x00000145d29308d0 VMThread "VM Thread" [stack: 0x000000456cd00000,0x000000456ce00000] [id=12176]
  0x00000145b9351640 WatcherThread [stack: 0x000000456d900000,0x000000456da00000] [id=10428]
  0x00000145b93b3820 GCTaskThread "GC Thread#0" [stack: 0x000000456c800000,0x000000456c900000] [id=10420]
  0x00000145d72efc10 GCTaskThread "GC Thread#1" [stack: 0x000000456da00000,0x000000456db00000] [id=14908]
  0x00000145d709ad10 GCTaskThread "GC Thread#2" [stack: 0x000000456db00000,0x000000456dc00000] [id=16232]
  0x00000145d78779a0 GCTaskThread "GC Thread#3" [stack: 0x000000456dc00000,0x000000456dd00000] [id=2880]
  0x00000145b93c5e30 ConcurrentGCThread "G1 Main Marker" [stack: 0x000000456c900000,0x000000456ca00000] [id=5340]
  0x00000145b93c6760 ConcurrentGCThread "G1 Conc#0" [stack: 0x000000456ca00000,0x000000456cb00000] [id=14780]
  0x00000145d27820b0 ConcurrentGCThread "G1 Refine#0" [stack: 0x000000456cb00000,0x000000456cc00000] [id=1992]
  0x00000145d27829f0 ConcurrentGCThread "G1 Service" [stack: 0x000000456cc00000,0x000000456cd00000] [id=10208]

Threads with active compile tasks:
C2 CompilerThread0    22628 6237       4       java.lang.String::indexOf (64 bytes)

VM state: at safepoint (normal execution)

VM Mutex/Monitor currently owned by a thread:  ([mutex/lock_event])
[0x00000145b934c420] Threads_lock - owner thread: 0x00000145d29308d0
[0x00000145b934ce40] Heap_lock - owner thread: 0x00000145d7f6dd90

Heap address: 0x0000000080000000, size: 2048 MB, Compressed Oops mode: 32-bit

CDS archive(s) not mapped
Compressed class space mapped at: 0x0000000100000000-0x0000000140000000, reserved size: 1073741824
Narrow klass base: 0x0000000000000000, Narrow klass shift: 3, Narrow klass range: 0x140000000

GC Precious Log:
 CPUs: 4 total, 4 available
 Memory: 6082M
 Large Page Support: Disabled
 NUMA Support: Disabled
 Compressed Oops: Enabled (32-bit)
 Heap Region Size: 1M
 Heap Min Capacity: 8M
 Heap Initial Capacity: 96M
 Heap Max Capacity: 2G
 Pre-touch: Disabled
 Parallel Workers: 4
 Concurrent Workers: 1
 Concurrent Refinement Workers: 4
 Periodic GC: Disabled

Heap:
 garbage-first heap   total 81920K, used 49115K [0x0000000080000000, 0x0000000100000000)
  region size 1024K, 1 young (1024K), 1 survivors (1024K)
 Metaspace       used 57226K, committed 57792K, reserved 1114112K
  class space    used 7828K, committed 8128K, reserved 1048576K

Heap Regions: E=young(eden), S=young(survivor), O=old, HS=humongous(starts), HC=humongous(continues), CS=collection set, F=free, OA=open archive, CA=closed archive, TAMS=top-at-mark-start (previous, next)
|   0|0x0000000080000000, 0x0000000080100000, 0x0000000080100000|100%| O|  |TAMS 0x0000000080100000, 0x0000000080100000| Untracked 
|   1|0x0000000080100000, 0x0000000080200000, 0x0000000080200000|100%| O|  |TAMS 0x0000000080200000, 0x0000000080200000| Untracked 
|   2|0x0000000080200000, 0x0000000080300000, 0x0000000080300000|100%|HS|  |TAMS 0x0000000080300000, 0x0000000080300000| Complete 
|   3|0x0000000080300000, 0x0000000080400000, 0x0000000080400000|100%|HC|  |TAMS 0x0000000080400000, 0x0000000080400000| Complete 
|   4|0x0000000080400000, 0x0000000080500000, 0x0000000080500000|100%|HC|  |TAMS 0x0000000080500000, 0x0000000080500000| Complete 
|   5|0x0000000080500000, 0x0000000080600000, 0x0000000080600000|100%|HC|  |TAMS 0x0000000080600000, 0x0000000080600000| Complete 
|   6|0x0000000080600000, 0x0000000080700000, 0x0000000080700000|100%| O|  |TAMS 0x0000000080700000, 0x0000000080700000| Untracked 
|   7|0x0000000080700000, 0x0000000080800000, 0x0000000080800000|100%| O|  |TAMS 0x0000000080800000, 0x0000000080800000| Untracked 
|   8|0x0000000080800000, 0x0000000080900000, 0x0000000080900000|100%| O|  |TAMS 0x0000000080900000, 0x0000000080900000| Untracked 
|   9|0x0000000080900000, 0x0000000080a00000, 0x0000000080a00000|100%| O|  |TAMS 0x0000000080a00000, 0x0000000080a00000| Untracked 
|  10|0x0000000080a00000, 0x0000000080ac2e00, 0x0000000080b00000| 76%| O|  |TAMS 0x0000000080ac2e00, 0x0000000080ac2e00| Untracked 
|  11|0x0000000080b00000, 0x0000000080c00000, 0x0000000080c00000|100%| O|  |TAMS 0x0000000080c00000, 0x0000000080c00000| Untracked 
|  12|0x0000000080c00000, 0x0000000080d00000, 0x0000000080d00000|100%| O|  |TAMS 0x0000000080d00000, 0x0000000080d00000| Untracked 
|  13|0x0000000080d00000, 0x0000000080e00000, 0x0000000080e00000|100%| O|  |TAMS 0x0000000080e00000, 0x0000000080e00000| Untracked 
|  14|0x0000000080e00000, 0x0000000080f00000, 0x0000000080f00000|100%| O|  |TAMS 0x0000000080f00000, 0x0000000080f00000| Untracked 
|  15|0x0000000080f00000, 0x0000000081000000, 0x0000000081000000|100%| O|  |TAMS 0x0000000081000000, 0x0000000081000000| Untracked 
|  16|0x0000000081000000, 0x0000000081100000, 0x0000000081100000|100%| O|  |TAMS 0x0000000081100000, 0x0000000081100000| Untracked 
|  17|0x0000000081100000, 0x0000000081200000, 0x0000000081200000|100%| O|  |TAMS 0x0000000081200000, 0x0000000081200000| Untracked 
|  18|0x0000000081200000, 0x0000000081300000, 0x0000000081300000|100%| O|  |TAMS 0x0000000081300000, 0x0000000081300000| Untracked 
|  19|0x0000000081300000, 0x0000000081400000, 0x0000000081400000|100%| O|  |TAMS 0x0000000081400000, 0x0000000081400000| Untracked 
|  20|0x0000000081400000, 0x0000000081500000, 0x0000000081500000|100%| O|  |TAMS 0x0000000081500000, 0x0000000081500000| Untracked 
|  21|0x0000000081500000, 0x0000000081600000, 0x0000000081600000|100%| O|  |TAMS 0x0000000081600000, 0x0000000081600000| Untracked 
|  22|0x0000000081600000, 0x0000000081600000, 0x0000000081700000|  0%| F|  |TAMS 0x0000000081600000, 0x0000000081600000| Untracked 
|  23|0x0000000081700000, 0x0000000081800000, 0x0000000081800000|100%| O|  |TAMS 0x0000000081800000, 0x0000000081800000| Untracked 
|  24|0x0000000081800000, 0x0000000081900000, 0x0000000081900000|100%| O|  |TAMS 0x0000000081900000, 0x0000000081900000| Untracked 
|  25|0x0000000081900000, 0x0000000081a00000, 0x0000000081a00000|100%| O|  |TAMS 0x0000000081a00000, 0x0000000081a00000| Untracked 
|  26|0x0000000081a00000, 0x0000000081b00000, 0x0000000081b00000|100%| O|  |TAMS 0x0000000081b00000, 0x0000000081b00000| Untracked 
|  27|0x0000000081b00000, 0x0000000081c00000, 0x0000000081c00000|100%| O|  |TAMS 0x0000000081c00000, 0x0000000081c00000| Untracked 
|  28|0x0000000081c00000, 0x0000000081d00000, 0x0000000081d00000|100%| O|  |TAMS 0x0000000081d00000, 0x0000000081d00000| Untracked 
|  29|0x0000000081d00000, 0x0000000081e00000, 0x0000000081e00000|100%| O|  |TAMS 0x0000000081e00000, 0x0000000081e00000| Untracked 
|  30|0x0000000081e00000, 0x0000000081f00000, 0x0000000081f00000|100%| O|  |TAMS 0x0000000081f00000, 0x0000000081f00000| Untracked 
|  31|0x0000000081f00000, 0x0000000082000000, 0x0000000082000000|100%| O|  |TAMS 0x0000000082000000, 0x0000000082000000| Untracked 
|  32|0x0000000082000000, 0x0000000082100000, 0x0000000082100000|100%| O|  |TAMS 0x0000000082100000, 0x0000000082100000| Untracked 
|  33|0x0000000082100000, 0x0000000082200000, 0x0000000082200000|100%| O|  |TAMS 0x0000000082200000, 0x0000000082200000| Untracked 
|  34|0x0000000082200000, 0x0000000082300000, 0x0000000082300000|100%| O|  |TAMS 0x0000000082300000, 0x0000000082300000| Untracked 
|  35|0x0000000082300000, 0x0000000082400000, 0x0000000082400000|100%| O|  |TAMS 0x0000000082400000, 0x0000000082400000| Untracked 
|  36|0x0000000082400000, 0x0000000082500000, 0x0000000082500000|100%| O|  |TAMS 0x0000000082500000, 0x0000000082500000| Untracked 
|  37|0x0000000082500000, 0x0000000082600000, 0x0000000082600000|100%| O|  |TAMS 0x000000008257c800, 0x0000000082600000| Untracked 
|  38|0x0000000082600000, 0x0000000082700000, 0x0000000082700000|100%|HS|  |TAMS 0x0000000082700000, 0x0000000082700000| Complete 
|  39|0x0000000082700000, 0x0000000082800000, 0x0000000082800000|100%|HS|  |TAMS 0x0000000082800000, 0x0000000082800000| Complete 
|  40|0x0000000082800000, 0x0000000082900000, 0x0000000082900000|100%|HS|  |TAMS 0x0000000082900000, 0x0000000082900000| Complete 
|  41|0x0000000082900000, 0x0000000082a00000, 0x0000000082a00000|100%| O|  |TAMS 0x0000000082900000, 0x0000000082a00000| Untracked 
|  42|0x0000000082a00000, 0x0000000082b00000, 0x0000000082b00000|100%| O|  |TAMS 0x0000000082a00000, 0x0000000082b00000| Untracked 
|  43|0x0000000082b00000, 0x0000000082c00000, 0x0000000082c00000|100%| O|  |TAMS 0x0000000082b00000, 0x0000000082c00000| Untracked 
|  44|0x0000000082c00000, 0x0000000082d00000, 0x0000000082d00000|100%|HS|  |TAMS 0x0000000082c00000, 0x0000000082d00000| Complete 
|  45|0x0000000082d00000, 0x0000000082e00000, 0x0000000082e00000|100%| O|  |TAMS 0x0000000082d00000, 0x0000000082e00000| Untracked 
|  46|0x0000000082e00000, 0x0000000082f00000, 0x0000000082f00000|100%| O|  |TAMS 0x0000000082e00000, 0x0000000082f00000| Untracked 
|  47|0x0000000082f00000, 0x0000000083000000, 0x0000000083000000|100%| O|  |TAMS 0x0000000082f00000, 0x0000000083000000| Untracked 
|  48|0x0000000083000000, 0x000000008309dc00, 0x0000000083100000| 61%| O|  |TAMS 0x0000000083000000, 0x000000008309dc00| Untracked 
|  49|0x0000000083100000, 0x0000000083100000, 0x0000000083200000|  0%| F|  |TAMS 0x0000000083100000, 0x0000000083100000| Untracked 
|  50|0x0000000083200000, 0x0000000083200000, 0x0000000083300000|  0%| F|  |TAMS 0x0000000083200000, 0x0000000083200000| Untracked 
|  51|0x0000000083300000, 0x0000000083300000, 0x0000000083400000|  0%| F|  |TAMS 0x0000000083300000, 0x0000000083300000| Untracked 
|  52|0x0000000083400000, 0x0000000083400000, 0x0000000083500000|  0%| F|  |TAMS 0x0000000083400000, 0x0000000083400000| Untracked 
|  53|0x0000000083500000, 0x0000000083500000, 0x0000000083600000|  0%| F|  |TAMS 0x0000000083500000, 0x0000000083500000| Untracked 
|  54|0x0000000083600000, 0x0000000083600000, 0x0000000083700000|  0%| F|  |TAMS 0x0000000083600000, 0x0000000083600000| Untracked 
|  55|0x0000000083700000, 0x0000000083700000, 0x0000000083800000|  0%| F|  |TAMS 0x0000000083700000, 0x0000000083700000| Untracked 
|  56|0x0000000083800000, 0x0000000083800000, 0x0000000083900000|  0%| F|  |TAMS 0x0000000083800000, 0x0000000083800000| Untracked 
|  57|0x0000000083900000, 0x0000000083900000, 0x0000000083a00000|  0%| F|  |TAMS 0x0000000083900000, 0x0000000083900000| Untracked 
|  58|0x0000000083a00000, 0x0000000083a00000, 0x0000000083b00000|  0%| F|  |TAMS 0x0000000083a00000, 0x0000000083a00000| Untracked 
|  59|0x0000000083b00000, 0x0000000083b00000, 0x0000000083c00000|  0%| F|  |TAMS 0x0000000083b00000, 0x0000000083b00000| Untracked 
|  60|0x0000000083c00000, 0x0000000083c00000, 0x0000000083d00000|  0%| F|  |TAMS 0x0000000083c00000, 0x0000000083c00000| Untracked 
|  61|0x0000000083d00000, 0x0000000083d00000, 0x0000000083e00000|  0%| F|  |TAMS 0x0000000083d00000, 0x0000000083d00000| Untracked 
|  62|0x0000000083e00000, 0x0000000083e00000, 0x0000000083f00000|  0%| F|  |TAMS 0x0000000083e00000, 0x0000000083e00000| Untracked 
|  63|0x0000000083f00000, 0x0000000083f00000, 0x0000000084000000|  0%| F|  |TAMS 0x0000000083f00000, 0x0000000083f00000| Untracked 
|  64|0x0000000084000000, 0x0000000084000000, 0x0000000084100000|  0%| F|  |TAMS 0x0000000084000000, 0x0000000084000000| Untracked 
|  65|0x0000000084100000, 0x0000000084100000, 0x0000000084200000|  0%| F|  |TAMS 0x0000000084100000, 0x0000000084100000| Untracked 
|  66|0x0000000084200000, 0x0000000084200000, 0x0000000084300000|  0%| F|  |TAMS 0x0000000084200000, 0x0000000084200000| Untracked 
|  67|0x0000000084300000, 0x0000000084300000, 0x0000000084400000|  0%| F|  |TAMS 0x0000000084300000, 0x0000000084300000| Untracked 
|  68|0x0000000084400000, 0x0000000084400000, 0x0000000084500000|  0%| F|  |TAMS 0x0000000084400000, 0x0000000084400000| Untracked 
|  69|0x0000000084500000, 0x0000000084500000, 0x0000000084600000|  0%| F|  |TAMS 0x0000000084500000, 0x0000000084500000| Untracked 
|  70|0x0000000084600000, 0x0000000084600000, 0x0000000084700000|  0%| F|  |TAMS 0x0000000084600000, 0x0000000084600000| Untracked 
|  71|0x0000000084700000, 0x0000000084700000, 0x0000000084800000|  0%| F|  |TAMS 0x0000000084700000, 0x0000000084700000| Untracked 
|  72|0x0000000084800000, 0x00000000848965c0, 0x0000000084900000| 58%| S|CS|TAMS 0x0000000084800000, 0x0000000084800000| Complete 
|  73|0x0000000084900000, 0x0000000084900000, 0x0000000084a00000|  0%| F|  |TAMS 0x0000000084900000, 0x0000000084900000| Untracked 
|  74|0x0000000084a00000, 0x0000000084a00000, 0x0000000084b00000|  0%| F|  |TAMS 0x0000000084a00000, 0x0000000084a00000| Untracked 
|  75|0x0000000084b00000, 0x0000000084b00000, 0x0000000084c00000|  0%| F|  |TAMS 0x0000000084b00000, 0x0000000084b00000| Untracked 
|  76|0x0000000084c00000, 0x0000000084c00000, 0x0000000084d00000|  0%| F|  |TAMS 0x0000000084c00000, 0x0000000084c00000| Untracked 
|  77|0x0000000084d00000, 0x0000000084d00000, 0x0000000084e00000|  0%| F|  |TAMS 0x0000000084d00000, 0x0000000084d00000| Untracked 
|  78|0x0000000084e00000, 0x0000000084e00000, 0x0000000084f00000|  0%| F|  |TAMS 0x0000000084e00000, 0x0000000084e00000| Untracked 
|  79|0x0000000084f00000, 0x0000000084f00000, 0x0000000085000000|  0%| F|  |TAMS 0x0000000084f00000, 0x0000000084f00000| Untracked 

Card table byte_map: [0x00000145cbc30000,0x00000145cc030000] _byte_map_base: 0x00000145cb830000

Marking Bits (Prev, Next): (CMBitMap*) 0x00000145b93b3d90, (CMBitMap*) 0x00000145b93b3d50
 Prev Bits: [0x00000145ce430000, 0x00000145d0430000)
 Next Bits: [0x00000145cc430000, 0x00000145ce430000)

Polling page: 0x00000145b74e0000

Metaspace:

Usage:
  Non-class:     48.24 MB used.
      Class:      7.64 MB used.
       Both:     55.89 MB used.

Virtual space:
  Non-class space:       64.00 MB reserved,      48.50 MB ( 76%) committed,  1 nodes.
      Class space:        1.00 GB reserved,       7.94 MB ( <1%) committed,  1 nodes.
             Both:        1.06 GB reserved,      56.44 MB (  5%) committed. 

Chunk freelists:
   Non-Class:  15.34 MB
       Class:  8.11 MB
        Both:  23.45 MB

MaxMetaspaceSize: unlimited
CompressedClassSpaceSize: 1.00 GB
Initial GC threshold: 21.00 MB
Current GC threshold: 91.88 MB
CDS: off
MetaspaceReclaimPolicy: balanced
 - commit_granule_bytes: 65536.
 - commit_granule_words: 8192.
 - virtual_space_node_default_size: 8388608.
 - enlarge_chunks_in_place: 1.
 - new_chunks_are_fully_committed: 0.
 - uncommit_free_chunks: 1.
 - use_allocation_guard: 0.
 - handle_deallocations: 1.


Internal statistics:

num_allocs_failed_limit: 6.
num_arena_births: 642.
num_arena_deaths: 0.
num_vsnodes_births: 2.
num_vsnodes_deaths: 0.
num_space_committed: 903.
num_space_uncommitted: 0.
num_chunks_returned_to_freelist: 6.
num_chunks_taken_from_freelist: 2541.
num_chunk_merges: 6.
num_chunk_splits: 1678.
num_chunks_enlarged: 1131.
num_inconsistent_stats: 0.

CodeHeap 'non-profiled nmethods': size=120000Kb used=2311Kb max_used=3105Kb free=117688Kb
 bounds [0x00000145c4300000, 0x00000145c4610000, 0x00000145cb830000]
CodeHeap 'profiled nmethods': size=120000Kb used=9958Kb max_used=11390Kb free=110041Kb
 bounds [0x00000145bc830000, 0x00000145bd350000, 0x00000145c3d60000]
CodeHeap 'non-nmethods': size=5760Kb used=1623Kb max_used=1666Kb free=4136Kb
 bounds [0x00000145c3d60000, 0x00000145c3fd0000, 0x00000145c4300000]
 total_blobs=6134 nmethods=5436 adapters=610
 compilation: enabled
              stopped_count=0, restarted_count=0
 full_count=0

Compilation events (20 events):
Event: 22.312 Thread 0x00000145d2bd70a0 6230       3       org.gradle.internal.classloader.TransformReplacer::ensureOpened (18 bytes)
Event: 22.314 Thread 0x00000145d2bd70a0 nmethod 6230 0x00000145bcfd8b10 code [0x00000145bcfd8cc0, 0x00000145bcfd8ee8]
Event: 22.364 Thread 0x00000145d2bd70a0 6231       1       org.gradle.internal.classloader.JarCompat::getJarFile (5 bytes)
Event: 22.364 Thread 0x00000145d2bd70a0 nmethod 6231 0x00000145c43aca10 code [0x00000145c43acba0, 0x00000145c43acc78]
Event: 22.438 Thread 0x00000145d2bd70a0 6233       3       java.util.zip.ZipFile$ZipFileInflaterInputStream::available (44 bytes)
Event: 22.438 Thread 0x00000145d2bd70a0 nmethod 6233 0x00000145bcfdd510 code [0x00000145bcfdd6e0, 0x00000145bcfdda48]
Event: 22.438 Thread 0x00000145d2bd70a0 6234   !   3       java.util.zip.Inflater::getBytesWritten (23 bytes)
Event: 22.439 Thread 0x00000145d2bd70a0 nmethod 6234 0x00000145bd16cd90 code [0x00000145bd16cf40, 0x00000145bd16d168]
Event: 22.478 Thread 0x00000145d2bcf3c0 nmethod 6219 0x00000145c4372d10 code [0x00000145c4373060, 0x00000145c43772e0]
Event: 22.478 Thread 0x00000145d2bcf3c0 6232       4       jdk.internal.loader.URLClassPath$JarLoader$2::getCodeSigners (8 bytes)
Event: 22.480 Thread 0x00000145d2bcf3c0 nmethod 6232 0x00000145c433c710 code [0x00000145c433c8a0, 0x00000145c433ca68]
Event: 22.480 Thread 0x00000145d2bcf3c0 6224       4       jdk.internal.loader.Resource::getByteBuffer (24 bytes)
Event: 22.483 Thread 0x00000145d2bcf3c0 nmethod 6224 0x00000145c434a990 code [0x00000145c434ab20, 0x00000145c434af28]
Event: 22.483 Thread 0x00000145d2bcf3c0 6223       4       java.util.zip.ZipFile$ZipFileInflaterInputStream::<init> (14 bytes)
Event: 22.509 Thread 0x00000145d2bcf3c0 nmethod 6223 0x00000145c4320610 code [0x00000145c4320800, 0x00000145c4321968]
Event: 22.529 Thread 0x00000145d2bd70a0 6235       3       java.net.URL::openConnection (9 bytes)
Event: 22.529 Thread 0x00000145d2bd70a0 nmethod 6235 0x00000145bcb45810 code [0x00000145bcb459c0, 0x00000145bcb45b88]
Event: 22.552 Thread 0x00000145d2bcf3c0 6236       4       java.security.SecureClassLoader$CodeSourceKey::hashCode (21 bytes)
Event: 22.557 Thread 0x00000145d2bcf3c0 nmethod 6236 0x00000145c433c190 code [0x00000145c433c320, 0x00000145c433c568]
Event: 22.557 Thread 0x00000145d2bcf3c0 6237       4       java.lang.String::indexOf (64 bytes)

GC Heap History (20 events):
Event: 16.287 GC heap after
{Heap after GC invocations=16 (full 0):
 garbage-first heap   total 65536K, used 32232K [0x0000000080000000, 0x0000000100000000)
  region size 1024K, 1 young (1024K), 1 survivors (1024K)
 Metaspace       used 48132K, committed 48576K, reserved 1114112K
  class space    used 6478K, committed 6720K, reserved 1048576K
}
Event: 17.588 GC heap before
{Heap before GC invocations=17 (full 0):
 garbage-first heap   total 65536K, used 52712K [0x0000000080000000, 0x0000000100000000)
  region size 1024K, 21 young (21504K), 1 survivors (1024K)
 Metaspace       used 50977K, committed 51456K, reserved 1114112K
  class space    used 6932K, committed 7168K, reserved 1048576K
}
Event: 17.594 GC heap after
{Heap after GC invocations=18 (full 0):
 garbage-first heap   total 65536K, used 33419K [0x0000000080000000, 0x0000000100000000)
  region size 1024K, 3 young (3072K), 3 survivors (3072K)
 Metaspace       used 50977K, committed 51456K, reserved 1114112K
  class space    used 6932K, committed 7168K, reserved 1048576K
}
Event: 18.624 GC heap before
{Heap before GC invocations=18 (full 0):
 garbage-first heap   total 65536K, used 52875K [0x0000000080000000, 0x0000000100000000)
  region size 1024K, 22 young (22528K), 3 survivors (3072K)
 Metaspace       used 53327K, committed 53824K, reserved 1114112K
  class space    used 7322K, committed 7552K, reserved 1048576K
}
Event: 18.630 GC heap after
{Heap after GC invocations=19 (full 0):
 garbage-first heap   total 65536K, used 34510K [0x0000000080000000, 0x0000000100000000)
  region size 1024K, 3 young (3072K), 3 survivors (3072K)
 Metaspace       used 53327K, committed 53824K, reserved 1114112K
  class space    used 7322K, committed 7552K, reserved 1048576K
}
Event: 19.931 GC heap before
{Heap before GC invocations=20 (full 0):
 garbage-first heap   total 65536K, used 52942K [0x0000000080000000, 0x0000000100000000)
  region size 1024K, 21 young (21504K), 3 survivors (3072K)
 Metaspace       used 55236K, committed 55808K, reserved 1114112K
  class space    used 7602K, committed 7872K, reserved 1048576K
}
Event: 19.943 GC heap after
{Heap after GC invocations=21 (full 0):
 garbage-first heap   total 65536K, used 36154K [0x0000000080000000, 0x0000000100000000)
  region size 1024K, 3 young (3072K), 3 survivors (3072K)
 Metaspace       used 55236K, committed 55808K, reserved 1114112K
  class space    used 7602K, committed 7872K, reserved 1048576K
}
Event: 21.216 GC heap before
{Heap before GC invocations=21 (full 0):
 garbage-first heap   total 65536K, used 52538K [0x0000000080000000, 0x0000000100000000)
  region size 1024K, 20 young (20480K), 3 survivors (3072K)
 Metaspace       used 55846K, committed 56384K, reserved 1114112K
  class space    used 7651K, committed 7936K, reserved 1048576K
}
Event: 21.228 GC heap after
{Heap after GC invocations=22 (full 0):
 garbage-first heap   total 65536K, used 38295K [0x0000000080000000, 0x0000000100000000)
  region size 1024K, 3 young (3072K), 3 survivors (3072K)
 Metaspace       used 55846K, committed 56384K, reserved 1114112K
  class space    used 7651K, committed 7936K, reserved 1048576K
}
Event: 21.417 GC heap before
{Heap before GC invocations=23 (full 0):
 garbage-first heap   total 70656K, used 41367K [0x0000000080000000, 0x0000000100000000)
  region size 1024K, 7 young (7168K), 3 survivors (3072K)
 Metaspace       used 55952K, committed 56448K, reserved 1114112K
  class space    used 7660K, committed 7936K, reserved 1048576K
}
Event: 21.422 GC heap after
{Heap after GC invocations=24 (full 0):
 garbage-first heap   total 70656K, used 38594K [0x0000000080000000, 0x0000000100000000)
  region size 1024K, 1 young (1024K), 1 survivors (1024K)
 Metaspace       used 55952K, committed 56448K, reserved 1114112K
  class space    used 7660K, committed 7936K, reserved 1048576K
}
Event: 21.568 GC heap before
{Heap before GC invocations=25 (full 0):
 garbage-first heap   total 73728K, used 41666K [0x0000000080000000, 0x0000000100000000)
  region size 1024K, 4 young (4096K), 1 survivors (1024K)
 Metaspace       used 56022K, committed 56576K, reserved 1114112K
  class space    used 7669K, committed 7936K, reserved 1048576K
}
Event: 21.572 GC heap after
{Heap after GC invocations=26 (full 0):
 garbage-first heap   total 73728K, used 41879K [0x0000000080000000, 0x0000000100000000)
  region size 1024K, 2 young (2048K), 2 survivors (2048K)
 Metaspace       used 56022K, committed 56576K, reserved 1114112K
  class space    used 7669K, committed 7936K, reserved 1048576K
}
Event: 21.714 GC heap before
{Heap before GC invocations=27 (full 0):
 garbage-first heap   total 78848K, used 44951K [0x0000000080000000, 0x0000000100000000)
  region size 1024K, 6 young (6144K), 2 survivors (2048K)
 Metaspace       used 56034K, committed 56576K, reserved 1114112K
  class space    used 7669K, committed 7936K, reserved 1048576K
}
Event: 21.721 GC heap after
{Heap after GC invocations=28 (full 0):
 garbage-first heap   total 78848K, used 45826K [0x0000000080000000, 0x0000000100000000)
  region size 1024K, 2 young (2048K), 2 survivors (2048K)
 Metaspace       used 56034K, committed 56576K, reserved 1114112K
  class space    used 7669K, committed 7936K, reserved 1048576K
}
Event: 22.269 GC heap before
{Heap before GC invocations=29 (full 0):
 garbage-first heap   total 81920K, used 58114K [0x0000000080000000, 0x0000000100000000)
  region size 1024K, 13 young (13312K), 2 survivors (2048K)
 Metaspace       used 56731K, committed 57280K, reserved 1114112K
  class space    used 7781K, committed 8064K, reserved 1048576K
}
Event: 22.274 GC heap after
{Heap after GC invocations=30 (full 0):
 garbage-first heap   total 81920K, used 49160K [0x0000000080000000, 0x0000000100000000)
  region size 1024K, 2 young (2048K), 2 survivors (2048K)
 Metaspace       used 56731K, committed 57280K, reserved 1114112K
  class space    used 7781K, committed 8064K, reserved 1048576K
}
Event: 22.394 GC heap before
{Heap before GC invocations=30 (full 0):
 garbage-first heap   total 81920K, used 50184K [0x0000000080000000, 0x0000000100000000)
  region size 1024K, 4 young (4096K), 2 survivors (2048K)
 Metaspace       used 56908K, committed 57408K, reserved 1114112K
  class space    used 7805K, committed 8064K, reserved 1048576K
}
Event: 22.397 GC heap after
{Heap after GC invocations=31 (full 0):
 garbage-first heap   total 81920K, used 48684K [0x0000000080000000, 0x0000000100000000)
  region size 1024K, 1 young (1024K), 1 survivors (1024K)
 Metaspace       used 56908K, committed 57408K, reserved 1114112K
  class space    used 7805K, committed 8064K, reserved 1048576K
}
Event: 22.559 GC heap before
{Heap before GC invocations=31 (full 0):
 garbage-first heap   total 81920K, used 53804K [0x0000000080000000, 0x0000000100000000)
  region size 1024K, 7 young (7168K), 1 survivors (1024K)
 Metaspace       used 57226K, committed 57792K, reserved 1114112K
  class space    used 7828K, committed 8128K, reserved 1048576K
}

Dll operation events (3 events):
Event: 0.042 Loaded shared library C:\Program Files\Android\Android Studio\jbr\bin\java.dll
Event: 0.443 Loaded shared library C:\Program Files\Android\Android Studio\jbr\bin\zip.dll
Event: 1.425 Loaded shared library C:\Program Files\Android\Android Studio\jbr\bin\verify.dll

Deoptimization events (20 events):
Event: 22.202 Thread 0x00000145d7f6dd90 Uncommon trap: trap_request=0xffffffde fr.pc=0x00000145c45610c0 relative=0x0000000000005ec0
Event: 22.202 Thread 0x00000145d7f6dd90 Uncommon trap: reason=class_check action=maybe_recompile pc=0x00000145c45610c0 method=java.util.jar.JarFile.getManifestFromReference()Ljava/util/jar/Manifest; @ 152 c2
Event: 22.202 Thread 0x00000145d7f6dd90 DEOPT PACKING pc=0x00000145c45610c0 sp=0x000000456e3f6e80
Event: 22.202 Thread 0x00000145d7f6dd90 DEOPT UNPACKING pc=0x00000145c3db69a3 sp=0x000000456e3f6b40 mode 2
Event: 22.207 Thread 0x00000145d7f6dd90 Uncommon trap: trap_request=0xffffffde fr.pc=0x00000145c453f1cc relative=0x00000000000008cc
Event: 22.207 Thread 0x00000145d7f6dd90 Uncommon trap: reason=class_check action=maybe_recompile pc=0x00000145c453f1cc method=java.io.BufferedInputStream.read1([BII)I @ 39 c2
Event: 22.207 Thread 0x00000145d7f6dd90 DEOPT PACKING pc=0x00000145c453f1cc sp=0x000000456e3f6cc0
Event: 22.207 Thread 0x00000145d7f6dd90 DEOPT UNPACKING pc=0x00000145c3db69a3 sp=0x000000456e3f6bd8 mode 2
Event: 22.207 Thread 0x00000145d7f6dd90 Uncommon trap: trap_request=0xffffffde fr.pc=0x00000145c453f1cc relative=0x00000000000008cc
Event: 22.207 Thread 0x00000145d7f6dd90 Uncommon trap: reason=class_check action=maybe_recompile pc=0x00000145c453f1cc method=java.io.BufferedInputStream.read1([BII)I @ 39 c2
Event: 22.207 Thread 0x00000145d7f6dd90 DEOPT PACKING pc=0x00000145c453f1cc sp=0x000000456e3f6cc0
Event: 22.207 Thread 0x00000145d7f6dd90 DEOPT UNPACKING pc=0x00000145c3db69a3 sp=0x000000456e3f6bd8 mode 2
Event: 22.207 Thread 0x00000145d7f6dd90 Uncommon trap: trap_request=0xffffffde fr.pc=0x00000145c453f1cc relative=0x00000000000008cc
Event: 22.207 Thread 0x00000145d7f6dd90 Uncommon trap: reason=class_check action=maybe_recompile pc=0x00000145c453f1cc method=java.io.BufferedInputStream.read1([BII)I @ 39 c2
Event: 22.207 Thread 0x00000145d7f6dd90 DEOPT PACKING pc=0x00000145c453f1cc sp=0x000000456e3f6cc0
Event: 22.207 Thread 0x00000145d7f6dd90 DEOPT UNPACKING pc=0x00000145c3db69a3 sp=0x000000456e3f6bd8 mode 2
Event: 22.470 Thread 0x00000145d7f6dd90 Uncommon trap: trap_request=0xffffffde fr.pc=0x00000145c45610c0 relative=0x0000000000005ec0
Event: 22.471 Thread 0x00000145d7f6dd90 Uncommon trap: reason=class_check action=maybe_recompile pc=0x00000145c45610c0 method=java.util.jar.JarFile.getManifestFromReference()Ljava/util/jar/Manifest; @ 152 c2
Event: 22.471 Thread 0x00000145d7f6dd90 DEOPT PACKING pc=0x00000145c45610c0 sp=0x000000456e3f6710
Event: 22.471 Thread 0x00000145d7f6dd90 DEOPT UNPACKING pc=0x00000145c3db69a3 sp=0x000000456e3f63d0 mode 2

Classes unloaded (0 events):
No events

Classes redefined (0 events):
No events

Internal exceptions (20 events):
Event: 19.071 Thread 0x00000145d7f6dd90 Exception <a 'java/lang/NoSuchMethodError'{0x0000000083874160}: 'int java.lang.invoke.DirectMethodHandle$Holder.invokeSpecialIFC(java.lang.Object, java.lang.Object, java.lang.Object)'> (0x0000000083874160) 
thrown [s\src\hotspot\share\interpreter\linkResolver.cpp, line 771]
Event: 19.299 Thread 0x00000145d7f6dd90 Exception <a 'java/lang/NoSuchMethodError'{0x0000000083423890}: 'java.lang.Object java.lang.invoke.DirectMethodHandle$Holder.newInvokeSpecial(java.lang.Object, java.lang.Object, java.lang.Object, java.lang.Object, java.lang.Object, int)'> (0x0000000083423890) 
thrown [s\src\hotspot\share\interpreter\linkResolver.cpp, line 771]
Event: 19.301 Thread 0x00000145d7f6dd90 Exception <a 'java/lang/NoSuchMethodError'{0x0000000083428ce8}: 'java.lang.Object java.lang.invoke.DirectMethodHandle$Holder.invokeSpecial(java.lang.Object, java.lang.Object, java.lang.Object, java.lang.Object, java.lang.Object, java.lang.Object, int)'> (0x0000000083428ce8) 
thrown [s\src\hotspot\share\interpreter\linkResolver.cpp, line 771]
Event: 19.326 Thread 0x00000145d7f6dd90 Exception <a 'java/lang/NoSuchMethodError'{0x000000008345ef08}: 'java.lang.Object java.lang.invoke.DirectMethodHandle$Holder.invokeSpecial(java.lang.Object, java.lang.Object, java.lang.Object, java.lang.Object, java.lang.Object, long)'> (0x000000008345ef08) 
thrown [s\src\hotspot\share\interpreter\linkResolver.cpp, line 771]
Event: 19.333 Thread 0x00000145d7f6dd90 Exception <a 'java/lang/NoSuchMethodError'{0x0000000083481218}: 'void java.lang.invoke.DirectMethodHandle$Holder.invokeStatic(java.lang.Object, java.lang.Object, java.lang.Object, int, java.lang.Object)'> (0x0000000083481218) 
thrown [s\src\hotspot\share\interpreter\linkResolver.cpp, line 771]
Event: 21.196 Thread 0x00000145d7f6dd90 Exception <a 'java/lang/NoSuchMethodError'{0x0000000082fa8dc0}: 'long java.lang.invoke.DirectMethodHandle$Holder.invokeVirtual(java.lang.Object, java.lang.Object)'> (0x0000000082fa8dc0) 
thrown [s\src\hotspot\share\interpreter\linkResolver.cpp, line 771]
Event: 21.209 Thread 0x00000145d8815200 Exception <a 'java/lang/NoSuchMethodError'{0x0000000082fee570}: static Lorg/gradle/internal/build/event/types/DefaultOperationFinishedProgressEvent;.<clinit>()V> (0x0000000082fee570) 
thrown [s\src\hotspot\share\prims\jni.cpp, line 1108]
Event: 21.279 Thread 0x00000145d8815200 Exception <a 'java/lang/NoSuchMethodError'{0x0000000083fca2b8}: static Lorg/gradle/internal/build/event/types/DefaultProjectConfigurationSuccessResult;.<clinit>()V> (0x0000000083fca2b8) 
thrown [s\src\hotspot\share\prims\jni.cpp, line 1108]
Event: 21.280 Thread 0x00000145d8815200 Exception <a 'java/lang/NoSuchMethodError'{0x0000000083fcec98}: static Lorg/gradle/internal/build/event/types/AbstractProjectConfigurationResult;.<clinit>()V> (0x0000000083fcec98) 
thrown [s\src\hotspot\share\prims\jni.cpp, line 1108]
Event: 21.280 Thread 0x00000145d8815200 Exception <a 'java/lang/NoSuchMethodError'{0x0000000083fd03e0}: static Lorg/gradle/internal/build/event/types/AbstractOperationResult;.<clinit>()V> (0x0000000083fd03e0) 
thrown [s\src\hotspot\share\prims\jni.cpp, line 1108]
Event: 21.280 Thread 0x00000145d8815200 Exception <a 'java/lang/NoSuchMethodError'{0x0000000083fd1830}: static Lorg/gradle/internal/build/event/types/AbstractResult;.<clinit>()V> (0x0000000083fd1830) 
thrown [s\src\hotspot\share\prims\jni.cpp, line 1108]
Event: 21.287 Thread 0x00000145d8815200 Exception <a 'java/lang/NoSuchMethodError'{0x0000000083fea758}: static Lorg/gradle/internal/build/event/types/DefaultPluginApplicationResult;.<clinit>()V> (0x0000000083fea758) 
thrown [s\src\hotspot\share\prims\jni.cpp, line 1108]
Event: 21.289 Thread 0x00000145d8815200 Exception <a 'java/lang/NoSuchMethodError'{0x0000000083ff7148}: static Lorg/gradle/internal/build/event/types/DefaultBinaryPluginIdentifier;.<clinit>()V> (0x0000000083ff7148) 
thrown [s\src\hotspot\share\prims\jni.cpp, line 1108]
Event: 21.292 Thread 0x00000145d8815200 Exception <a 'java/lang/NoSuchMethodError'{0x0000000083e113e0}: static Lorg/gradle/internal/build/event/types/DefaultScriptPluginIdentifier;.<clinit>()V> (0x0000000083e113e0) 
thrown [s\src\hotspot\share\prims\jni.cpp, line 1108]
Event: 21.396 Thread 0x00000145d7f6dd90 Implicit null exception at 0x00000145c45c1e8f to 0x00000145c45c2594
Event: 21.397 Thread 0x00000145d7f6dd90 Implicit null exception at 0x00000145c45c3d94 to 0x00000145c45c4458
Event: 21.524 Thread 0x00000145d7f6dd90 Exception <a 'java/lang/NoSuchMethodError'{0x00000000843679a0}: 'void java.lang.invoke.Invokers$Holder.invoke_MT(java.lang.Object, java.lang.Object, java.lang.Object, java.lang.Object)'> (0x00000000843679a0) 
thrown [s\src\hotspot\share\interpreter\linkResolver.cpp, line 771]
Event: 21.885 Thread 0x00000145d7f6dd90 Exception <a 'java/lang/ClassNotFoundException'{0x00000000849d5798}: sun/misc/SharedSecrets> (0x00000000849d5798) 
thrown [s\src\hotspot\share\classfile\systemDictionary.cpp, line 256]
Event: 21.885 Thread 0x00000145d7f6dd90 Exception <a 'java/lang/ClassNotFoundException'{0x00000000849d6fd0}: org/gradle/api/internal/plugins/DefaultObjectConfigurationActionBeanInfo> (0x00000000849d6fd0) 
thrown [s\src\hotspot\share\classfile\systemDictionary.cpp, line 256]
Event: 21.887 Thread 0x00000145d7f6dd90 Exception <a 'java/lang/ClassNotFoundException'{0x00000000849ed7c0}: org/gradle/api/internal/plugins/DefaultObjectConfigurationActionCustomizer> (0x00000000849ed7c0) 
thrown [s\src\hotspot\share\classfile\systemDictionary.cpp, line 256]

VM Operations (20 events):
Event: 21.523 Executing VM operation: G1PauseRemark done
Event: 21.554 Executing VM operation: G1PauseCleanup
Event: 21.554 Executing VM operation: G1PauseCleanup done
Event: 21.568 Executing VM operation: G1TryInitiateConcMark
Event: 21.572 Executing VM operation: G1TryInitiateConcMark done
Event: 21.669 Executing VM operation: G1PauseRemark
Event: 21.674 Executing VM operation: G1PauseRemark done
Event: 21.705 Executing VM operation: G1PauseCleanup
Event: 21.705 Executing VM operation: G1PauseCleanup done
Event: 21.714 Executing VM operation: G1TryInitiateConcMark
Event: 21.721 Executing VM operation: G1TryInitiateConcMark done
Event: 21.820 Executing VM operation: G1PauseRemark
Event: 21.825 Executing VM operation: G1PauseRemark done
Event: 21.856 Executing VM operation: G1PauseCleanup
Event: 21.856 Executing VM operation: G1PauseCleanup done
Event: 22.269 Executing VM operation: G1CollectForAllocation
Event: 22.275 Executing VM operation: G1CollectForAllocation done
Event: 22.394 Executing VM operation: G1CollectForAllocation
Event: 22.397 Executing VM operation: G1CollectForAllocation done
Event: 22.559 Executing VM operation: G1TryInitiateConcMark

Events (20 events):
Event: 21.159 Thread 0x00000145d2bfe1a0 flushing nmethod 0x00000145bd16b910
Event: 21.159 Thread 0x00000145d2bfe1a0 flushing nmethod 0x00000145bd16c090
Event: 21.159 Thread 0x00000145d2bfe1a0 flushing nmethod 0x00000145bd16c910
Event: 21.159 Thread 0x00000145d2bfe1a0 flushing nmethod 0x00000145bd16cf90
Event: 21.159 Thread 0x00000145d2bfe1a0 flushing nmethod 0x00000145bd16d890
Event: 21.159 Thread 0x00000145d2bfe1a0 flushing nmethod 0x00000145bd174590
Event: 21.159 Thread 0x00000145d2bfe1a0 flushing nmethod 0x00000145bd175890
Event: 21.160 Thread 0x00000145d2bfe1a0 flushing nmethod 0x00000145bd18f510
Event: 21.160 Thread 0x00000145d2bfe1a0 flushing nmethod 0x00000145bd195310
Event: 21.160 Thread 0x00000145d2bfe1a0 flushing nmethod 0x00000145bd1b3090
Event: 21.160 Thread 0x00000145d2bfe1a0 flushing nmethod 0x00000145bd207c90
Event: 21.161 Thread 0x00000145d2bfe1a0 flushing nmethod 0x00000145bd2dc710
Event: 21.199 loading class java/util/stream/SortedOps$RefSortingSink
Event: 21.200 loading class java/util/stream/SortedOps$RefSortingSink done
Event: 21.290 loading class java/time/Ser
Event: 21.291 loading class java/time/Ser done
Event: 21.885 loading class sun/misc/SharedSecrets
Event: 21.885 loading class sun/misc/SharedSecrets done
Event: 21.891 loading class jdk/internal/reflect/UnsafeObjectFieldAccessorImpl
Event: 21.891 loading class jdk/internal/reflect/UnsafeObjectFieldAccessorImpl done


Dynamic libraries:
0x00007ff639710000 - 0x00007ff63971a000 	C:\Program Files\Android\Android Studio\jbr\bin\java.exe
0x00007ffc2adb0000 - 0x00007ffc2afa8000 	C:\WINDOWS\SYSTEM32\ntdll.dll
0x00007ffc29e90000 - 0x00007ffc29f4d000 	C:\WINDOWS\System32\KERNEL32.DLL
0x00007ffc289e0000 - 0x00007ffc28cd6000 	C:\WINDOWS\System32\KERNELBASE.dll
0x00007ffc288e0000 - 0x00007ffc289e0000 	C:\WINDOWS\System32\ucrtbase.dll
0x00007ffc23bf0000 - 0x00007ffc23c0b000 	C:\Program Files\Android\Android Studio\jbr\bin\VCRUNTIME140.dll
0x00007ffc118b0000 - 0x00007ffc118c7000 	C:\Program Files\Android\Android Studio\jbr\bin\jli.dll
0x00007ffc2a860000 - 0x00007ffc2a9fe000 	C:\WINDOWS\System32\USER32.dll
0x00007ffc28620000 - 0x00007ffc28642000 	C:\WINDOWS\System32\win32u.dll
0x00007ffc2a160000 - 0x00007ffc2a18b000 	C:\WINDOWS\System32\GDI32.dll
0x00007ffc177d0000 - 0x00007ffc17a6a000 	C:\WINDOWS\WinSxS\amd64_microsoft.windows.common-controls_6595b64144ccf1df_6.0.19041.3636_none_60b6a03d71f818d5\COMCTL32.dll
0x00007ffc28650000 - 0x00007ffc28767000 	C:\WINDOWS\System32\gdi32full.dll
0x00007ffc28d50000 - 0x00007ffc28ded000 	C:\WINDOWS\System32\msvcp_win.dll
0x00007ffc29640000 - 0x00007ffc296de000 	C:\WINDOWS\System32\msvcrt.dll
0x00007ffc29190000 - 0x00007ffc291c2000 	C:\WINDOWS\System32\IMM32.DLL
0x00007ffc23ae0000 - 0x00007ffc23aec000 	C:\Program Files\Android\Android Studio\jbr\bin\vcruntime140_1.dll
0x00007ffc08990000 - 0x00007ffc08a1d000 	C:\Program Files\Android\Android Studio\jbr\bin\msvcp140.dll
0x00007ffbf3ec0000 - 0x00007ffbf4b43000 	C:\Program Files\Android\Android Studio\jbr\bin\server\jvm.dll
0x00007ffc28ea0000 - 0x00007ffc28f53000 	C:\WINDOWS\System32\ADVAPI32.dll
0x00007ffc2a2a0000 - 0x00007ffc2a33f000 	C:\WINDOWS\System32\sechost.dll
0x00007ffc2a680000 - 0x00007ffc2a7a6000 	C:\WINDOWS\System32\RPCRT4.dll
0x00007ffc288b0000 - 0x00007ffc288d7000 	C:\WINDOWS\System32\bcrypt.dll
0x00007ffc282d0000 - 0x00007ffc2831b000 	C:\WINDOWS\SYSTEM32\POWRPROF.dll
0x00007ffc23be0000 - 0x00007ffc23be9000 	C:\WINDOWS\SYSTEM32\WSOCK32.dll
0x00007ffc1f3c0000 - 0x00007ffc1f3e7000 	C:\WINDOWS\SYSTEM32\WINMM.dll
0x00007ffc20810000 - 0x00007ffc2081a000 	C:\WINDOWS\SYSTEM32\VERSION.dll
0x00007ffc2a0d0000 - 0x00007ffc2a13b000 	C:\WINDOWS\System32\ws2_32.DLL
0x00007ffc282b0000 - 0x00007ffc282c2000 	C:\WINDOWS\SYSTEM32\UMPDC.dll
0x00007ffc26ce0000 - 0x00007ffc26cf2000 	C:\WINDOWS\SYSTEM32\kernel.appcore.dll
0x00007ffc23ab0000 - 0x00007ffc23aba000 	C:\Program Files\Android\Android Studio\jbr\bin\jimage.dll
0x00007ffc262f0000 - 0x00007ffc264d4000 	C:\WINDOWS\SYSTEM32\DBGHELP.DLL
0x00007ffc13c80000 - 0x00007ffc13cb4000 	C:\WINDOWS\SYSTEM32\dbgcore.DLL
0x00007ffc28820000 - 0x00007ffc288a2000 	C:\WINDOWS\System32\bcryptPrimitives.dll
0x00007ffc122e0000 - 0x00007ffc122ee000 	C:\Program Files\Android\Android Studio\jbr\bin\instrument.dll
0x00007ffc23730000 - 0x00007ffc23755000 	C:\Program Files\Android\Android Studio\jbr\bin\java.dll
0x00007ffc1d300000 - 0x00007ffc1d318000 	C:\Program Files\Android\Android Studio\jbr\bin\zip.dll
0x00007ffc296e0000 - 0x00007ffc29e25000 	C:\WINDOWS\System32\SHELL32.dll
0x00007ffc26500000 - 0x00007ffc26c9c000 	C:\WINDOWS\SYSTEM32\windows.storage.dll
0x00007ffc2aa00000 - 0x00007ffc2ad54000 	C:\WINDOWS\System32\combase.dll
0x00007ffc27dd0000 - 0x00007ffc27dfe000 	C:\WINDOWS\SYSTEM32\Wldp.dll
0x00007ffc28f60000 - 0x00007ffc2902d000 	C:\WINDOWS\System32\OLEAUT32.dll
0x00007ffc28df0000 - 0x00007ffc28e9d000 	C:\WINDOWS\System32\SHCORE.dll
0x00007ffc29040000 - 0x00007ffc29095000 	C:\WINDOWS\System32\shlwapi.dll
0x00007ffc283a0000 - 0x00007ffc283c5000 	C:\WINDOWS\SYSTEM32\profapi.dll
0x00007ffc17630000 - 0x00007ffc17649000 	C:\Program Files\Android\Android Studio\jbr\bin\net.dll
0x00007ffc1d6c0000 - 0x00007ffc1d7ca000 	C:\WINDOWS\SYSTEM32\WINHTTP.dll
0x00007ffc27b30000 - 0x00007ffc27b9a000 	C:\WINDOWS\system32\mswsock.dll
0x00007ffc17610000 - 0x00007ffc17626000 	C:\Program Files\Android\Android Studio\jbr\bin\nio.dll
0x00007ffc12ed0000 - 0x00007ffc12ee0000 	C:\Program Files\Android\Android Studio\jbr\bin\verify.dll
0x00007ffc0da20000 - 0x00007ffc0da47000 	C:\Users\gazhi\.gradle\native\c067742578af261105cb4f569cf0c3c89f3d7b1fecec35dd04571415982c5e48\windows-amd64\native-platform.dll
0x00007ffbfe370000 - 0x00007ffbfe4b4000 	C:\Users\gazhi\.gradle\native\38dada09dfb8b06ba9b0570ebf7e218e3eb74d4ef43ca46872605cf95ebc2f47\windows-amd64\native-platform-file-events.dll
0x00007ffc1fb60000 - 0x00007ffc1fb69000 	C:\Program Files\Android\Android Studio\jbr\bin\management.dll
0x00007ffc16da0000 - 0x00007ffc16dab000 	C:\Program Files\Android\Android Studio\jbr\bin\management_ext.dll
0x00007ffc29180000 - 0x00007ffc29188000 	C:\WINDOWS\System32\PSAPI.DLL
0x00007ffc27d20000 - 0x00007ffc27d38000 	C:\WINDOWS\SYSTEM32\CRYPTSP.dll
0x00007ffc27460000 - 0x00007ffc27494000 	C:\WINDOWS\system32\rsaenh.dll
0x00007ffc28320000 - 0x00007ffc2834e000 	C:\WINDOWS\SYSTEM32\USERENV.dll
0x00007ffc27d40000 - 0x00007ffc27d4c000 	C:\WINDOWS\SYSTEM32\CRYPTBASE.dll
0x00007ffc27820000 - 0x00007ffc2785b000 	C:\WINDOWS\SYSTEM32\IPHLPAPI.DLL
0x00007ffc29030000 - 0x00007ffc29038000 	C:\WINDOWS\System32\NSI.dll
0x00007ffc205f0000 - 0x00007ffc20607000 	C:\WINDOWS\SYSTEM32\dhcpcsvc6.DLL
0x00007ffc205d0000 - 0x00007ffc205ed000 	C:\WINDOWS\SYSTEM32\dhcpcsvc.DLL
0x00007ffc27860000 - 0x00007ffc2792b000 	C:\WINDOWS\SYSTEM32\DNSAPI.dll
0x00007ffbdfcf0000 - 0x00007ffbdfcf7000 	C:\WINDOWS\system32\wshunix.dll

dbghelp: loaded successfully - version: 4.0.5 - missing functions: none
symbol engine: initialized successfully - sym options: 0x614 - pdb path: .;C:\Program Files\Android\Android Studio\jbr\bin;C:\WINDOWS\SYSTEM32;C:\WINDOWS\WinSxS\amd64_microsoft.windows.common-controls_6595b64144ccf1df_6.0.19041.3636_none_60b6a03d71f818d5;C:\Program Files\Android\Android Studio\jbr\bin\server;C:\Users\gazhi\.gradle\native\c067742578af261105cb4f569cf0c3c89f3d7b1fecec35dd04571415982c5e48\windows-amd64;C:\Users\gazhi\.gradle\native\38dada09dfb8b06ba9b0570ebf7e218e3eb74d4ef43ca46872605cf95ebc2f47\windows-amd64

VM Arguments:
jvm_args: --add-opens=java.base/java.util=ALL-UNNAMED --add-opens=java.base/java.lang=ALL-UNNAMED --add-opens=java.base/java.lang.invoke=ALL-UNNAMED --add-opens=java.prefs/java.util.prefs=ALL-UNNAMED --add-opens=java.base/java.nio.charset=ALL-UNNAMED --add-opens=java.base/java.net=ALL-UNNAMED --add-opens=java.base/java.util.concurrent.atomic=ALL-UNNAMED -Xmx2048m -Dfile.encoding=UTF-8 -Duser.country=RU -Duser.language=ru -Duser.variant -javaagent:C:\Users\gazhi\.gradle\wrapper\dists\gradle-8.4-bin\1w5dpkrfk8irigvoxmyhowfim\gradle-8.4\lib\agents\gradle-instrumentation-agent-8.4.jar 
java_command: org.gradle.launcher.daemon.bootstrap.GradleDaemon 8.4
java_class_path (initial): C:\Users\gazhi\.gradle\wrapper\dists\gradle-8.4-bin\1w5dpkrfk8irigvoxmyhowfim\gradle-8.4\lib\gradle-launcher-8.4.jar
Launcher Type: SUN_STANDARD

[Global flags]
     intx CICompilerCount                          = 3                                         {product} {ergonomic}
     uint ConcGCThreads                            = 1                                         {product} {ergonomic}
     uint G1ConcRefinementThreads                  = 4                                         {product} {ergonomic}
   size_t G1HeapRegionSize                         = 1048576                                   {product} {ergonomic}
    uintx GCDrainStackTargetSize                   = 64                                        {product} {ergonomic}
   size_t InitialHeapSize                          = 100663296                                 {product} {ergonomic}
   size_t MarkStackSize                            = 4194304                                   {product} {ergonomic}
   size_t MaxHeapSize                              = 2147483648                                {product} {command line}
   size_t MaxNewSize                               = 1287651328                                {product} {ergonomic}
   size_t MinHeapDeltaBytes                        = 1048576                                   {product} {ergonomic}
   size_t MinHeapSize                              = 8388608                                   {product} {ergonomic}
    uintx NonNMethodCodeHeapSize                   = 5832780                                {pd product} {ergonomic}
    uintx NonProfiledCodeHeapSize                  = 122912730                              {pd product} {ergonomic}
    uintx ProfiledCodeHeapSize                     = 122912730                              {pd product} {ergonomic}
    uintx ReservedCodeCacheSize                    = 251658240                              {pd product} {ergonomic}
     bool SegmentedCodeCache                       = true                                      {product} {ergonomic}
   size_t SoftMaxHeapSize                          = 2147483648                             {manageable} {ergonomic}
     bool UseCompressedClassPointers               = true                           {product lp64_product} {ergonomic}
     bool UseCompressedOops                        = true                           {product lp64_product} {ergonomic}
     bool UseG1GC                                  = true                                      {product} {ergonomic}
     bool UseLargePagesIndividualAllocation        = false                                  {pd product} {ergonomic}

Logging:
Log output configuration:
 #0: stdout all=warning uptime,level,tags
 #1: stderr all=off uptime,level,tags

Environment Variables:
PATH=C:\WINDOWS\system32;C:\WINDOWS;C:\WINDOWS\System32\Wbem;C:\WINDOWS\System32\WindowsPowerShell\v1.0\;C:\WINDOWS\System32\OpenSSH\;C:\Program Files\dotnet\;C:\Program Files (x86)\Windows Kits\10\Windows Performance Toolkit\;C:\Program Files\Git\cmd;C:\Users\gazhi\AppData\Local\Microsoft\WindowsApps;C:\Users\gazhi\.dotnet\tools
USERNAME=gazhi
OS=Windows_NT
PROCESSOR_IDENTIFIER=AMD64 Family 23 Model 24 Stepping 1, AuthenticAMD
TMP=C:\Users\gazhi\AppData\Local\Temp
TEMP=C:\Users\gazhi\AppData\Local\Temp



Periodic native trim disabled

JNI global refs:
JNI global refs: 26, weak refs: 0

JNI global refs memory usage: 843, weak refs: 841

OOME stack traces (most recent first):
Classloader memory used:
Loader org.gradle.internal.classloader.VisitableURLClassLoader                         : 3427K
Loader bootstrap                                                                       : 2442K
Loader org.gradle.initialization.MixInLegacyTypesClassLoader                           : 1031K
Loader org.gradle.internal.classloader.VisitableURLClassLoader$InstrumentingVisitableURLClassLoader: 128K
Loader jdk.internal.loader.ClassLoaders$PlatformClassLoader                            : 68295B
Loader jdk.internal.loader.ClassLoaders$AppClassLoader                                 : 28453B
Loader jdk.internal.reflect.DelegatingClassLoader                                      : 22083B
Loader org.gradle.internal.classloader.VisitableURLClassLoader                         : 7713B

Classes loaded by more than one classloader:
Class Program                                                                         : loaded 4 times (x 72B)
Class com.google.common.collect.SingletonImmutableList                                : loaded 2 times (x 167B)
Class org.gradle.internal.classpath.ClassPath                                         : loaded 2 times (x 68B)
Class org.gradle.api.internal.classpath.DefaultModuleRegistry                         : loaded 2 times (x 84B)
Class Settings_gradle$1$1                                                             : loaded 2 times (x 72B)
Class com.google.common.base.CharMatcher$JavaDigit                                    : loaded 2 times (x 109B)
Class com.google.common.base.CharMatcher$Digit                                        : loaded 2 times (x 110B)
Class org.gradle.api.Action                                                           : loaded 2 times (x 68B)
Class com.google.common.collect.Lists$StringAsImmutableList                           : loaded 2 times (x 167B)
Class com.google.common.base.CharMatcher                                              : loaded 2 times (x 109B)
Class com.google.common.base.CharMatcher$IsNot                                        : loaded 2 times (x 109B)
Class com.google.common.base.Splitter                                                 : loaded 2 times (x 70B)
Class org.gradle.api.internal.DefaultClassPathProvider                                : loaded 2 times (x 74B)
Class org.gradle.internal.installation.GradleInstallation$1                           : loaded 2 times (x 73B)
Class com.google.common.base.CharMatcher$BitSetMatcher                                : loaded 2 times (x 110B)
Class com.google.common.base.Predicate                                                : loaded 2 times (x 68B)
Class org.gradle.internal.classloader.FilteringClassLoader                            : loaded 2 times (x 103B)
Class org.gradle.internal.classpath.DefaultClassPath$ImmutableUniqueList$Builder      : loaded 2 times (x 73B)
Class com.google.common.base.CharMatcher$InRange                                      : loaded 2 times (x 109B)
Class com.google.common.collect.Lists                                                 : loaded 2 times (x 69B)
Class org.gradle.internal.classloader.ClassLoaderVisitor                              : loaded 2 times (x 74B)
Class org.gradle.internal.service.DefaultServiceLocator                               : loaded 2 times (x 81B)
Class org.gradle.internal.service.UnknownServiceException                             : loaded 2 times (x 81B)
Class org.gradle.internal.classloader.DefaultClassLoaderFactory                       : loaded 2 times (x 80B)
Class com.google.common.collect.UnmodifiableIterator                                  : loaded 2 times (x 78B)
Class com.google.common.base.CharMatcher$SingleWidth                                  : loaded 2 times (x 110B)
Class com.google.common.base.JdkPattern                                               : loaded 2 times (x 73B)
Class org.gradle.internal.classloader.VisitableURLClassLoader$Spec                    : loaded 2 times (x 72B)
Class org.gradle.api.GradleException                                                  : loaded 2 times (x 80B)
Class com.google.common.base.CharMatcher$JavaLetterOrDigit                            : loaded 2 times (x 109B)
Class org.gradle.api.internal.classpath.ModuleRegistry                                : loaded 2 times (x 68B)
Class com.google.common.collect.ImmutableCollection                                   : loaded 2 times (x 123B)
Class org.gradle.api.internal.ClassPathProvider                                       : loaded 2 times (x 68B)
Class org.gradle.internal.classloader.ClasspathUtil$1                                 : loaded 2 times (x 74B)
Class com.google.common.collect.ImmutableList$ReverseImmutableList                    : loaded 2 times (x 168B)
Class org.gradle.internal.classloader.ClassLoaderFactory                              : loaded 2 times (x 68B)
Class com.google.common.collect.ObjectArrays                                          : loaded 2 times (x 69B)
Class com.google.common.collect.ImmutableList                                         : loaded 2 times (x 166B)
Class org.gradle.api.internal.classpath.ManifestUtil                                  : loaded 2 times (x 69B)
Class org.gradle.api.specs.Spec                                                       : loaded 2 times (x 68B)
Class com.google.common.base.CharMatcher$Whitespace                                   : loaded 2 times (x 110B)
Class com.google.common.base.Preconditions                                            : loaded 2 times (x 69B)
Class org.gradle.internal.IoActions                                                   : loaded 2 times (x 69B)
Class com.google.common.collect.CollectPreconditions                                  : loaded 2 times (x 69B)
Class com.google.common.collect.AbstractIndexedListIterator                           : loaded 2 times (x 94B)
Class com.google.common.base.CharMatcher$None                                         : loaded 2 times (x 110B)
Class org.gradle.api.internal.classpath.EffectiveClassPath                            : loaded 2 times (x 88B)
Class com.google.common.collect.UnmodifiableListIterator                              : loaded 2 times (x 93B)
Class com.google.common.collect.ImmutableList$1                                       : loaded 2 times (x 95B)
Class com.google.common.base.Splitter$Strategy                                        : loaded 2 times (x 68B)
Class org.gradle.internal.installation.CurrentGradleInstallation                      : loaded 2 times (x 71B)
Class org.gradle.internal.agents.InstrumentingClassLoader                             : loaded 2 times (x 68B)
Class org.gradle.internal.installation.CurrentGradleInstallationLocator               : loaded 2 times (x 69B)
Class org.gradle.api.internal.classpath.Module                                        : loaded 2 times (x 68B)
Class com.google.common.base.Splitter$1$1                                             : loaded 2 times (x 84B)
Class org.gradle.internal.service.CachingServiceLocator                               : loaded 2 times (x 80B)
Class org.gradle.internal.classpath.DefaultClassPath                                  : loaded 2 times (x 88B)
Class com.google.common.base.Splitter$SplittingIterator                               : loaded 2 times (x 82B)
Class Build_gradle$1                                                                  : loaded 2 times (x 76B)
Class com.google.common.base.CharMatcher$Is                                           : loaded 2 times (x 109B)
Class com.google.common.collect.RegularImmutableAsList                                : loaded 2 times (x 176B)
Class org.gradle.internal.classloader.SystemClassLoaderSpec                           : loaded 2 times (x 69B)
Class [Lcom.google.common.base.AbstractIterator$State;                                : loaded 2 times (x 67B)
Class com.google.common.base.AbstractIterator                                         : loaded 2 times (x 78B)
Class com.google.common.base.AbstractIterator$1                                       : loaded 2 times (x 69B)
Class com.google.common.base.CharMatcher$1                                            : loaded 2 times (x 111B)
Class com.google.common.base.CharMatcher$Ascii                                        : loaded 2 times (x 110B)
Class org.gradle.api.UncheckedIOException                                             : loaded 2 times (x 80B)
Class com.google.common.base.CharMatcher$And                                          : loaded 2 times (x 110B)
Class com.google.common.base.CharMatcher$Any                                          : loaded 2 times (x 110B)
Class org.gradle.internal.installation.GradleInstallation                             : loaded 2 times (x 73B)
Class com.google.common.base.CharMatcher$RangesMatcher                                : loaded 2 times (x 110B)
Class com.google.common.collect.ImmutableList$SubList                                 : loaded 2 times (x 168B)
Class org.gradle.internal.classloader.ClasspathUtil                                   : loaded 2 times (x 69B)
Class com.google.common.base.Splitter$1                                               : loaded 2 times (x 75B)
Class org.gradle.api.internal.DefaultClassPathRegistry                                : loaded 2 times (x 74B)
Class org.gradle.api.internal.classpath.DefaultModuleRegistry$DefaultModule           : loaded 2 times (x 84B)
Class com.google.common.base.CharMatcher$JavaIsoControl                               : loaded 2 times (x 110B)
Class com.google.common.base.CharMatcher$Or                                           : loaded 2 times (x 110B)
Class org.gradle.kotlin.dsl.VersionCatalogAccessorsKt                                 : loaded 2 times (x 69B)
Class com.google.common.base.CharMatcher$JavaLowerCase                                : loaded 2 times (x 109B)
Class org.gradle.api.internal.classpath.UnknownModuleException                        : loaded 2 times (x 80B)
Class com.google.common.base.CommonPattern                                            : loaded 2 times (x 72B)
Class org.gradle.internal.service.ServiceLookupException                              : loaded 2 times (x 80B)
Class org.gradle.cache.GlobalCache                                                    : loaded 2 times (x 68B)
Class com.google.common.base.CharMatcher$NegatedFastMatcher                           : loaded 2 times (x 111B)
Class [Lorg.gradle.api.internal.ClassPathProvider;                                    : loaded 2 times (x 67B)
Class org.gradle.util.internal.GUtil                                                  : loaded 2 times (x 69B)
Class org.gradle.internal.classloader.ClassLoaderSpec                                 : loaded 2 times (x 69B)
Class com.google.common.base.NullnessCasts                                            : loaded 2 times (x 69B)
Class com.google.common.base.CharMatcher$Negated                                      : loaded 2 times (x 111B)
Class com.google.common.base.CharMatcher$ForPredicate                                 : loaded 2 times (x 110B)
Class org.gradle.internal.classloader.VisitableURLClassLoader                         : loaded 2 times (x 115B)
Class org.gradle.internal.Cast                                                        : loaded 2 times (x 69B)
Class Build_gradle                                                                    : loaded 2 times (x 70B)
Class org.gradle.api.internal.ClassPathRegistry                                       : loaded 2 times (x 68B)
Class org.gradle.internal.classloader.VisitableURLClassLoader$InstrumentingVisitableURLClassLoader: loaded 2 times (x 121B)
Class org.gradle.internal.classloader.ClassLoaderHierarchy                            : loaded 2 times (x 68B)
Class com.google.common.base.AbstractIterator$State                                   : loaded 2 times (x 77B)
Class com.google.common.base.CharMatcher$NamedFastMatcher                             : loaded 2 times (x 110B)
Class org.gradle.internal.InternalTransformer                                         : loaded 2 times (x 68B)
Class org.gradle.internal.service.ServiceLocator                                      : loaded 2 times (x 68B)
Class Settings_gradle$1                                                               : loaded 2 times (x 72B)
Class com.google.common.base.CharMatcher$Invisible                                    : loaded 2 times (x 110B)
Class com.google.common.base.CharMatcher$FastMatcher                                  : loaded 2 times (x 109B)
Class org.gradle.internal.classpath.DefaultClassPath$ImmutableUniqueList              : loaded 2 times (x 159B)
Class com.google.common.base.CharMatcher$JavaLetter                                   : loaded 2 times (x 109B)
Class org.gradle.internal.classpath.TransformedClassPath                              : loaded 2 times (x 94B)
Class Settings_gradle                                                                 : loaded 2 times (x 126B)
Class com.google.common.collect.ImmutableAsList                                       : loaded 2 times (x 169B)
Class com.google.common.base.CharMatcher$AnyOf                                        : loaded 2 times (x 110B)
Class com.google.common.base.CharMatcher$IsEither                                     : loaded 2 times (x 109B)
Class com.google.common.collect.RegularImmutableList                                  : loaded 2 times (x 172B)
Class com.google.common.base.CharMatcher$JavaUpperCase                                : loaded 2 times (x 109B)


---------------  S Y S T E M  ---------------

OS:
 Windows 10 , 64 bit Build 19041 (10.0.19041.3636)
OS uptime: 5 days 15:48 hours

CPU: total 4 (initial active 4) (4 cores per cpu, 2 threads per core) family 23 model 24 stepping 1 microcode 0x0, cx8, cmov, fxsr, ht, mmx, 3dnowpref, sse, sse2, sse3, ssse3, sse4a, sse4.1, sse4.2, popcnt, lzcnt, tsc, tscinvbit, avx, avx2, aes, clmul, bmi1, bmi2, adx, sha, fma, vzeroupper, clflush, clflushopt
Processor Information for all 4 processors :
  Max Mhz: 2600, Current Mhz: 2600, Mhz Limit: 2600

Memory: 4k page, system-wide physical 6082M (302M free)
TotalPageFile size 24514M (AvailPageFile size 25M)
current process WorkingSet (physical memory assigned to process): 197M, peak: 197M
current process commit charge ("private bytes"): 271M, peak: 295M

vm_info: OpenJDK 64-Bit Server VM (17.0.9+0--11185874) for windows-amd64 JRE (17.0.9+0--11185874), built on Dec  6 2023 18:57:44 by "androidbuild" with MS VC++ 16.10 / 16.11 (VS2019)

END.
