#
# There is insufficient memory for the Java Runtime Environment to continue.
# Native memory allocation (malloc) failed to allocate 2039152 bytes for Chunk::new
# Possible reasons:
#   The system is out of physical RAM or swap space
#   The process is running with CompressedOops enabled, and the Java Heap may be blocking the growth of the native heap
# Possible solutions:
#   Reduce memory load on the system
#   Increase physical memory or swap space
#   Check if swap backing store is full
#   Decrease Java heap size (-Xmx/-Xms)
#   Decrease number of Java threads
#   Decrease Java thread stack sizes (-Xss)
#   Set larger code cache with -XX:ReservedCodeCacheSize=
#   JVM is running with Unscaled Compressed Oops mode in which the Java heap is
#     placed in the first 4GB address space. The Java Heap base address is the
#     maximum limit for the native heap growth. Please use -XX:HeapBaseMinAddress
#     to set the Java Heap base and to place the Java Heap above 4GB virtual address.
# This output file may be truncated or incomplete.
#
#  Out of Memory Error (arena.cpp:191), pid=13052, tid=14764
#
# JRE version: OpenJDK Runtime Environment (17.0.9) (build 17.0.9+0--11185874)
# Java VM: OpenJDK 64-Bit Server VM (17.0.9+0--11185874, mixed mode, tiered, compressed oops, compressed class ptrs, g1 gc, windows-amd64)
# No core dump will be written. Minidumps are not enabled by default on client versions of Windows
#

---------------  S U M M A R Y ------------

Command Line: --add-opens=java.base/java.util=ALL-UNNAMED --add-opens=java.base/java.lang=ALL-UNNAMED --add-opens=java.base/java.lang.invoke=ALL-UNNAMED --add-opens=java.prefs/java.util.prefs=ALL-UNNAMED --add-opens=java.base/java.nio.charset=ALL-UNNAMED --add-opens=java.base/java.net=ALL-UNNAMED --add-opens=java.base/java.util.concurrent.atomic=ALL-UNNAMED -Xmx2048m -Dfile.encoding=UTF-8 -Duser.country=RU -Duser.language=ru -Duser.variant -javaagent:C:\Users\gazhi\.gradle\wrapper\dists\gradle-8.4-bin\1w5dpkrfk8irigvoxmyhowfim\gradle-8.4\lib\agents\gradle-instrumentation-agent-8.4.jar org.gradle.launcher.daemon.bootstrap.GradleDaemon 8.4

Host: AMD Ryzen 3 3200U with Radeon Vega Mobile Gfx  , 4 cores, 5G,  Windows 10 , 64 bit Build 19041 (10.0.19041.3636)
Time: Fri Mar 22 13:55:00 2024 RTZ 2 (s 10 , 64 bit Build 19041 (10.0.19041.3636) elapsed time: 14.538632 seconds (0d 0h 0m 14s)

---------------  T H R E A D  ---------------

Current thread (0x000001eedf8b9990):  JavaThread "C2 CompilerThread0" daemon [_thread_in_native, id=14764, stack(0x000000eb4e500000,0x000000eb4e600000)]


Current CompileTask:
C2:  14538 4006   !   4       java.net.URLClassLoader::findClass (47 bytes)

Stack: [0x000000eb4e500000,0x000000eb4e600000]
Native frames: (J=compiled Java code, j=interpreted, Vv=VM code, C=native code)
V  [jvm.dll+0x6886e9]
V  [jvm.dll+0x841e4a]
V  [jvm.dll+0x843a8e]
V  [jvm.dll+0x8440f3]
V  [jvm.dll+0x24c14f]
V  [jvm.dll+0xac44c]
V  [jvm.dll+0xaca9c]
V  [jvm.dll+0x36c1f7]
V  [jvm.dll+0x33651a]
V  [jvm.dll+0x3359ba]
V  [jvm.dll+0x21ddb1]
V  [jvm.dll+0x21d1d1]
V  [jvm.dll+0x1a674d]
V  [jvm.dll+0x22d088]
V  [jvm.dll+0x22b1c0]
V  [jvm.dll+0x7f62f7]
V  [jvm.dll+0x7f06aa]
V  [jvm.dll+0x687565]
C  [ucrtbase.dll+0x21bb2]
C  [KERNEL32.DLL+0x17344]
C  [ntdll.dll+0x526b1]


---------------  P R O C E S S  ---------------

Threads class SMR info:
_java_thread_list=0x000001eee7086420, length=39, elements={
0x000001eec604d510, 0x000001eedf63b620, 0x000001eedf63c4f0, 0x000001eedf656130,
0x000001eedf656c00, 0x000001eedf659c80, 0x000001eedf65e990, 0x000001eedf8b9990,
0x000001eedf8ba2a0, 0x000001eedf912260, 0x000001eedf5a1540, 0x000001eedfb03a70,
0x000001eee51b7040, 0x000001eee54a5ed0, 0x000001eee4a3e010, 0x000001eedfb22730,
0x000001eee54d8070, 0x000001eee4a2b8c0, 0x000001eee499be10, 0x000001eee4b619f0,
0x000001eee4b61f00, 0x000001eee4b60fd0, 0x000001eee4b614e0, 0x000001eee4b600a0,
0x000001eee4b62920, 0x000001eee4b63850, 0x000001eee4b62e30, 0x000001eee4b63340,
0x000001eee4b605b0, 0x000001eee4b60ac0, 0x000001eee5b7eb30, 0x000001eee5b7e620,
0x000001eee5b7fa60, 0x000001eee5b7bda0, 0x000001eee5b7b380, 0x000001eee5b7ae70,
0x000001eee5b7ff70, 0x000001eee5b7c7c0, 0x000001eee5b7b890
}

Java Threads: ( => current thread )
  0x000001eec604d510 JavaThread "main" [_thread_blocked, id=8148, stack(0x000000eb4d800000,0x000000eb4d900000)]
  0x000001eedf63b620 JavaThread "Reference Handler" daemon [_thread_blocked, id=13732, stack(0x000000eb4df00000,0x000000eb4e000000)]
  0x000001eedf63c4f0 JavaThread "Finalizer" daemon [_thread_blocked, id=9812, stack(0x000000eb4e000000,0x000000eb4e100000)]
  0x000001eedf656130 JavaThread "Signal Dispatcher" daemon [_thread_blocked, id=1932, stack(0x000000eb4e100000,0x000000eb4e200000)]
  0x000001eedf656c00 JavaThread "Attach Listener" daemon [_thread_blocked, id=6920, stack(0x000000eb4e200000,0x000000eb4e300000)]
  0x000001eedf659c80 JavaThread "Service Thread" daemon [_thread_blocked, id=9636, stack(0x000000eb4e300000,0x000000eb4e400000)]
  0x000001eedf65e990 JavaThread "Monitor Deflation Thread" daemon [_thread_blocked, id=16336, stack(0x000000eb4e400000,0x000000eb4e500000)]
=>0x000001eedf8b9990 JavaThread "C2 CompilerThread0" daemon [_thread_in_native, id=14764, stack(0x000000eb4e500000,0x000000eb4e600000)]
  0x000001eedf8ba2a0 JavaThread "C1 CompilerThread0" daemon [_thread_blocked, id=14104, stack(0x000000eb4e600000,0x000000eb4e700000)]
  0x000001eedf912260 JavaThread "Sweeper thread" daemon [_thread_blocked, id=4680, stack(0x000000eb4e700000,0x000000eb4e800000)]
  0x000001eedf5a1540 JavaThread "Common-Cleaner" daemon [_thread_blocked, id=7392, stack(0x000000eb4e800000,0x000000eb4e900000)]
  0x000001eedfb03a70 JavaThread "Notification Thread" daemon [_thread_blocked, id=12612, stack(0x000000eb4e900000,0x000000eb4ea00000)]
  0x000001eee51b7040 JavaThread "Daemon health stats" [_thread_blocked, id=2052, stack(0x000000eb4ee00000,0x000000eb4ef00000)]
  0x000001eee54a5ed0 JavaThread "Incoming local TCP Connector on port 55367" [_thread_in_native, id=14608, stack(0x000000eb4ef00000,0x000000eb4f000000)]
  0x000001eee4a3e010 JavaThread "Daemon periodic checks" [_thread_blocked, id=6368, stack(0x000000eb4f000000,0x000000eb4f100000)]
  0x000001eedfb22730 JavaThread "Daemon" [_thread_blocked, id=11648, stack(0x000000eb4f100000,0x000000eb4f200000)]
  0x000001eee54d8070 JavaThread "Handler for socket connection from /127.0.0.1:55367 to /127.0.0.1:55368" [_thread_in_native, id=13460, stack(0x000000eb4f200000,0x000000eb4f300000)]
  0x000001eee4a2b8c0 JavaThread "Cancel handler" [_thread_blocked, id=120, stack(0x000000eb4f300000,0x000000eb4f400000)]
  0x000001eee499be10 JavaThread "Daemon worker" [_thread_in_native, id=12580, stack(0x000000eb4f400000,0x000000eb4f500000)]
  0x000001eee4b619f0 JavaThread "Asynchronous log dispatcher for DefaultDaemonConnection: socket connection from /127.0.0.1:55367 to /127.0.0.1:55368" [_thread_blocked, id=6440, stack(0x000000eb4f500000,0x000000eb4f600000)]
  0x000001eee4b61f00 JavaThread "Stdin handler" [_thread_blocked, id=13108, stack(0x000000eb4f600000,0x000000eb4f700000)]
  0x000001eee4b60fd0 JavaThread "Daemon client event forwarder" [_thread_blocked, id=16252, stack(0x000000eb4f700000,0x000000eb4f800000)]
  0x000001eee4b614e0 JavaThread "Cache worker for journal cache (C:\Users\gazhi\.gradle\caches\journal-1)" [_thread_blocked, id=13628, stack(0x000000eb4f800000,0x000000eb4f900000)]
  0x000001eee4b600a0 JavaThread "File lock request listener" [_thread_in_native, id=7172, stack(0x000000eb4f900000,0x000000eb4fa00000)]
  0x000001eee4b62920 JavaThread "Cache worker for file hash cache (C:\Users\gazhi\.gradle\caches\8.4\fileHashes)" [_thread_blocked, id=15336, stack(0x000000eb4fa00000,0x000000eb4fb00000)]
  0x000001eee4b63850 JavaThread "File watcher server" daemon [_thread_in_native, id=11812, stack(0x000000eb4fb00000,0x000000eb4fc00000)]
  0x000001eee4b62e30 JavaThread "File watcher consumer" daemon [_thread_blocked, id=5288, stack(0x000000eb4fc00000,0x000000eb4fd00000)]
  0x000001eee4b63340 JavaThread "Cache worker for checksums cache (C:\Users\gazhi\AndroidStudioProjects\project\.gradle\8.4\checksums)" [_thread_blocked, id=15168, stack(0x000000eb4fd00000,0x000000eb4fe00000)]
  0x000001eee4b605b0 JavaThread "Cache worker for file hash cache (C:\Users\gazhi\AndroidStudioProjects\project\.gradle\8.4\fileHashes)" [_thread_blocked, id=15844, stack(0x000000eb4fe00000,0x000000eb4ff00000)]
  0x000001eee4b60ac0 JavaThread "Cache worker for cache directory md-supplier (C:\Users\gazhi\.gradle\caches\8.4\md-supplier)" [_thread_blocked, id=10080, stack(0x000000eb4ff00000,0x000000eb50000000)]
  0x000001eee5b7eb30 JavaThread "Cache worker for file content cache (C:\Users\gazhi\.gradle\caches\8.4\fileContent)" [_thread_blocked, id=1704, stack(0x000000eb50000000,0x000000eb50100000)]
  0x000001eee5b7e620 JavaThread "Cache worker for cache directory md-rule (C:\Users\gazhi\.gradle\caches\8.4\md-rule)" [_thread_blocked, id=15752, stack(0x000000eb50100000,0x000000eb50200000)]
  0x000001eee5b7fa60 JavaThread "Cache worker for execution history cache (C:\Users\gazhi\.gradle\caches\8.4\executionHistory)" [_thread_blocked, id=5240, stack(0x000000eb50200000,0x000000eb50300000)]
  0x000001eee5b7bda0 JavaThread "Cache worker for kotlin-dsl (C:\Users\gazhi\.gradle\caches\8.4\kotlin-dsl)" [_thread_blocked, id=12916, stack(0x000000eb50300000,0x000000eb50400000)]
  0x000001eee5b7b380 JavaThread "jar transforms" [_thread_blocked, id=15600, stack(0x000000eb50400000,0x000000eb50500000)]
  0x000001eee5b7ae70 JavaThread "jar transforms Thread 2" [_thread_blocked, id=15964, stack(0x000000eb50500000,0x000000eb50600000)]
  0x000001eee5b7ff70 JavaThread "jar transforms Thread 3" [_thread_blocked, id=8072, stack(0x000000eb50600000,0x000000eb50700000)]
  0x000001eee5b7c7c0 JavaThread "jar transforms Thread 4" [_thread_blocked, id=14112, stack(0x000000eb50700000,0x000000eb50800000)]
  0x000001eee5b7b890 JavaThread "Cache worker for dependencies-accessors (C:\Users\gazhi\AndroidStudioProjects\project\.gradle\8.4\dependencies-accessors)" [_thread_blocked, id=1436, stack(0x000000eb50800000,0x000000eb50900000)]

Other Threads:
  0x000001eedf618cb0 VMThread "VM Thread" [stack: 0x000000eb4de00000,0x000000eb4df00000] [id=5988]
  0x000001eec604e3e0 WatcherThread [stack: 0x000000eb4ea00000,0x000000eb4eb00000] [id=4168]
  0x000001eec60a8b60 GCTaskThread "GC Thread#0" [stack: 0x000000eb4d900000,0x000000eb4da00000] [id=9944]
  0x000001eee40fe030 GCTaskThread "GC Thread#1" [stack: 0x000000eb4eb00000,0x000000eb4ec00000] [id=9032]
  0x000001eee45f4f50 GCTaskThread "GC Thread#2" [stack: 0x000000eb4ec00000,0x000000eb4ed00000] [id=8552]
  0x000001eedfc4cbf0 GCTaskThread "GC Thread#3" [stack: 0x000000eb4ed00000,0x000000eb4ee00000] [id=15364]
  0x000001eec60b99c0 ConcurrentGCThread "G1 Main Marker" [stack: 0x000000eb4da00000,0x000000eb4db00000] [id=4292]
  0x000001eec60ba2f0 ConcurrentGCThread "G1 Conc#0" [stack: 0x000000eb4db00000,0x000000eb4dc00000] [id=728]
  0x000001eedf470090 ConcurrentGCThread "G1 Refine#0" [stack: 0x000000eb4dc00000,0x000000eb4dd00000] [id=8824]
  0x000001eec610a570 ConcurrentGCThread "G1 Service" [stack: 0x000000eb4dd00000,0x000000eb4de00000] [id=12152]

Threads with active compile tasks:
C2 CompilerThread0    14596 4006   !   4       java.net.URLClassLoader::findClass (47 bytes)

VM state: not at safepoint (normal execution)

VM Mutex/Monitor currently owned by a thread:  ([mutex/lock_event])
[0x000001eec6047e10] Metaspace_lock - owner thread: 0x0000000000000000

Heap address: 0x0000000080000000, size: 2048 MB, Compressed Oops mode: 32-bit

CDS archive(s) not mapped
Compressed class space mapped at: 0x0000000100000000-0x0000000140000000, reserved size: 1073741824
Narrow klass base: 0x0000000000000000, Narrow klass shift: 3, Narrow klass range: 0x140000000

GC Precious Log:
 CPUs: 4 total, 4 available
 Memory: 6082M
 Large Page Support: Disabled
 NUMA Support: Disabled
 Compressed Oops: Enabled (32-bit)
 Heap Region Size: 1M
 Heap Min Capacity: 8M
 Heap Initial Capacity: 96M
 Heap Max Capacity: 2G
 Pre-touch: Disabled
 Parallel Workers: 4
 Concurrent Workers: 1
 Concurrent Refinement Workers: 4
 Periodic GC: Disabled

Heap:
 garbage-first heap   total 151552K, used 75888K [0x0000000080000000, 0x0000000100000000)
  region size 1024K, 48 young (49152K), 2 survivors (2048K)
 Metaspace       used 47973K, committed 48448K, reserved 1114112K
  class space    used 6453K, committed 6656K, reserved 1048576K

Heap Regions: E=young(eden), S=young(survivor), O=old, HS=humongous(starts), HC=humongous(continues), CS=collection set, F=free, OA=open archive, CA=closed archive, TAMS=top-at-mark-start (previous, next)
|   0|0x0000000080000000, 0x0000000080100000, 0x0000000080100000|100%| O|  |TAMS 0x0000000080100000, 0x0000000080000000| Untracked 
|   1|0x0000000080100000, 0x0000000080200000, 0x0000000080200000|100%| O|  |TAMS 0x0000000080200000, 0x0000000080100000| Untracked 
|   2|0x0000000080200000, 0x0000000080300000, 0x0000000080300000|100%|HS|  |TAMS 0x0000000080300000, 0x0000000080200000| Complete 
|   3|0x0000000080300000, 0x0000000080400000, 0x0000000080400000|100%|HC|  |TAMS 0x0000000080400000, 0x0000000080300000| Complete 
|   4|0x0000000080400000, 0x0000000080500000, 0x0000000080500000|100%|HC|  |TAMS 0x0000000080500000, 0x0000000080400000| Complete 
|   5|0x0000000080500000, 0x0000000080600000, 0x0000000080600000|100%|HC|  |TAMS 0x0000000080600000, 0x0000000080500000| Complete 
|   6|0x0000000080600000, 0x0000000080700000, 0x0000000080700000|100%| O|  |TAMS 0x0000000080700000, 0x0000000080600000| Untracked 
|   7|0x0000000080700000, 0x0000000080800000, 0x0000000080800000|100%| O|  |TAMS 0x0000000080800000, 0x0000000080700000| Untracked 
|   8|0x0000000080800000, 0x0000000080900000, 0x0000000080900000|100%| O|  |TAMS 0x0000000080900000, 0x0000000080800000| Untracked 
|   9|0x0000000080900000, 0x0000000080a00000, 0x0000000080a00000|100%| O|  |TAMS 0x0000000080a00000, 0x0000000080900000| Untracked 
|  10|0x0000000080a00000, 0x0000000080b00000, 0x0000000080b00000|100%| O|  |TAMS 0x0000000080a00000, 0x0000000080a00000| Untracked 
|  11|0x0000000080b00000, 0x0000000080c00000, 0x0000000080c00000|100%| O|  |TAMS 0x0000000080c00000, 0x0000000080b00000| Untracked 
|  12|0x0000000080c00000, 0x0000000080d00000, 0x0000000080d00000|100%| O|  |TAMS 0x0000000080d00000, 0x0000000080c00000| Untracked 
|  13|0x0000000080d00000, 0x0000000080e00000, 0x0000000080e00000|100%| O|  |TAMS 0x0000000080e00000, 0x0000000080d00000| Untracked 
|  14|0x0000000080e00000, 0x0000000080f00000, 0x0000000080f00000|100%| O|  |TAMS 0x0000000080f00000, 0x0000000080e00000| Untracked 
|  15|0x0000000080f00000, 0x0000000081000000, 0x0000000081000000|100%| O|  |TAMS 0x0000000081000000, 0x0000000080f00000| Untracked 
|  16|0x0000000081000000, 0x0000000081100000, 0x0000000081100000|100%| O|  |TAMS 0x0000000081100000, 0x0000000081000000| Untracked 
|  17|0x0000000081100000, 0x0000000081200000, 0x0000000081200000|100%| O|  |TAMS 0x0000000081200000, 0x0000000081100000| Untracked 
|  18|0x0000000081200000, 0x0000000081300000, 0x0000000081300000|100%| O|  |TAMS 0x0000000081300000, 0x0000000081200000| Untracked 
|  19|0x0000000081300000, 0x0000000081400000, 0x0000000081400000|100%| O|  |TAMS 0x0000000081400000, 0x0000000081300000| Untracked 
|  20|0x0000000081400000, 0x0000000081500000, 0x0000000081500000|100%|HS|  |TAMS 0x0000000081400000, 0x0000000081400000| Complete 
|  21|0x0000000081500000, 0x0000000081600000, 0x0000000081600000|100%| O|  |TAMS 0x0000000081500000, 0x0000000081500000| Untracked 
|  22|0x0000000081600000, 0x0000000081700000, 0x0000000081700000|100%| O|  |TAMS 0x0000000081600000, 0x0000000081600000| Untracked 
|  23|0x0000000081700000, 0x0000000081800000, 0x0000000081800000|100%| O|  |TAMS 0x0000000081700000, 0x0000000081700000| Untracked 
|  24|0x0000000081800000, 0x0000000081900000, 0x0000000081900000|100%| O|  |TAMS 0x0000000081800000, 0x0000000081800000| Untracked 
|  25|0x0000000081900000, 0x0000000081a00000, 0x0000000081a00000|100%| O|  |TAMS 0x0000000081900000, 0x0000000081900000| Untracked 
|  26|0x0000000081a00000, 0x0000000081b00000, 0x0000000081b00000|100%| O|  |TAMS 0x0000000081a00000, 0x0000000081a00000| Untracked 
|  27|0x0000000081b00000, 0x0000000081b5cc00, 0x0000000081c00000| 36%| O|  |TAMS 0x0000000081b00000, 0x0000000081b00000| Untracked 
|  28|0x0000000081c00000, 0x0000000081d00000, 0x0000000081d00000|100%|HS|  |TAMS 0x0000000081c00000, 0x0000000081c00000| Complete 
|  29|0x0000000081d00000, 0x0000000081d00000, 0x0000000081e00000|  0%| F|  |TAMS 0x0000000081d00000, 0x0000000081d00000| Untracked 
|  30|0x0000000081e00000, 0x0000000081e00000, 0x0000000081f00000|  0%| F|  |TAMS 0x0000000081e00000, 0x0000000081e00000| Untracked 
|  31|0x0000000081f00000, 0x0000000081f00000, 0x0000000082000000|  0%| F|  |TAMS 0x0000000081f00000, 0x0000000081f00000| Untracked 
|  32|0x0000000082000000, 0x0000000082000000, 0x0000000082100000|  0%| F|  |TAMS 0x0000000082000000, 0x0000000082000000| Untracked 
|  33|0x0000000082100000, 0x0000000082100000, 0x0000000082200000|  0%| F|  |TAMS 0x0000000082100000, 0x0000000082100000| Untracked 
|  34|0x0000000082200000, 0x0000000082200000, 0x0000000082300000|  0%| F|  |TAMS 0x0000000082200000, 0x0000000082200000| Untracked 
|  35|0x0000000082300000, 0x0000000082300000, 0x0000000082400000|  0%| F|  |TAMS 0x0000000082300000, 0x0000000082300000| Untracked 
|  36|0x0000000082400000, 0x0000000082400000, 0x0000000082500000|  0%| F|  |TAMS 0x0000000082400000, 0x0000000082400000| Untracked 
|  37|0x0000000082500000, 0x0000000082500000, 0x0000000082600000|  0%| F|  |TAMS 0x0000000082500000, 0x0000000082500000| Untracked 
|  38|0x0000000082600000, 0x0000000082600000, 0x0000000082700000|  0%| F|  |TAMS 0x0000000082600000, 0x0000000082600000| Untracked 
|  39|0x0000000082700000, 0x0000000082700000, 0x0000000082800000|  0%| F|  |TAMS 0x0000000082700000, 0x0000000082700000| Untracked 
|  40|0x0000000082800000, 0x00000000828bf670, 0x0000000082900000| 74%| S|CS|TAMS 0x0000000082800000, 0x0000000082800000| Complete 
|  41|0x0000000082900000, 0x0000000082a00000, 0x0000000082a00000|100%| S|CS|TAMS 0x0000000082900000, 0x0000000082900000| Complete 
|  42|0x0000000082a00000, 0x0000000082a00000, 0x0000000082b00000|  0%| F|  |TAMS 0x0000000082a00000, 0x0000000082a00000| Untracked 
|  43|0x0000000082b00000, 0x0000000082b00000, 0x0000000082c00000|  0%| F|  |TAMS 0x0000000082b00000, 0x0000000082b00000| Untracked 
|  44|0x0000000082c00000, 0x0000000082c00000, 0x0000000082d00000|  0%| F|  |TAMS 0x0000000082c00000, 0x0000000082c00000| Untracked 
|  45|0x0000000082d00000, 0x0000000082d00000, 0x0000000082e00000|  0%| F|  |TAMS 0x0000000082d00000, 0x0000000082d00000| Untracked 
|  46|0x0000000082e00000, 0x0000000082e00000, 0x0000000082f00000|  0%| F|  |TAMS 0x0000000082e00000, 0x0000000082e00000| Untracked 
|  47|0x0000000082f00000, 0x0000000082f00000, 0x0000000083000000|  0%| F|  |TAMS 0x0000000082f00000, 0x0000000082f00000| Untracked 
|  48|0x0000000083000000, 0x0000000083000000, 0x0000000083100000|  0%| F|  |TAMS 0x0000000083000000, 0x0000000083000000| Untracked 
|  49|0x0000000083100000, 0x0000000083100000, 0x0000000083200000|  0%| F|  |TAMS 0x0000000083100000, 0x0000000083100000| Untracked 
|  50|0x0000000083200000, 0x0000000083200000, 0x0000000083300000|  0%| F|  |TAMS 0x0000000083200000, 0x0000000083200000| Untracked 
|  51|0x0000000083300000, 0x0000000083300000, 0x0000000083400000|  0%| F|  |TAMS 0x0000000083300000, 0x0000000083300000| Untracked 
|  52|0x0000000083400000, 0x0000000083400000, 0x0000000083500000|  0%| F|  |TAMS 0x0000000083400000, 0x0000000083400000| Untracked 
|  53|0x0000000083500000, 0x0000000083500000, 0x0000000083600000|  0%| F|  |TAMS 0x0000000083500000, 0x0000000083500000| Untracked 
|  54|0x0000000083600000, 0x0000000083600000, 0x0000000083700000|  0%| F|  |TAMS 0x0000000083600000, 0x0000000083600000| Untracked 
|  55|0x0000000083700000, 0x0000000083700000, 0x0000000083800000|  0%| F|  |TAMS 0x0000000083700000, 0x0000000083700000| Untracked 
|  56|0x0000000083800000, 0x0000000083800000, 0x0000000083900000|  0%| F|  |TAMS 0x0000000083800000, 0x0000000083800000| Untracked 
|  57|0x0000000083900000, 0x0000000083900000, 0x0000000083a00000|  0%| F|  |TAMS 0x0000000083900000, 0x0000000083900000| Untracked 
|  58|0x0000000083a00000, 0x0000000083a00000, 0x0000000083b00000|  0%| F|  |TAMS 0x0000000083a00000, 0x0000000083a00000| Untracked 
|  59|0x0000000083b00000, 0x0000000083b00000, 0x0000000083c00000|  0%| F|  |TAMS 0x0000000083b00000, 0x0000000083b00000| Untracked 
|  60|0x0000000083c00000, 0x0000000083c00000, 0x0000000083d00000|  0%| F|  |TAMS 0x0000000083c00000, 0x0000000083c00000| Untracked 
|  61|0x0000000083d00000, 0x0000000083d00000, 0x0000000083e00000|  0%| F|  |TAMS 0x0000000083d00000, 0x0000000083d00000| Untracked 
|  62|0x0000000083e00000, 0x0000000083e00000, 0x0000000083f00000|  0%| F|  |TAMS 0x0000000083e00000, 0x0000000083e00000| Untracked 
|  63|0x0000000083f00000, 0x0000000083f00000, 0x0000000084000000|  0%| F|  |TAMS 0x0000000083f00000, 0x0000000083f00000| Untracked 
|  64|0x0000000084000000, 0x0000000084000000, 0x0000000084100000|  0%| F|  |TAMS 0x0000000084000000, 0x0000000084000000| Untracked 
|  65|0x0000000084100000, 0x0000000084100000, 0x0000000084200000|  0%| F|  |TAMS 0x0000000084100000, 0x0000000084100000| Untracked 
|  66|0x0000000084200000, 0x0000000084200000, 0x0000000084300000|  0%| F|  |TAMS 0x0000000084200000, 0x0000000084200000| Untracked 
|  67|0x0000000084300000, 0x0000000084300000, 0x0000000084400000|  0%| F|  |TAMS 0x0000000084300000, 0x0000000084300000| Untracked 
|  68|0x0000000084400000, 0x0000000084400000, 0x0000000084500000|  0%| F|  |TAMS 0x0000000084400000, 0x0000000084400000| Untracked 
|  69|0x0000000084500000, 0x0000000084500000, 0x0000000084600000|  0%| F|  |TAMS 0x0000000084500000, 0x0000000084500000| Untracked 
|  70|0x0000000084600000, 0x0000000084600000, 0x0000000084700000|  0%| F|  |TAMS 0x0000000084600000, 0x0000000084600000| Untracked 
|  71|0x0000000084700000, 0x0000000084700000, 0x0000000084800000|  0%| F|  |TAMS 0x0000000084700000, 0x0000000084700000| Untracked 
|  72|0x0000000084800000, 0x0000000084800000, 0x0000000084900000|  0%| F|  |TAMS 0x0000000084800000, 0x0000000084800000| Untracked 
|  73|0x0000000084900000, 0x0000000084900000, 0x0000000084a00000|  0%| F|  |TAMS 0x0000000084900000, 0x0000000084900000| Untracked 
|  74|0x0000000084a00000, 0x0000000084a00000, 0x0000000084b00000|  0%| F|  |TAMS 0x0000000084a00000, 0x0000000084a00000| Untracked 
|  75|0x0000000084b00000, 0x0000000084b00000, 0x0000000084c00000|  0%| F|  |TAMS 0x0000000084b00000, 0x0000000084b00000| Untracked 
|  76|0x0000000084c00000, 0x0000000084c00000, 0x0000000084d00000|  0%| F|  |TAMS 0x0000000084c00000, 0x0000000084c00000| Untracked 
|  77|0x0000000084d00000, 0x0000000084d00000, 0x0000000084e00000|  0%| F|  |TAMS 0x0000000084d00000, 0x0000000084d00000| Untracked 
|  78|0x0000000084e00000, 0x0000000084e00000, 0x0000000084f00000|  0%| F|  |TAMS 0x0000000084e00000, 0x0000000084e00000| Untracked 
|  79|0x0000000084f00000, 0x0000000084f00000, 0x0000000085000000|  0%| F|  |TAMS 0x0000000084f00000, 0x0000000084f00000| Untracked 
|  80|0x0000000085000000, 0x0000000085000000, 0x0000000085100000|  0%| F|  |TAMS 0x0000000085000000, 0x0000000085000000| Untracked 
|  81|0x0000000085100000, 0x0000000085100000, 0x0000000085200000|  0%| F|  |TAMS 0x0000000085100000, 0x0000000085100000| Untracked 
|  82|0x0000000085200000, 0x0000000085200000, 0x0000000085300000|  0%| F|  |TAMS 0x0000000085200000, 0x0000000085200000| Untracked 
|  83|0x0000000085300000, 0x0000000085300000, 0x0000000085400000|  0%| F|  |TAMS 0x0000000085300000, 0x0000000085300000| Untracked 
|  84|0x0000000085400000, 0x0000000085400000, 0x0000000085500000|  0%| F|  |TAMS 0x0000000085400000, 0x0000000085400000| Untracked 
|  85|0x0000000085500000, 0x0000000085500000, 0x0000000085600000|  0%| F|  |TAMS 0x0000000085500000, 0x0000000085500000| Untracked 
|  86|0x0000000085600000, 0x0000000085600000, 0x0000000085700000|  0%| F|  |TAMS 0x0000000085600000, 0x0000000085600000| Untracked 
|  87|0x0000000085700000, 0x0000000085700000, 0x0000000085800000|  0%| F|  |TAMS 0x0000000085700000, 0x0000000085700000| Untracked 
|  88|0x0000000085800000, 0x0000000085800000, 0x0000000085900000|  0%| F|  |TAMS 0x0000000085800000, 0x0000000085800000| Untracked 
|  89|0x0000000085900000, 0x0000000085900000, 0x0000000085a00000|  0%| F|  |TAMS 0x0000000085900000, 0x0000000085900000| Untracked 
|  90|0x0000000085a00000, 0x0000000085a00000, 0x0000000085b00000|  0%| F|  |TAMS 0x0000000085a00000, 0x0000000085a00000| Untracked 
|  91|0x0000000085b00000, 0x0000000085b00000, 0x0000000085c00000|  0%| F|  |TAMS 0x0000000085b00000, 0x0000000085b00000| Untracked 
|  92|0x0000000085c00000, 0x0000000085c00000, 0x0000000085d00000|  0%| F|  |TAMS 0x0000000085c00000, 0x0000000085c00000| Untracked 
|  93|0x0000000085d00000, 0x0000000085d00000, 0x0000000085e00000|  0%| F|  |TAMS 0x0000000085d00000, 0x0000000085d00000| Untracked 
|  94|0x0000000085e00000, 0x0000000085e00000, 0x0000000085f00000|  0%| F|  |TAMS 0x0000000085e00000, 0x0000000085e00000| Untracked 
|  95|0x0000000085f00000, 0x0000000085f00000, 0x0000000086000000|  0%| F|  |TAMS 0x0000000085f00000, 0x0000000085f00000| Untracked 
|  96|0x0000000086000000, 0x0000000086000000, 0x0000000086100000|  0%| F|  |TAMS 0x0000000086000000, 0x0000000086000000| Untracked 
|  97|0x0000000086100000, 0x0000000086100000, 0x0000000086200000|  0%| F|  |TAMS 0x0000000086100000, 0x0000000086100000| Untracked 
|  98|0x0000000086200000, 0x0000000086200000, 0x0000000086300000|  0%| F|  |TAMS 0x0000000086200000, 0x0000000086200000| Untracked 
|  99|0x0000000086300000, 0x0000000086300000, 0x0000000086400000|  0%| F|  |TAMS 0x0000000086300000, 0x0000000086300000| Untracked 
| 100|0x0000000086400000, 0x0000000086400000, 0x0000000086500000|  0%| F|  |TAMS 0x0000000086400000, 0x0000000086400000| Untracked 
| 101|0x0000000086500000, 0x0000000086500000, 0x0000000086600000|  0%| F|  |TAMS 0x0000000086500000, 0x0000000086500000| Untracked 
| 102|0x0000000086600000, 0x0000000086700000, 0x0000000086700000|100%| E|  |TAMS 0x0000000086600000, 0x0000000086600000| Complete 
| 103|0x0000000086700000, 0x0000000086800000, 0x0000000086800000|100%| E|CS|TAMS 0x0000000086700000, 0x0000000086700000| Complete 
| 104|0x0000000086800000, 0x0000000086900000, 0x0000000086900000|100%| E|CS|TAMS 0x0000000086800000, 0x0000000086800000| Complete 
| 105|0x0000000086900000, 0x0000000086a00000, 0x0000000086a00000|100%| E|CS|TAMS 0x0000000086900000, 0x0000000086900000| Complete 
| 106|0x0000000086a00000, 0x0000000086b00000, 0x0000000086b00000|100%| E|CS|TAMS 0x0000000086a00000, 0x0000000086a00000| Complete 
| 107|0x0000000086b00000, 0x0000000086c00000, 0x0000000086c00000|100%| E|CS|TAMS 0x0000000086b00000, 0x0000000086b00000| Complete 
| 108|0x0000000086c00000, 0x0000000086d00000, 0x0000000086d00000|100%| E|CS|TAMS 0x0000000086c00000, 0x0000000086c00000| Complete 
| 109|0x0000000086d00000, 0x0000000086e00000, 0x0000000086e00000|100%| E|CS|TAMS 0x0000000086d00000, 0x0000000086d00000| Complete 
| 110|0x0000000086e00000, 0x0000000086f00000, 0x0000000086f00000|100%| E|CS|TAMS 0x0000000086e00000, 0x0000000086e00000| Complete 
| 111|0x0000000086f00000, 0x0000000087000000, 0x0000000087000000|100%| E|CS|TAMS 0x0000000086f00000, 0x0000000086f00000| Complete 
| 112|0x0000000087000000, 0x0000000087100000, 0x0000000087100000|100%| E|CS|TAMS 0x0000000087000000, 0x0000000087000000| Complete 
| 113|0x0000000087100000, 0x0000000087200000, 0x0000000087200000|100%| E|CS|TAMS 0x0000000087100000, 0x0000000087100000| Complete 
| 114|0x0000000087200000, 0x0000000087300000, 0x0000000087300000|100%| E|CS|TAMS 0x0000000087200000, 0x0000000087200000| Complete 
| 115|0x0000000087300000, 0x0000000087400000, 0x0000000087400000|100%| E|CS|TAMS 0x0000000087300000, 0x0000000087300000| Complete 
| 116|0x0000000087400000, 0x0000000087500000, 0x0000000087500000|100%| E|CS|TAMS 0x0000000087400000, 0x0000000087400000| Complete 
| 117|0x0000000087500000, 0x0000000087600000, 0x0000000087600000|100%| E|CS|TAMS 0x0000000087500000, 0x0000000087500000| Complete 
| 118|0x0000000087600000, 0x0000000087700000, 0x0000000087700000|100%| E|CS|TAMS 0x0000000087600000, 0x0000000087600000| Complete 
| 119|0x0000000087700000, 0x0000000087800000, 0x0000000087800000|100%| E|CS|TAMS 0x0000000087700000, 0x0000000087700000| Complete 
| 120|0x0000000087800000, 0x0000000087900000, 0x0000000087900000|100%| E|CS|TAMS 0x0000000087800000, 0x0000000087800000| Complete 
| 121|0x0000000087900000, 0x0000000087a00000, 0x0000000087a00000|100%| E|CS|TAMS 0x0000000087900000, 0x0000000087900000| Complete 
| 122|0x0000000087a00000, 0x0000000087b00000, 0x0000000087b00000|100%| E|CS|TAMS 0x0000000087a00000, 0x0000000087a00000| Complete 
| 123|0x0000000087b00000, 0x0000000087c00000, 0x0000000087c00000|100%| E|CS|TAMS 0x0000000087b00000, 0x0000000087b00000| Complete 
| 124|0x0000000087c00000, 0x0000000087d00000, 0x0000000087d00000|100%| E|CS|TAMS 0x0000000087c00000, 0x0000000087c00000| Complete 
| 125|0x0000000087d00000, 0x0000000087e00000, 0x0000000087e00000|100%| E|CS|TAMS 0x0000000087d00000, 0x0000000087d00000| Complete 
| 126|0x0000000087e00000, 0x0000000087f00000, 0x0000000087f00000|100%| E|CS|TAMS 0x0000000087e00000, 0x0000000087e00000| Complete 
| 127|0x0000000087f00000, 0x0000000088000000, 0x0000000088000000|100%| E|CS|TAMS 0x0000000087f00000, 0x0000000087f00000| Complete 
| 128|0x0000000088000000, 0x0000000088100000, 0x0000000088100000|100%| E|CS|TAMS 0x0000000088000000, 0x0000000088000000| Complete 
| 129|0x0000000088100000, 0x0000000088200000, 0x0000000088200000|100%| E|CS|TAMS 0x0000000088100000, 0x0000000088100000| Complete 
| 130|0x0000000088200000, 0x0000000088300000, 0x0000000088300000|100%| E|CS|TAMS 0x0000000088200000, 0x0000000088200000| Complete 
| 131|0x0000000088300000, 0x0000000088400000, 0x0000000088400000|100%| E|CS|TAMS 0x0000000088300000, 0x0000000088300000| Complete 
| 132|0x0000000088400000, 0x0000000088500000, 0x0000000088500000|100%| E|CS|TAMS 0x0000000088400000, 0x0000000088400000| Complete 
| 133|0x0000000088500000, 0x0000000088600000, 0x0000000088600000|100%| E|CS|TAMS 0x0000000088500000, 0x0000000088500000| Complete 
| 134|0x0000000088600000, 0x0000000088700000, 0x0000000088700000|100%| E|CS|TAMS 0x0000000088600000, 0x0000000088600000| Complete 
| 135|0x0000000088700000, 0x0000000088800000, 0x0000000088800000|100%| E|CS|TAMS 0x0000000088700000, 0x0000000088700000| Complete 
| 136|0x0000000088800000, 0x0000000088900000, 0x0000000088900000|100%| E|CS|TAMS 0x0000000088800000, 0x0000000088800000| Complete 
| 137|0x0000000088900000, 0x0000000088a00000, 0x0000000088a00000|100%| E|CS|TAMS 0x0000000088900000, 0x0000000088900000| Complete 
| 138|0x0000000088a00000, 0x0000000088b00000, 0x0000000088b00000|100%| E|CS|TAMS 0x0000000088a00000, 0x0000000088a00000| Complete 
| 139|0x0000000088b00000, 0x0000000088c00000, 0x0000000088c00000|100%| E|CS|TAMS 0x0000000088b00000, 0x0000000088b00000| Complete 
| 140|0x0000000088c00000, 0x0000000088d00000, 0x0000000088d00000|100%| E|CS|TAMS 0x0000000088c00000, 0x0000000088c00000| Complete 
| 141|0x0000000088d00000, 0x0000000088e00000, 0x0000000088e00000|100%| E|CS|TAMS 0x0000000088d00000, 0x0000000088d00000| Complete 
| 142|0x0000000088e00000, 0x0000000088f00000, 0x0000000088f00000|100%| E|CS|TAMS 0x0000000088e00000, 0x0000000088e00000| Complete 
| 143|0x0000000088f00000, 0x0000000089000000, 0x0000000089000000|100%| E|CS|TAMS 0x0000000088f00000, 0x0000000088f00000| Complete 
| 144|0x0000000089000000, 0x0000000089100000, 0x0000000089100000|100%| E|CS|TAMS 0x0000000089000000, 0x0000000089000000| Complete 
| 145|0x0000000089100000, 0x0000000089200000, 0x0000000089200000|100%| E|  |TAMS 0x0000000089100000, 0x0000000089100000| Complete 
| 146|0x0000000089200000, 0x0000000089300000, 0x0000000089300000|100%| E|CS|TAMS 0x0000000089200000, 0x0000000089200000| Complete 
| 147|0x0000000089300000, 0x0000000089400000, 0x0000000089400000|100%| E|CS|TAMS 0x0000000089300000, 0x0000000089300000| Complete 

Card table byte_map: [0x000001eed8930000,0x000001eed8d30000] _byte_map_base: 0x000001eed8530000

Marking Bits (Prev, Next): (CMBitMap*) 0x000001eec60a9090, (CMBitMap*) 0x000001eec60a90d0
 Prev Bits: [0x000001eed9130000, 0x000001eedb130000)
 Next Bits: [0x000001eedb130000, 0x000001eedd130000)

Polling page: 0x000001eec4020000

Metaspace:

Usage:
  Non-class:     40.57 MB used.
      Class:      6.31 MB used.
       Both:     46.87 MB used.

Virtual space:
  Non-class space:       64.00 MB reserved,      40.81 MB ( 64%) committed,  1 nodes.
      Class space:        1.00 GB reserved,       6.50 MB ( <1%) committed,  1 nodes.
             Both:        1.06 GB reserved,      47.31 MB (  4%) committed. 

Chunk freelists:
   Non-Class:  6.66 MB
       Class:  9.44 MB
        Both:  16.09 MB

MaxMetaspaceSize: unlimited
CompressedClassSpaceSize: 1.00 GB
Initial GC threshold: 21.00 MB
Current GC threshold: 58.88 MB
CDS: off
MetaspaceReclaimPolicy: balanced
 - commit_granule_bytes: 65536.
 - commit_granule_words: 8192.
 - virtual_space_node_default_size: 8388608.
 - enlarge_chunks_in_place: 1.
 - new_chunks_are_fully_committed: 0.
 - uncommit_free_chunks: 1.
 - use_allocation_guard: 0.
 - handle_deallocations: 1.


Internal statistics:

num_allocs_failed_limit: 6.
num_arena_births: 456.
num_arena_deaths: 0.
num_vsnodes_births: 2.
num_vsnodes_deaths: 0.
num_space_committed: 757.
num_space_uncommitted: 0.
num_chunks_returned_to_freelist: 6.
num_chunks_taken_from_freelist: 1888.
num_chunk_merges: 3.
num_chunk_splits: 1274.
num_chunks_enlarged: 907.
num_inconsistent_stats: 0.

CodeHeap 'non-profiled nmethods': size=120000Kb used=2030Kb max_used=2030Kb free=117969Kb
 bounds [0x000001eed1000000, 0x000001eed1270000, 0x000001eed8530000]
CodeHeap 'profiled nmethods': size=120000Kb used=8010Kb max_used=8010Kb free=111989Kb
 bounds [0x000001eec9530000, 0x000001eec9d10000, 0x000001eed0a60000]
CodeHeap 'non-nmethods': size=5760Kb used=1602Kb max_used=1641Kb free=4157Kb
 bounds [0x000001eed0a60000, 0x000001eed0cd0000, 0x000001eed1000000]
 total_blobs=4700 nmethods=4031 adapters=581
 compilation: enabled
              stopped_count=0, restarted_count=0
 full_count=0

Compilation events (20 events):
Event: 14.135 Thread 0x000001eedf8ba2a0 4067       2       java.lang.invoke.DelegatingMethodHandle::<init> (10 bytes)
Event: 14.135 Thread 0x000001eedf8ba2a0 nmethod 4067 0x000001eec9cfdc10 code [0x000001eec9cfddc0, 0x000001eec9cfdf78]
Event: 14.135 Thread 0x000001eedf8ba2a0 4068       2       java.lang.invoke.DelegatingMethodHandle::chooseDelegatingForm (24 bytes)
Event: 14.136 Thread 0x000001eedf8ba2a0 nmethod 4068 0x000001eec9cfe090 code [0x000001eec9cfe240, 0x000001eec9cfe3c8]
Event: 14.138 Thread 0x000001eedf8ba2a0 4070       2       java.util.concurrent.locks.ReentrantLock::tryLock (8 bytes)
Event: 14.139 Thread 0x000001eedf8ba2a0 nmethod 4070 0x000001eec9cfe490 code [0x000001eec9cfe620, 0x000001eec9cfe748]
Event: 14.139 Thread 0x000001eedf8ba2a0 4071       2       java.net.URI::match (56 bytes)
Event: 14.139 Thread 0x000001eedf8ba2a0 nmethod 4071 0x000001eec9cfe810 code [0x000001eec9cfe9c0, 0x000001eec9cfebb8]
Event: 14.178 Thread 0x000001eedf8ba2a0 4072       2       sun.security.provider.ByteArrayAccess::b2iBig64 (231 bytes)
Event: 14.182 Thread 0x000001eedf8ba2a0 nmethod 4072 0x000001eec9cfec90 code [0x000001eec9cff020, 0x000001eec9cffdb8]
Event: 14.182 Thread 0x000001eedf8ba2a0 4073       2       sun.security.provider.DigestBase::engineDigest (112 bytes)
Event: 14.183 Thread 0x000001eedf8ba2a0 nmethod 4073 0x000001eec9d00790 code [0x000001eec9d009e0, 0x000001eec9d00ee8]
Event: 14.186 Thread 0x000001eedf8ba2a0 4074       1       com.google.common.base.Suppliers$SupplierOfInstance::get (5 bytes)
Event: 14.186 Thread 0x000001eedf8ba2a0 nmethod 4074 0x000001eed11f6e10 code [0x000001eed11f6fa0, 0x000001eed11f7078]
Event: 14.190 Thread 0x000001eedf8b9990 nmethod 3947 0x000001eed11f7110 code [0x000001eed11f7460, 0x000001eed11fa338]
Event: 14.190 Thread 0x000001eedf8b9990 4006   !   4       java.net.URLClassLoader::findClass (47 bytes)
Event: 14.481 Thread 0x000001eedf8ba2a0 4075       3       java.net.URI$Parser::scan (41 bytes)
Event: 14.482 Thread 0x000001eedf8ba2a0 nmethod 4075 0x000001eec9d01210 code [0x000001eec9d01460, 0x000001eec9d01dd8]
Event: 14.482 Thread 0x000001eedf8ba2a0 4076       2       java.net.URI$Parser::scan (76 bytes)
Event: 14.482 Thread 0x000001eedf8ba2a0 nmethod 4076 0x000001eec9d02210 code [0x000001eec9d023e0, 0x000001eec9d02858]

GC Heap History (20 events):
Event: 3.867 GC heap before
{Heap before GC invocations=2 (full 0):
 garbage-first heap   total 98304K, used 32118K [0x0000000080000000, 0x0000000100000000)
  region size 1024K, 24 young (24576K), 3 survivors (3072K)
 Metaspace       used 11505K, committed 11648K, reserved 1114112K
  class space    used 1202K, committed 1280K, reserved 1048576K
}
Event: 3.874 GC heap after
{Heap after GC invocations=3 (full 0):
 garbage-first heap   total 98304K, used 11233K [0x0000000080000000, 0x0000000100000000)
  region size 1024K, 1 young (1024K), 1 survivors (1024K)
 Metaspace       used 11505K, committed 11648K, reserved 1114112K
  class space    used 1202K, committed 1280K, reserved 1048576K
}
Event: 6.481 GC heap before
{Heap before GC invocations=3 (full 0):
 garbage-first heap   total 98304K, used 56289K [0x0000000080000000, 0x0000000100000000)
  region size 1024K, 46 young (47104K), 1 survivors (1024K)
 Metaspace       used 21273K, committed 21504K, reserved 1114112K
  class space    used 2519K, committed 2624K, reserved 1048576K
}
Event: 6.495 GC heap after
{Heap after GC invocations=4 (full 0):
 garbage-first heap   total 98304K, used 18748K [0x0000000080000000, 0x0000000100000000)
  region size 1024K, 8 young (8192K), 8 survivors (8192K)
 Metaspace       used 21273K, committed 21504K, reserved 1114112K
  class space    used 2519K, committed 2624K, reserved 1048576K
}
Event: 8.071 GC heap before
{Heap before GC invocations=5 (full 0):
 garbage-first heap   total 68608K, used 51516K [0x0000000080000000, 0x0000000100000000)
  region size 1024K, 40 young (40960K), 8 survivors (8192K)
 Metaspace       used 26380K, committed 26624K, reserved 1114112K
  class space    used 3383K, committed 3520K, reserved 1048576K
}
Event: 8.082 GC heap after
{Heap after GC invocations=6 (full 0):
 garbage-first heap   total 68608K, used 20469K [0x0000000080000000, 0x0000000100000000)
  region size 1024K, 2 young (2048K), 2 survivors (2048K)
 Metaspace       used 26380K, committed 26624K, reserved 1114112K
  class space    used 3383K, committed 3520K, reserved 1048576K
}
Event: 8.125 GC heap before
{Heap before GC invocations=6 (full 0):
 garbage-first heap   total 68608K, used 21493K [0x0000000080000000, 0x0000000100000000)
  region size 1024K, 3 young (3072K), 2 survivors (2048K)
 Metaspace       used 26550K, committed 26816K, reserved 1114112K
  class space    used 3410K, committed 3520K, reserved 1048576K
}
Event: 8.131 GC heap after
{Heap after GC invocations=7 (full 0):
 garbage-first heap   total 68608K, used 20818K [0x0000000080000000, 0x0000000100000000)
  region size 1024K, 1 young (1024K), 1 survivors (1024K)
 Metaspace       used 26550K, committed 26816K, reserved 1114112K
  class space    used 3410K, committed 3520K, reserved 1048576K
}
Event: 9.526 GC heap before
{Heap before GC invocations=7 (full 0):
 garbage-first heap   total 68608K, used 48466K [0x0000000080000000, 0x0000000100000000)
  region size 1024K, 28 young (28672K), 1 survivors (1024K)
 Metaspace       used 30325K, committed 30656K, reserved 1114112K
  class space    used 4039K, committed 4160K, reserved 1048576K
}
Event: 9.531 GC heap after
{Heap after GC invocations=8 (full 0):
 garbage-first heap   total 68608K, used 22192K [0x0000000080000000, 0x0000000100000000)
  region size 1024K, 2 young (2048K), 2 survivors (2048K)
 Metaspace       used 30325K, committed 30656K, reserved 1114112K
  class space    used 4039K, committed 4160K, reserved 1048576K
}
Event: 10.538 GC heap before
{Heap before GC invocations=8 (full 0):
 garbage-first heap   total 68608K, used 50864K [0x0000000080000000, 0x0000000100000000)
  region size 1024K, 30 young (30720K), 2 survivors (2048K)
 Metaspace       used 33790K, committed 33984K, reserved 1114112K
  class space    used 4585K, committed 4672K, reserved 1048576K
}
Event: 10.543 GC heap after
{Heap after GC invocations=9 (full 0):
 garbage-first heap   total 68608K, used 23271K [0x0000000080000000, 0x0000000100000000)
  region size 1024K, 3 young (3072K), 3 survivors (3072K)
 Metaspace       used 33790K, committed 33984K, reserved 1114112K
  class space    used 4585K, committed 4672K, reserved 1048576K
}
Event: 10.930 GC heap before
{Heap before GC invocations=9 (full 0):
 garbage-first heap   total 68608K, used 32487K [0x0000000080000000, 0x0000000100000000)
  region size 1024K, 14 young (14336K), 3 survivors (3072K)
 Metaspace       used 35617K, committed 35968K, reserved 1114112K
  class space    used 4847K, committed 4992K, reserved 1048576K
}
Event: 10.935 GC heap after
{Heap after GC invocations=10 (full 0):
 garbage-first heap   total 68608K, used 23931K [0x0000000080000000, 0x0000000100000000)
  region size 1024K, 2 young (2048K), 2 survivors (2048K)
 Metaspace       used 35617K, committed 35968K, reserved 1114112K
  class space    used 4847K, committed 4992K, reserved 1048576K
}
Event: 11.902 GC heap before
{Heap before GC invocations=11 (full 0):
 garbage-first heap   total 68608K, used 52603K [0x0000000080000000, 0x0000000100000000)
  region size 1024K, 31 young (31744K), 2 survivors (2048K)
 Metaspace       used 40994K, committed 41344K, reserved 1114112K
  class space    used 5420K, committed 5568K, reserved 1048576K
}
Event: 11.911 GC heap after
{Heap after GC invocations=12 (full 0):
 garbage-first heap   total 68608K, used 27400K [0x0000000080000000, 0x0000000100000000)
  region size 1024K, 4 young (4096K), 4 survivors (4096K)
 Metaspace       used 40994K, committed 41344K, reserved 1114112K
  class space    used 5420K, committed 5568K, reserved 1048576K
}
Event: 11.919 GC heap before
{Heap before GC invocations=12 (full 0):
 garbage-first heap   total 68608K, used 28424K [0x0000000080000000, 0x0000000100000000)
  region size 1024K, 5 young (5120K), 4 survivors (4096K)
 Metaspace       used 40995K, committed 41344K, reserved 1114112K
  class space    used 5420K, committed 5568K, reserved 1048576K
}
Event: 11.925 GC heap after
{Heap after GC invocations=13 (full 0):
 garbage-first heap   total 68608K, used 27695K [0x0000000080000000, 0x0000000100000000)
  region size 1024K, 1 young (1024K), 1 survivors (1024K)
 Metaspace       used 40995K, committed 41344K, reserved 1114112K
  class space    used 5420K, committed 5568K, reserved 1048576K
}
Event: 12.413 GC heap before
{Heap before GC invocations=13 (full 0):
 garbage-first heap   total 68608K, used 52271K [0x0000000080000000, 0x0000000100000000)
  region size 1024K, 25 young (25600K), 1 survivors (1024K)
 Metaspace       used 41950K, committed 42368K, reserved 1114112K
  class space    used 5583K, committed 5760K, reserved 1048576K
}
Event: 12.420 GC heap after
{Heap after GC invocations=14 (full 0):
 garbage-first heap   total 151552K, used 28784K [0x0000000080000000, 0x0000000100000000)
  region size 1024K, 2 young (2048K), 2 survivors (2048K)
 Metaspace       used 41950K, committed 42368K, reserved 1114112K
  class space    used 5583K, committed 5760K, reserved 1048576K
}

Dll operation events (3 events):
Event: 0.055 Loaded shared library C:\Program Files\Android\Android Studio\jbr\bin\java.dll
Event: 0.516 Loaded shared library C:\Program Files\Android\Android Studio\jbr\bin\zip.dll
Event: 1.639 Loaded shared library C:\Program Files\Android\Android Studio\jbr\bin\verify.dll

Deoptimization events (20 events):
Event: 14.075 Thread 0x000001eee499be10 Uncommon trap: trap_request=0xffffffbe fr.pc=0x000001eed11bca3c relative=0x0000000000002fdc
Event: 14.075 Thread 0x000001eee499be10 Uncommon trap: reason=profile_predicate action=maybe_recompile pc=0x000001eed11bca3c method=java.util.AbstractCollection.addAll(Ljava/util/Collection;)Z @ 15 c2
Event: 14.075 Thread 0x000001eee499be10 DEOPT PACKING pc=0x000001eed11bca3c sp=0x000000eb4f4f9d20
Event: 14.075 Thread 0x000001eee499be10 DEOPT UNPACKING pc=0x000001eed0ab69a3 sp=0x000000eb4f4f9d08 mode 2
Event: 14.075 Thread 0x000001eee499be10 Uncommon trap: trap_request=0xffffffbe fr.pc=0x000001eed11bca3c relative=0x0000000000002fdc
Event: 14.075 Thread 0x000001eee499be10 Uncommon trap: reason=profile_predicate action=maybe_recompile pc=0x000001eed11bca3c method=java.util.AbstractCollection.addAll(Ljava/util/Collection;)Z @ 15 c2
Event: 14.075 Thread 0x000001eee499be10 DEOPT PACKING pc=0x000001eed11bca3c sp=0x000000eb4f4f9d20
Event: 14.075 Thread 0x000001eee499be10 DEOPT UNPACKING pc=0x000001eed0ab69a3 sp=0x000000eb4f4f9d08 mode 2
Event: 14.130 Thread 0x000001eee499be10 Uncommon trap: trap_request=0xffffff45 fr.pc=0x000001eed108d5f4 relative=0x00000000000001d4
Event: 14.130 Thread 0x000001eee499be10 Uncommon trap: reason=unstable_if action=reinterpret pc=0x000001eed108d5f4 method=java.net.URI$Parser.scan(IILjava/lang/String;)I @ 26 c2
Event: 14.130 Thread 0x000001eee499be10 DEOPT PACKING pc=0x000001eed108d5f4 sp=0x000000eb4f4fa200
Event: 14.130 Thread 0x000001eee499be10 DEOPT UNPACKING pc=0x000001eed0ab69a3 sp=0x000000eb4f4fa190 mode 2
Event: 14.130 Thread 0x000001eee499be10 Uncommon trap: trap_request=0xffffff45 fr.pc=0x000001eed106343c relative=0x000000000000011c
Event: 14.130 Thread 0x000001eee499be10 Uncommon trap: reason=unstable_if action=reinterpret pc=0x000001eed106343c method=java.net.URI.match(CJJ)Z @ 45 c2
Event: 14.130 Thread 0x000001eee499be10 DEOPT PACKING pc=0x000001eed106343c sp=0x000000eb4f4f9f60
Event: 14.130 Thread 0x000001eee499be10 DEOPT UNPACKING pc=0x000001eed0ab69a3 sp=0x000000eb4f4f9e98 mode 2
Event: 14.130 Thread 0x000001eee499be10 Uncommon trap: trap_request=0xffffff45 fr.pc=0x000001eed10267c8 relative=0x0000000000000048
Event: 14.130 Thread 0x000001eee499be10 Uncommon trap: reason=unstable_if action=reinterpret pc=0x000001eed10267c8 method=java.net.URI.match(CJJ)Z @ 19 c2
Event: 14.130 Thread 0x000001eee499be10 DEOPT PACKING pc=0x000001eed10267c8 sp=0x000000eb4f4f9f70
Event: 14.130 Thread 0x000001eee499be10 DEOPT UNPACKING pc=0x000001eed0ab69a3 sp=0x000000eb4f4f9f20 mode 2

Classes unloaded (0 events):
No events

Classes redefined (0 events):
No events

Internal exceptions (20 events):
Event: 12.187 Thread 0x000001eee499be10 Exception <a 'java/lang/NoSuchMethodError'{0x00000000836b09c0}: 'java.lang.Object java.lang.invoke.DirectMethodHandle$Holder.invokeStatic(java.lang.Object, java.lang.Object, java.lang.Object, java.lang.Object, java.lang.Object, java.lang.Object, java.lang.Object, java.lang.Object, java.lang.Object, java.lang.Object, java.lang.Object, java.lang.Object, java.lang.Object, java.lang.Object, java.lang.Object, java.lang.Object, java.lang.Object, java.lang.Object, java.lang.Object, java.lang.Object)'> (0x00000000
Event: 12.195 Thread 0x000001eee499be10 Exception <a 'java/lang/NoSuchMethodError'{0x00000000836dcaf8}: 'java.lang.Object java.lang.invoke.DirectMethodHandle$Holder.invokeStatic(java.lang.Object, java.lang.Object, java.lang.Object, java.lang.Object, java.lang.Object, java.lang.Object, java.lang.Object, java.lang.Object, java.lang.Object, java.lang.Object, java.lang.Object, java.lang.Object, java.lang.Object, java.lang.Object, java.lang.Object, java.lang.Object, java.lang.Object, java.lang.Object, java.lang.Object, java.lang.Object, java.lang.Obj
Event: 12.199 Thread 0x000001eee499be10 Exception <a 'java/lang/NoSuchMethodError'{0x000000008350d490}: 'java.lang.Object java.lang.invoke.DirectMethodHandle$Holder.invokeStatic(java.lang.Object, java.lang.Object, java.lang.Object, java.lang.Object, java.lang.Object, java.lang.Object, java.lang.Object, java.lang.Object, java.lang.Object, java.lang.Object, java.lang.Object, java.lang.Object, java.lang.Object, java.lang.Object, java.lang.Object, java.lang.Object, java.lang.Object, java.lang.Object, java.lang.Object, java.lang.Object, java.lang.Obj
Event: 12.204 Thread 0x000001eee499be10 Exception <a 'java/lang/NoSuchMethodError'{0x000000008353b0c8}: 'java.lang.Object java.lang.invoke.DirectMethodHandle$Holder.invokeStatic(java.lang.Object, java.lang.Object, java.lang.Object, java.lang.Object, java.lang.Object, java.lang.Object, java.lang.Object, java.lang.Object, java.lang.Object, java.lang.Object, java.lang.Object, java.lang.Object, java.lang.Object, java.lang.Object, java.lang.Object, java.lang.Object, java.lang.Object, java.lang.Object, java.lang.Object, java.lang.Object, java.lang.Obj
Event: 12.209 Thread 0x000001eee499be10 Exception <a 'java/lang/NoSuchMethodError'{0x000000008356a968}: 'java.lang.Object java.lang.invoke.DirectMethodHandle$Holder.invokeStatic(java.lang.Object, java.lang.Object, java.lang.Object, java.lang.Object, java.lang.Object, java.lang.Object, java.lang.Object, java.lang.Object, java.lang.Object, java.lang.Object, java.lang.Object, java.lang.Object, java.lang.Object, java.lang.Object, java.lang.Object, java.lang.Object, java.lang.Object, java.lang.Object, java.lang.Object, java.lang.Object, java.lang.Obj
Event: 12.213 Thread 0x000001eee499be10 Exception <a 'java/lang/NoSuchMethodError'{0x000000008359bf38}: 'java.lang.Object java.lang.invoke.DirectMethodHandle$Holder.invokeStatic(java.lang.Object, java.lang.Object, java.lang.Object, java.lang.Object, java.lang.Object, java.lang.Object, java.lang.Object, java.lang.Object, java.lang.Object, java.lang.Object, java.lang.Object, java.lang.Object, java.lang.Object, java.lang.Object, java.lang.Object, java.lang.Object, java.lang.Object, java.lang.Object, java.lang.Object, java.lang.Object, java.lang.Obj
Event: 12.602 Thread 0x000001eee499be10 Exception <a 'java/lang/IncompatibleClassChangeError'{0x0000000088f050a8}: Found class java.lang.Object, but interface was expected> (0x0000000088f050a8) 
thrown [s\src\hotspot\share\interpreter\linkResolver.cpp, line 838]
Event: 12.642 Thread 0x000001eee499be10 Exception <a 'java/lang/NoSuchMethodError'{0x0000000088fb7260}: 'java.lang.Object java.lang.invoke.DirectMethodHandle$Holder.newInvokeSpecial(java.lang.Object, java.lang.Object, long)'> (0x0000000088fb7260) 
thrown [s\src\hotspot\share\interpreter\linkResolver.cpp, line 771]
Event: 12.643 Thread 0x000001eee499be10 Exception <a 'java/lang/NoSuchMethodError'{0x0000000088fbbb18}: 'java.lang.Object java.lang.invoke.Invokers$Holder.linkToTargetMethod(java.lang.Object, long, java.lang.Object)'> (0x0000000088fbbb18) 
thrown [s\src\hotspot\share\interpreter\linkResolver.cpp, line 771]
Event: 12.701 Thread 0x000001eee499be10 Exception <a 'java/lang/NoSuchMethodError'{0x0000000088d6c150}: 'int java.lang.invoke.DirectMethodHandle$Holder.invokeInterface(java.lang.Object, java.lang.Object)'> (0x0000000088d6c150) 
thrown [s\src\hotspot\share\interpreter\linkResolver.cpp, line 771]
Event: 12.896 Thread 0x000001eee499be10 Exception <a 'java/lang/IncompatibleClassChangeError'{0x00000000889301c8}: Found class java.lang.Object, but interface was expected> (0x00000000889301c8) 
thrown [s\src\hotspot\share\interpreter\linkResolver.cpp, line 838]
Event: 12.911 Thread 0x000001eee499be10 Exception <a 'java/lang/NoSuchMethodError'{0x0000000088984400}: 'void java.lang.invoke.DirectMethodHandle$Holder.invokeStatic(java.lang.Object, java.lang.Object, java.lang.Object, java.lang.Object, java.lang.Object, java.lang.Object)'> (0x0000000088984400) 
thrown [s\src\hotspot\share\interpreter\linkResolver.cpp, line 771]
Event: 12.963 Thread 0x000001eee499be10 Exception <a 'java/lang/NoSuchMethodError'{0x00000000888cc7a0}: 'int java.lang.invoke.DirectMethodHandle$Holder.invokeStaticInit(java.lang.Object, java.lang.Object, java.lang.Object, java.lang.Object, java.lang.Object)'> (0x00000000888cc7a0) 
thrown [s\src\hotspot\share\interpreter\linkResolver.cpp, line 771]
Event: 13.018 Thread 0x000001eee499be10 Exception <a 'java/lang/NoSuchMethodError'{0x00000000887dbee8}: 'java.lang.Object java.lang.invoke.DirectMethodHandle$Holder.invokeStatic(java.lang.Object, java.lang.Object, int, java.lang.Object)'> (0x00000000887dbee8) 
thrown [s\src\hotspot\share\interpreter\linkResolver.cpp, line 771]
Event: 13.020 Thread 0x000001eee499be10 Exception <a 'java/lang/NoSuchMethodError'{0x00000000887e3c88}: 'java.lang.Object java.lang.invoke.DirectMethodHandle$Holder.newInvokeSpecial(java.lang.Object, java.lang.Object, int, java.lang.Object)'> (0x00000000887e3c88) 
thrown [s\src\hotspot\share\interpreter\linkResolver.cpp, line 771]
Event: 13.021 Thread 0x000001eee499be10 Exception <a 'java/lang/NoSuchMethodError'{0x00000000887e8818}: 'java.lang.Object java.lang.invoke.DirectMethodHandle$Holder.invokeSpecial(java.lang.Object, java.lang.Object, java.lang.Object, int, java.lang.Object)'> (0x00000000887e8818) 
thrown [s\src\hotspot\share\interpreter\linkResolver.cpp, line 771]
Event: 13.386 Thread 0x000001eee499be10 Implicit null exception at 0x000001eed116caec to 0x000001eed116cb94
Event: 13.673 Thread 0x000001eee499be10 Exception <a 'java/lang/NoSuchMethodError'{0x00000000877055a0}: 'void java.lang.invoke.DirectMethodHandle$Holder.invokeInterface(java.lang.Object, java.lang.Object)'> (0x00000000877055a0) 
thrown [s\src\hotspot\share\interpreter\linkResolver.cpp, line 771]
Event: 13.677 Thread 0x000001eee499be10 Exception <a 'java/lang/IncompatibleClassChangeError'{0x00000000877109d0}: Found class java.lang.Object, but interface was expected> (0x00000000877109d0) 
thrown [s\src\hotspot\share\interpreter\linkResolver.cpp, line 838]
Event: 13.788 Thread 0x000001eee499be10 Exception <a 'java/lang/NoSuchMethodError'{0x00000000875b4660}: 'java.lang.Object java.lang.invoke.DirectMethodHandle$Holder.newInvokeSpecial(java.lang.Object, int, java.lang.Object)'> (0x00000000875b4660) 
thrown [s\src\hotspot\share\interpreter\linkResolver.cpp, line 771]

VM Operations (20 events):
Event: 11.701 Executing VM operation: HandshakeAllThreads
Event: 11.701 Executing VM operation: HandshakeAllThreads done
Event: 11.718 Executing VM operation: HandshakeAllThreads
Event: 11.718 Executing VM operation: HandshakeAllThreads done
Event: 11.825 Executing VM operation: HandshakeAllThreads
Event: 11.825 Executing VM operation: HandshakeAllThreads done
Event: 11.902 Executing VM operation: G1CollectForAllocation
Event: 11.912 Executing VM operation: G1CollectForAllocation done
Event: 11.919 Executing VM operation: G1CollectForAllocation
Event: 11.926 Executing VM operation: G1CollectForAllocation done
Event: 12.412 Executing VM operation: G1CollectForAllocation
Event: 12.420 Executing VM operation: G1CollectForAllocation done
Event: 12.609 Executing VM operation: HandshakeAllThreads
Event: 12.609 Executing VM operation: HandshakeAllThreads done
Event: 12.671 Executing VM operation: HandshakeAllThreads
Event: 12.671 Executing VM operation: HandshakeAllThreads done
Event: 13.295 Executing VM operation: HandshakeAllThreads
Event: 13.296 Executing VM operation: HandshakeAllThreads done
Event: 14.300 Executing VM operation: Cleanup
Event: 14.302 Executing VM operation: Cleanup done

Events (20 events):
Event: 14.153 loading class java/io/DeleteOnExitHook$1
Event: 14.153 loading class java/io/DeleteOnExitHook$1 done
Event: 14.265 loading class javax/net/ssl/HostnameVerifier
Event: 14.265 loading class javax/net/ssl/HostnameVerifier done
Event: 14.273 loading class javax/net/ssl/TrustManager
Event: 14.273 loading class javax/net/ssl/TrustManager done
Event: 14.274 loading class javax/net/ssl/X509TrustManager
Event: 14.274 loading class javax/net/ssl/X509TrustManager done
Event: 14.286 loading class javax/net/ssl/SSLException
Event: 14.286 loading class javax/net/ssl/SSLException done
Event: 14.286 loading class javax/net/ssl/SSLPeerUnverifiedException
Event: 14.286 loading class javax/net/ssl/SSLPeerUnverifiedException done
Event: 14.286 loading class javax/naming/NamingException
Event: 14.287 loading class javax/naming/NamingException done
Event: 14.287 loading class javax/naming/InvalidNameException
Event: 14.288 loading class javax/naming/InvalidNameException done
Event: 14.288 loading class java/security/cert/CertificateParsingException
Event: 14.288 loading class java/security/cert/CertificateException
Event: 14.289 loading class java/security/cert/CertificateException done
Event: 14.289 loading class java/security/cert/CertificateParsingException done


Dynamic libraries:
0x00007ff7bca80000 - 0x00007ff7bca8a000 	C:\Program Files\Android\Android Studio\jbr\bin\java.exe
0x00007ffc2adb0000 - 0x00007ffc2afa8000 	C:\WINDOWS\SYSTEM32\ntdll.dll
0x00007ffc29e90000 - 0x00007ffc29f4d000 	C:\WINDOWS\System32\KERNEL32.DLL
0x00007ffc289e0000 - 0x00007ffc28cd6000 	C:\WINDOWS\System32\KERNELBASE.dll
0x00007ffc288e0000 - 0x00007ffc289e0000 	C:\WINDOWS\System32\ucrtbase.dll
0x00007ffc118b0000 - 0x00007ffc118c7000 	C:\Program Files\Android\Android Studio\jbr\bin\jli.dll
0x00007ffc23bf0000 - 0x00007ffc23c0b000 	C:\Program Files\Android\Android Studio\jbr\bin\VCRUNTIME140.dll
0x00007ffc2a860000 - 0x00007ffc2a9fe000 	C:\WINDOWS\System32\USER32.dll
0x00007ffc28620000 - 0x00007ffc28642000 	C:\WINDOWS\System32\win32u.dll
0x00007ffc2a160000 - 0x00007ffc2a18b000 	C:\WINDOWS\System32\GDI32.dll
0x00007ffc28650000 - 0x00007ffc28767000 	C:\WINDOWS\System32\gdi32full.dll
0x00007ffc177d0000 - 0x00007ffc17a6a000 	C:\WINDOWS\WinSxS\amd64_microsoft.windows.common-controls_6595b64144ccf1df_6.0.19041.3636_none_60b6a03d71f818d5\COMCTL32.dll
0x00007ffc28d50000 - 0x00007ffc28ded000 	C:\WINDOWS\System32\msvcp_win.dll
0x00007ffc29640000 - 0x00007ffc296de000 	C:\WINDOWS\System32\msvcrt.dll
0x00007ffc29190000 - 0x00007ffc291c2000 	C:\WINDOWS\System32\IMM32.DLL
0x00007ffc23ae0000 - 0x00007ffc23aec000 	C:\Program Files\Android\Android Studio\jbr\bin\vcruntime140_1.dll
0x00007ffc08990000 - 0x00007ffc08a1d000 	C:\Program Files\Android\Android Studio\jbr\bin\msvcp140.dll
0x00007ffbf3ec0000 - 0x00007ffbf4b43000 	C:\Program Files\Android\Android Studio\jbr\bin\server\jvm.dll
0x00007ffc28ea0000 - 0x00007ffc28f53000 	C:\WINDOWS\System32\ADVAPI32.dll
0x00007ffc2a2a0000 - 0x00007ffc2a33f000 	C:\WINDOWS\System32\sechost.dll
0x00007ffc2a680000 - 0x00007ffc2a7a6000 	C:\WINDOWS\System32\RPCRT4.dll
0x00007ffc288b0000 - 0x00007ffc288d7000 	C:\WINDOWS\System32\bcrypt.dll
0x00007ffc282d0000 - 0x00007ffc2831b000 	C:\WINDOWS\SYSTEM32\POWRPROF.dll
0x00007ffc1f3c0000 - 0x00007ffc1f3e7000 	C:\WINDOWS\SYSTEM32\WINMM.dll
0x00007ffc23be0000 - 0x00007ffc23be9000 	C:\WINDOWS\SYSTEM32\WSOCK32.dll
0x00007ffc20810000 - 0x00007ffc2081a000 	C:\WINDOWS\SYSTEM32\VERSION.dll
0x00007ffc2a0d0000 - 0x00007ffc2a13b000 	C:\WINDOWS\System32\WS2_32.dll
0x00007ffc282b0000 - 0x00007ffc282c2000 	C:\WINDOWS\SYSTEM32\UMPDC.dll
0x00007ffc26ce0000 - 0x00007ffc26cf2000 	C:\WINDOWS\SYSTEM32\kernel.appcore.dll
0x00007ffc23ab0000 - 0x00007ffc23aba000 	C:\Program Files\Android\Android Studio\jbr\bin\jimage.dll
0x00007ffc262f0000 - 0x00007ffc264d4000 	C:\WINDOWS\SYSTEM32\DBGHELP.DLL
0x00007ffc13c80000 - 0x00007ffc13cb4000 	C:\WINDOWS\SYSTEM32\dbgcore.DLL
0x00007ffc28820000 - 0x00007ffc288a2000 	C:\WINDOWS\System32\bcryptPrimitives.dll
0x00007ffc122e0000 - 0x00007ffc122ee000 	C:\Program Files\Android\Android Studio\jbr\bin\instrument.dll
0x00007ffc23730000 - 0x00007ffc23755000 	C:\Program Files\Android\Android Studio\jbr\bin\java.dll
0x00007ffc1d300000 - 0x00007ffc1d318000 	C:\Program Files\Android\Android Studio\jbr\bin\zip.dll
0x00007ffc296e0000 - 0x00007ffc29e25000 	C:\WINDOWS\System32\SHELL32.dll
0x00007ffc26500000 - 0x00007ffc26c9c000 	C:\WINDOWS\SYSTEM32\windows.storage.dll
0x00007ffc2aa00000 - 0x00007ffc2ad54000 	C:\WINDOWS\System32\combase.dll
0x00007ffc27dd0000 - 0x00007ffc27dfe000 	C:\WINDOWS\SYSTEM32\Wldp.dll
0x00007ffc28f60000 - 0x00007ffc2902d000 	C:\WINDOWS\System32\OLEAUT32.dll
0x00007ffc28df0000 - 0x00007ffc28e9d000 	C:\WINDOWS\System32\SHCORE.dll
0x00007ffc29040000 - 0x00007ffc29095000 	C:\WINDOWS\System32\shlwapi.dll
0x00007ffc283a0000 - 0x00007ffc283c5000 	C:\WINDOWS\SYSTEM32\profapi.dll
0x00007ffc17630000 - 0x00007ffc17649000 	C:\Program Files\Android\Android Studio\jbr\bin\net.dll
0x00007ffc1d6c0000 - 0x00007ffc1d7ca000 	C:\WINDOWS\SYSTEM32\WINHTTP.dll
0x00007ffc27b30000 - 0x00007ffc27b9a000 	C:\WINDOWS\system32\mswsock.dll
0x00007ffc17610000 - 0x00007ffc17626000 	C:\Program Files\Android\Android Studio\jbr\bin\nio.dll
0x00007ffc12ed0000 - 0x00007ffc12ee0000 	C:\Program Files\Android\Android Studio\jbr\bin\verify.dll
0x00007ffc0da20000 - 0x00007ffc0da47000 	C:\Users\gazhi\.gradle\native\c067742578af261105cb4f569cf0c3c89f3d7b1fecec35dd04571415982c5e48\windows-amd64\native-platform.dll
0x00007ffbfe370000 - 0x00007ffbfe4b4000 	C:\Users\gazhi\.gradle\native\38dada09dfb8b06ba9b0570ebf7e218e3eb74d4ef43ca46872605cf95ebc2f47\windows-amd64\native-platform-file-events.dll
0x00007ffc1fb60000 - 0x00007ffc1fb69000 	C:\Program Files\Android\Android Studio\jbr\bin\management.dll
0x00007ffc16da0000 - 0x00007ffc16dab000 	C:\Program Files\Android\Android Studio\jbr\bin\management_ext.dll
0x00007ffc29180000 - 0x00007ffc29188000 	C:\WINDOWS\System32\PSAPI.DLL
0x00007ffc27d20000 - 0x00007ffc27d38000 	C:\WINDOWS\SYSTEM32\CRYPTSP.dll
0x00007ffc27460000 - 0x00007ffc27494000 	C:\WINDOWS\system32\rsaenh.dll
0x00007ffc28320000 - 0x00007ffc2834e000 	C:\WINDOWS\SYSTEM32\USERENV.dll
0x00007ffc27d40000 - 0x00007ffc27d4c000 	C:\WINDOWS\SYSTEM32\CRYPTBASE.dll
0x00007ffc27820000 - 0x00007ffc2785b000 	C:\WINDOWS\SYSTEM32\IPHLPAPI.DLL
0x00007ffc29030000 - 0x00007ffc29038000 	C:\WINDOWS\System32\NSI.dll
0x00007ffc205f0000 - 0x00007ffc20607000 	C:\WINDOWS\SYSTEM32\dhcpcsvc6.DLL
0x00007ffc205d0000 - 0x00007ffc205ed000 	C:\WINDOWS\SYSTEM32\dhcpcsvc.DLL
0x00007ffc27860000 - 0x00007ffc2792b000 	C:\WINDOWS\SYSTEM32\DNSAPI.dll
0x00007ffbdfcf0000 - 0x00007ffbdfcf7000 	C:\WINDOWS\system32\wshunix.dll

dbghelp: loaded successfully - version: 4.0.5 - missing functions: none
symbol engine: initialized successfully - sym options: 0x614 - pdb path: .;C:\Program Files\Android\Android Studio\jbr\bin;C:\WINDOWS\SYSTEM32;C:\WINDOWS\WinSxS\amd64_microsoft.windows.common-controls_6595b64144ccf1df_6.0.19041.3636_none_60b6a03d71f818d5;C:\Program Files\Android\Android Studio\jbr\bin\server;C:\Users\gazhi\.gradle\native\c067742578af261105cb4f569cf0c3c89f3d7b1fecec35dd04571415982c5e48\windows-amd64;C:\Users\gazhi\.gradle\native\38dada09dfb8b06ba9b0570ebf7e218e3eb74d4ef43ca46872605cf95ebc2f47\windows-amd64

VM Arguments:
jvm_args: --add-opens=java.base/java.util=ALL-UNNAMED --add-opens=java.base/java.lang=ALL-UNNAMED --add-opens=java.base/java.lang.invoke=ALL-UNNAMED --add-opens=java.prefs/java.util.prefs=ALL-UNNAMED --add-opens=java.base/java.nio.charset=ALL-UNNAMED --add-opens=java.base/java.net=ALL-UNNAMED --add-opens=java.base/java.util.concurrent.atomic=ALL-UNNAMED -Xmx2048m -Dfile.encoding=UTF-8 -Duser.country=RU -Duser.language=ru -Duser.variant -javaagent:C:\Users\gazhi\.gradle\wrapper\dists\gradle-8.4-bin\1w5dpkrfk8irigvoxmyhowfim\gradle-8.4\lib\agents\gradle-instrumentation-agent-8.4.jar 
java_command: org.gradle.launcher.daemon.bootstrap.GradleDaemon 8.4
java_class_path (initial): C:\Users\gazhi\.gradle\wrapper\dists\gradle-8.4-bin\1w5dpkrfk8irigvoxmyhowfim\gradle-8.4\lib\gradle-launcher-8.4.jar
Launcher Type: SUN_STANDARD

[Global flags]
     intx CICompilerCount                          = 3                                         {product} {ergonomic}
     uint ConcGCThreads                            = 1                                         {product} {ergonomic}
     uint G1ConcRefinementThreads                  = 4                                         {product} {ergonomic}
   size_t G1HeapRegionSize                         = 1048576                                   {product} {ergonomic}
    uintx GCDrainStackTargetSize                   = 64                                        {product} {ergonomic}
   size_t InitialHeapSize                          = 100663296                                 {product} {ergonomic}
   size_t MarkStackSize                            = 4194304                                   {product} {ergonomic}
   size_t MaxHeapSize                              = 2147483648                                {product} {command line}
   size_t MaxNewSize                               = 1287651328                                {product} {ergonomic}
   size_t MinHeapDeltaBytes                        = 1048576                                   {product} {ergonomic}
   size_t MinHeapSize                              = 8388608                                   {product} {ergonomic}
    uintx NonNMethodCodeHeapSize                   = 5832780                                {pd product} {ergonomic}
    uintx NonProfiledCodeHeapSize                  = 122912730                              {pd product} {ergonomic}
    uintx ProfiledCodeHeapSize                     = 122912730                              {pd product} {ergonomic}
    uintx ReservedCodeCacheSize                    = 251658240                              {pd product} {ergonomic}
     bool SegmentedCodeCache                       = true                                      {product} {ergonomic}
   size_t SoftMaxHeapSize                          = 2147483648                             {manageable} {ergonomic}
     bool UseCompressedClassPointers               = true                           {product lp64_product} {ergonomic}
     bool UseCompressedOops                        = true                           {product lp64_product} {ergonomic}
     bool UseG1GC                                  = true                                      {product} {ergonomic}
     bool UseLargePagesIndividualAllocation        = false                                  {pd product} {ergonomic}

Logging:
Log output configuration:
 #0: stdout all=warning uptime,level,tags
 #1: stderr all=off uptime,level,tags

Environment Variables:
PATH=C:\WINDOWS\system32;C:\WINDOWS;C:\WINDOWS\System32\Wbem;C:\WINDOWS\System32\WindowsPowerShell\v1.0\;C:\WINDOWS\System32\OpenSSH\;C:\Program Files\dotnet\;C:\Program Files (x86)\Windows Kits\10\Windows Performance Toolkit\;C:\Program Files\Git\cmd;C:\Users\gazhi\AppData\Local\Microsoft\WindowsApps;C:\Users\gazhi\.dotnet\tools
USERNAME=gazhi
OS=Windows_NT
PROCESSOR_IDENTIFIER=AMD64 Family 23 Model 24 Stepping 1, AuthenticAMD
TMP=C:\Users\gazhi\AppData\Local\Temp
TEMP=C:\Users\gazhi\AppData\Local\Temp



Periodic native trim disabled

JNI global refs:
JNI global refs: 25, weak refs: 3

JNI global refs memory usage: 843, weak refs: 841

OOME stack traces (most recent first):
Classloader memory used:
Loader org.gradle.internal.classloader.VisitableURLClassLoader                         : 2879K
Loader bootstrap                                                                       : 2333K
Loader org.gradle.initialization.MixInLegacyTypesClassLoader                           : 688K
Loader jdk.internal.loader.ClassLoaders$PlatformClassLoader                            : 67770B
Loader jdk.internal.loader.ClassLoaders$AppClassLoader                                 : 28453B
Loader jdk.internal.reflect.DelegatingClassLoader                                      : 3966B
Loader org.gradle.internal.classloader.VisitableURLClassLoader$InstrumentingVisitableURLClassLoader: 3566B

Classes loaded by more than one classloader:
Class org.gradle.internal.installation.GradleInstallation                             : loaded 2 times (x 73B)
Class org.gradle.internal.classpath.ClassPath                                         : loaded 2 times (x 68B)
Class org.gradle.api.internal.classpath.DefaultModuleRegistry                         : loaded 2 times (x 84B)
Class Settings_gradle$1$1                                                             : loaded 2 times (x 72B)
Class org.gradle.api.Action                                                           : loaded 2 times (x 68B)
Class org.gradle.api.internal.DefaultClassPathProvider                                : loaded 2 times (x 74B)
Class org.gradle.internal.installation.GradleInstallation$1                           : loaded 2 times (x 73B)
Class org.gradle.internal.classloader.FilteringClassLoader                            : loaded 2 times (x 103B)
Class org.gradle.internal.classpath.DefaultClassPath$ImmutableUniqueList$Builder      : loaded 2 times (x 73B)
Class org.gradle.internal.classloader.ClassLoaderVisitor                              : loaded 2 times (x 74B)
Class org.gradle.internal.service.DefaultServiceLocator                               : loaded 2 times (x 81B)
Class org.gradle.internal.service.UnknownServiceException                             : loaded 2 times (x 81B)
Class org.gradle.internal.classloader.DefaultClassLoaderFactory                       : loaded 2 times (x 80B)
Class org.gradle.internal.classloader.VisitableURLClassLoader$Spec                    : loaded 2 times (x 72B)
Class org.gradle.api.GradleException                                                  : loaded 2 times (x 80B)
Class org.gradle.api.internal.classpath.ModuleRegistry                                : loaded 2 times (x 68B)
Class org.gradle.api.internal.ClassPathProvider                                       : loaded 2 times (x 68B)
Class org.gradle.internal.classloader.ClasspathUtil$1                                 : loaded 2 times (x 74B)
Class org.gradle.internal.classloader.ClassLoaderFactory                              : loaded 2 times (x 68B)
Class org.gradle.api.internal.classpath.ManifestUtil                                  : loaded 2 times (x 69B)
Class org.gradle.api.specs.Spec                                                       : loaded 2 times (x 68B)
Class org.gradle.internal.IoActions                                                   : loaded 2 times (x 69B)
Class org.gradle.api.internal.classpath.EffectiveClassPath                            : loaded 2 times (x 88B)
Class org.gradle.internal.installation.CurrentGradleInstallation                      : loaded 2 times (x 71B)
Class org.gradle.internal.agents.InstrumentingClassLoader                             : loaded 2 times (x 68B)
Class org.gradle.internal.installation.CurrentGradleInstallationLocator               : loaded 2 times (x 69B)
Class org.gradle.api.internal.classpath.Module                                        : loaded 2 times (x 68B)
Class org.gradle.internal.service.CachingServiceLocator                               : loaded 2 times (x 80B)
Class org.gradle.internal.classpath.DefaultClassPath                                  : loaded 2 times (x 88B)
Class org.gradle.internal.classloader.SystemClassLoaderSpec                           : loaded 2 times (x 69B)
Class org.gradle.api.UncheckedIOException                                             : loaded 2 times (x 80B)
Class Program                                                                         : loaded 2 times (x 70B)
Class org.gradle.internal.classloader.ClasspathUtil                                   : loaded 2 times (x 69B)
Class org.gradle.api.internal.DefaultClassPathRegistry                                : loaded 2 times (x 74B)
Class org.gradle.api.internal.classpath.DefaultModuleRegistry$DefaultModule           : loaded 2 times (x 84B)
Class org.gradle.api.internal.classpath.UnknownModuleException                        : loaded 2 times (x 80B)
Class org.gradle.internal.service.ServiceLookupException                              : loaded 2 times (x 80B)
Class org.gradle.cache.GlobalCache                                                    : loaded 2 times (x 68B)
Class [Lorg.gradle.api.internal.ClassPathProvider;                                    : loaded 2 times (x 67B)
Class org.gradle.util.internal.GUtil                                                  : loaded 2 times (x 69B)
Class org.gradle.internal.classloader.ClassLoaderSpec                                 : loaded 2 times (x 69B)
Class org.gradle.internal.classloader.VisitableURLClassLoader                         : loaded 2 times (x 115B)
Class org.gradle.internal.Cast                                                        : loaded 2 times (x 69B)
Class org.gradle.api.internal.ClassPathRegistry                                       : loaded 2 times (x 68B)
Class org.gradle.internal.classloader.VisitableURLClassLoader$InstrumentingVisitableURLClassLoader: loaded 2 times (x 121B)
Class org.gradle.internal.classloader.ClassLoaderHierarchy                            : loaded 2 times (x 68B)
Class org.gradle.internal.InternalTransformer                                         : loaded 2 times (x 68B)
Class org.gradle.internal.service.ServiceLocator                                      : loaded 2 times (x 68B)
Class Settings_gradle$1                                                               : loaded 2 times (x 72B)
Class org.gradle.internal.classpath.DefaultClassPath$ImmutableUniqueList              : loaded 2 times (x 159B)
Class org.gradle.internal.classpath.TransformedClassPath                              : loaded 2 times (x 94B)
Class Settings_gradle                                                                 : loaded 2 times (x 126B)


---------------  S Y S T E M  ---------------

OS:
 Windows 10 , 64 bit Build 19041 (10.0.19041.3636)
OS uptime: 5 days 15:46 hours

CPU: total 4 (initial active 4) (4 cores per cpu, 2 threads per core) family 23 model 24 stepping 1 microcode 0x0, cx8, cmov, fxsr, ht, mmx, 3dnowpref, sse, sse2, sse3, ssse3, sse4a, sse4.1, sse4.2, popcnt, lzcnt, tsc, tscinvbit, avx, avx2, aes, clmul, bmi1, bmi2, adx, sha, fma, vzeroupper, clflush, clflushopt
Processor Information for all 4 processors :
  Max Mhz: 2600, Current Mhz: 2600, Mhz Limit: 2600

Memory: 4k page, system-wide physical 6082M (287M free)
TotalPageFile size 24514M (AvailPageFile size 8M)
current process WorkingSet (physical memory assigned to process): 230M, peak: 230M
current process commit charge ("private bytes"): 321M, peak: 323M

vm_info: OpenJDK 64-Bit Server VM (17.0.9+0--11185874) for windows-amd64 JRE (17.0.9+0--11185874), built on Dec  6 2023 18:57:44 by "androidbuild" with MS VC++ 16.10 / 16.11 (VS2019)

END.
