#
# There is insufficient memory for the Java Runtime Environment to continue.
# Native memory allocation (malloc) failed to allocate 2034048 bytes for Chunk::new
# Possible reasons:
#   The system is out of physical RAM or swap space
#   The process is running with CompressedOops enabled, and the Java Heap may be blocking the growth of the native heap
# Possible solutions:
#   Reduce memory load on the system
#   Increase physical memory or swap space
#   Check if swap backing store is full
#   Decrease Java heap size (-Xmx/-Xms)
#   Decrease number of Java threads
#   Decrease Java thread stack sizes (-Xss)
#   Set larger code cache with -XX:ReservedCodeCacheSize=
#   JVM is running with Unscaled Compressed Oops mode in which the Java heap is
#     placed in the first 4GB address space. The Java Heap base address is the
#     maximum limit for the native heap growth. Please use -XX:HeapBaseMinAddress
#     to set the Java Heap base and to place the Java Heap above 4GB virtual address.
# This output file may be truncated or incomplete.
#
#  Out of Memory Error (arena.cpp:191), pid=10932, tid=8008
#
# JRE version: OpenJDK Runtime Environment (17.0.9) (build 17.0.9+0--11185874)
# Java VM: OpenJDK 64-Bit Server VM (17.0.9+0--11185874, mixed mode, tiered, compressed oops, compressed class ptrs, g1 gc, windows-amd64)
# No core dump will be written. Minidumps are not enabled by default on client versions of Windows
#

---------------  S U M M A R Y ------------

Command Line: --add-opens=java.base/java.util=ALL-UNNAMED --add-opens=java.base/java.lang=ALL-UNNAMED --add-opens=java.base/java.lang.invoke=ALL-UNNAMED --add-opens=java.prefs/java.util.prefs=ALL-UNNAMED --add-opens=java.base/java.nio.charset=ALL-UNNAMED --add-opens=java.base/java.net=ALL-UNNAMED --add-opens=java.base/java.util.concurrent.atomic=ALL-UNNAMED -Xmx2048m -Dfile.encoding=UTF-8 -Duser.country=RU -Duser.language=ru -Duser.variant -javaagent:C:\Users\gazhi\.gradle\wrapper\dists\gradle-8.4-bin\1w5dpkrfk8irigvoxmyhowfim\gradle-8.4\lib\agents\gradle-instrumentation-agent-8.4.jar org.gradle.launcher.daemon.bootstrap.GradleDaemon 8.4

Host: AMD Ryzen 3 3200U with Radeon Vega Mobile Gfx  , 4 cores, 5G,  Windows 10 , 64 bit Build 19041 (10.0.19041.3636)
Time: Fri Mar 22 13:55:51 2024 RTZ 2 (s 10 , 64 bit Build 19041 (10.0.19041.3636) elapsed time: 25.190457 seconds (0d 0h 0m 25s)

---------------  T H R E A D  ---------------

Current thread (0x000002cf3481dfd0):  JavaThread "C2 CompilerThread0" daemon [_thread_in_native, id=8008, stack(0x000000d530c00000,0x000000d530d00000)]


Current CompileTask:
C2:  25190 7097 %     4       org.gradle.internal.instantiation.generator.AbstractClassGenerator::inspectType @ 107 (560 bytes)

Stack: [0x000000d530c00000,0x000000d530d00000]
Native frames: (J=compiled Java code, j=interpreted, Vv=VM code, C=native code)
V  [jvm.dll+0x6886e9]
V  [jvm.dll+0x841e4a]
V  [jvm.dll+0x843a8e]
V  [jvm.dll+0x8440f3]
V  [jvm.dll+0x24c14f]
V  [jvm.dll+0xac44c]
V  [jvm.dll+0xaca9c]
V  [jvm.dll+0x36c1f7]
V  [jvm.dll+0x33651a]
V  [jvm.dll+0x3359ba]
V  [jvm.dll+0x21ddb1]
V  [jvm.dll+0x21d1d1]
V  [jvm.dll+0x1a674d]
V  [jvm.dll+0x22d088]
V  [jvm.dll+0x22b1c0]
V  [jvm.dll+0x7f62f7]
V  [jvm.dll+0x7f06aa]
V  [jvm.dll+0x687565]
C  [ucrtbase.dll+0x21bb2]
C  [KERNEL32.DLL+0x17344]
C  [ntdll.dll+0x526b1]


---------------  P R O C E S S  ---------------

Threads class SMR info:
_java_thread_list=0x000002cf3b8f0540, length=45, elements={
0x000002cf1afbbb10, 0x000002cf3456e7c0, 0x000002cf3456ff70, 0x000002cf345c0fa0,
0x000002cf345c3c80, 0x000002cf345c4cf0, 0x000002cf345c55c0, 0x000002cf3481dfd0,
0x000002cf3481e8e0, 0x000002cf3483e010, 0x000002cf348887d0, 0x000002cf34a35ac0,
0x000002cf3a5241e0, 0x000002cf3a0878b0, 0x000002cf3a333610, 0x000002cf3a43c8a0,
0x000002cf3975a040, 0x000002cf3a5a33d0, 0x000002cf3a5a1a80, 0x000002cf3a5a4300,
0x000002cf3a5a38e0, 0x000002cf3a5a29b0, 0x000002cf3a5a3df0, 0x000002cf3a5a2ec0,
0x000002cf3a5a1060, 0x000002cf3a5a1570, 0x000002cf3a5a24a0, 0x000002cf3a5a1f90,
0x000002cf3adbb9e0, 0x000002cf3adba090, 0x000002cf3adbbef0, 0x000002cf3adb5ec0,
0x000002cf3adb68e0, 0x000002cf3adbc400, 0x000002cf3adbc910, 0x000002cf3adb54a0,
0x000002cf3adb63d0, 0x000002cf3adbce20, 0x000002cf3adb59b0, 0x000002cf3adba5a0,
0x000002cf3adb7d20, 0x000002cf3adb6df0, 0x000002cf3adb7300, 0x000002cf3adb7810,
0x000002cf3adb8230
}

Java Threads: ( => current thread )
  0x000002cf1afbbb10 JavaThread "main" [_thread_blocked, id=7340, stack(0x000000d52ff00000,0x000000d530000000)]
  0x000002cf3456e7c0 JavaThread "Reference Handler" daemon [_thread_blocked, id=5848, stack(0x000000d530600000,0x000000d530700000)]
  0x000002cf3456ff70 JavaThread "Finalizer" daemon [_thread_blocked, id=5248, stack(0x000000d530700000,0x000000d530800000)]
  0x000002cf345c0fa0 JavaThread "Signal Dispatcher" daemon [_thread_blocked, id=14696, stack(0x000000d530800000,0x000000d530900000)]
  0x000002cf345c3c80 JavaThread "Attach Listener" daemon [_thread_blocked, id=6360, stack(0x000000d530900000,0x000000d530a00000)]
  0x000002cf345c4cf0 JavaThread "Service Thread" daemon [_thread_blocked, id=9192, stack(0x000000d530a00000,0x000000d530b00000)]
  0x000002cf345c55c0 JavaThread "Monitor Deflation Thread" daemon [_thread_blocked, id=5460, stack(0x000000d530b00000,0x000000d530c00000)]
=>0x000002cf3481dfd0 JavaThread "C2 CompilerThread0" daemon [_thread_in_native, id=8008, stack(0x000000d530c00000,0x000000d530d00000)]
  0x000002cf3481e8e0 JavaThread "C1 CompilerThread0" daemon [_thread_blocked, id=4804, stack(0x000000d530d00000,0x000000d530e00000)]
  0x000002cf3483e010 JavaThread "Sweeper thread" daemon [_thread_blocked, id=2436, stack(0x000000d530e00000,0x000000d530f00000)]
  0x000002cf348887d0 JavaThread "Common-Cleaner" daemon [_thread_blocked, id=15028, stack(0x000000d530f00000,0x000000d531000000)]
  0x000002cf34a35ac0 JavaThread "Notification Thread" daemon [_thread_blocked, id=15252, stack(0x000000d531000000,0x000000d531100000)]
  0x000002cf3a5241e0 JavaThread "Daemon health stats" [_thread_blocked, id=11372, stack(0x000000d531500000,0x000000d531600000)]
  0x000002cf3a0878b0 JavaThread "Incoming local TCP Connector on port 55383" [_thread_in_native, id=8312, stack(0x000000d531600000,0x000000d531700000)]
  0x000002cf3a333610 JavaThread "Daemon periodic checks" [_thread_blocked, id=8508, stack(0x000000d531700000,0x000000d531800000)]
  0x000002cf3a43c8a0 JavaThread "Daemon" [_thread_blocked, id=5096, stack(0x000000d531800000,0x000000d531900000)]
  0x000002cf3975a040 JavaThread "Handler for socket connection from /127.0.0.1:55383 to /127.0.0.1:55384" [_thread_in_native, id=4648, stack(0x000000d531900000,0x000000d531a00000)]
  0x000002cf3a5a33d0 JavaThread "Cancel handler" [_thread_blocked, id=5676, stack(0x000000d531a00000,0x000000d531b00000)]
  0x000002cf3a5a1a80 JavaThread "Daemon worker" [_thread_in_vm, id=8032, stack(0x000000d531b00000,0x000000d531c00000)]
  0x000002cf3a5a4300 JavaThread "Asynchronous log dispatcher for DefaultDaemonConnection: socket connection from /127.0.0.1:55383 to /127.0.0.1:55384" [_thread_blocked, id=13000, stack(0x000000d531c00000,0x000000d531d00000)]
  0x000002cf3a5a38e0 JavaThread "Stdin handler" [_thread_blocked, id=12156, stack(0x000000d531d00000,0x000000d531e00000)]
  0x000002cf3a5a29b0 JavaThread "Daemon client event forwarder" [_thread_blocked, id=8024, stack(0x000000d531e00000,0x000000d531f00000)]
  0x000002cf3a5a3df0 JavaThread "Cache worker for journal cache (C:\Users\gazhi\.gradle\caches\journal-1)" [_thread_blocked, id=12956, stack(0x000000d531f00000,0x000000d532000000)]
  0x000002cf3a5a2ec0 JavaThread "File lock request listener" [_thread_in_native, id=15864, stack(0x000000d532000000,0x000000d532100000)]
  0x000002cf3a5a1060 JavaThread "Cache worker for file hash cache (C:\Users\gazhi\.gradle\caches\8.4\fileHashes)" [_thread_blocked, id=11104, stack(0x000000d532100000,0x000000d532200000)]
  0x000002cf3a5a1570 JavaThread "File watcher server" daemon [_thread_in_native, id=9748, stack(0x000000d532200000,0x000000d532300000)]
  0x000002cf3a5a24a0 JavaThread "File watcher consumer" daemon [_thread_blocked, id=1140, stack(0x000000d532300000,0x000000d532400000)]
  0x000002cf3a5a1f90 JavaThread "Cache worker for checksums cache (C:\Users\gazhi\AndroidStudioProjects\project\.gradle\8.4\checksums)" [_thread_blocked, id=13220, stack(0x000000d532400000,0x000000d532500000)]
  0x000002cf3adbb9e0 JavaThread "Cache worker for file hash cache (C:\Users\gazhi\AndroidStudioProjects\project\.gradle\8.4\fileHashes)" [_thread_blocked, id=32, stack(0x000000d532500000,0x000000d532600000)]
  0x000002cf3adba090 JavaThread "Cache worker for cache directory md-supplier (C:\Users\gazhi\.gradle\caches\8.4\md-supplier)" [_thread_blocked, id=7812, stack(0x000000d532600000,0x000000d532700000)]
  0x000002cf3adbbef0 JavaThread "Cache worker for file content cache (C:\Users\gazhi\.gradle\caches\8.4\fileContent)" [_thread_blocked, id=15388, stack(0x000000d532700000,0x000000d532800000)]
  0x000002cf3adb5ec0 JavaThread "Cache worker for cache directory md-rule (C:\Users\gazhi\.gradle\caches\8.4\md-rule)" [_thread_blocked, id=388, stack(0x000000d532800000,0x000000d532900000)]
  0x000002cf3adb68e0 JavaThread "Cache worker for execution history cache (C:\Users\gazhi\.gradle\caches\8.4\executionHistory)" [_thread_blocked, id=6296, stack(0x000000d532900000,0x000000d532a00000)]
  0x000002cf3adbc400 JavaThread "Cache worker for kotlin-dsl (C:\Users\gazhi\.gradle\caches\8.4\kotlin-dsl)" [_thread_blocked, id=10984, stack(0x000000d532a00000,0x000000d532b00000)]
  0x000002cf3adbc910 JavaThread "jar transforms" [_thread_blocked, id=6452, stack(0x000000d532b00000,0x000000d532c00000)]
  0x000002cf3adb54a0 JavaThread "jar transforms Thread 2" [_thread_blocked, id=9520, stack(0x000000d532c00000,0x000000d532d00000)]
  0x000002cf3adb63d0 JavaThread "jar transforms Thread 3" [_thread_blocked, id=1580, stack(0x000000d532d00000,0x000000d532e00000)]
  0x000002cf3adbce20 JavaThread "jar transforms Thread 4" [_thread_blocked, id=14980, stack(0x000000d532e00000,0x000000d532f00000)]
  0x000002cf3adb59b0 JavaThread "Cache worker for dependencies-accessors (C:\Users\gazhi\AndroidStudioProjects\project\.gradle\8.4\dependencies-accessors)" [_thread_blocked, id=3056, stack(0x000000d532f00000,0x000000d533000000)]
  0x000002cf3adba5a0 JavaThread "Cache worker for Build Output Cleanup Cache (C:\Users\gazhi\AndroidStudioProjects\project\.gradle\buildOutputCleanup)" [_thread_blocked, id=6468, stack(0x000000d533000000,0x000000d533100000)]
  0x000002cf3adb7d20 JavaThread "Unconstrained build operations" [_thread_blocked, id=5332, stack(0x000000d533100000,0x000000d533200000)]
  0x000002cf3adb6df0 JavaThread "Unconstrained build operations Thread 2" [_thread_blocked, id=7320, stack(0x000000d533200000,0x000000d533300000)]
  0x000002cf3adb7300 JavaThread "Unconstrained build operations Thread 3" [_thread_blocked, id=13200, stack(0x000000d533300000,0x000000d533400000)]
  0x000002cf3adb7810 JavaThread "build event listener" [_thread_blocked, id=5804, stack(0x000000d533400000,0x000000d533500000)]
  0x000002cf3adb8230 JavaThread "Memory manager" [_thread_blocked, id=16100, stack(0x000000d533500000,0x000000d533600000)]

Other Threads:
  0x000002cf3456ac70 VMThread "VM Thread" [stack: 0x000000d530500000,0x000000d530600000] [id=15172]
  0x000002cf34a35fa0 WatcherThread [stack: 0x000000d531100000,0x000000d531200000] [id=15408]
  0x000002cf1b017e60 GCTaskThread "GC Thread#0" [stack: 0x000000d530000000,0x000000d530100000] [id=12264]
  0x000002cf39029090 GCTaskThread "GC Thread#1" [stack: 0x000000d531200000,0x000000d531300000] [id=15896]
  0x000002cf391b7160 GCTaskThread "GC Thread#2" [stack: 0x000000d531300000,0x000000d531400000] [id=12044]
  0x000002cf39905460 GCTaskThread "GC Thread#3" [stack: 0x000000d531400000,0x000000d531500000] [id=16060]
  0x000002cf1b028cc0 ConcurrentGCThread "G1 Main Marker" [stack: 0x000000d530100000,0x000000d530200000] [id=6168]
  0x000002cf1b0295f0 ConcurrentGCThread "G1 Conc#0" [stack: 0x000000d530200000,0x000000d530300000] [id=13408]
  0x000002cf343e0490 ConcurrentGCThread "G1 Refine#0" [stack: 0x000000d530300000,0x000000d530400000] [id=720]
  0x000002cf1b079eb0 ConcurrentGCThread "G1 Service" [stack: 0x000000d530400000,0x000000d530500000] [id=13548]

Threads with active compile tasks:
C2 CompilerThread0    25254 7097 %     4       org.gradle.internal.instantiation.generator.AbstractClassGenerator::inspectType @ 107 (560 bytes)

VM state: not at safepoint (normal execution)

VM Mutex/Monitor currently owned by a thread: None

Heap address: 0x0000000080000000, size: 2048 MB, Compressed Oops mode: 32-bit

CDS archive(s) not mapped
Compressed class space mapped at: 0x0000000100000000-0x0000000140000000, reserved size: 1073741824
Narrow klass base: 0x0000000000000000, Narrow klass shift: 3, Narrow klass range: 0x140000000

GC Precious Log:
 CPUs: 4 total, 4 available
 Memory: 6082M
 Large Page Support: Disabled
 NUMA Support: Disabled
 Compressed Oops: Enabled (32-bit)
 Heap Region Size: 1M
 Heap Min Capacity: 8M
 Heap Initial Capacity: 96M
 Heap Max Capacity: 2G
 Pre-touch: Disabled
 Parallel Workers: 4
 Concurrent Workers: 1
 Concurrent Refinement Workers: 4
 Periodic GC: Disabled

Heap:
 garbage-first heap   total 110592K, used 86275K [0x0000000080000000, 0x0000000100000000)
  region size 1024K, 31 young (31744K), 1 survivors (1024K)
 Metaspace       used 70468K, committed 71040K, reserved 1114112K
  class space    used 9584K, committed 9856K, reserved 1048576K

Heap Regions: E=young(eden), S=young(survivor), O=old, HS=humongous(starts), HC=humongous(continues), CS=collection set, F=free, OA=open archive, CA=closed archive, TAMS=top-at-mark-start (previous, next)
|   0|0x0000000080000000, 0x0000000080100000, 0x0000000080100000|100%| O|  |TAMS 0x0000000080100000, 0x0000000080000000| Untracked 
|   1|0x0000000080100000, 0x0000000080200000, 0x0000000080200000|100%| O|  |TAMS 0x0000000080200000, 0x0000000080100000| Untracked 
|   2|0x0000000080200000, 0x0000000080300000, 0x0000000080300000|100%|HS|  |TAMS 0x0000000080300000, 0x0000000080200000| Complete 
|   3|0x0000000080300000, 0x0000000080400000, 0x0000000080400000|100%|HC|  |TAMS 0x0000000080400000, 0x0000000080300000| Complete 
|   4|0x0000000080400000, 0x0000000080500000, 0x0000000080500000|100%|HC|  |TAMS 0x0000000080500000, 0x0000000080400000| Complete 
|   5|0x0000000080500000, 0x0000000080600000, 0x0000000080600000|100%|HC|  |TAMS 0x0000000080600000, 0x0000000080500000| Complete 
|   6|0x0000000080600000, 0x0000000080700000, 0x0000000080700000|100%| O|  |TAMS 0x0000000080700000, 0x0000000080600000| Untracked 
|   7|0x0000000080700000, 0x0000000080800000, 0x0000000080800000|100%| O|  |TAMS 0x0000000080800000, 0x0000000080700000| Untracked 
|   8|0x0000000080800000, 0x0000000080900000, 0x0000000080900000|100%| O|  |TAMS 0x0000000080900000, 0x0000000080800000| Untracked 
|   9|0x0000000080900000, 0x0000000080a00000, 0x0000000080a00000|100%| O|  |TAMS 0x0000000080a00000, 0x0000000080900000| Untracked 
|  10|0x0000000080a00000, 0x0000000080b00000, 0x0000000080b00000|100%| O|  |TAMS 0x0000000080b00000, 0x0000000080a00000| Untracked 
|  11|0x0000000080b00000, 0x0000000080c00000, 0x0000000080c00000|100%| O|  |TAMS 0x0000000080c00000, 0x0000000080b00000| Untracked 
|  12|0x0000000080c00000, 0x0000000080d00000, 0x0000000080d00000|100%| O|  |TAMS 0x0000000080d00000, 0x0000000080c00000| Untracked 
|  13|0x0000000080d00000, 0x0000000080e00000, 0x0000000080e00000|100%| O|  |TAMS 0x0000000080e00000, 0x0000000080d00000| Untracked 
|  14|0x0000000080e00000, 0x0000000080f00000, 0x0000000080f00000|100%| O|  |TAMS 0x0000000080f00000, 0x0000000080e00000| Untracked 
|  15|0x0000000080f00000, 0x0000000081000000, 0x0000000081000000|100%| O|  |TAMS 0x0000000081000000, 0x0000000080f00000| Untracked 
|  16|0x0000000081000000, 0x0000000081100000, 0x0000000081100000|100%| O|  |TAMS 0x0000000081100000, 0x0000000081000000| Untracked 
|  17|0x0000000081100000, 0x0000000081200000, 0x0000000081200000|100%| O|  |TAMS 0x0000000081200000, 0x0000000081100000| Untracked 
|  18|0x0000000081200000, 0x0000000081300000, 0x0000000081300000|100%| O|  |TAMS 0x0000000081300000, 0x0000000081200000| Untracked 
|  19|0x0000000081300000, 0x0000000081400000, 0x0000000081400000|100%| O|  |TAMS 0x0000000081400000, 0x0000000081300000| Untracked 
|  20|0x0000000081400000, 0x0000000081500000, 0x0000000081500000|100%| O|  |TAMS 0x0000000081500000, 0x0000000081400000| Untracked 
|  21|0x0000000081500000, 0x0000000081600000, 0x0000000081600000|100%| O|  |TAMS 0x0000000081600000, 0x0000000081500000| Untracked 
|  22|0x0000000081600000, 0x0000000081700000, 0x0000000081700000|100%| O|  |TAMS 0x0000000081600000, 0x0000000081600000| Untracked 
|  23|0x0000000081700000, 0x0000000081800000, 0x0000000081800000|100%| O|  |TAMS 0x0000000081800000, 0x0000000081700000| Untracked 
|  24|0x0000000081800000, 0x0000000081900000, 0x0000000081900000|100%| O|  |TAMS 0x0000000081900000, 0x0000000081800000| Untracked 
|  25|0x0000000081900000, 0x0000000081a00000, 0x0000000081a00000|100%| O|  |TAMS 0x0000000081a00000, 0x0000000081900000| Untracked 
|  26|0x0000000081a00000, 0x0000000081b00000, 0x0000000081b00000|100%| O|  |TAMS 0x0000000081b00000, 0x0000000081a00000| Untracked 
|  27|0x0000000081b00000, 0x0000000081c00000, 0x0000000081c00000|100%| O|  |TAMS 0x0000000081c00000, 0x0000000081b00000| Untracked 
|  28|0x0000000081c00000, 0x0000000081d00000, 0x0000000081d00000|100%| O|  |TAMS 0x0000000081cdc800, 0x0000000081c00000| Untracked 
|  29|0x0000000081d00000, 0x0000000081e00000, 0x0000000081e00000|100%| O|  |TAMS 0x0000000081e00000, 0x0000000081d00000| Untracked 
|  30|0x0000000081e00000, 0x0000000081f00000, 0x0000000081f00000|100%| O|  |TAMS 0x0000000081f00000, 0x0000000081e00000| Untracked 
|  31|0x0000000081f00000, 0x0000000082000000, 0x0000000082000000|100%| O|  |TAMS 0x0000000082000000, 0x0000000081f00000| Untracked 
|  32|0x0000000082000000, 0x0000000082100000, 0x0000000082100000|100%|HS|  |TAMS 0x0000000082100000, 0x0000000082000000| Complete 
|  33|0x0000000082100000, 0x0000000082200000, 0x0000000082200000|100%|HS|  |TAMS 0x0000000082200000, 0x0000000082100000| Complete 
|  34|0x0000000082200000, 0x0000000082300000, 0x0000000082300000|100%|HS|  |TAMS 0x0000000082300000, 0x0000000082200000| Complete 
|  35|0x0000000082300000, 0x0000000082400000, 0x0000000082400000|100%| O|  |TAMS 0x0000000082400000, 0x0000000082300000| Untracked 
|  36|0x0000000082400000, 0x0000000082500000, 0x0000000082500000|100%|HS|  |TAMS 0x0000000082500000, 0x0000000082400000| Complete 
|  37|0x0000000082500000, 0x0000000082600000, 0x0000000082600000|100%| O|  |TAMS 0x0000000082600000, 0x0000000082500000| Untracked 
|  38|0x0000000082600000, 0x0000000082700000, 0x0000000082700000|100%| O|  |TAMS 0x0000000082700000, 0x0000000082600000| Untracked 
|  39|0x0000000082700000, 0x0000000082800000, 0x0000000082800000|100%| O|  |TAMS 0x0000000082800000, 0x0000000082700000| Untracked 
|  40|0x0000000082800000, 0x0000000082900000, 0x0000000082900000|100%| O|  |TAMS 0x0000000082900000, 0x0000000082800000| Untracked 
|  41|0x0000000082900000, 0x0000000082a00000, 0x0000000082a00000|100%| O|  |TAMS 0x0000000082a00000, 0x0000000082900000| Untracked 
|  42|0x0000000082a00000, 0x0000000082b00000, 0x0000000082b00000|100%| O|  |TAMS 0x0000000082b00000, 0x0000000082a00000| Untracked 
|  43|0x0000000082b00000, 0x0000000082b00000, 0x0000000082c00000|  0%| F|  |TAMS 0x0000000082b00000, 0x0000000082b00000| Untracked 
|  44|0x0000000082c00000, 0x0000000082d00000, 0x0000000082d00000|100%| O|  |TAMS 0x0000000082d00000, 0x0000000082c00000| Untracked 
|  45|0x0000000082d00000, 0x0000000082e00000, 0x0000000082e00000|100%| O|  |TAMS 0x0000000082e00000, 0x0000000082d00000| Untracked 
|  46|0x0000000082e00000, 0x0000000082f00000, 0x0000000082f00000|100%| O|  |TAMS 0x0000000082f00000, 0x0000000082e00000| Untracked 
|  47|0x0000000082f00000, 0x0000000083000000, 0x0000000083000000|100%| O|  |TAMS 0x0000000083000000, 0x0000000082f00000| Untracked 
|  48|0x0000000083000000, 0x0000000083100000, 0x0000000083100000|100%|HS|  |TAMS 0x0000000083100000, 0x0000000083000000| Complete 
|  49|0x0000000083100000, 0x0000000083200000, 0x0000000083200000|100%| O|  |TAMS 0x0000000083200000, 0x0000000083100000| Untracked 
|  50|0x0000000083200000, 0x0000000083300000, 0x0000000083300000|100%| O|  |TAMS 0x0000000083300000, 0x0000000083200000| Untracked 
|  51|0x0000000083300000, 0x0000000083400000, 0x0000000083400000|100%| O|  |TAMS 0x0000000083300000, 0x0000000083300000| Untracked 
|  52|0x0000000083400000, 0x0000000083500000, 0x0000000083500000|100%| O|  |TAMS 0x0000000083400000, 0x0000000083400000| Untracked 
|  53|0x0000000083500000, 0x0000000083500000, 0x0000000083600000|  0%| F|  |TAMS 0x0000000083500000, 0x0000000083500000| Untracked 
|  54|0x0000000083600000, 0x0000000083600000, 0x0000000083700000|  0%| F|  |TAMS 0x0000000083600000, 0x0000000083600000| Untracked 
|  55|0x0000000083700000, 0x0000000083800000, 0x0000000083800000|100%| O|  |TAMS 0x0000000083700000, 0x0000000083700000| Untracked 
|  56|0x0000000083800000, 0x0000000083900000, 0x0000000083900000|100%| O|  |TAMS 0x0000000083800000, 0x0000000083800000| Untracked 
|  57|0x0000000083900000, 0x0000000083a00000, 0x0000000083a00000|100%| O|  |TAMS 0x0000000083900000, 0x0000000083900000| Untracked 
|  58|0x0000000083a00000, 0x0000000083a00000, 0x0000000083b00000|  0%| F|  |TAMS 0x0000000083a00000, 0x0000000083a00000| Untracked 
|  59|0x0000000083b00000, 0x0000000083b00000, 0x0000000083c00000|  0%| F|  |TAMS 0x0000000083b00000, 0x0000000083b00000| Untracked 
|  60|0x0000000083c00000, 0x0000000083c00000, 0x0000000083d00000|  0%| F|  |TAMS 0x0000000083c00000, 0x0000000083c00000| Untracked 
|  61|0x0000000083d00000, 0x0000000083d00000, 0x0000000083e00000|  0%| F|  |TAMS 0x0000000083d00000, 0x0000000083d00000| Untracked 
|  62|0x0000000083e00000, 0x0000000083e00000, 0x0000000083f00000|  0%| F|  |TAMS 0x0000000083e00000, 0x0000000083e00000| Untracked 
|  63|0x0000000083f00000, 0x0000000083f00000, 0x0000000084000000|  0%| F|  |TAMS 0x0000000083f00000, 0x0000000083f00000| Untracked 
|  64|0x0000000084000000, 0x0000000084000000, 0x0000000084100000|  0%| F|  |TAMS 0x0000000084000000, 0x0000000084000000| Untracked 
|  65|0x0000000084100000, 0x0000000084100000, 0x0000000084200000|  0%| F|  |TAMS 0x0000000084100000, 0x0000000084100000| Untracked 
|  66|0x0000000084200000, 0x0000000084200000, 0x0000000084300000|  0%| F|  |TAMS 0x0000000084200000, 0x0000000084200000| Untracked 
|  67|0x0000000084300000, 0x0000000084300000, 0x0000000084400000|  0%| F|  |TAMS 0x0000000084300000, 0x0000000084300000| Untracked 
|  68|0x0000000084400000, 0x0000000084400000, 0x0000000084500000|  0%| F|  |TAMS 0x0000000084400000, 0x0000000084400000| Untracked 
|  69|0x0000000084500000, 0x0000000084500000, 0x0000000084600000|  0%| F|  |TAMS 0x0000000084500000, 0x0000000084500000| Untracked 
|  70|0x0000000084600000, 0x0000000084600000, 0x0000000084700000|  0%| F|  |TAMS 0x0000000084600000, 0x0000000084600000| Untracked 
|  71|0x0000000084700000, 0x0000000084700000, 0x0000000084800000|  0%| F|  |TAMS 0x0000000084700000, 0x0000000084700000| Untracked 
|  72|0x0000000084800000, 0x0000000084800000, 0x0000000084900000|  0%| F|  |TAMS 0x0000000084800000, 0x0000000084800000| Untracked 
|  73|0x0000000084900000, 0x0000000084900000, 0x0000000084a00000|  0%| F|  |TAMS 0x0000000084900000, 0x0000000084900000| Untracked 
|  74|0x0000000084a00000, 0x0000000084a00000, 0x0000000084b00000|  0%| F|  |TAMS 0x0000000084a00000, 0x0000000084a00000| Untracked 
|  75|0x0000000084b00000, 0x0000000084b00000, 0x0000000084c00000|  0%| F|  |TAMS 0x0000000084b00000, 0x0000000084b00000| Untracked 
|  76|0x0000000084c00000, 0x0000000084c00000, 0x0000000084d00000|  0%| F|  |TAMS 0x0000000084c00000, 0x0000000084c00000| Untracked 
|  77|0x0000000084d00000, 0x0000000084e00000, 0x0000000084e00000|100%| E|  |TAMS 0x0000000084d00000, 0x0000000084d00000| Complete 
|  78|0x0000000084e00000, 0x0000000084f00000, 0x0000000084f00000|100%| E|CS|TAMS 0x0000000084e00000, 0x0000000084e00000| Complete 
|  79|0x0000000084f00000, 0x0000000085000000, 0x0000000085000000|100%| E|CS|TAMS 0x0000000084f00000, 0x0000000084f00000| Complete 
|  80|0x0000000085000000, 0x0000000085100000, 0x0000000085100000|100%| E|CS|TAMS 0x0000000085000000, 0x0000000085000000| Complete 
|  81|0x0000000085100000, 0x0000000085200000, 0x0000000085200000|100%| E|CS|TAMS 0x0000000085100000, 0x0000000085100000| Complete 
|  82|0x0000000085200000, 0x0000000085300000, 0x0000000085300000|100%| E|CS|TAMS 0x0000000085200000, 0x0000000085200000| Complete 
|  83|0x0000000085300000, 0x0000000085400000, 0x0000000085400000|100%| E|CS|TAMS 0x0000000085300000, 0x0000000085300000| Complete 
|  84|0x0000000085400000, 0x0000000085500000, 0x0000000085500000|100%| E|CS|TAMS 0x0000000085400000, 0x0000000085400000| Complete 
|  85|0x0000000085500000, 0x0000000085600000, 0x0000000085600000|100%| E|CS|TAMS 0x0000000085500000, 0x0000000085500000| Complete 
|  86|0x0000000085600000, 0x0000000085700000, 0x0000000085700000|100%| E|CS|TAMS 0x0000000085600000, 0x0000000085600000| Complete 
|  87|0x0000000085700000, 0x0000000085800000, 0x0000000085800000|100%| E|CS|TAMS 0x0000000085700000, 0x0000000085700000| Complete 
|  88|0x0000000085800000, 0x0000000085900000, 0x0000000085900000|100%| E|CS|TAMS 0x0000000085800000, 0x0000000085800000| Complete 
|  89|0x0000000085900000, 0x0000000085a00000, 0x0000000085a00000|100%| E|CS|TAMS 0x0000000085900000, 0x0000000085900000| Complete 
|  90|0x0000000085a00000, 0x0000000085b00000, 0x0000000085b00000|100%| E|CS|TAMS 0x0000000085a00000, 0x0000000085a00000| Complete 
|  91|0x0000000085b00000, 0x0000000085c00000, 0x0000000085c00000|100%| E|CS|TAMS 0x0000000085b00000, 0x0000000085b00000| Complete 
|  92|0x0000000085c00000, 0x0000000085d00000, 0x0000000085d00000|100%| E|CS|TAMS 0x0000000085c00000, 0x0000000085c00000| Complete 
|  93|0x0000000085d00000, 0x0000000085e00000, 0x0000000085e00000|100%| E|CS|TAMS 0x0000000085d00000, 0x0000000085d00000| Complete 
|  94|0x0000000085e00000, 0x0000000085f00000, 0x0000000085f00000|100%| E|CS|TAMS 0x0000000085e00000, 0x0000000085e00000| Complete 
|  95|0x0000000085f00000, 0x0000000086000000, 0x0000000086000000|100%| E|CS|TAMS 0x0000000085f00000, 0x0000000085f00000| Complete 
|  96|0x0000000086000000, 0x0000000086100000, 0x0000000086100000|100%| E|CS|TAMS 0x0000000086000000, 0x0000000086000000| Complete 
|  97|0x0000000086100000, 0x0000000086200000, 0x0000000086200000|100%| E|CS|TAMS 0x0000000086100000, 0x0000000086100000| Complete 
|  98|0x0000000086200000, 0x0000000086300000, 0x0000000086300000|100%| E|CS|TAMS 0x0000000086200000, 0x0000000086200000| Complete 
|  99|0x0000000086300000, 0x0000000086400000, 0x0000000086400000|100%| E|CS|TAMS 0x0000000086300000, 0x0000000086300000| Complete 
| 100|0x0000000086400000, 0x0000000086500000, 0x0000000086500000|100%| E|CS|TAMS 0x0000000086400000, 0x0000000086400000| Complete 
| 101|0x0000000086500000, 0x0000000086600000, 0x0000000086600000|100%| E|CS|TAMS 0x0000000086500000, 0x0000000086500000| Complete 
| 102|0x0000000086600000, 0x0000000086700000, 0x0000000086700000|100%| E|CS|TAMS 0x0000000086600000, 0x0000000086600000| Complete 
| 103|0x0000000086700000, 0x0000000086800000, 0x0000000086800000|100%| E|CS|TAMS 0x0000000086700000, 0x0000000086700000| Complete 
| 104|0x0000000086800000, 0x0000000086900000, 0x0000000086900000|100%| E|CS|TAMS 0x0000000086800000, 0x0000000086800000| Complete 
| 105|0x0000000086900000, 0x0000000086a00000, 0x0000000086a00000|100%| E|CS|TAMS 0x0000000086900000, 0x0000000086900000| Complete 
| 106|0x0000000086a00000, 0x0000000086a40de8, 0x0000000086b00000| 25%| S|CS|TAMS 0x0000000086a00000, 0x0000000086a00000| Complete 
| 107|0x0000000086b00000, 0x0000000086c00000, 0x0000000086c00000|100%| E|CS|TAMS 0x0000000086b00000, 0x0000000086b00000| Complete 

Card table byte_map: [0x000002cf2d8a0000,0x000002cf2dca0000] _byte_map_base: 0x000002cf2d4a0000

Marking Bits (Prev, Next): (CMBitMap*) 0x000002cf1b0183d0, (CMBitMap*) 0x000002cf1b018390
 Prev Bits: [0x000002cf300a0000, 0x000002cf320a0000)
 Next Bits: [0x000002cf2e0a0000, 0x000002cf300a0000)

Polling page: 0x000002cf18e80000

Metaspace:

Usage:
  Non-class:     59.46 MB used.
      Class:      9.36 MB used.
       Both:     68.82 MB used.

Virtual space:
  Non-class space:       64.00 MB reserved,      59.75 MB ( 93%) committed,  1 nodes.
      Class space:        1.00 GB reserved,       9.62 MB ( <1%) committed,  1 nodes.
             Both:        1.06 GB reserved,      69.38 MB (  6%) committed. 

Chunk freelists:
   Non-Class:  3.39 MB
       Class:  6.32 MB
        Both:  9.71 MB

MaxMetaspaceSize: unlimited
CompressedClassSpaceSize: 1.00 GB
Initial GC threshold: 21.00 MB
Current GC threshold: 108.69 MB
CDS: off
MetaspaceReclaimPolicy: balanced
 - commit_granule_bytes: 65536.
 - commit_granule_words: 8192.
 - virtual_space_node_default_size: 8388608.
 - enlarge_chunks_in_place: 1.
 - new_chunks_are_fully_committed: 0.
 - uncommit_free_chunks: 1.
 - use_allocation_guard: 0.
 - handle_deallocations: 1.


Internal statistics:

num_allocs_failed_limit: 6.
num_arena_births: 782.
num_arena_deaths: 0.
num_vsnodes_births: 2.
num_vsnodes_deaths: 0.
num_space_committed: 1110.
num_space_uncommitted: 0.
num_chunks_returned_to_freelist: 6.
num_chunks_taken_from_freelist: 3244.
num_chunk_merges: 6.
num_chunk_splits: 2136.
num_chunks_enlarged: 1424.
num_inconsistent_stats: 0.

CodeHeap 'non-profiled nmethods': size=120000Kb used=2897Kb max_used=3229Kb free=117102Kb
 bounds [0x000002cf25f70000, 0x000002cf262a0000, 0x000002cf2d4a0000]
CodeHeap 'profiled nmethods': size=120000Kb used=11796Kb max_used=11796Kb free=108203Kb
 bounds [0x000002cf1e4a0000, 0x000002cf1f030000, 0x000002cf259d0000]
CodeHeap 'non-nmethods': size=5760Kb used=1651Kb max_used=1690Kb free=4108Kb
 bounds [0x000002cf259d0000, 0x000002cf25c40000, 0x000002cf25f70000]
 total_blobs=7066 nmethods=6334 adapters=644
 compilation: enabled
              stopped_count=0, restarted_count=0
 full_count=0

Compilation events (20 events):
Event: 25.130 Thread 0x000002cf3481e8e0 7184       2       org.gradle.internal.operations.OperationStartEvent::<init> (10 bytes)
Event: 25.130 Thread 0x000002cf3481e8e0 nmethod 7184 0x000002cf1f01cd10 code [0x000002cf1f01cea0, 0x000002cf1f01cfb8]
Event: 25.130 Thread 0x000002cf3481e8e0 7185       1       org.gradle.api.internal.collections.AbstractIterationOrderRetainingElementSource::getInserted (5 bytes)
Event: 25.130 Thread 0x000002cf3481e8e0 nmethod 7185 0x000002cf25fe1e90 code [0x000002cf25fe2020, 0x000002cf25fe20f8]
Event: 25.135 Thread 0x000002cf3481e8e0 7186       2       org.objectweb.asm.Label::resolve (219 bytes)
Event: 25.136 Thread 0x000002cf3481e8e0 nmethod 7186 0x000002cf1f01d090 code [0x000002cf1f01d260, 0x000002cf1f01d638]
Event: 25.136 Thread 0x000002cf3481e8e0 7187       2       java.lang.invoke.MethodHandles$Lookup::checkUnprivilegedlookupClass (38 bytes)
Event: 25.137 Thread 0x000002cf3481e8e0 nmethod 7187 0x000002cf1f01d910 code [0x000002cf1f01db20, 0x000002cf1f01dec8]
Event: 25.142 Thread 0x000002cf3481e8e0 7188       2       jdk.internal.org.objectweb.asm.MethodVisitor::visitTypeInsn (17 bytes)
Event: 25.143 Thread 0x000002cf3481e8e0 nmethod 7188 0x000002cf1f01e110 code [0x000002cf1f01e2a0, 0x000002cf1f01e3c8]
Event: 25.152 Thread 0x000002cf3481e8e0 7189       2       java.security.AccessController::doPrivileged (17 bytes)
Event: 25.152 Thread 0x000002cf3481e8e0 nmethod 7189 0x000002cf1f01e490 code [0x000002cf1f01e640, 0x000002cf1f01e7b8]
Event: 25.153 Thread 0x000002cf3481e8e0 7190       2       org.gradle.internal.operations.BuildOperationDescriptor::<init> (18 bytes)
Event: 25.153 Thread 0x000002cf3481e8e0 nmethod 7190 0x000002cf1f01e910 code [0x000002cf1f01eaa0, 0x000002cf1f01ebe8]
Event: 25.160 Thread 0x000002cf3481e8e0 7191   !   2       jdk.internal.reflect.GeneratedConstructorAccessor3::newInstance (53 bytes)
Event: 25.161 Thread 0x000002cf3481e8e0 nmethod 7191 0x000002cf1f01ec90 code [0x000002cf1f01eea0, 0x000002cf1f01f408]
Event: 25.164 Thread 0x000002cf3481e8e0 7192       2       java.lang.invoke.MethodHandles$Lookup::newLookup (15 bytes)
Event: 25.165 Thread 0x000002cf3481e8e0 nmethod 7192 0x000002cf1f01f790 code [0x000002cf1f01f940, 0x000002cf1f01fad8]
Event: 25.178 Thread 0x000002cf3481e8e0 7193       2       java.lang.Long::compare (22 bytes)
Event: 25.178 Thread 0x000002cf3481e8e0 nmethod 7193 0x000002cf1f01fb90 code [0x000002cf1f01fd20, 0x000002cf1f01fe98]

GC Heap History (20 events):
Event: 19.514 GC heap before
{Heap before GC invocations=16 (full 0):
 garbage-first heap   total 89088K, used 74056K [0x0000000080000000, 0x0000000100000000)
  region size 1024K, 37 young (37888K), 5 survivors (5120K)
 Metaspace       used 56601K, committed 57152K, reserved 1114112K
  class space    used 7768K, committed 8064K, reserved 1048576K
}
Event: 19.529 GC heap after
{Heap after GC invocations=17 (full 0):
 garbage-first heap   total 89088K, used 48381K [0x0000000080000000, 0x0000000100000000)
  region size 1024K, 5 young (5120K), 5 survivors (5120K)
 Metaspace       used 56601K, committed 57152K, reserved 1114112K
  class space    used 7768K, committed 8064K, reserved 1048576K
}
Event: 19.719 GC heap before
{Heap before GC invocations=17 (full 0):
 garbage-first heap   total 89088K, used 55549K [0x0000000080000000, 0x0000000100000000)
  region size 1024K, 14 young (14336K), 5 survivors (5120K)
 Metaspace       used 57178K, committed 57792K, reserved 1114112K
  class space    used 7823K, committed 8128K, reserved 1048576K
}
Event: 19.725 GC heap after
{Heap after GC invocations=18 (full 0):
 garbage-first heap   total 89088K, used 49806K [0x0000000080000000, 0x0000000100000000)
  region size 1024K, 1 young (1024K), 1 survivors (1024K)
 Metaspace       used 57178K, committed 57792K, reserved 1114112K
  class space    used 7823K, committed 8128K, reserved 1048576K
}
Event: 20.597 GC heap before
{Heap before GC invocations=19 (full 0):
 garbage-first heap   total 91136K, used 71310K [0x0000000080000000, 0x0000000100000000)
  region size 1024K, 21 young (21504K), 1 survivors (1024K)
 Metaspace       used 58778K, committed 59392K, reserved 1114112K
  class space    used 8051K, committed 8320K, reserved 1048576K
}
Event: 20.601 GC heap after
{Heap after GC invocations=20 (full 0):
 garbage-first heap   total 91136K, used 51034K [0x0000000080000000, 0x0000000100000000)
  region size 1024K, 2 young (2048K), 2 survivors (2048K)
 Metaspace       used 58778K, committed 59392K, reserved 1114112K
  class space    used 8051K, committed 8320K, reserved 1048576K
}
Event: 20.679 GC heap before
{Heap before GC invocations=20 (full 0):
 garbage-first heap   total 91136K, used 53082K [0x0000000080000000, 0x0000000100000000)
  region size 1024K, 4 young (4096K), 2 survivors (2048K)
 Metaspace       used 58931K, committed 59584K, reserved 1114112K
  class space    used 8074K, committed 8384K, reserved 1048576K
}
Event: 20.686 GC heap after
{Heap after GC invocations=21 (full 0):
 garbage-first heap   total 91136K, used 50682K [0x0000000080000000, 0x0000000100000000)
  region size 1024K, 1 young (1024K), 1 survivors (1024K)
 Metaspace       used 58931K, committed 59584K, reserved 1114112K
  class space    used 8074K, committed 8384K, reserved 1048576K
}
Event: 21.446 GC heap before
{Heap before GC invocations=21 (full 0):
 garbage-first heap   total 91136K, used 72186K [0x0000000080000000, 0x0000000100000000)
  region size 1024K, 23 young (23552K), 1 survivors (1024K)
 Metaspace       used 61163K, committed 61696K, reserved 1114112K
  class space    used 8317K, committed 8576K, reserved 1048576K
}
Event: 21.450 GC heap after
{Heap after GC invocations=22 (full 0):
 garbage-first heap   total 91136K, used 51200K [0x0000000080000000, 0x0000000100000000)
  region size 1024K, 1 young (1024K), 1 survivors (1024K)
 Metaspace       used 61163K, committed 61696K, reserved 1114112K
  class space    used 8317K, committed 8576K, reserved 1048576K
}
Event: 22.291 GC heap before
{Heap before GC invocations=23 (full 0):
 garbage-first heap   total 92160K, used 73728K [0x0000000080000000, 0x0000000100000000)
  region size 1024K, 24 young (24576K), 1 survivors (1024K)
 Metaspace       used 63483K, committed 64064K, reserved 1114112K
  class space    used 8639K, committed 8896K, reserved 1048576K
}
Event: 22.297 GC heap after
{Heap after GC invocations=24 (full 0):
 garbage-first heap   total 92160K, used 51875K [0x0000000080000000, 0x0000000100000000)
  region size 1024K, 2 young (2048K), 2 survivors (2048K)
 Metaspace       used 63483K, committed 64064K, reserved 1114112K
  class space    used 8639K, committed 8896K, reserved 1048576K
}
Event: 22.405 GC heap before
{Heap before GC invocations=24 (full 0):
 garbage-first heap   total 92160K, used 53923K [0x0000000080000000, 0x0000000100000000)
  region size 1024K, 4 young (4096K), 2 survivors (2048K)
 Metaspace       used 63825K, committed 64384K, reserved 1114112K
  class space    used 8694K, committed 8960K, reserved 1048576K
}
Event: 22.410 GC heap after
{Heap after GC invocations=25 (full 0):
 garbage-first heap   total 92160K, used 51272K [0x0000000080000000, 0x0000000100000000)
  region size 1024K, 1 young (1024K), 1 survivors (1024K)
 Metaspace       used 63825K, committed 64384K, reserved 1114112K
  class space    used 8694K, committed 8960K, reserved 1048576K
}
Event: 23.095 GC heap before
{Heap before GC invocations=25 (full 0):
 garbage-first heap   total 92160K, used 78920K [0x0000000080000000, 0x0000000100000000)
  region size 1024K, 25 young (25600K), 1 survivors (1024K)
 Metaspace       used 66136K, committed 66752K, reserved 1114112K
  class space    used 8990K, committed 9280K, reserved 1048576K
}
Event: 23.103 GC heap after
{Heap after GC invocations=26 (full 0):
 garbage-first heap   total 110592K, used 58324K [0x0000000080000000, 0x0000000100000000)
  region size 1024K, 4 young (4096K), 4 survivors (4096K)
 Metaspace       used 66136K, committed 66752K, reserved 1114112K
  class space    used 8990K, committed 9280K, reserved 1048576K
}
Event: 24.187 GC heap before
{Heap before GC invocations=27 (full 0):
 garbage-first heap   total 110592K, used 92116K [0x0000000080000000, 0x0000000100000000)
  region size 1024K, 35 young (35840K), 4 survivors (4096K)
 Metaspace       used 68163K, committed 68800K, reserved 1114112K
  class space    used 9269K, committed 9536K, reserved 1048576K
}
Event: 24.196 GC heap after
{Heap after GC invocations=28 (full 0):
 garbage-first heap   total 110592K, used 57156K [0x0000000080000000, 0x0000000100000000)
  region size 1024K, 4 young (4096K), 4 survivors (4096K)
 Metaspace       used 68163K, committed 68800K, reserved 1114112K
  class space    used 9269K, committed 9536K, reserved 1048576K
}
Event: 24.228 GC heap before
{Heap before GC invocations=28 (full 0):
 garbage-first heap   total 110592K, used 58180K [0x0000000080000000, 0x0000000100000000)
  region size 1024K, 5 young (5120K), 4 survivors (4096K)
 Metaspace       used 68240K, committed 68864K, reserved 1114112K
  class space    used 9283K, committed 9600K, reserved 1048576K
}
Event: 24.233 GC heap after
{Heap after GC invocations=29 (full 0):
 garbage-first heap   total 110592K, used 56579K [0x0000000080000000, 0x0000000100000000)
  region size 1024K, 1 young (1024K), 1 survivors (1024K)
 Metaspace       used 68240K, committed 68864K, reserved 1114112K
  class space    used 9283K, committed 9600K, reserved 1048576K
}

Dll operation events (3 events):
Event: 0.031 Loaded shared library C:\Program Files\Android\Android Studio\jbr\bin\java.dll
Event: 0.509 Loaded shared library C:\Program Files\Android\Android Studio\jbr\bin\zip.dll
Event: 1.516 Loaded shared library C:\Program Files\Android\Android Studio\jbr\bin\verify.dll

Deoptimization events (20 events):
Event: 24.891 Thread 0x000002cf3a5a1a80 DEOPT PACKING pc=0x000002cf1ed1f63b sp=0x000000d531bf55c0
Event: 24.891 Thread 0x000002cf3a5a1a80 DEOPT UNPACKING pc=0x000002cf25a27143 sp=0x000000d531bf4a30 mode 0
Event: 24.893 Thread 0x000002cf3a5a1a80 Uncommon trap: trap_request=0xffffff45 fr.pc=0x000002cf25fea228 relative=0x0000000000000128
Event: 24.893 Thread 0x000002cf3a5a1a80 Uncommon trap: reason=unstable_if action=reinterpret pc=0x000002cf25fea228 method=org.objectweb.asm.ByteVector.putByteArray([BII)Lorg/objectweb/asm/ByteVector; @ 20 c2
Event: 24.893 Thread 0x000002cf3a5a1a80 DEOPT PACKING pc=0x000002cf25fea228 sp=0x000000d531bf5380
Event: 24.893 Thread 0x000002cf3a5a1a80 DEOPT UNPACKING pc=0x000002cf25a269a3 sp=0x000000d531bf5350 mode 2
Event: 24.893 Thread 0x000002cf3a5a1a80 Uncommon trap: trap_request=0xffffff45 fr.pc=0x000002cf260e1c58 relative=0x0000000000000998
Event: 24.893 Thread 0x000002cf3a5a1a80 Uncommon trap: reason=unstable_if action=reinterpret pc=0x000002cf260e1c58 method=org.objectweb.asm.Label.resolve([BI)Z @ 80 c2
Event: 24.893 Thread 0x000002cf3a5a1a80 DEOPT PACKING pc=0x000002cf260e1c58 sp=0x000000d531bf53a0
Event: 24.893 Thread 0x000002cf3a5a1a80 DEOPT UNPACKING pc=0x000002cf25a269a3 sp=0x000000d531bf52c0 mode 2
Event: 24.893 Thread 0x000002cf3a5a1a80 Uncommon trap: trap_request=0xffffff45 fr.pc=0x000002cf2624ca30 relative=0x0000000000000210
Event: 24.893 Thread 0x000002cf3a5a1a80 Uncommon trap: reason=unstable_if action=reinterpret pc=0x000002cf2624ca30 method=org.objectweb.asm.Label.resolve([BI)Z @ 80 c2
Event: 24.893 Thread 0x000002cf3a5a1a80 DEOPT PACKING pc=0x000002cf2624ca30 sp=0x000000d531bf5330
Event: 24.893 Thread 0x000002cf3a5a1a80 DEOPT UNPACKING pc=0x000002cf25a269a3 sp=0x000000d531bf52b0 mode 2
Event: 24.894 Thread 0x000002cf3a5a1a80 Uncommon trap: trap_request=0xffffff45 fr.pc=0x000002cf26008eb0 relative=0x0000000000001150
Event: 24.894 Thread 0x000002cf3a5a1a80 Uncommon trap: reason=unstable_if action=reinterpret pc=0x000002cf26008eb0 method=org.objectweb.asm.MethodWriter.<init>(Lorg/objectweb/asm/SymbolTable;ILjava/lang/String;Ljava/lang/String;Ljava/lang/String;[Ljava/lang/String;I)V @ 94 c2
Event: 24.894 Thread 0x000002cf3a5a1a80 DEOPT PACKING pc=0x000002cf26008eb0 sp=0x000000d531bf54c0
Event: 24.894 Thread 0x000002cf3a5a1a80 DEOPT UNPACKING pc=0x000002cf25a269a3 sp=0x000000d531bf5398 mode 2
Event: 24.899 Thread 0x000002cf3a5a1a80 DEOPT PACKING pc=0x000002cf1e9f9a4e sp=0x000000d531bf5d70
Event: 24.899 Thread 0x000002cf3a5a1a80 DEOPT UNPACKING pc=0x000002cf25a27143 sp=0x000000d531bf5238 mode 0

Classes unloaded (0 events):
No events

Classes redefined (0 events):
No events

Internal exceptions (20 events):
Event: 17.126 Thread 0x000002cf3a5a1a80 Exception <a 'java/lang/NoSuchMethodError'{0x0000000083ec04f0}: 'java.lang.Object java.lang.invoke.DirectMethodHandle$Holder.invokeSpecial(java.lang.Object, java.lang.Object, java.lang.Object, java.lang.Object, java.lang.Object, long)'> (0x0000000083ec04f0) 
thrown [s\src\hotspot\share\interpreter\linkResolver.cpp, line 771]
Event: 17.131 Thread 0x000002cf3a5a1a80 Exception <a 'java/lang/NoSuchMethodError'{0x0000000083ee2838}: 'void java.lang.invoke.DirectMethodHandle$Holder.invokeStatic(java.lang.Object, java.lang.Object, java.lang.Object, int, java.lang.Object)'> (0x0000000083ee2838) 
thrown [s\src\hotspot\share\interpreter\linkResolver.cpp, line 771]
Event: 18.702 Thread 0x000002cf3a5a1a80 Exception <a 'java/lang/NoSuchMethodError'{0x0000000084ab5378}: 'long java.lang.invoke.DirectMethodHandle$Holder.invokeVirtual(java.lang.Object, java.lang.Object)'> (0x0000000084ab5378) 
thrown [s\src\hotspot\share\interpreter\linkResolver.cpp, line 771]
Event: 18.711 Thread 0x000002cf3a5a29b0 Exception <a 'java/lang/NoSuchMethodError'{0x0000000084aeb178}: static Lorg/gradle/internal/build/event/types/DefaultOperationFinishedProgressEvent;.<clinit>()V> (0x0000000084aeb178) 
thrown [s\src\hotspot\share\prims\jni.cpp, line 1108]
Event: 18.717 Thread 0x000002cf3a5a29b0 Exception <a 'java/lang/NoSuchMethodError'{0x0000000084911e28}: static Lorg/gradle/internal/build/event/types/DefaultProjectConfigurationSuccessResult;.<clinit>()V> (0x0000000084911e28) 
thrown [s\src\hotspot\share\prims\jni.cpp, line 1108]
Event: 18.718 Thread 0x000002cf3a5a29b0 Exception <a 'java/lang/NoSuchMethodError'{0x0000000084916120}: static Lorg/gradle/internal/build/event/types/AbstractProjectConfigurationResult;.<clinit>()V> (0x0000000084916120) 
thrown [s\src\hotspot\share\prims\jni.cpp, line 1108]
Event: 18.718 Thread 0x000002cf3a5a29b0 Exception <a 'java/lang/NoSuchMethodError'{0x0000000084917620}: static Lorg/gradle/internal/build/event/types/AbstractOperationResult;.<clinit>()V> (0x0000000084917620) 
thrown [s\src\hotspot\share\prims\jni.cpp, line 1108]
Event: 18.718 Thread 0x000002cf3a5a29b0 Exception <a 'java/lang/NoSuchMethodError'{0x0000000084998838}: static Lorg/gradle/internal/build/event/types/AbstractResult;.<clinit>()V> (0x0000000084998838) 
thrown [s\src\hotspot\share\prims\jni.cpp, line 1108]
Event: 18.721 Thread 0x000002cf3a5a29b0 Exception <a 'java/lang/NoSuchMethodError'{0x00000000849aed58}: static Lorg/gradle/internal/build/event/types/DefaultPluginApplicationResult;.<clinit>()V> (0x00000000849aed58) 
thrown [s\src\hotspot\share\prims\jni.cpp, line 1108]
Event: 18.722 Thread 0x000002cf3a5a29b0 Exception <a 'java/lang/NoSuchMethodError'{0x00000000849ba938}: static Lorg/gradle/internal/build/event/types/DefaultBinaryPluginIdentifier;.<clinit>()V> (0x00000000849ba938) 
thrown [s\src\hotspot\share\prims\jni.cpp, line 1108]
Event: 18.727 Thread 0x000002cf3a5a29b0 Exception <a 'java/lang/NoSuchMethodError'{0x00000000849d2348}: static Lorg/gradle/internal/build/event/types/DefaultScriptPluginIdentifier;.<clinit>()V> (0x00000000849d2348) 
thrown [s\src\hotspot\share\prims\jni.cpp, line 1108]
Event: 18.808 Thread 0x000002cf3a5a1a80 Implicit null exception at 0x000002cf2620598f to 0x000002cf26206090
Event: 18.899 Thread 0x000002cf3a5a1a80 Exception <a 'java/lang/NoSuchMethodError'{0x00000000845c45e0}: 'void java.lang.invoke.Invokers$Holder.invoke_MT(java.lang.Object, java.lang.Object, java.lang.Object, java.lang.Object)'> (0x00000000845c45e0) 
thrown [s\src\hotspot\share\interpreter\linkResolver.cpp, line 771]
Event: 19.178 Thread 0x000002cf3a5a1a80 Exception <a 'java/lang/ClassNotFoundException'{0x0000000083e35290}: sun/misc/SharedSecrets> (0x0000000083e35290) 
thrown [s\src\hotspot\share\classfile\systemDictionary.cpp, line 256]
Event: 19.179 Thread 0x000002cf3a5a1a80 Exception <a 'java/lang/ClassNotFoundException'{0x0000000083e36868}: org/gradle/api/internal/plugins/DefaultObjectConfigurationActionBeanInfo> (0x0000000083e36868) 
thrown [s\src\hotspot\share\classfile\systemDictionary.cpp, line 256]
Event: 19.181 Thread 0x000002cf3a5a1a80 Exception <a 'java/lang/ClassNotFoundException'{0x0000000083e4d100}: org/gradle/api/internal/plugins/DefaultObjectConfigurationActionCustomizer> (0x0000000083e4d100) 
thrown [s\src\hotspot\share\classfile\systemDictionary.cpp, line 256]
Event: 20.895 Thread 0x000002cf3a5a1a80 Exception <a 'java/lang/NoSuchMethodError'{0x00000000852eb160}: 'int java.lang.invoke.DirectMethodHandle$Holder.invokeInterface(java.lang.Object, java.lang.Object, java.lang.Object, java.lang.Object)'> (0x00000000852eb160) 
thrown [s\src\hotspot\share\interpreter\linkResolver.cpp, line 771]
Event: 22.888 Thread 0x000002cf3a5a1a80 Implicit null exception at 0x000002cf2612018c to 0x000002cf261202c2
Event: 23.296 Thread 0x000002cf3a5a1a80 Exception <a 'sun/nio/fs/WindowsException'{0x0000000086739e68}> (0x0000000086739e68) 
thrown [s\src\hotspot\share\prims\jni.cpp, line 517]
Event: 24.893 Thread 0x000002cf3a5a1a80 Implicit null exception at 0x000002cf25fea148 to 0x000002cf25fea208

VM Operations (20 events):
Event: 21.581 Executing VM operation: G1PauseCleanup
Event: 21.582 Executing VM operation: G1PauseCleanup done
Event: 22.290 Executing VM operation: G1CollectForAllocation
Event: 22.298 Executing VM operation: G1CollectForAllocation done
Event: 22.405 Executing VM operation: G1CollectForAllocation
Event: 22.410 Executing VM operation: G1CollectForAllocation done
Event: 22.823 Executing VM operation: HandshakeAllThreads
Event: 22.823 Executing VM operation: HandshakeAllThreads done
Event: 22.906 Executing VM operation: HandshakeAllThreads
Event: 22.906 Executing VM operation: HandshakeAllThreads done
Event: 23.095 Executing VM operation: G1CollectForAllocation
Event: 23.103 Executing VM operation: G1CollectForAllocation done
Event: 23.231 Executing VM operation: G1PauseRemark
Event: 23.239 Executing VM operation: G1PauseRemark done
Event: 23.277 Executing VM operation: G1PauseCleanup
Event: 23.277 Executing VM operation: G1PauseCleanup done
Event: 24.187 Executing VM operation: G1CollectForAllocation
Event: 24.196 Executing VM operation: G1CollectForAllocation done
Event: 24.227 Executing VM operation: G1CollectForAllocation
Event: 24.233 Executing VM operation: G1CollectForAllocation done

Events (20 events):
Event: 22.970 loading class sun/security/provider/DSA$SHA256withDSA
Event: 22.971 loading class sun/security/provider/DSA$SHA256withDSA done
Event: 23.015 loading class java/util/Base64
Event: 23.015 loading class java/util/Base64 done
Event: 23.015 loading class java/util/Base64$Decoder
Event: 23.016 loading class java/util/Base64$Decoder done
Event: 23.016 loading class java/util/Base64$Encoder
Event: 23.017 loading class java/util/Base64$Encoder done
Event: 23.018 loading class java/util/jar/JarVerifier$VerifierStream
Event: 23.019 loading class java/util/jar/JarVerifier$VerifierStream done
Event: 23.019 loading class sun/security/util/ManifestEntryVerifier$SunProviderHolder
Event: 23.020 loading class sun/security/util/ManifestEntryVerifier$SunProviderHolder done
Event: 24.410 loading class java/security/KeyStore
Event: 24.411 loading class java/security/KeyStore done
Event: 24.411 loading class java/security/KeyStore$1
Event: 24.412 loading class java/security/KeyStore$1 done
Event: 24.770 loading class javax/xml/stream/XMLStreamException
Event: 24.770 loading class javax/xml/stream/XMLStreamException done
Event: 24.813 loading class sun/reflect/annotation/AnnotationInvocationHandler$1
Event: 24.814 loading class sun/reflect/annotation/AnnotationInvocationHandler$1 done


Dynamic libraries:
0x00007ff60e350000 - 0x00007ff60e35a000 	C:\Program Files\Android\Android Studio\jbr\bin\java.exe
0x00007ffc2adb0000 - 0x00007ffc2afa8000 	C:\WINDOWS\SYSTEM32\ntdll.dll
0x00007ffc29e90000 - 0x00007ffc29f4d000 	C:\WINDOWS\System32\KERNEL32.DLL
0x00007ffc289e0000 - 0x00007ffc28cd6000 	C:\WINDOWS\System32\KERNELBASE.dll
0x00007ffc288e0000 - 0x00007ffc289e0000 	C:\WINDOWS\System32\ucrtbase.dll
0x00007ffc118b0000 - 0x00007ffc118c7000 	C:\Program Files\Android\Android Studio\jbr\bin\jli.dll
0x00007ffc23bf0000 - 0x00007ffc23c0b000 	C:\Program Files\Android\Android Studio\jbr\bin\VCRUNTIME140.dll
0x00007ffc2a860000 - 0x00007ffc2a9fe000 	C:\WINDOWS\System32\USER32.dll
0x00007ffc28620000 - 0x00007ffc28642000 	C:\WINDOWS\System32\win32u.dll
0x00007ffc2a160000 - 0x00007ffc2a18b000 	C:\WINDOWS\System32\GDI32.dll
0x00007ffc28650000 - 0x00007ffc28767000 	C:\WINDOWS\System32\gdi32full.dll
0x00007ffc28d50000 - 0x00007ffc28ded000 	C:\WINDOWS\System32\msvcp_win.dll
0x00007ffc177d0000 - 0x00007ffc17a6a000 	C:\WINDOWS\WinSxS\amd64_microsoft.windows.common-controls_6595b64144ccf1df_6.0.19041.3636_none_60b6a03d71f818d5\COMCTL32.dll
0x00007ffc29640000 - 0x00007ffc296de000 	C:\WINDOWS\System32\msvcrt.dll
0x00007ffc29190000 - 0x00007ffc291c2000 	C:\WINDOWS\System32\IMM32.DLL
0x00007ffc23ae0000 - 0x00007ffc23aec000 	C:\Program Files\Android\Android Studio\jbr\bin\vcruntime140_1.dll
0x00007ffc08990000 - 0x00007ffc08a1d000 	C:\Program Files\Android\Android Studio\jbr\bin\msvcp140.dll
0x00007ffbf3ec0000 - 0x00007ffbf4b43000 	C:\Program Files\Android\Android Studio\jbr\bin\server\jvm.dll
0x00007ffc28ea0000 - 0x00007ffc28f53000 	C:\WINDOWS\System32\ADVAPI32.dll
0x00007ffc2a2a0000 - 0x00007ffc2a33f000 	C:\WINDOWS\System32\sechost.dll
0x00007ffc2a680000 - 0x00007ffc2a7a6000 	C:\WINDOWS\System32\RPCRT4.dll
0x00007ffc288b0000 - 0x00007ffc288d7000 	C:\WINDOWS\System32\bcrypt.dll
0x00007ffc282d0000 - 0x00007ffc2831b000 	C:\WINDOWS\SYSTEM32\POWRPROF.dll
0x00007ffc23be0000 - 0x00007ffc23be9000 	C:\WINDOWS\SYSTEM32\WSOCK32.dll
0x00007ffc2a0d0000 - 0x00007ffc2a13b000 	C:\WINDOWS\System32\WS2_32.dll
0x00007ffc1f3c0000 - 0x00007ffc1f3e7000 	C:\WINDOWS\SYSTEM32\WINMM.dll
0x00007ffc20810000 - 0x00007ffc2081a000 	C:\WINDOWS\SYSTEM32\VERSION.dll
0x00007ffc282b0000 - 0x00007ffc282c2000 	C:\WINDOWS\SYSTEM32\UMPDC.dll
0x00007ffc26ce0000 - 0x00007ffc26cf2000 	C:\WINDOWS\SYSTEM32\kernel.appcore.dll
0x00007ffc23ab0000 - 0x00007ffc23aba000 	C:\Program Files\Android\Android Studio\jbr\bin\jimage.dll
0x00007ffc262f0000 - 0x00007ffc264d4000 	C:\WINDOWS\SYSTEM32\DBGHELP.DLL
0x00007ffc13c80000 - 0x00007ffc13cb4000 	C:\WINDOWS\SYSTEM32\dbgcore.DLL
0x00007ffc28820000 - 0x00007ffc288a2000 	C:\WINDOWS\System32\bcryptPrimitives.dll
0x00007ffc122e0000 - 0x00007ffc122ee000 	C:\Program Files\Android\Android Studio\jbr\bin\instrument.dll
0x00007ffc23730000 - 0x00007ffc23755000 	C:\Program Files\Android\Android Studio\jbr\bin\java.dll
0x00007ffc1d300000 - 0x00007ffc1d318000 	C:\Program Files\Android\Android Studio\jbr\bin\zip.dll
0x00007ffc296e0000 - 0x00007ffc29e25000 	C:\WINDOWS\System32\SHELL32.dll
0x00007ffc26500000 - 0x00007ffc26c9c000 	C:\WINDOWS\SYSTEM32\windows.storage.dll
0x00007ffc2aa00000 - 0x00007ffc2ad54000 	C:\WINDOWS\System32\combase.dll
0x00007ffc27dd0000 - 0x00007ffc27dfe000 	C:\WINDOWS\SYSTEM32\Wldp.dll
0x00007ffc28f60000 - 0x00007ffc2902d000 	C:\WINDOWS\System32\OLEAUT32.dll
0x00007ffc28df0000 - 0x00007ffc28e9d000 	C:\WINDOWS\System32\SHCORE.dll
0x00007ffc29040000 - 0x00007ffc29095000 	C:\WINDOWS\System32\shlwapi.dll
0x00007ffc283a0000 - 0x00007ffc283c5000 	C:\WINDOWS\SYSTEM32\profapi.dll
0x00007ffc17630000 - 0x00007ffc17649000 	C:\Program Files\Android\Android Studio\jbr\bin\net.dll
0x00007ffc1d6c0000 - 0x00007ffc1d7ca000 	C:\WINDOWS\SYSTEM32\WINHTTP.dll
0x00007ffc27b30000 - 0x00007ffc27b9a000 	C:\WINDOWS\system32\mswsock.dll
0x00007ffc17610000 - 0x00007ffc17626000 	C:\Program Files\Android\Android Studio\jbr\bin\nio.dll
0x00007ffc12ed0000 - 0x00007ffc12ee0000 	C:\Program Files\Android\Android Studio\jbr\bin\verify.dll
0x00007ffc0da20000 - 0x00007ffc0da47000 	C:\Users\gazhi\.gradle\native\c067742578af261105cb4f569cf0c3c89f3d7b1fecec35dd04571415982c5e48\windows-amd64\native-platform.dll
0x00007ffbfe370000 - 0x00007ffbfe4b4000 	C:\Users\gazhi\.gradle\native\38dada09dfb8b06ba9b0570ebf7e218e3eb74d4ef43ca46872605cf95ebc2f47\windows-amd64\native-platform-file-events.dll
0x00007ffc1fb60000 - 0x00007ffc1fb69000 	C:\Program Files\Android\Android Studio\jbr\bin\management.dll
0x00007ffc16da0000 - 0x00007ffc16dab000 	C:\Program Files\Android\Android Studio\jbr\bin\management_ext.dll
0x00007ffc29180000 - 0x00007ffc29188000 	C:\WINDOWS\System32\PSAPI.DLL
0x00007ffc27d20000 - 0x00007ffc27d38000 	C:\WINDOWS\SYSTEM32\CRYPTSP.dll
0x00007ffc27460000 - 0x00007ffc27494000 	C:\WINDOWS\system32\rsaenh.dll
0x00007ffc28320000 - 0x00007ffc2834e000 	C:\WINDOWS\SYSTEM32\USERENV.dll
0x00007ffc27d40000 - 0x00007ffc27d4c000 	C:\WINDOWS\SYSTEM32\CRYPTBASE.dll
0x00007ffc27820000 - 0x00007ffc2785b000 	C:\WINDOWS\SYSTEM32\IPHLPAPI.DLL
0x00007ffc29030000 - 0x00007ffc29038000 	C:\WINDOWS\System32\NSI.dll
0x00007ffc205f0000 - 0x00007ffc20607000 	C:\WINDOWS\SYSTEM32\dhcpcsvc6.DLL
0x00007ffc205d0000 - 0x00007ffc205ed000 	C:\WINDOWS\SYSTEM32\dhcpcsvc.DLL
0x00007ffc27860000 - 0x00007ffc2792b000 	C:\WINDOWS\SYSTEM32\DNSAPI.dll
0x00007ffbdfcf0000 - 0x00007ffbdfcf7000 	C:\WINDOWS\system32\wshunix.dll

dbghelp: loaded successfully - version: 4.0.5 - missing functions: none
symbol engine: initialized successfully - sym options: 0x614 - pdb path: .;C:\Program Files\Android\Android Studio\jbr\bin;C:\WINDOWS\SYSTEM32;C:\WINDOWS\WinSxS\amd64_microsoft.windows.common-controls_6595b64144ccf1df_6.0.19041.3636_none_60b6a03d71f818d5;C:\Program Files\Android\Android Studio\jbr\bin\server;C:\Users\gazhi\.gradle\native\c067742578af261105cb4f569cf0c3c89f3d7b1fecec35dd04571415982c5e48\windows-amd64;C:\Users\gazhi\.gradle\native\38dada09dfb8b06ba9b0570ebf7e218e3eb74d4ef43ca46872605cf95ebc2f47\windows-amd64

VM Arguments:
jvm_args: --add-opens=java.base/java.util=ALL-UNNAMED --add-opens=java.base/java.lang=ALL-UNNAMED --add-opens=java.base/java.lang.invoke=ALL-UNNAMED --add-opens=java.prefs/java.util.prefs=ALL-UNNAMED --add-opens=java.base/java.nio.charset=ALL-UNNAMED --add-opens=java.base/java.net=ALL-UNNAMED --add-opens=java.base/java.util.concurrent.atomic=ALL-UNNAMED -Xmx2048m -Dfile.encoding=UTF-8 -Duser.country=RU -Duser.language=ru -Duser.variant -javaagent:C:\Users\gazhi\.gradle\wrapper\dists\gradle-8.4-bin\1w5dpkrfk8irigvoxmyhowfim\gradle-8.4\lib\agents\gradle-instrumentation-agent-8.4.jar 
java_command: org.gradle.launcher.daemon.bootstrap.GradleDaemon 8.4
java_class_path (initial): C:\Users\gazhi\.gradle\wrapper\dists\gradle-8.4-bin\1w5dpkrfk8irigvoxmyhowfim\gradle-8.4\lib\gradle-launcher-8.4.jar
Launcher Type: SUN_STANDARD

[Global flags]
     intx CICompilerCount                          = 3                                         {product} {ergonomic}
     uint ConcGCThreads                            = 1                                         {product} {ergonomic}
     uint G1ConcRefinementThreads                  = 4                                         {product} {ergonomic}
   size_t G1HeapRegionSize                         = 1048576                                   {product} {ergonomic}
    uintx GCDrainStackTargetSize                   = 64                                        {product} {ergonomic}
   size_t InitialHeapSize                          = 100663296                                 {product} {ergonomic}
   size_t MarkStackSize                            = 4194304                                   {product} {ergonomic}
   size_t MaxHeapSize                              = 2147483648                                {product} {command line}
   size_t MaxNewSize                               = 1287651328                                {product} {ergonomic}
   size_t MinHeapDeltaBytes                        = 1048576                                   {product} {ergonomic}
   size_t MinHeapSize                              = 8388608                                   {product} {ergonomic}
    uintx NonNMethodCodeHeapSize                   = 5832780                                {pd product} {ergonomic}
    uintx NonProfiledCodeHeapSize                  = 122912730                              {pd product} {ergonomic}
    uintx ProfiledCodeHeapSize                     = 122912730                              {pd product} {ergonomic}
    uintx ReservedCodeCacheSize                    = 251658240                              {pd product} {ergonomic}
     bool SegmentedCodeCache                       = true                                      {product} {ergonomic}
   size_t SoftMaxHeapSize                          = 2147483648                             {manageable} {ergonomic}
     bool UseCompressedClassPointers               = true                           {product lp64_product} {ergonomic}
     bool UseCompressedOops                        = true                           {product lp64_product} {ergonomic}
     bool UseG1GC                                  = true                                      {product} {ergonomic}
     bool UseLargePagesIndividualAllocation        = false                                  {pd product} {ergonomic}

Logging:
Log output configuration:
 #0: stdout all=warning uptime,level,tags
 #1: stderr all=off uptime,level,tags

Environment Variables:
PATH=C:\WINDOWS\system32;C:\WINDOWS;C:\WINDOWS\System32\Wbem;C:\WINDOWS\System32\WindowsPowerShell\v1.0\;C:\WINDOWS\System32\OpenSSH\;C:\Program Files\dotnet\;C:\Program Files (x86)\Windows Kits\10\Windows Performance Toolkit\;C:\Program Files\Git\cmd;C:\Users\gazhi\AppData\Local\Microsoft\WindowsApps;C:\Users\gazhi\.dotnet\tools
USERNAME=gazhi
OS=Windows_NT
PROCESSOR_IDENTIFIER=AMD64 Family 23 Model 24 Stepping 1, AuthenticAMD
TMP=C:\Users\gazhi\AppData\Local\Temp
TEMP=C:\Users\gazhi\AppData\Local\Temp



Periodic native trim disabled

JNI global refs:
JNI global refs: 27, weak refs: 9

JNI global refs memory usage: 843, weak refs: 841

OOME stack traces (most recent first):
Classloader memory used:
Loader org.gradle.internal.classloader.VisitableURLClassLoader                         : 3650K
Loader bootstrap                                                                       : 2697K
Loader org.gradle.internal.classloader.VisitableURLClassLoader$InstrumentingVisitableURLClassLoader: 1176K
Loader org.gradle.initialization.MixInLegacyTypesClassLoader                           : 1156K
Loader jdk.internal.loader.ClassLoaders$PlatformClassLoader                            : 67720B
Loader jdk.internal.reflect.DelegatingClassLoader                                      : 35953B
Loader jdk.internal.loader.ClassLoaders$AppClassLoader                                 : 28453B
Loader org.gradle.internal.classloader.VisitableURLClassLoader                         : 7831B

Classes loaded by more than one classloader:
Class Program                                                                         : loaded 4 times (x 72B)
Class com.google.common.collect.Iterators$MergingIterator                             : loaded 2 times (x 79B)
Class org.objectweb.asm.ModuleVisitor                                                 : loaded 2 times (x 79B)
Class [Lcom.google.common.collect.AbstractMapEntry;                                   : loaded 2 times (x 67B)
Class com.google.common.collect.SingletonImmutableList                                : loaded 2 times (x 167B)
Class com.google.common.cache.CacheLoader$SupplierToCacheLoader                       : loaded 2 times (x 73B)
Class org.gradle.internal.classpath.ClassPath                                         : loaded 2 times (x 68B)
Class com.google.common.cache.RemovalListener                                         : loaded 2 times (x 68B)
Class org.gradle.api.internal.classpath.DefaultModuleRegistry                         : loaded 2 times (x 84B)
Class Settings_gradle$1$1                                                             : loaded 2 times (x 72B)
Class com.google.common.collect.ImmutableEnumSet                                      : loaded 2 times (x 144B)
Class com.google.common.collect.ListMultimap                                          : loaded 2 times (x 68B)
Class com.google.common.base.CharMatcher$JavaDigit                                    : loaded 2 times (x 109B)
Class com.google.common.base.CharMatcher$Digit                                        : loaded 2 times (x 110B)
Class com.google.common.collect.AbstractMultimap                                      : loaded 2 times (x 121B)
Class com.google.common.cache.CacheBuilder$OneWeigher                                 : loaded 2 times (x 80B)
Class org.gradle.api.Action                                                           : loaded 2 times (x 68B)
Class com.google.common.collect.ImmutableEntry                                        : loaded 2 times (x 80B)
Class com.google.common.collect.Lists$StringAsImmutableList                           : loaded 2 times (x 167B)
Class com.google.common.cache.LocalCache$StrongEntry                                  : loaded 2 times (x 106B)
Class org.objectweb.asm.FieldWriter                                                   : loaded 2 times (x 76B)
Class com.google.common.base.CharMatcher                                              : loaded 2 times (x 109B)
Class com.google.common.base.CharMatcher$IsNot                                        : loaded 2 times (x 109B)
Class com.google.common.base.Splitter                                                 : loaded 2 times (x 70B)
Class [Lcom.google.common.cache.Weigher;                                              : loaded 2 times (x 67B)
Class com.google.common.collect.Iterators$ArrayItr                                    : loaded 2 times (x 95B)
Class com.google.common.cache.LocalCache$Segment                                      : loaded 2 times (x 152B)
Class org.gradle.api.internal.DefaultClassPathProvider                                : loaded 2 times (x 74B)
Class org.gradle.internal.installation.GradleInstallation$1                           : loaded 2 times (x 73B)
Class com.google.common.cache.LocalCache$AbstractReferenceEntry                       : loaded 2 times (x 105B)
Class org.objectweb.asm.Type                                                          : loaded 2 times (x 70B)
Class com.google.common.util.concurrent.AbstractFuture$Failure                        : loaded 2 times (x 70B)
Class com.google.common.base.CharMatcher$BitSetMatcher                                : loaded 2 times (x 110B)
Class com.google.common.collect.ImmutableMap$IteratorBasedImmutableMap                : loaded 2 times (x 123B)
Class com.google.common.collect.ImmutableMap                                          : loaded 2 times (x 118B)
Class com.google.common.base.Converter                                                : loaded 2 times (x 88B)
Class com.google.common.collect.ImmutableSet$EmptySetBuilderImpl                      : loaded 2 times (x 74B)
Class com.google.common.base.Equivalence                                              : loaded 2 times (x 80B)
Class com.google.common.primitives.Ints                                               : loaded 2 times (x 69B)
Class com.google.common.cache.LocalCache$EntryFactory$1                               : loaded 2 times (x 81B)
Class com.google.common.cache.LocalCache$EntryFactory$2                               : loaded 2 times (x 81B)
Class com.google.common.cache.LocalCache$EntryFactory$3                               : loaded 2 times (x 81B)
Class com.google.common.cache.LocalCache$EntryFactory$4                               : loaded 2 times (x 81B)
Class com.google.common.cache.LocalCache$EntryFactory$5                               : loaded 2 times (x 81B)
Class com.google.common.cache.LocalCache$EntryFactory$6                               : loaded 2 times (x 81B)
Class com.google.common.cache.LocalCache$EntryFactory$7                               : loaded 2 times (x 81B)
Class com.google.common.cache.LocalCache$EntryFactory$8                               : loaded 2 times (x 81B)
Class com.google.common.base.Predicate                                                : loaded 2 times (x 68B)
Class com.google.common.cache.LocalCache$StrongValueReference                         : loaded 2 times (x 88B)
Class org.gradle.internal.classloader.FilteringClassLoader                            : loaded 2 times (x 103B)
Class com.google.common.collect.RegularImmutableSet                                   : loaded 2 times (x 146B)
Class [Lcom.google.common.cache.LocalCache$Strength;                                  : loaded 2 times (x 67B)
Class org.gradle.internal.classpath.DefaultClassPath$ImmutableUniqueList$Builder      : loaded 2 times (x 73B)
Class com.google.common.collect.Maps$8                                                : loaded 2 times (x 80B)
Class [Lcom.google.common.cache.CacheBuilder$NullListener;                            : loaded 2 times (x 67B)
Class com.google.common.base.PatternCompiler                                          : loaded 2 times (x 68B)
Class com.google.common.base.CharMatcher$InRange                                      : loaded 2 times (x 109B)
Class com.google.common.collect.Sets$SetView                                          : loaded 2 times (x 136B)
Class com.google.common.collect.BiMap                                                 : loaded 2 times (x 68B)
Class com.google.common.collect.Lists                                                 : loaded 2 times (x 69B)
Class org.objectweb.asm.AnnotationWriter                                              : loaded 2 times (x 77B)
Class com.google.common.math.IntMath$1                                                : loaded 2 times (x 69B)
Class org.gradle.internal.classloader.ClassLoaderVisitor                              : loaded 2 times (x 74B)
Class org.objectweb.asm.Label                                                         : loaded 2 times (x 71B)
Class com.google.common.cache.CacheBuilder$NullListener                               : loaded 2 times (x 80B)
Class com.google.common.math.MathPreconditions                                        : loaded 2 times (x 69B)
Class org.gradle.internal.service.DefaultServiceLocator                               : loaded 2 times (x 81B)
Class org.gradle.internal.service.UnknownServiceException                             : loaded 2 times (x 81B)
Class com.google.common.util.concurrent.AbstractFuture$SynchronizedHelper             : loaded 2 times (x 76B)
Class com.google.common.collect.ArrayListMultimap                                     : loaded 2 times (x 170B)
Class com.google.common.base.Strings                                                  : loaded 2 times (x 69B)
Class com.google.common.cache.CacheLoader$InvalidCacheLoadException                   : loaded 2 times (x 80B)
Class org.gradle.internal.classloader.DefaultClassLoaderFactory                       : loaded 2 times (x 80B)
Class com.google.common.collect.UnmodifiableIterator                                  : loaded 2 times (x 78B)
Class com.google.common.base.Stopwatch                                                : loaded 2 times (x 70B)
Class com.google.common.base.Platform$JdkPatternCompiler                              : loaded 2 times (x 73B)
Class com.google.common.cache.LocalCache$LoadingValueReference                        : loaded 2 times (x 94B)
Class com.google.common.base.CharMatcher$SingleWidth                                  : loaded 2 times (x 110B)
Class com.google.common.collect.Hashing                                               : loaded 2 times (x 69B)
Class com.google.common.base.JdkPattern                                               : loaded 2 times (x 73B)
Class com.google.common.collect.Multimap                                              : loaded 2 times (x 68B)
Class com.google.common.base.FunctionalEquivalence                                    : loaded 2 times (x 81B)
Class org.objectweb.asm.AnnotationVisitor                                             : loaded 2 times (x 76B)
Class org.objectweb.asm.RecordComponentWriter                                         : loaded 2 times (x 76B)
Class com.google.common.cache.LocalCache$1                                            : loaded 2 times (x 87B)
Class com.google.common.cache.LocalCache$2                                            : loaded 2 times (x 140B)
Class com.google.common.collect.RegularImmutableBiMap                                 : loaded 2 times (x 146B)
Class org.gradle.internal.classloader.VisitableURLClassLoader$Spec                    : loaded 2 times (x 72B)
Class org.gradle.api.GradleException                                                  : loaded 2 times (x 80B)
Class com.google.common.base.CharMatcher$JavaLetterOrDigit                            : loaded 2 times (x 109B)
Class org.gradle.api.internal.classpath.ModuleRegistry                                : loaded 2 times (x 68B)
Class com.google.common.collect.ForwardingObject                                      : loaded 2 times (x 70B)
Class com.google.common.cache.CacheBuilder                                            : loaded 2 times (x 70B)
Class org.objectweb.asm.ByteVector                                                    : loaded 2 times (x 77B)
Class com.google.common.collect.ImmutableCollection                                   : loaded 2 times (x 123B)
Class com.google.common.base.PairwiseEquivalence                                      : loaded 2 times (x 81B)
Class com.google.common.base.Ticker                                                   : loaded 2 times (x 70B)
Class org.gradle.api.internal.ClassPathProvider                                       : loaded 2 times (x 68B)
Class com.google.common.base.Ascii                                                    : loaded 2 times (x 69B)
Class com.google.common.collect.RegularImmutableMap$Values                            : loaded 2 times (x 167B)
Class org.objectweb.asm.ModuleWriter                                                  : loaded 2 times (x 80B)
Class org.gradle.internal.classloader.ClasspathUtil$1                                 : loaded 2 times (x 74B)
Class com.google.common.collect.ImmutableEnumMap                                      : loaded 2 times (x 123B)
Class com.google.common.collect.ForwardingMap                                         : loaded 2 times (x 130B)
Class com.google.common.collect.ImmutableList$ReverseImmutableList                    : loaded 2 times (x 168B)
Class com.google.common.cache.AbstractCache$StatsCounter                              : loaded 2 times (x 68B)
Class org.objectweb.asm.FieldVisitor                                                  : loaded 2 times (x 75B)
Class org.objectweb.asm.Symbol                                                        : loaded 2 times (x 71B)
Class com.google.common.cache.LocalCache$Strength$1                                   : loaded 2 times (x 79B)
Class com.google.common.cache.LocalCache$Strength$2                                   : loaded 2 times (x 79B)
Class com.google.common.cache.LocalCache$Strength$3                                   : loaded 2 times (x 79B)
Class org.gradle.internal.classloader.ClassLoaderFactory                              : loaded 2 times (x 68B)
Class com.google.common.collect.ObjectArrays                                          : loaded 2 times (x 69B)
Class com.google.common.util.concurrent.AbstractFuture$Waiter                         : loaded 2 times (x 70B)
Class com.google.common.util.concurrent.Uninterruptibles                              : loaded 2 times (x 69B)
Class com.google.common.collect.Iterators$10                                          : loaded 2 times (x 79B)
Class com.google.common.collect.ImmutableList                                         : loaded 2 times (x 166B)
Class org.gradle.api.internal.classpath.ManifestUtil                                  : loaded 2 times (x 69B)
Class org.gradle.api.specs.Spec                                                       : loaded 2 times (x 68B)
Class com.google.common.cache.CacheLoader$UnsupportedLoadingOperationException        : loaded 2 times (x 80B)
Class com.google.common.base.CharMatcher$Whitespace                                   : loaded 2 times (x 110B)
Class com.google.common.util.concurrent.ListenableFuture                              : loaded 2 times (x 68B)
Class com.google.common.collect.Iterators$1                                           : loaded 2 times (x 79B)
Class com.google.common.collect.Iterators$4                                           : loaded 2 times (x 80B)
Class com.google.common.collect.RegularImmutableMap$BucketOverflowException           : loaded 2 times (x 80B)
Class com.google.common.collect.Iterators$5                                           : loaded 2 times (x 80B)
Class com.google.common.util.concurrent.AbstractFuture$UnsafeAtomicHelper             : loaded 2 times (x 76B)
Class com.google.common.base.Joiner                                                   : loaded 2 times (x 77B)
Class com.google.common.base.Equivalence$Equals                                       : loaded 2 times (x 80B)
Class com.google.common.base.Preconditions                                            : loaded 2 times (x 69B)
Class com.google.common.base.Function                                                 : loaded 2 times (x 68B)
Class com.google.common.collect.Iterators$9                                           : loaded 2 times (x 79B)
Class org.gradle.internal.IoActions                                                   : loaded 2 times (x 69B)
Class com.google.common.cache.ReferenceEntry                                          : loaded 2 times (x 68B)
Class com.google.common.collect.RegularImmutableMap$KeySet                            : loaded 2 times (x 148B)
Class com.google.common.collect.CollectPreconditions                                  : loaded 2 times (x 69B)
Class com.google.common.primitives.IntsMethodsForWeb                                  : loaded 2 times (x 69B)
Class com.google.common.collect.Maps                                                  : loaded 2 times (x 69B)
Class com.google.common.collect.RegularImmutableMap                                   : loaded 2 times (x 119B)
Class com.google.common.collect.AbstractIndexedListIterator                           : loaded 2 times (x 94B)
Class com.google.common.base.CharMatcher$None                                         : loaded 2 times (x 110B)
Class org.gradle.api.internal.classpath.EffectiveClassPath                            : loaded 2 times (x 88B)
Class com.google.common.collect.UnmodifiableListIterator                              : loaded 2 times (x 93B)
Class com.google.common.cache.CacheLoader$FunctionToCacheLoader                       : loaded 2 times (x 73B)
Class com.google.common.cache.CacheBuilder$1                                          : loaded 2 times (x 83B)
Class com.google.common.cache.CacheBuilder$2                                          : loaded 2 times (x 70B)
Class com.google.common.collect.ImmutableList$1                                       : loaded 2 times (x 95B)
Class com.google.common.base.Splitter$Strategy                                        : loaded 2 times (x 68B)
Class com.google.common.collect.ImmutableMapEntrySet$RegularEntrySet                  : loaded 2 times (x 149B)
Class [Lcom.google.common.cache.RemovalListener;                                      : loaded 2 times (x 67B)
Class [Lcom.google.common.collect.ImmutableMapEntry;                                  : loaded 2 times (x 67B)
Class org.gradle.internal.installation.CurrentGradleInstallation                      : loaded 2 times (x 71B)
Class org.gradle.internal.agents.InstrumentingClassLoader                             : loaded 2 times (x 68B)
Class org.gradle.internal.installation.CurrentGradleInstallationLocator               : loaded 2 times (x 69B)
Class [Lcom.google.common.cache.LocalCache$Segment;                                   : loaded 2 times (x 67B)
Class org.gradle.api.internal.classpath.Module                                        : loaded 2 times (x 68B)
Class com.google.common.base.Splitter$1$1                                             : loaded 2 times (x 84B)
Class com.google.common.collect.ImmutableSet$JdkBackedSetBuilderImpl                  : loaded 2 times (x 74B)
Class com.google.common.collect.ImmutableSet$RegularSetBuilderImpl                    : loaded 2 times (x 75B)
Class [Lorg.objectweb.asm.AnnotationWriter;                                           : loaded 2 times (x 67B)
Class org.gradle.internal.service.CachingServiceLocator                               : loaded 2 times (x 80B)
Class [Lcom.google.common.collect.ImmutableEntry;                                     : loaded 2 times (x 67B)
Class org.gradle.internal.classpath.DefaultClassPath                                  : loaded 2 times (x 88B)
Class com.google.common.util.concurrent.AbstractFuture$SetFuture                      : loaded 2 times (x 73B)
Class com.google.common.base.Splitter$SplittingIterator                               : loaded 2 times (x 82B)
Class com.google.common.cache.LocalCache$LocalManualCache$1                           : loaded 2 times (x 73B)
Class Build_gradle$1                                                                  : loaded 2 times (x 76B)
Class org.objectweb.asm.SymbolTable$Entry                                             : loaded 2 times (x 72B)
Class [Lcom.google.common.cache.LocalCache$EntryFactory;                              : loaded 2 times (x 67B)
Class com.google.common.base.CharMatcher$Is                                           : loaded 2 times (x 109B)
Class com.google.common.base.Platform                                                 : loaded 2 times (x 69B)
Class com.google.common.collect.RegularImmutableAsList                                : loaded 2 times (x 176B)
Class com.google.common.collect.PeekingIterator                                       : loaded 2 times (x 68B)
Class com.google.common.collect.ImmutableMapEntrySet                                  : loaded 2 times (x 149B)
Class com.google.common.cache.CacheLoader                                             : loaded 2 times (x 72B)
Class com.google.common.collect.ImmutableBiMapFauxverideShim                          : loaded 2 times (x 118B)
Class org.objectweb.asm.MethodTooLargeException                                       : loaded 2 times (x 81B)
Class com.google.common.cache.Cache                                                   : loaded 2 times (x 68B)
Class org.gradle.internal.classloader.SystemClassLoaderSpec                           : loaded 2 times (x 69B)
Class com.google.common.util.concurrent.internal.InternalFutureFailureAccess          : loaded 2 times (x 70B)
Class com.google.common.base.Charsets                                                 : loaded 2 times (x 69B)
Class com.google.common.primitives.Ints$IntConverter                                  : loaded 2 times (x 88B)
Class com.google.common.collect.SingletonImmutableSet                                 : loaded 2 times (x 144B)
Class [Lcom.google.common.base.AbstractIterator$State;                                : loaded 2 times (x 67B)
Class com.google.common.collect.ImmutableMap$Builder                                  : loaded 2 times (x 80B)
Class com.google.common.base.AbstractIterator                                         : loaded 2 times (x 78B)
Class org.objectweb.asm.ClassWriter                                                   : loaded 2 times (x 104B)
Class com.google.common.base.AbstractIterator$1                                       : loaded 2 times (x 69B)
Class [Lcom.google.common.cache.CacheBuilder$OneWeigher;                              : loaded 2 times (x 67B)
Class com.google.common.collect.Iterators                                             : loaded 2 times (x 69B)
Class com.google.common.base.CharMatcher$1                                            : loaded 2 times (x 111B)
Class com.google.common.base.CharMatcher$Ascii                                        : loaded 2 times (x 110B)
Class com.google.common.cache.LocalCache$ComputingValueReference                      : loaded 2 times (x 94B)
Class org.gradle.api.UncheckedIOException                                             : loaded 2 times (x 80B)
Class com.google.common.base.CharMatcher$And                                          : loaded 2 times (x 110B)
Class com.google.common.collect.IndexedImmutableSet                                   : loaded 2 times (x 148B)
Class com.google.common.collect.AbstractListMultimap                                  : loaded 2 times (x 170B)
Class com.google.common.base.CharMatcher$Any                                          : loaded 2 times (x 110B)
Class org.gradle.internal.installation.GradleInstallation                             : loaded 2 times (x 73B)
Class com.google.common.cache.LocalCache$Strength                                     : loaded 2 times (x 79B)
Class com.google.common.collect.ArrayListMultimapGwtSerializationDependencies         : loaded 2 times (x 170B)
Class com.google.common.base.CharMatcher$RangesMatcher                                : loaded 2 times (x 110B)
Class org.objectweb.asm.Handler                                                       : loaded 2 times (x 70B)
Class com.google.common.collect.ImmutableList$SubList                                 : loaded 2 times (x 168B)
Class com.google.common.cache.LocalCache$ValueReference                               : loaded 2 times (x 68B)
Class org.gradle.internal.classloader.ClasspathUtil                                   : loaded 2 times (x 69B)
Class org.objectweb.asm.CurrentFrame                                                  : loaded 2 times (x 71B)
Class com.google.common.util.concurrent.AbstractFuture                                : loaded 2 times (x 93B)
Class com.google.common.base.Splitter$1                                               : loaded 2 times (x 75B)
Class com.google.common.base.Ticker$1                                                 : loaded 2 times (x 70B)
Class com.google.common.collect.Maps$BiMapConverter                                   : loaded 2 times (x 88B)
Class org.gradle.api.internal.DefaultClassPathRegistry                                : loaded 2 times (x 74B)
Class com.google.common.util.concurrent.AbstractFuture$Cancellation                   : loaded 2 times (x 70B)
Class [Lorg.objectweb.asm.Symbol;                                                     : loaded 2 times (x 67B)
Class com.google.common.collect.ImmutableSet$SetBuilderImpl                           : loaded 2 times (x 74B)
Class org.gradle.api.internal.classpath.DefaultModuleRegistry$DefaultModule           : loaded 2 times (x 84B)
Class com.google.common.base.CharMatcher$JavaIsoControl                               : loaded 2 times (x 110B)
Class com.google.common.collect.ImmutableMap$1                                        : loaded 2 times (x 79B)
Class com.google.common.base.CharMatcher$Or                                           : loaded 2 times (x 110B)
Class org.gradle.kotlin.dsl.VersionCatalogAccessorsKt                                 : loaded 2 times (x 69B)
Class com.google.common.base.Suppliers$SupplierOfInstance                             : loaded 2 times (x 77B)
Class org.objectweb.asm.RecordComponentVisitor                                        : loaded 2 times (x 75B)
Class com.google.common.collect.Iterables                                             : loaded 2 times (x 69B)
Class com.google.common.base.CharMatcher$JavaLowerCase                                : loaded 2 times (x 109B)
Class org.objectweb.asm.ClassTooLargeException                                        : loaded 2 times (x 81B)
Class org.gradle.api.internal.classpath.UnknownModuleException                        : loaded 2 times (x 80B)
Class com.google.common.util.concurrent.AbstractFuture$Listener                       : loaded 2 times (x 70B)
Class org.objectweb.asm.Edge                                                          : loaded 2 times (x 70B)
Class com.google.common.collect.Maps$EntryTransformer                                 : loaded 2 times (x 68B)
Class com.google.common.collect.ImmutableCollection$Builder                           : loaded 2 times (x 74B)
Class [Lorg.objectweb.asm.SymbolTable$Entry;                                          : loaded 2 times (x 67B)
Class com.google.common.collect.SingletonImmutableBiMap                               : loaded 2 times (x 141B)
Class com.google.common.base.CommonPattern                                            : loaded 2 times (x 72B)
Class com.google.common.base.Suppliers                                                : loaded 2 times (x 69B)
Class org.objectweb.asm.ClassVisitor                                                  : loaded 2 times (x 86B)
Class com.google.common.cache.LoadingCache                                            : loaded 2 times (x 68B)
Class org.gradle.internal.service.ServiceLookupException                              : loaded 2 times (x 80B)
Class org.gradle.cache.GlobalCache                                                    : loaded 2 times (x 68B)
Class com.google.common.base.CharMatcher$NegatedFastMatcher                           : loaded 2 times (x 111B)
Class [Lorg.gradle.api.internal.ClassPathProvider;                                    : loaded 2 times (x 67B)
Class com.google.common.util.concurrent.AbstractFuture$SafeAtomicHelper               : loaded 2 times (x 77B)
Class org.gradle.util.internal.GUtil                                                  : loaded 2 times (x 69B)
Class com.google.common.math.IntMath                                                  : loaded 2 times (x 69B)
Class com.google.common.collect.AbstractIterator                                      : loaded 2 times (x 80B)
Class org.gradle.internal.classloader.ClassLoaderSpec                                 : loaded 2 times (x 69B)
Class com.google.common.base.NullnessCasts                                            : loaded 2 times (x 69B)
Class org.objectweb.asm.Frame                                                         : loaded 2 times (x 71B)
Class com.google.common.cache.LocalCache$LocalManualCache                             : loaded 2 times (x 97B)
Class com.google.common.collect.AbstractMapEntry                                      : loaded 2 times (x 79B)
Class com.google.common.base.CharMatcher$Negated                                      : loaded 2 times (x 111B)
Class com.google.common.cache.CacheLoader$1                                           : loaded 2 times (x 73B)
Class com.google.common.util.concurrent.AbstractFuture$TrustedFuture                  : loaded 2 times (x 95B)
Class com.google.common.collect.Sets                                                  : loaded 2 times (x 69B)
Class com.google.common.collect.ImmutableSet$Builder                                  : loaded 2 times (x 83B)
Class com.google.common.base.CharMatcher$ForPredicate                                 : loaded 2 times (x 110B)
Class com.google.common.collect.ImmutableMap$MapViewOfValuesAsSingletonSets           : loaded 2 times (x 123B)
Class com.google.common.base.MoreObjects                                              : loaded 2 times (x 69B)
Class com.google.common.collect.SortedMapDifference                                   : loaded 2 times (x 68B)
Class org.objectweb.asm.SymbolTable                                                   : loaded 2 times (x 70B)
Class [Lorg.objectweb.asm.AnnotationVisitor;                                          : loaded 2 times (x 67B)
Class com.google.common.cache.CacheStats                                              : loaded 2 times (x 69B)
Class org.objectweb.asm.Attribute                                                     : loaded 2 times (x 75B)
Class org.gradle.internal.classloader.VisitableURLClassLoader                         : loaded 2 times (x 115B)
Class com.google.common.cache.LocalCache$LocalLoadingCache                            : loaded 2 times (x 132B)
Class com.google.common.base.Supplier                                                 : loaded 2 times (x 68B)
Class com.google.common.util.concurrent.AbstractFuture$AtomicHelper                   : loaded 2 times (x 76B)
Class com.google.common.collect.ImmutableBiMap                                        : loaded 2 times (x 141B)
Class org.gradle.internal.Cast                                                        : loaded 2 times (x 69B)
Class Build_gradle                                                                    : loaded 2 times (x 70B)
Class org.gradle.api.internal.ClassPathRegistry                                       : loaded 2 times (x 68B)
Class com.google.common.cache.LocalCache$EntryFactory                                 : loaded 2 times (x 81B)
Class com.google.common.util.concurrent.UncheckedExecutionException                   : loaded 2 times (x 80B)
Class com.google.common.collect.ImmutableSet                                          : loaded 2 times (x 143B)
Class org.gradle.internal.classloader.VisitableURLClassLoader$InstrumentingVisitableURLClassLoader: loaded 2 times (x 121B)
Class org.gradle.internal.classloader.ClassLoaderHierarchy                            : loaded 2 times (x 68B)
Class [Lorg.objectweb.asm.Type;                                                       : loaded 2 times (x 67B)
Class com.google.common.base.AbstractIterator$State                                   : loaded 2 times (x 77B)
Class com.google.common.cache.Weigher                                                 : loaded 2 times (x 68B)
Class com.google.common.base.CharMatcher$NamedFastMatcher                             : loaded 2 times (x 110B)
Class org.gradle.internal.InternalTransformer                                         : loaded 2 times (x 68B)
Class org.gradle.internal.service.ServiceLocator                                      : loaded 2 times (x 68B)
Class Settings_gradle$1                                                               : loaded 2 times (x 72B)
Class com.google.common.util.concurrent.SettableFuture                                : loaded 2 times (x 95B)
Class com.google.common.collect.ImmutableMapEntry                                     : loaded 2 times (x 83B)
Class com.google.common.base.CharMatcher$Invisible                                    : loaded 2 times (x 110B)
Class com.google.common.base.Joiner$1                                                 : loaded 2 times (x 78B)
Class com.google.common.base.Joiner$2                                                 : loaded 2 times (x 77B)
Class com.google.common.base.CharMatcher$FastMatcher                                  : loaded 2 times (x 109B)
Class org.gradle.internal.classpath.DefaultClassPath$ImmutableUniqueList              : loaded 2 times (x 159B)
Class com.google.common.base.CharMatcher$JavaLetter                                   : loaded 2 times (x 109B)
Class org.gradle.internal.classpath.TransformedClassPath                              : loaded 2 times (x 94B)
Class com.google.common.collect.MapDifference                                         : loaded 2 times (x 68B)
Class com.google.common.collect.Sets$1                                                : loaded 2 times (x 137B)
Class com.google.common.collect.Sets$2                                                : loaded 2 times (x 137B)
Class com.google.common.util.concurrent.AbstractFuture$Trusted                        : loaded 2 times (x 68B)
Class com.google.common.collect.Sets$3                                                : loaded 2 times (x 137B)
Class com.google.common.collect.Sets$4                                                : loaded 2 times (x 137B)
Class Settings_gradle                                                                 : loaded 2 times (x 126B)
Class org.objectweb.asm.MethodWriter                                                  : loaded 2 times (x 104B)
Class com.google.common.collect.Platform                                              : loaded 2 times (x 69B)
Class com.google.common.collect.ImmutableAsList                                       : loaded 2 times (x 169B)
Class com.google.common.util.concurrent.ExecutionError                                : loaded 2 times (x 80B)
Class com.google.common.base.Equivalence$Identity                                     : loaded 2 times (x 80B)
Class com.google.common.base.CharMatcher$AnyOf                                        : loaded 2 times (x 110B)
Class com.google.common.base.CharMatcher$IsEither                                     : loaded 2 times (x 109B)
Class com.google.common.cache.LocalCache                                              : loaded 2 times (x 185B)
Class com.google.common.collect.RegularImmutableList                                  : loaded 2 times (x 172B)
Class com.google.common.util.concurrent.AbstractFuture$UnsafeAtomicHelper$1           : loaded 2 times (x 74B)
Class com.google.common.base.CharMatcher$JavaUpperCase                                : loaded 2 times (x 109B)
Class com.google.common.collect.Multiset                                              : loaded 2 times (x 68B)
Class com.google.common.collect.ImmutableSet$CachingAsList                            : loaded 2 times (x 145B)
Class org.objectweb.asm.MethodVisitor                                                 : loaded 2 times (x 103B)
Class com.google.common.collect.ImmutableMapEntry$NonTerminalImmutableMapEntry        : loaded 2 times (x 83B)
Class com.google.common.collect.AbstractMapBasedMultimap                              : loaded 2 times (x 137B)


---------------  S Y S T E M  ---------------

OS:
 Windows 10 , 64 bit Build 19041 (10.0.19041.3636)
OS uptime: 5 days 15:47 hours

CPU: total 4 (initial active 4) (4 cores per cpu, 2 threads per core) family 23 model 24 stepping 1 microcode 0x0, cx8, cmov, fxsr, ht, mmx, 3dnowpref, sse, sse2, sse3, ssse3, sse4a, sse4.1, sse4.2, popcnt, lzcnt, tsc, tscinvbit, avx, avx2, aes, clmul, bmi1, bmi2, adx, sha, fma, vzeroupper, clflush, clflushopt
Processor Information for all 4 processors :
  Max Mhz: 2600, Current Mhz: 2600, Mhz Limit: 2600

Memory: 4k page, system-wide physical 6082M (284M free)
TotalPageFile size 24514M (AvailPageFile size 7M)
current process WorkingSet (physical memory assigned to process): 242M, peak: 244M
current process commit charge ("private bytes"): 323M, peak: 325M

vm_info: OpenJDK 64-Bit Server VM (17.0.9+0--11185874) for windows-amd64 JRE (17.0.9+0--11185874), built on Dec  6 2023 18:57:44 by "androidbuild" with MS VC++ 16.10 / 16.11 (VS2019)

END.
