#
# There is insufficient memory for the Java Runtime Environment to continue.
# Native memory allocation (malloc) failed to allocate 1784304 bytes for Chunk::new
# Possible reasons:
#   The system is out of physical RAM or swap space
#   The process is running with CompressedOops enabled, and the Java Heap may be blocking the growth of the native heap
# Possible solutions:
#   Reduce memory load on the system
#   Increase physical memory or swap space
#   Check if swap backing store is full
#   Decrease Java heap size (-Xmx/-Xms)
#   Decrease number of Java threads
#   Decrease Java thread stack sizes (-Xss)
#   Set larger code cache with -XX:ReservedCodeCacheSize=
#   JVM is running with Unscaled Compressed Oops mode in which the Java heap is
#     placed in the first 4GB address space. The Java Heap base address is the
#     maximum limit for the native heap growth. Please use -XX:HeapBaseMinAddress
#     to set the Java Heap base and to place the Java Heap above 4GB virtual address.
# This output file may be truncated or incomplete.
#
#  Out of Memory Error (arena.cpp:191), pid=11768, tid=10236
#
# JRE version: OpenJDK Runtime Environment (17.0.9) (build 17.0.9+0--11185874)
# Java VM: OpenJDK 64-Bit Server VM (17.0.9+0--11185874, mixed mode, tiered, compressed oops, compressed class ptrs, g1 gc, windows-amd64)
# No core dump will be written. Minidumps are not enabled by default on client versions of Windows
#

---------------  S U M M A R Y ------------

Command Line: --add-opens=java.base/java.util=ALL-UNNAMED --add-opens=java.base/java.lang=ALL-UNNAMED --add-opens=java.base/java.lang.invoke=ALL-UNNAMED --add-opens=java.prefs/java.util.prefs=ALL-UNNAMED --add-opens=java.base/java.nio.charset=ALL-UNNAMED --add-opens=java.base/java.net=ALL-UNNAMED --add-opens=java.base/java.util.concurrent.atomic=ALL-UNNAMED -Xmx2048m -Dfile.encoding=UTF-8 -Duser.country=RU -Duser.language=ru -Duser.variant -javaagent:C:\Users\gazhi\.gradle\wrapper\dists\gradle-8.4-bin\1w5dpkrfk8irigvoxmyhowfim\gradle-8.4\lib\agents\gradle-instrumentation-agent-8.4.jar org.gradle.launcher.daemon.bootstrap.GradleDaemon 8.4

Host: AMD Ryzen 3 3200U with Radeon Vega Mobile Gfx  , 4 cores, 5G,  Windows 10 , 64 bit Build 19041 (10.0.19041.3636)
Time: Fri Mar 22 13:57:58 2024 RTZ 2 (s 10 , 64 bit Build 19041 (10.0.19041.3636) elapsed time: 27.862723 seconds (0d 0h 0m 27s)

---------------  T H R E A D  ---------------

Current thread (0x000001532c02a680):  JavaThread "C2 CompilerThread0" daemon [_thread_in_native, id=10236, stack(0x0000003ec5500000,0x0000003ec5600000)]


Current CompileTask:
C2:  27862 7700 %     4       org.gradle.internal.instantiation.generator.AbstractClassGenerator::inspectType @ 250 (560 bytes)

Stack: [0x0000003ec5500000,0x0000003ec5600000]
Native frames: (J=compiled Java code, j=interpreted, Vv=VM code, C=native code)
V  [jvm.dll+0x6886e9]
V  [jvm.dll+0x841e4a]
V  [jvm.dll+0x843a8e]
V  [jvm.dll+0x8440f3]
V  [jvm.dll+0x24c14f]
V  [jvm.dll+0xac44c]
V  [jvm.dll+0xaca9c]
V  [jvm.dll+0x36c1f7]
V  [jvm.dll+0x33651a]
V  [jvm.dll+0x3359ba]
V  [jvm.dll+0x21ddb1]
V  [jvm.dll+0x21d1d1]
V  [jvm.dll+0x1a674d]
V  [jvm.dll+0x22d088]
V  [jvm.dll+0x22b1c0]
V  [jvm.dll+0x7f62f7]
V  [jvm.dll+0x7f06aa]
V  [jvm.dll+0x687565]
C  [ucrtbase.dll+0x21bb2]
C  [KERNEL32.DLL+0x17344]
C  [ntdll.dll+0x526b1]


---------------  P R O C E S S  ---------------

Threads class SMR info:
_java_thread_list=0x0000015330b0a620, length=46, elements={
0x000001530e79b620, 0x0000015327d5ddf0, 0x0000015327d92570, 0x000001532c008070,
0x000001532c008940, 0x000001532c009210, 0x000001532c029a80, 0x000001532c02a680,
0x000001532c02bb40, 0x000001532c02cbf0, 0x000001532c14d220, 0x000001532c262b50,
0x000001532cd31ad0, 0x000001532dbb60a0, 0x000001532da80a80, 0x000001532d9e1030,
0x000001532da49760, 0x000001532dbe87d0, 0x000001532d329070, 0x000001532dc85080,
0x000001532dc864c0, 0x000001532dc85fb0, 0x000001532dc85aa0, 0x000001532dc86ee0,
0x000001532dc873f0, 0x000001532dc87e10, 0x000001532dc87900, 0x000001532dc88320,
0x000001532df01fa0, 0x000001532df075b0, 0x000001532df038f0, 0x000001532df029c0,
0x000001532df05750, 0x000001532df02ed0, 0x000001532df03e00, 0x000001532df01a90,
0x000001532df05c60, 0x000001532df084e0, 0x000001532df04310, 0x000001532df07ac0,
0x000001532df05240, 0x000001532df04820, 0x000001532df06170, 0x000001532df06b90,
0x000001532df07fd0, 0x000001532cafa130
}

Java Threads: ( => current thread )
  0x000001530e79b620 JavaThread "main" [_thread_blocked, id=3520, stack(0x0000003ec4800000,0x0000003ec4900000)]
  0x0000015327d5ddf0 JavaThread "Reference Handler" daemon [_thread_blocked, id=16276, stack(0x0000003ec4f00000,0x0000003ec5000000)]
  0x0000015327d92570 JavaThread "Finalizer" daemon [_thread_blocked, id=16028, stack(0x0000003ec5000000,0x0000003ec5100000)]
  0x000001532c008070 JavaThread "Signal Dispatcher" daemon [_thread_blocked, id=13640, stack(0x0000003ec5100000,0x0000003ec5200000)]
  0x000001532c008940 JavaThread "Attach Listener" daemon [_thread_blocked, id=8628, stack(0x0000003ec5200000,0x0000003ec5300000)]
  0x000001532c009210 JavaThread "Service Thread" daemon [_thread_blocked, id=6404, stack(0x0000003ec5300000,0x0000003ec5400000)]
  0x000001532c029a80 JavaThread "Monitor Deflation Thread" daemon [_thread_blocked, id=11888, stack(0x0000003ec5400000,0x0000003ec5500000)]
=>0x000001532c02a680 JavaThread "C2 CompilerThread0" daemon [_thread_in_native, id=10236, stack(0x0000003ec5500000,0x0000003ec5600000)]
  0x000001532c02bb40 JavaThread "C1 CompilerThread0" daemon [_thread_blocked, id=11964, stack(0x0000003ec5600000,0x0000003ec5700000)]
  0x000001532c02cbf0 JavaThread "Sweeper thread" daemon [_thread_blocked, id=9620, stack(0x0000003ec5700000,0x0000003ec5800000)]
  0x000001532c14d220 JavaThread "Common-Cleaner" daemon [_thread_blocked, id=15492, stack(0x0000003ec5800000,0x0000003ec5900000)]
  0x000001532c262b50 JavaThread "Notification Thread" daemon [_thread_blocked, id=16104, stack(0x0000003ec5900000,0x0000003ec5a00000)]
  0x000001532cd31ad0 JavaThread "Daemon health stats" [_thread_blocked, id=9636, stack(0x0000003ec5e00000,0x0000003ec5f00000)]
  0x000001532dbb60a0 JavaThread "Incoming local TCP Connector on port 55433" [_thread_in_native, id=7392, stack(0x0000003ec5f00000,0x0000003ec6000000)]
  0x000001532da80a80 JavaThread "Daemon periodic checks" [_thread_blocked, id=12612, stack(0x0000003ec6000000,0x0000003ec6100000)]
  0x000001532d9e1030 JavaThread "Daemon" [_thread_blocked, id=4168, stack(0x0000003ec6100000,0x0000003ec6200000)]
  0x000001532da49760 JavaThread "Handler for socket connection from /127.0.0.1:55433 to /127.0.0.1:55434" [_thread_in_native, id=9032, stack(0x0000003ec6200000,0x0000003ec6300000)]
  0x000001532dbe87d0 JavaThread "Cancel handler" [_thread_blocked, id=15364, stack(0x0000003ec6300000,0x0000003ec6400000)]
  0x000001532d329070 JavaThread "Daemon worker" [_thread_in_vm, id=2052, stack(0x0000003ec6400000,0x0000003ec6500000)]
  0x000001532dc85080 JavaThread "Asynchronous log dispatcher for DefaultDaemonConnection: socket connection from /127.0.0.1:55433 to /127.0.0.1:55434" [_thread_blocked, id=6368, stack(0x0000003ec6500000,0x0000003ec6600000)]
  0x000001532dc864c0 JavaThread "Stdin handler" [_thread_blocked, id=11648, stack(0x0000003ec6600000,0x0000003ec6700000)]
  0x000001532dc85fb0 JavaThread "Daemon client event forwarder" [_thread_blocked, id=13460, stack(0x0000003ec6700000,0x0000003ec6800000)]
  0x000001532dc85aa0 JavaThread "Cache worker for journal cache (C:\Users\gazhi\.gradle\caches\journal-1)" [_thread_blocked, id=16252, stack(0x0000003ec6800000,0x0000003ec6900000)]
  0x000001532dc86ee0 JavaThread "File lock request listener" [_thread_in_native, id=13628, stack(0x0000003ec6900000,0x0000003ec6a00000)]
  0x000001532dc873f0 JavaThread "Cache worker for file hash cache (C:\Users\gazhi\.gradle\caches\8.4\fileHashes)" [_thread_blocked, id=6440, stack(0x0000003ec6a00000,0x0000003ec6b00000)]
  0x000001532dc87e10 JavaThread "File watcher server" daemon [_thread_in_native, id=10080, stack(0x0000003ec6b00000,0x0000003ec6c00000)]
  0x000001532dc87900 JavaThread "File watcher consumer" daemon [_thread_blocked, id=1704, stack(0x0000003ec6c00000,0x0000003ec6d00000)]
  0x000001532dc88320 JavaThread "Cache worker for checksums cache (C:\Users\gazhi\AndroidStudioProjects\project\.gradle\8.4\checksums)" [_thread_blocked, id=15752, stack(0x0000003ec6d00000,0x0000003ec6e00000)]
  0x000001532df01fa0 JavaThread "Cache worker for file hash cache (C:\Users\gazhi\AndroidStudioProjects\project\.gradle\8.4\fileHashes)" [_thread_blocked, id=5240, stack(0x0000003ec6e00000,0x0000003ec6f00000)]
  0x000001532df075b0 JavaThread "Cache worker for cache directory md-supplier (C:\Users\gazhi\.gradle\caches\8.4\md-supplier)" [_thread_blocked, id=12916, stack(0x0000003ec6f00000,0x0000003ec7000000)]
  0x000001532df038f0 JavaThread "Cache worker for file content cache (C:\Users\gazhi\.gradle\caches\8.4\fileContent)" [_thread_blocked, id=15600, stack(0x0000003ec7000000,0x0000003ec7100000)]
  0x000001532df029c0 JavaThread "Cache worker for cache directory md-rule (C:\Users\gazhi\.gradle\caches\8.4\md-rule)" [_thread_blocked, id=8072, stack(0x0000003ec7100000,0x0000003ec7200000)]
  0x000001532df05750 JavaThread "Cache worker for execution history cache (C:\Users\gazhi\.gradle\caches\8.4\executionHistory)" [_thread_blocked, id=1436, stack(0x0000003ec7300000,0x0000003ec7400000)]
  0x000001532df02ed0 JavaThread "Cache worker for kotlin-dsl (C:\Users\gazhi\.gradle\caches\8.4\kotlin-dsl)" [_thread_blocked, id=13168, stack(0x0000003ec7500000,0x0000003ec7600000)]
  0x000001532df03e00 JavaThread "jar transforms" [_thread_blocked, id=13944, stack(0x0000003ec7600000,0x0000003ec7700000)]
  0x000001532df01a90 JavaThread "jar transforms Thread 2" [_thread_blocked, id=16208, stack(0x0000003ec7700000,0x0000003ec7800000)]
  0x000001532df05c60 JavaThread "jar transforms Thread 3" [_thread_blocked, id=7916, stack(0x0000003ec7800000,0x0000003ec7900000)]
  0x000001532df084e0 JavaThread "jar transforms Thread 4" [_thread_blocked, id=9644, stack(0x0000003ec7900000,0x0000003ec7a00000)]
  0x000001532df04310 JavaThread "Cache worker for dependencies-accessors (C:\Users\gazhi\AndroidStudioProjects\project\.gradle\8.4\dependencies-accessors)" [_thread_blocked, id=6228, stack(0x0000003ec7a00000,0x0000003ec7b00000)]
  0x000001532df07ac0 JavaThread "Cache worker for Build Output Cleanup Cache (C:\Users\gazhi\AndroidStudioProjects\project\.gradle\buildOutputCleanup)" [_thread_blocked, id=10492, stack(0x0000003ec7b00000,0x0000003ec7c00000)]
  0x000001532df05240 JavaThread "Unconstrained build operations" [_thread_blocked, id=11552, stack(0x0000003ec7c00000,0x0000003ec7d00000)]
  0x000001532df04820 JavaThread "Unconstrained build operations Thread 2" [_thread_blocked, id=8352, stack(0x0000003ec7d00000,0x0000003ec7e00000)]
  0x000001532df06170 JavaThread "Unconstrained build operations Thread 3" [_thread_blocked, id=13532, stack(0x0000003ec7e00000,0x0000003ec7f00000)]
  0x000001532df06b90 JavaThread "build event listener" [_thread_blocked, id=10012, stack(0x0000003ec7f00000,0x0000003ec8000000)]
  0x000001532df07fd0 JavaThread "Memory manager" [_thread_blocked, id=14388, stack(0x0000003ec8000000,0x0000003ec8100000)]
  0x000001532cafa130 JavaThread "C2 CompilerThread1" daemon [_thread_blocked, id=15196, stack(0x0000003ec7400000,0x0000003ec7500000)]

Other Threads:
  0x0000015327d59390 VMThread "VM Thread" [stack: 0x0000003ec4e00000,0x0000003ec4f00000] [id=14252]
  0x000001532c263030 WatcherThread [stack: 0x0000003ec5a00000,0x0000003ec5b00000] [id=3984]
  0x000001530e7f8090 GCTaskThread "GC Thread#0" [stack: 0x0000003ec4900000,0x0000003ec4a00000] [id=11012]
  0x0000015327d9c9c0 GCTaskThread "GC Thread#1" [stack: 0x0000003ec5b00000,0x0000003ec5c00000] [id=4292]
  0x0000015327d9c440 GCTaskThread "GC Thread#2" [stack: 0x0000003ec5c00000,0x0000003ec5d00000] [id=728]
  0x0000015327d9cc80 GCTaskThread "GC Thread#3" [stack: 0x0000003ec5d00000,0x0000003ec5e00000] [id=8824]
  0x000001530e808ef0 ConcurrentGCThread "G1 Main Marker" [stack: 0x0000003ec4a00000,0x0000003ec4b00000] [id=14548]
  0x000001530e809fc0 ConcurrentGCThread "G1 Conc#0" [stack: 0x0000003ec4b00000,0x0000003ec4c00000] [id=14300]
  0x0000015327bc0090 ConcurrentGCThread "G1 Refine#0" [stack: 0x0000003ec4c00000,0x0000003ec4d00000] [id=13852]
  0x000001532d952f10 ConcurrentGCThread "G1 Refine#1" [stack: 0x0000003ec7200000,0x0000003ec7300000] [id=14112]
  0x0000015327bc19e0 ConcurrentGCThread "G1 Service" [stack: 0x0000003ec4d00000,0x0000003ec4e00000] [id=13904]

Threads with active compile tasks:
C2 CompilerThread0    27911 7700 %     4       org.gradle.internal.instantiation.generator.AbstractClassGenerator::inspectType @ 250 (560 bytes)

VM state: not at safepoint (normal execution)

VM Mutex/Monitor currently owned by a thread: None

Heap address: 0x0000000080000000, size: 2048 MB, Compressed Oops mode: 32-bit

CDS archive(s) not mapped
Compressed class space mapped at: 0x0000000100000000-0x0000000140000000, reserved size: 1073741824
Narrow klass base: 0x0000000000000000, Narrow klass shift: 3, Narrow klass range: 0x140000000

GC Precious Log:
 CPUs: 4 total, 4 available
 Memory: 6082M
 Large Page Support: Disabled
 NUMA Support: Disabled
 Compressed Oops: Enabled (32-bit)
 Heap Region Size: 1M
 Heap Min Capacity: 8M
 Heap Initial Capacity: 96M
 Heap Max Capacity: 2G
 Pre-touch: Disabled
 Parallel Workers: 4
 Concurrent Workers: 1
 Concurrent Refinement Workers: 4
 Periodic GC: Disabled

Heap:
 garbage-first heap   total 126976K, used 67719K [0x0000000080000000, 0x0000000100000000)
  region size 1024K, 10 young (10240K), 5 survivors (5120K)
 Metaspace       used 76976K, committed 77568K, reserved 1179648K
  class space    used 10479K, committed 10752K, reserved 1048576K

Heap Regions: E=young(eden), S=young(survivor), O=old, HS=humongous(starts), HC=humongous(continues), CS=collection set, F=free, OA=open archive, CA=closed archive, TAMS=top-at-mark-start (previous, next)
|   0|0x0000000080000000, 0x0000000080100000, 0x0000000080100000|100%| O|  |TAMS 0x0000000080100000, 0x0000000080000000| Untracked 
|   1|0x0000000080100000, 0x0000000080200000, 0x0000000080200000|100%| O|  |TAMS 0x0000000080200000, 0x0000000080100000| Untracked 
|   2|0x0000000080200000, 0x0000000080300000, 0x0000000080300000|100%|HS|  |TAMS 0x0000000080300000, 0x0000000080200000| Complete 
|   3|0x0000000080300000, 0x0000000080400000, 0x0000000080400000|100%|HC|  |TAMS 0x0000000080400000, 0x0000000080300000| Complete 
|   4|0x0000000080400000, 0x0000000080500000, 0x0000000080500000|100%|HC|  |TAMS 0x0000000080500000, 0x0000000080400000| Complete 
|   5|0x0000000080500000, 0x0000000080600000, 0x0000000080600000|100%|HC|  |TAMS 0x0000000080600000, 0x0000000080500000| Complete 
|   6|0x0000000080600000, 0x0000000080700000, 0x0000000080700000|100%| O|  |TAMS 0x0000000080700000, 0x0000000080600000| Untracked 
|   7|0x0000000080700000, 0x0000000080800000, 0x0000000080800000|100%| O|  |TAMS 0x0000000080800000, 0x0000000080700000| Untracked 
|   8|0x0000000080800000, 0x0000000080900000, 0x0000000080900000|100%| O|  |TAMS 0x0000000080900000, 0x0000000080800000| Untracked 
|   9|0x0000000080900000, 0x0000000080a00000, 0x0000000080a00000|100%| O|  |TAMS 0x0000000080a00000, 0x0000000080900000| Untracked 
|  10|0x0000000080a00000, 0x0000000080abd800, 0x0000000080b00000| 74%| O|  |TAMS 0x0000000080abd800, 0x0000000080a00000| Untracked 
|  11|0x0000000080b00000, 0x0000000080c00000, 0x0000000080c00000|100%| O|  |TAMS 0x0000000080c00000, 0x0000000080b00000| Untracked 
|  12|0x0000000080c00000, 0x0000000080d00000, 0x0000000080d00000|100%| O|  |TAMS 0x0000000080d00000, 0x0000000080c00000| Untracked 
|  13|0x0000000080d00000, 0x0000000080e00000, 0x0000000080e00000|100%| O|  |TAMS 0x0000000080d00000, 0x0000000080d00000| Untracked 
|  14|0x0000000080e00000, 0x0000000080f00000, 0x0000000080f00000|100%| O|  |TAMS 0x0000000080f00000, 0x0000000080e00000| Untracked 
|  15|0x0000000080f00000, 0x0000000081000000, 0x0000000081000000|100%| O|  |TAMS 0x0000000081000000, 0x0000000080f00000| Untracked 
|  16|0x0000000081000000, 0x0000000081100000, 0x0000000081100000|100%| O|  |TAMS 0x0000000081100000, 0x0000000081000000| Untracked 
|  17|0x0000000081100000, 0x0000000081200000, 0x0000000081200000|100%| O|  |TAMS 0x0000000081200000, 0x0000000081100000| Untracked 
|  18|0x0000000081200000, 0x0000000081300000, 0x0000000081300000|100%| O|  |TAMS 0x0000000081300000, 0x0000000081200000| Untracked 
|  19|0x0000000081300000, 0x0000000081400000, 0x0000000081400000|100%| O|  |TAMS 0x0000000081400000, 0x0000000081300000| Untracked 
|  20|0x0000000081400000, 0x0000000081500000, 0x0000000081500000|100%| O|  |TAMS 0x0000000081500000, 0x0000000081400000| Untracked 
|  21|0x0000000081500000, 0x0000000081600000, 0x0000000081600000|100%| O|  |TAMS 0x0000000081600000, 0x0000000081500000| Untracked 
|  22|0x0000000081600000, 0x0000000081700000, 0x0000000081700000|100%| O|  |TAMS 0x0000000081700000, 0x0000000081600000| Untracked 
|  23|0x0000000081700000, 0x0000000081800000, 0x0000000081800000|100%|HS|  |TAMS 0x0000000081800000, 0x0000000081700000| Complete 
|  24|0x0000000081800000, 0x0000000081900000, 0x0000000081900000|100%| O|  |TAMS 0x0000000081900000, 0x0000000081800000| Untracked 
|  25|0x0000000081900000, 0x0000000081a00000, 0x0000000081a00000|100%| O|  |TAMS 0x0000000081a00000, 0x0000000081900000| Untracked 
|  26|0x0000000081a00000, 0x0000000081b00000, 0x0000000081b00000|100%| O|  |TAMS 0x0000000081b00000, 0x0000000081a00000| Untracked 
|  27|0x0000000081b00000, 0x0000000081c00000, 0x0000000081c00000|100%| O|  |TAMS 0x0000000081c00000, 0x0000000081b00000| Untracked 
|  28|0x0000000081c00000, 0x0000000081d00000, 0x0000000081d00000|100%| O|  |TAMS 0x0000000081d00000, 0x0000000081c00000| Untracked 
|  29|0x0000000081d00000, 0x0000000081e00000, 0x0000000081e00000|100%| O|  |TAMS 0x0000000081e00000, 0x0000000081d00000| Untracked 
|  30|0x0000000081e00000, 0x0000000081f00000, 0x0000000081f00000|100%| O|  |TAMS 0x0000000081f00000, 0x0000000081e00000| Untracked 
|  31|0x0000000081f00000, 0x0000000082000000, 0x0000000082000000|100%| O|  |TAMS 0x0000000082000000, 0x0000000081f00000| Untracked 
|  32|0x0000000082000000, 0x0000000082100000, 0x0000000082100000|100%| O|  |TAMS 0x0000000082100000, 0x0000000082000000| Untracked 
|  33|0x0000000082100000, 0x0000000082200000, 0x0000000082200000|100%| O|  |TAMS 0x0000000082200000, 0x0000000082100000| Untracked 
|  34|0x0000000082200000, 0x0000000082300000, 0x0000000082300000|100%| O|  |TAMS 0x0000000082300000, 0x0000000082200000| Untracked 
|  35|0x0000000082300000, 0x0000000082400000, 0x0000000082400000|100%| O|  |TAMS 0x0000000082400000, 0x0000000082300000| Untracked 
|  36|0x0000000082400000, 0x0000000082500000, 0x0000000082500000|100%| O|  |TAMS 0x0000000082500000, 0x0000000082400000| Untracked 
|  37|0x0000000082500000, 0x0000000082600000, 0x0000000082600000|100%| O|  |TAMS 0x0000000082600000, 0x0000000082500000| Untracked 
|  38|0x0000000082600000, 0x0000000082700000, 0x0000000082700000|100%|HS|  |TAMS 0x0000000082700000, 0x0000000082600000| Complete 
|  39|0x0000000082700000, 0x0000000082800000, 0x0000000082800000|100%|HS|  |TAMS 0x0000000082800000, 0x0000000082700000| Complete 
|  40|0x0000000082800000, 0x0000000082900000, 0x0000000082900000|100%| O|  |TAMS 0x0000000082900000, 0x0000000082800000| Untracked 
|  41|0x0000000082900000, 0x0000000082a00000, 0x0000000082a00000|100%| O|  |TAMS 0x0000000082a00000, 0x0000000082900000| Untracked 
|  42|0x0000000082a00000, 0x0000000082b00000, 0x0000000082b00000|100%| O|  |TAMS 0x0000000082a00000, 0x0000000082a00000| Untracked 
|  43|0x0000000082b00000, 0x0000000082c00000, 0x0000000082c00000|100%| O|  |TAMS 0x0000000082c00000, 0x0000000082b00000| Untracked 
|  44|0x0000000082c00000, 0x0000000082d00000, 0x0000000082d00000|100%|HS|  |TAMS 0x0000000082d00000, 0x0000000082c00000| Complete 
|  45|0x0000000082d00000, 0x0000000082e00000, 0x0000000082e00000|100%| O|  |TAMS 0x0000000082e00000, 0x0000000082d00000| Untracked 
|  46|0x0000000082e00000, 0x0000000082f00000, 0x0000000082f00000|100%| O|  |TAMS 0x0000000082f00000, 0x0000000082e00000| Untracked 
|  47|0x0000000082f00000, 0x0000000083000000, 0x0000000083000000|100%| O|  |TAMS 0x0000000083000000, 0x0000000082f00000| Untracked 
|  48|0x0000000083000000, 0x0000000083100000, 0x0000000083100000|100%| O|  |TAMS 0x0000000083100000, 0x0000000083000000| Untracked 
|  49|0x0000000083100000, 0x0000000083200000, 0x0000000083200000|100%|HS|  |TAMS 0x0000000083200000, 0x0000000083100000| Complete 
|  50|0x0000000083200000, 0x0000000083300000, 0x0000000083300000|100%| O|  |TAMS 0x00000000832d0a00, 0x0000000083200000| Untracked 
|  51|0x0000000083300000, 0x0000000083400000, 0x0000000083400000|100%| O|  |TAMS 0x0000000083300000, 0x0000000083300000| Untracked 
|  52|0x0000000083400000, 0x0000000083500000, 0x0000000083500000|100%| O|  |TAMS 0x0000000083400000, 0x0000000083400000| Untracked 
|  53|0x0000000083500000, 0x0000000083600000, 0x0000000083600000|100%| O|  |TAMS 0x0000000083500000, 0x0000000083500000| Untracked 
|  54|0x0000000083600000, 0x0000000083700000, 0x0000000083700000|100%| O|  |TAMS 0x0000000083600000, 0x0000000083600000| Untracked 
|  55|0x0000000083700000, 0x0000000083800000, 0x0000000083800000|100%| O|  |TAMS 0x0000000083700000, 0x0000000083700000| Untracked 
|  56|0x0000000083800000, 0x0000000083900000, 0x0000000083900000|100%| O|  |TAMS 0x0000000083800000, 0x0000000083800000| Untracked 
|  57|0x0000000083900000, 0x00000000839ec200, 0x0000000083a00000| 92%| O|  |TAMS 0x0000000083900000, 0x0000000083900000| Untracked 
|  58|0x0000000083a00000, 0x0000000083a00000, 0x0000000083b00000|  0%| F|  |TAMS 0x0000000083a00000, 0x0000000083a00000| Untracked 
|  59|0x0000000083b00000, 0x0000000083b00000, 0x0000000083c00000|  0%| F|  |TAMS 0x0000000083b00000, 0x0000000083b00000| Untracked 
|  60|0x0000000083c00000, 0x0000000083c00000, 0x0000000083d00000|  0%| F|  |TAMS 0x0000000083c00000, 0x0000000083c00000| Untracked 
|  61|0x0000000083d00000, 0x0000000083d00000, 0x0000000083e00000|  0%| F|  |TAMS 0x0000000083d00000, 0x0000000083d00000| Untracked 
|  62|0x0000000083e00000, 0x0000000083e00000, 0x0000000083f00000|  0%| F|  |TAMS 0x0000000083e00000, 0x0000000083e00000| Untracked 
|  63|0x0000000083f00000, 0x0000000083f00000, 0x0000000084000000|  0%| F|  |TAMS 0x0000000083f00000, 0x0000000083f00000| Untracked 
|  64|0x0000000084000000, 0x0000000084000000, 0x0000000084100000|  0%| F|  |TAMS 0x0000000084000000, 0x0000000084000000| Untracked 
|  65|0x0000000084100000, 0x0000000084100000, 0x0000000084200000|  0%| F|  |TAMS 0x0000000084100000, 0x0000000084100000| Untracked 
|  66|0x0000000084200000, 0x0000000084200000, 0x0000000084300000|  0%| F|  |TAMS 0x0000000084200000, 0x0000000084200000| Untracked 
|  67|0x0000000084300000, 0x0000000084300000, 0x0000000084400000|  0%| F|  |TAMS 0x0000000084300000, 0x0000000084300000| Untracked 
|  68|0x0000000084400000, 0x0000000084400000, 0x0000000084500000|  0%| F|  |TAMS 0x0000000084400000, 0x0000000084400000| Untracked 
|  69|0x0000000084500000, 0x0000000084500000, 0x0000000084600000|  0%| F|  |TAMS 0x0000000084500000, 0x0000000084500000| Untracked 
|  70|0x0000000084600000, 0x0000000084600000, 0x0000000084700000|  0%| F|  |TAMS 0x0000000084600000, 0x0000000084600000| Untracked 
|  71|0x0000000084700000, 0x0000000084700000, 0x0000000084800000|  0%| F|  |TAMS 0x0000000084700000, 0x0000000084700000| Untracked 
|  72|0x0000000084800000, 0x0000000084800000, 0x0000000084900000|  0%| F|  |TAMS 0x0000000084800000, 0x0000000084800000| Untracked 
|  73|0x0000000084900000, 0x0000000084900000, 0x0000000084a00000|  0%| F|  |TAMS 0x0000000084900000, 0x0000000084900000| Untracked 
|  74|0x0000000084a00000, 0x0000000084a00000, 0x0000000084b00000|  0%| F|  |TAMS 0x0000000084a00000, 0x0000000084a00000| Untracked 
|  75|0x0000000084b00000, 0x0000000084b00000, 0x0000000084c00000|  0%| F|  |TAMS 0x0000000084b00000, 0x0000000084b00000| Untracked 
|  76|0x0000000084c00000, 0x0000000084c00000, 0x0000000084d00000|  0%| F|  |TAMS 0x0000000084c00000, 0x0000000084c00000| Untracked 
|  77|0x0000000084d00000, 0x0000000084d78240, 0x0000000084e00000| 46%| S|CS|TAMS 0x0000000084d00000, 0x0000000084d00000| Complete 
|  78|0x0000000084e00000, 0x0000000084f00000, 0x0000000084f00000|100%| S|CS|TAMS 0x0000000084e00000, 0x0000000084e00000| Complete 
|  79|0x0000000084f00000, 0x0000000085000000, 0x0000000085000000|100%| S|CS|TAMS 0x0000000084f00000, 0x0000000084f00000| Complete 
|  80|0x0000000085000000, 0x0000000085000000, 0x0000000085100000|  0%| F|  |TAMS 0x0000000085000000, 0x0000000085000000| Untracked 
|  81|0x0000000085100000, 0x0000000085100000, 0x0000000085200000|  0%| F|  |TAMS 0x0000000085100000, 0x0000000085100000| Untracked 
|  82|0x0000000085200000, 0x0000000085200000, 0x0000000085300000|  0%| F|  |TAMS 0x0000000085200000, 0x0000000085200000| Untracked 
|  83|0x0000000085300000, 0x0000000085300000, 0x0000000085400000|  0%| F|  |TAMS 0x0000000085300000, 0x0000000085300000| Untracked 
|  84|0x0000000085400000, 0x0000000085500000, 0x0000000085500000|100%| S|CS|TAMS 0x0000000085400000, 0x0000000085400000| Complete 
|  85|0x0000000085500000, 0x0000000085600000, 0x0000000085600000|100%| S|CS|TAMS 0x0000000085500000, 0x0000000085500000| Complete 
|  86|0x0000000085600000, 0x0000000085600000, 0x0000000085700000|  0%| F|  |TAMS 0x0000000085600000, 0x0000000085600000| Untracked 
|  87|0x0000000085700000, 0x0000000085700000, 0x0000000085800000|  0%| F|  |TAMS 0x0000000085700000, 0x0000000085700000| Untracked 
|  88|0x0000000085800000, 0x0000000085800000, 0x0000000085900000|  0%| F|  |TAMS 0x0000000085800000, 0x0000000085800000| Untracked 
|  89|0x0000000085900000, 0x0000000085900000, 0x0000000085a00000|  0%| F|  |TAMS 0x0000000085900000, 0x0000000085900000| Untracked 
|  90|0x0000000085a00000, 0x0000000085a00000, 0x0000000085b00000|  0%| F|  |TAMS 0x0000000085a00000, 0x0000000085a00000| Untracked 
|  91|0x0000000085b00000, 0x0000000085b00000, 0x0000000085c00000|  0%| F|  |TAMS 0x0000000085b00000, 0x0000000085b00000| Untracked 
|  92|0x0000000085c00000, 0x0000000085c00000, 0x0000000085d00000|  0%| F|  |TAMS 0x0000000085c00000, 0x0000000085c00000| Untracked 
|  93|0x0000000085d00000, 0x0000000085d00000, 0x0000000085e00000|  0%| F|  |TAMS 0x0000000085d00000, 0x0000000085d00000| Untracked 
|  94|0x0000000085e00000, 0x0000000085e00000, 0x0000000085f00000|  0%| F|  |TAMS 0x0000000085e00000, 0x0000000085e00000| Untracked 
|  95|0x0000000085f00000, 0x0000000085f00000, 0x0000000086000000|  0%| F|  |TAMS 0x0000000085f00000, 0x0000000085f00000| Untracked 
|  96|0x0000000086000000, 0x0000000086000000, 0x0000000086100000|  0%| F|  |TAMS 0x0000000086000000, 0x0000000086000000| Untracked 
|  97|0x0000000086100000, 0x0000000086100000, 0x0000000086200000|  0%| F|  |TAMS 0x0000000086100000, 0x0000000086100000| Untracked 
|  98|0x0000000086200000, 0x0000000086200000, 0x0000000086300000|  0%| F|  |TAMS 0x0000000086200000, 0x0000000086200000| Untracked 
|  99|0x0000000086300000, 0x0000000086300000, 0x0000000086400000|  0%| F|  |TAMS 0x0000000086300000, 0x0000000086300000| Untracked 
| 100|0x0000000086400000, 0x0000000086400000, 0x0000000086500000|  0%| F|  |TAMS 0x0000000086400000, 0x0000000086400000| Untracked 
| 101|0x0000000086500000, 0x0000000086500000, 0x0000000086600000|  0%| F|  |TAMS 0x0000000086500000, 0x0000000086500000| Untracked 
| 102|0x0000000086600000, 0x0000000086600000, 0x0000000086700000|  0%| F|  |TAMS 0x0000000086600000, 0x0000000086600000| Untracked 
| 103|0x0000000086700000, 0x0000000086700000, 0x0000000086800000|  0%| F|  |TAMS 0x0000000086700000, 0x0000000086700000| Untracked 
| 104|0x0000000086800000, 0x0000000086800000, 0x0000000086900000|  0%| F|  |TAMS 0x0000000086800000, 0x0000000086800000| Untracked 
| 105|0x0000000086900000, 0x0000000086900000, 0x0000000086a00000|  0%| F|  |TAMS 0x0000000086900000, 0x0000000086900000| Untracked 
| 106|0x0000000086a00000, 0x0000000086a00000, 0x0000000086b00000|  0%| F|  |TAMS 0x0000000086a00000, 0x0000000086a00000| Untracked 
| 107|0x0000000086b00000, 0x0000000086b00000, 0x0000000086c00000|  0%| F|  |TAMS 0x0000000086b00000, 0x0000000086b00000| Untracked 
| 108|0x0000000086c00000, 0x0000000086c00000, 0x0000000086d00000|  0%| F|  |TAMS 0x0000000086c00000, 0x0000000086c00000| Untracked 
| 109|0x0000000086d00000, 0x0000000086d00000, 0x0000000086e00000|  0%| F|  |TAMS 0x0000000086d00000, 0x0000000086d00000| Untracked 
| 110|0x0000000086e00000, 0x0000000086e00000, 0x0000000086f00000|  0%| F|  |TAMS 0x0000000086e00000, 0x0000000086e00000| Untracked 
| 111|0x0000000086f00000, 0x0000000086f00000, 0x0000000087000000|  0%| F|  |TAMS 0x0000000086f00000, 0x0000000086f00000| Untracked 
| 112|0x0000000087000000, 0x0000000087000000, 0x0000000087100000|  0%| F|  |TAMS 0x0000000087000000, 0x0000000087000000| Untracked 
| 113|0x0000000087100000, 0x0000000087100000, 0x0000000087200000|  0%| F|  |TAMS 0x0000000087100000, 0x0000000087100000| Untracked 
| 114|0x0000000087200000, 0x0000000087200000, 0x0000000087300000|  0%| F|  |TAMS 0x0000000087200000, 0x0000000087200000| Untracked 
| 115|0x0000000087300000, 0x0000000087300000, 0x0000000087400000|  0%| F|  |TAMS 0x0000000087300000, 0x0000000087300000| Untracked 
| 116|0x0000000087400000, 0x0000000087400000, 0x0000000087500000|  0%| F|  |TAMS 0x0000000087400000, 0x0000000087400000| Untracked 
| 117|0x0000000087500000, 0x0000000087500000, 0x0000000087600000|  0%| F|  |TAMS 0x0000000087500000, 0x0000000087500000| Untracked 
| 118|0x0000000087600000, 0x0000000087600000, 0x0000000087700000|  0%| F|  |TAMS 0x0000000087600000, 0x0000000087600000| Untracked 
| 119|0x0000000087700000, 0x0000000087800000, 0x0000000087800000|100%| E|  |TAMS 0x0000000087700000, 0x0000000087700000| Complete 
| 120|0x0000000087800000, 0x0000000087900000, 0x0000000087900000|100%| E|CS|TAMS 0x0000000087800000, 0x0000000087800000| Complete 
| 121|0x0000000087900000, 0x0000000087a00000, 0x0000000087a00000|100%| E|CS|TAMS 0x0000000087900000, 0x0000000087900000| Complete 
| 122|0x0000000087a00000, 0x0000000087b00000, 0x0000000087b00000|100%| E|CS|TAMS 0x0000000087a00000, 0x0000000087a00000| Complete 
| 123|0x0000000087b00000, 0x0000000087c00000, 0x0000000087c00000|100%| E|CS|TAMS 0x0000000087b00000, 0x0000000087b00000| Complete 

Card table byte_map: [0x0000015321080000,0x0000015321480000] _byte_map_base: 0x0000015320c80000

Marking Bits (Prev, Next): (CMBitMap*) 0x000001530e7f8600, (CMBitMap*) 0x000001530e7f85c0
 Prev Bits: [0x0000015323880000, 0x0000015325880000)
 Next Bits: [0x0000015321880000, 0x0000015323880000)

Polling page: 0x000001530c630000

Metaspace:

Usage:
  Non-class:     64.95 MB used.
      Class:     10.24 MB used.
       Both:     75.19 MB used.

Virtual space:
  Non-class space:      128.00 MB reserved,      65.25 MB ( 51%) committed,  2 nodes.
      Class space:        1.00 GB reserved,      10.50 MB (  1%) committed,  1 nodes.
             Both:        1.12 GB reserved,      75.75 MB (  7%) committed. 

Chunk freelists:
   Non-Class:  14.00 MB
       Class:  5.44 MB
        Both:  19.45 MB

MaxMetaspaceSize: unlimited
CompressedClassSpaceSize: 1.00 GB
Initial GC threshold: 21.00 MB
Current GC threshold: 98.75 MB
CDS: off
MetaspaceReclaimPolicy: balanced
 - commit_granule_bytes: 65536.
 - commit_granule_words: 8192.
 - virtual_space_node_default_size: 8388608.
 - enlarge_chunks_in_place: 1.
 - new_chunks_are_fully_committed: 0.
 - uncommit_free_chunks: 1.
 - use_allocation_guard: 0.
 - handle_deallocations: 1.


Internal statistics:

num_allocs_failed_limit: 6.
num_arena_births: 798.
num_arena_deaths: 0.
num_vsnodes_births: 3.
num_vsnodes_deaths: 0.
num_space_committed: 1212.
num_space_uncommitted: 0.
num_chunks_returned_to_freelist: 6.
num_chunks_taken_from_freelist: 3511.
num_chunk_merges: 6.
num_chunk_splits: 2359.
num_chunks_enlarged: 1611.
num_inconsistent_stats: 0.

CodeHeap 'non-profiled nmethods': size=120000Kb used=3801Kb max_used=3801Kb free=116198Kb
 bounds [0x0000015319750000, 0x0000015319b10000, 0x0000015320c80000]
CodeHeap 'profiled nmethods': size=120000Kb used=13256Kb max_used=13256Kb free=106744Kb
 bounds [0x0000015311c80000, 0x0000015312980000, 0x00000153191b0000]
CodeHeap 'non-nmethods': size=5760Kb used=1669Kb max_used=1700Kb free=4090Kb
 bounds [0x00000153191b0000, 0x0000015319420000, 0x0000015319750000]
 total_blobs=7728 nmethods=6978 adapters=662
 compilation: enabled
              stopped_count=0, restarted_count=0
 full_count=0

Compilation events (20 events):
Event: 27.772 Thread 0x000001532c02bb40 nmethod 7717 0x0000015319aff990 code [0x0000015319affb20, 0x0000015319affbd8]
Event: 27.800 Thread 0x000001532c02bb40 7719       1       com.android.build.gradle.internal.api.AndroidSourceSetName::getName (5 bytes)
Event: 27.800 Thread 0x000001532c02bb40 nmethod 7719 0x0000015319affc90 code [0x0000015319affe20, 0x0000015319affef8]
Event: 27.831 Thread 0x000001532c02bb40 7720       3       com.google.common.collect.ImmutableMap$Builder::put (35 bytes)
Event: 27.831 Thread 0x000001532c02bb40 nmethod 7720 0x0000015312967f10 code [0x0000015312968100, 0x0000015312968758]
Event: 27.831 Thread 0x000001532c02bb40 7721       3       com.google.common.collect.ImmutableMap::entryOf (10 bytes)
Event: 27.832 Thread 0x000001532c02bb40 nmethod 7721 0x0000015312968990 code [0x0000015312968b60, 0x0000015312968f28]
Event: 27.836 Thread 0x000001532cafa130 nmethod 7701 0x0000015319afff90 code [0x0000015319b00240, 0x0000015319b02860]
Event: 27.837 Thread 0x000001532cafa130 7713       4       jdk.internal.loader.URLClassPath$JarLoader$2::getBytes (48 bytes)
Event: 27.839 Thread 0x000001532cafa130 nmethod 7713 0x0000015319b03510 code [0x0000015319b036a0, 0x0000015319b03808]
Event: 27.839 Thread 0x000001532cafa130 7706       4       jdk.internal.org.objectweb.asm.MethodWriter::visitLabel (328 bytes)
Event: 27.847 Thread 0x000001532c02bb40 7722       1       org.gradle.internal.operations.OperationFinishEvent::getEndTime (5 bytes)
Event: 27.848 Thread 0x000001532c02bb40 nmethod 7722 0x0000015319b03a90 code [0x0000015319b03c20, 0x0000015319b03cf8]
Event: 27.848 Thread 0x000001532c02bb40 7723       1       org.gradle.api.internal.project.DefaultProject::getOwner (5 bytes)
Event: 27.849 Thread 0x000001532c02bb40 nmethod 7723 0x0000015319b03d90 code [0x0000015319b03f20, 0x0000015319b03ff8]
Event: 27.850 Thread 0x000001532c02bb40 7725       1       com.android.build.gradle.internal.services.BaseServicesImpl::getProjectServices (5 bytes)
Event: 27.850 Thread 0x000001532c02bb40 nmethod 7725 0x0000015319b04090 code [0x0000015319b04220, 0x0000015319b042f8]
Event: 27.852 Thread 0x000001532c02bb40 7726       3       org.gradle.api.internal.DefaultNamedDomainObjectCollection::findByNameWithoutRules (11 bytes)
Event: 27.853 Thread 0x000001532c02bb40 nmethod 7726 0x0000015312969090 code [0x0000015312969240, 0x0000015312969408]
Event: 27.855 Thread 0x000001532c02bb40 7727       3       org.gradle.internal.event.DefaultListenerManager::assertCanBroadcast (101 bytes)

GC Heap History (20 events):
Event: 20.142 GC heap before
{Heap before GC invocations=24 (full 0):
 garbage-first heap   total 83968K, used 55732K [0x0000000080000000, 0x0000000100000000)
  region size 1024K, 10 young (10240K), 2 survivors (2048K)
 Metaspace       used 57191K, committed 57792K, reserved 1114112K
  class space    used 7826K, committed 8128K, reserved 1048576K
}
Event: 20.145 GC heap after
{Heap after GC invocations=25 (full 0):
 garbage-first heap   total 83968K, used 50070K [0x0000000080000000, 0x0000000100000000)
  region size 1024K, 1 young (1024K), 1 survivors (1024K)
 Metaspace       used 57191K, committed 57792K, reserved 1114112K
  class space    used 7826K, committed 8128K, reserved 1048576K
}
Event: 20.497 GC heap before
{Heap before GC invocations=26 (full 0):
 garbage-first heap   total 94208K, used 62358K [0x0000000080000000, 0x0000000100000000)
  region size 1024K, 13 young (13312K), 1 survivors (1024K)
 Metaspace       used 58116K, committed 58688K, reserved 1114112K
  class space    used 7949K, committed 8256K, reserved 1048576K
}
Event: 20.500 GC heap after
{Heap after GC invocations=27 (full 0):
 garbage-first heap   total 94208K, used 51345K [0x0000000080000000, 0x0000000100000000)
  region size 1024K, 1 young (1024K), 1 survivors (1024K)
 Metaspace       used 58116K, committed 58688K, reserved 1114112K
  class space    used 7949K, committed 8256K, reserved 1048576K
}
Event: 20.598 GC heap before
{Heap before GC invocations=27 (full 0):
 garbage-first heap   total 94208K, used 53393K [0x0000000080000000, 0x0000000100000000)
  region size 1024K, 4 young (4096K), 1 survivors (1024K)
 Metaspace       used 58371K, committed 58944K, reserved 1114112K
  class space    used 7984K, committed 8256K, reserved 1048576K
}
Event: 20.600 GC heap after
{Heap after GC invocations=28 (full 0):
 garbage-first heap   total 94208K, used 51205K [0x0000000080000000, 0x0000000100000000)
  region size 1024K, 1 young (1024K), 1 survivors (1024K)
 Metaspace       used 58371K, committed 58944K, reserved 1114112K
  class space    used 7984K, committed 8256K, reserved 1048576K
}
Event: 21.261 GC heap before
{Heap before GC invocations=28 (full 0):
 garbage-first heap   total 94208K, used 69637K [0x0000000080000000, 0x0000000100000000)
  region size 1024K, 19 young (19456K), 1 survivors (1024K)
 Metaspace       used 59984K, committed 60608K, reserved 1114112K
  class space    used 8211K, committed 8512K, reserved 1048576K
}
Event: 21.266 GC heap after
{Heap after GC invocations=29 (full 0):
 garbage-first heap   total 126976K, used 51874K [0x0000000080000000, 0x0000000100000000)
  region size 1024K, 2 young (2048K), 2 survivors (2048K)
 Metaspace       used 59984K, committed 60608K, reserved 1114112K
  class space    used 8211K, committed 8512K, reserved 1048576K
}
Event: 22.770 GC heap before
{Heap before GC invocations=30 (full 0):
 garbage-first heap   total 126976K, used 89762K [0x0000000080000000, 0x0000000100000000)
  region size 1024K, 39 young (39936K), 2 survivors (2048K)
 Metaspace       used 64026K, committed 64640K, reserved 1114112K
  class space    used 8722K, committed 9024K, reserved 1048576K
}
Event: 22.775 GC heap after
{Heap after GC invocations=31 (full 0):
 garbage-first heap   total 126976K, used 52870K [0x0000000080000000, 0x0000000100000000)
  region size 1024K, 3 young (3072K), 3 survivors (3072K)
 Metaspace       used 64026K, committed 64640K, reserved 1114112K
  class space    used 8722K, committed 9024K, reserved 1048576K
}
Event: 22.951 GC heap before
{Heap before GC invocations=31 (full 0):
 garbage-first heap   total 126976K, used 55942K [0x0000000080000000, 0x0000000100000000)
  region size 1024K, 6 young (6144K), 3 survivors (3072K)
 Metaspace       used 64330K, committed 64960K, reserved 1114112K
  class space    used 8774K, committed 9088K, reserved 1048576K
}
Event: 22.959 GC heap after
{Heap after GC invocations=32 (full 0):
 garbage-first heap   total 126976K, used 52682K [0x0000000080000000, 0x0000000100000000)
  region size 1024K, 1 young (1024K), 1 survivors (1024K)
 Metaspace       used 64330K, committed 64960K, reserved 1114112K
  class space    used 8774K, committed 9088K, reserved 1048576K
}
Event: 24.230 GC heap before
{Heap before GC invocations=32 (full 0):
 garbage-first heap   total 126976K, used 98762K [0x0000000080000000, 0x0000000100000000)
  region size 1024K, 40 young (40960K), 1 survivors (1024K)
 Metaspace       used 67413K, committed 68032K, reserved 1114112K
  class space    used 9158K, committed 9472K, reserved 1048576K
}
Event: 24.237 GC heap after
{Heap after GC invocations=33 (full 0):
 garbage-first heap   total 126976K, used 56602K [0x0000000080000000, 0x0000000100000000)
  region size 1024K, 5 young (5120K), 5 survivors (5120K)
 Metaspace       used 67413K, committed 68032K, reserved 1114112K
  class space    used 9158K, committed 9472K, reserved 1048576K
}
Event: 25.384 GC heap before
{Heap before GC invocations=33 (full 0):
 garbage-first heap   total 126976K, used 94490K [0x0000000080000000, 0x0000000100000000)
  region size 1024K, 42 young (43008K), 5 survivors (5120K)
 Metaspace       used 70137K, committed 70720K, reserved 1114112K
  class space    used 9499K, committed 9792K, reserved 1048576K
}
Event: 25.395 GC heap after
{Heap after GC invocations=34 (full 0):
 garbage-first heap   total 126976K, used 59313K [0x0000000080000000, 0x0000000100000000)
  region size 1024K, 3 young (3072K), 3 survivors (3072K)
 Metaspace       used 70137K, committed 70720K, reserved 1114112K
  class space    used 9499K, committed 9792K, reserved 1048576K
}
Event: 26.690 GC heap before
{Heap before GC invocations=34 (full 0):
 garbage-first heap   total 126976K, used 97201K [0x0000000080000000, 0x0000000100000000)
  region size 1024K, 40 young (40960K), 3 survivors (3072K)
 Metaspace       used 74589K, committed 75200K, reserved 1114112K
  class space    used 10139K, committed 10432K, reserved 1048576K
}
Event: 26.701 GC heap after
{Heap after GC invocations=35 (full 0):
 garbage-first heap   total 126976K, used 60837K [0x0000000080000000, 0x0000000100000000)
  region size 1024K, 4 young (4096K), 4 survivors (4096K)
 Metaspace       used 74589K, committed 75200K, reserved 1114112K
  class space    used 10139K, committed 10432K, reserved 1048576K
}
Event: 27.706 GC heap before
{Heap before GC invocations=35 (full 0):
 garbage-first heap   total 126976K, used 99749K [0x0000000080000000, 0x0000000100000000)
  region size 1024K, 42 young (43008K), 4 survivors (4096K)
 Metaspace       used 76640K, committed 77248K, reserved 1179648K
  class space    used 10426K, committed 10688K, reserved 1048576K
}
Event: 27.719 GC heap after
{Heap after GC invocations=36 (full 0):
 garbage-first heap   total 126976K, used 63623K [0x0000000080000000, 0x0000000100000000)
  region size 1024K, 5 young (5120K), 5 survivors (5120K)
 Metaspace       used 76640K, committed 77248K, reserved 1179648K
  class space    used 10426K, committed 10688K, reserved 1048576K
}

Dll operation events (3 events):
Event: 0.030 Loaded shared library C:\Program Files\Android\Android Studio\jbr\bin\java.dll
Event: 0.336 Loaded shared library C:\Program Files\Android\Android Studio\jbr\bin\zip.dll
Event: 1.212 Loaded shared library C:\Program Files\Android\Android Studio\jbr\bin\verify.dll

Deoptimization events (20 events):
Event: 26.065 Thread 0x000001532d329070 Uncommon trap: trap_request=0xffffff45 fr.pc=0x000001531978a058 relative=0x0000000000000618
Event: 26.065 Thread 0x000001532d329070 Uncommon trap: reason=unstable_if action=reinterpret pc=0x000001531978a058 method=java.lang.AbstractStringBuilder.append(Ljava/lang/String;)Ljava/lang/AbstractStringBuilder; @ 1 c2
Event: 26.065 Thread 0x000001532d329070 DEOPT PACKING pc=0x000001531978a058 sp=0x0000003ec64f8820
Event: 26.065 Thread 0x000001532d329070 DEOPT UNPACKING pc=0x00000153192069a3 sp=0x0000003ec64f87a0 mode 2
Event: 26.333 Thread 0x000001532d329070 Uncommon trap: trap_request=0xffffff45 fr.pc=0x00000153197a3ae8 relative=0x0000000000000628
Event: 26.333 Thread 0x000001532d329070 Uncommon trap: reason=unstable_if action=reinterpret pc=0x00000153197a3ae8 method=java.lang.AbstractStringBuilder.append(Ljava/lang/String;)Ljava/lang/AbstractStringBuilder; @ 1 c2
Event: 26.333 Thread 0x000001532d329070 DEOPT PACKING pc=0x00000153197a3ae8 sp=0x0000003ec64f8e00
Event: 26.334 Thread 0x000001532d329070 DEOPT UNPACKING pc=0x00000153192069a3 sp=0x0000003ec64f8de8 mode 2
Event: 26.708 Thread 0x000001532df02ed0 Uncommon trap: trap_request=0xffffffc6 fr.pc=0x0000015319ab9244 relative=0x0000000000000944
Event: 26.708 Thread 0x000001532df02ed0 Uncommon trap: reason=bimorphic_or_optimized_type_check action=maybe_recompile pc=0x0000015319ab9244 method=java.io.BufferedInputStream.read1([BII)I @ 39 c2
Event: 26.708 Thread 0x000001532df02ed0 DEOPT PACKING pc=0x0000015319ab9244 sp=0x0000003ec75fe3b0
Event: 26.708 Thread 0x000001532df02ed0 DEOPT UNPACKING pc=0x00000153192069a3 sp=0x0000003ec75fe2c8 mode 2
Event: 26.709 Thread 0x000001532df02ed0 Uncommon trap: trap_request=0xffffff45 fr.pc=0x00000153197c72c4 relative=0x0000000000000204
Event: 26.709 Thread 0x000001532df02ed0 Uncommon trap: reason=unstable_if action=reinterpret pc=0x00000153197c72c4 method=com.esotericsoftware.kryo.io.Input.readVarInt(Z)I @ 42 c2
Event: 26.709 Thread 0x000001532df02ed0 DEOPT PACKING pc=0x00000153197c72c4 sp=0x0000003ec75fe540
Event: 26.710 Thread 0x000001532df02ed0 DEOPT UNPACKING pc=0x00000153192069a3 sp=0x0000003ec75fe430 mode 2
Event: 26.711 Thread 0x000001532df02ed0 Uncommon trap: trap_request=0xffffff45 fr.pc=0x00000153197c8da4 relative=0x00000000000001e4
Event: 26.711 Thread 0x000001532df02ed0 Uncommon trap: reason=unstable_if action=reinterpret pc=0x00000153197c8da4 method=com.esotericsoftware.kryo.io.Input.readVarInt(Z)I @ 42 c2
Event: 26.711 Thread 0x000001532df02ed0 DEOPT PACKING pc=0x00000153197c8da4 sp=0x0000003ec75fe480
Event: 26.711 Thread 0x000001532df02ed0 DEOPT UNPACKING pc=0x00000153192069a3 sp=0x0000003ec75fe438 mode 2

Classes unloaded (0 events):
No events

Classes redefined (0 events):
No events

Internal exceptions (20 events):
Event: 19.221 Thread 0x000001532dc85fb0 Exception <a 'java/lang/NoSuchMethodError'{0x00000000834b0c70}: static Lorg/gradle/internal/build/event/types/DefaultOperationFinishedProgressEvent;.<clinit>()V> (0x00000000834b0c70) 
thrown [s\src\hotspot\share\prims\jni.cpp, line 1108]
Event: 19.226 Thread 0x000001532dc85fb0 Exception <a 'java/lang/NoSuchMethodError'{0x00000000834db548}: static Lorg/gradle/internal/build/event/types/DefaultProjectConfigurationSuccessResult;.<clinit>()V> (0x00000000834db548) 
thrown [s\src\hotspot\share\prims\jni.cpp, line 1108]
Event: 19.230 Thread 0x000001532dc85fb0 Exception <a 'java/lang/NoSuchMethodError'{0x00000000834e0988}: static Lorg/gradle/internal/build/event/types/AbstractProjectConfigurationResult;.<clinit>()V> (0x00000000834e0988) 
thrown [s\src\hotspot\share\prims\jni.cpp, line 1108]
Event: 19.230 Thread 0x000001532dc85fb0 Exception <a 'java/lang/NoSuchMethodError'{0x00000000834e20d0}: static Lorg/gradle/internal/build/event/types/AbstractOperationResult;.<clinit>()V> (0x00000000834e20d0) 
thrown [s\src\hotspot\share\prims\jni.cpp, line 1108]
Event: 19.230 Thread 0x000001532dc85fb0 Exception <a 'java/lang/NoSuchMethodError'{0x00000000834e3520}: static Lorg/gradle/internal/build/event/types/AbstractResult;.<clinit>()V> (0x00000000834e3520) 
thrown [s\src\hotspot\share\prims\jni.cpp, line 1108]
Event: 19.234 Thread 0x000001532dc85fb0 Exception <a 'java/lang/NoSuchMethodError'{0x0000000083305380}: static Lorg/gradle/internal/build/event/types/DefaultPluginApplicationResult;.<clinit>()V> (0x0000000083305380) 
thrown [s\src\hotspot\share\prims\jni.cpp, line 1108]
Event: 19.240 Thread 0x000001532dc85fb0 Exception <a 'java/lang/NoSuchMethodError'{0x0000000083365558}: static Lorg/gradle/internal/build/event/types/DefaultBinaryPluginIdentifier;.<clinit>()V> (0x0000000083365558) 
thrown [s\src\hotspot\share\prims\jni.cpp, line 1108]
Event: 19.246 Thread 0x000001532dc85fb0 Exception <a 'java/lang/NoSuchMethodError'{0x000000008337f998}: static Lorg/gradle/internal/build/event/types/DefaultScriptPluginIdentifier;.<clinit>()V> (0x000000008337f998) 
thrown [s\src\hotspot\share\prims\jni.cpp, line 1108]
Event: 19.316 Thread 0x000001532d329070 Implicit null exception at 0x00000153197c7c0f to 0x00000153197c8314
Event: 19.316 Thread 0x000001532d329070 Implicit null exception at 0x00000153197be814 to 0x00000153197beee4
Event: 19.413 Thread 0x000001532d329070 Exception <a 'java/lang/NoSuchMethodError'{0x0000000084173308}: 'void java.lang.invoke.Invokers$Holder.invoke_MT(java.lang.Object, java.lang.Object, java.lang.Object, java.lang.Object)'> (0x0000000084173308) 
thrown [s\src\hotspot\share\interpreter\linkResolver.cpp, line 771]
Event: 19.663 Thread 0x000001532d329070 Exception <a 'java/lang/ClassNotFoundException'{0x00000000848d3a20}: sun/misc/SharedSecrets> (0x00000000848d3a20) 
thrown [s\src\hotspot\share\classfile\systemDictionary.cpp, line 256]
Event: 19.663 Thread 0x000001532d329070 Exception <a 'java/lang/ClassNotFoundException'{0x00000000848d75b0}: org/gradle/api/internal/plugins/DefaultObjectConfigurationActionBeanInfo> (0x00000000848d75b0) 
thrown [s\src\hotspot\share\classfile\systemDictionary.cpp, line 256]
Event: 19.665 Thread 0x000001532d329070 Exception <a 'java/lang/ClassNotFoundException'{0x00000000848edda0}: org/gradle/api/internal/plugins/DefaultObjectConfigurationActionCustomizer> (0x00000000848edda0) 
thrown [s\src\hotspot\share\classfile\systemDictionary.cpp, line 256]
Event: 21.025 Thread 0x000001532d329070 Exception <a 'java/lang/NoSuchMethodError'{0x0000000084ed1cf8}: 'int java.lang.invoke.DirectMethodHandle$Holder.invokeInterface(java.lang.Object, java.lang.Object, java.lang.Object, java.lang.Object)'> (0x0000000084ed1cf8) 
thrown [s\src\hotspot\share\interpreter\linkResolver.cpp, line 771]
Event: 23.249 Thread 0x000001532d329070 Implicit null exception at 0x00000153198fb38c to 0x00000153198fb4be
Event: 23.597 Thread 0x000001532d329070 Exception <a 'sun/nio/fs/WindowsException'{0x0000000086361c88}> (0x0000000086361c88) 
thrown [s\src\hotspot\share\prims\jni.cpp, line 517]
Event: 25.228 Thread 0x000001532d329070 Implicit null exception at 0x0000015319a912c8 to 0x0000015319a91388
Event: 26.065 Thread 0x000001532d329070 Implicit null exception at 0x0000015319789a72 to 0x000001531978a040
Event: 26.333 Thread 0x000001532d329070 Implicit null exception at 0x00000153197a34f2 to 0x00000153197a3ad0

VM Operations (20 events):
Event: 22.951 Executing VM operation: G1CollectForAllocation
Event: 22.960 Executing VM operation: G1CollectForAllocation done
Event: 23.165 Executing VM operation: HandshakeAllThreads
Event: 23.165 Executing VM operation: HandshakeAllThreads done
Event: 23.270 Executing VM operation: HandshakeAllThreads
Event: 23.270 Executing VM operation: HandshakeAllThreads done
Event: 24.230 Executing VM operation: G1CollectForAllocation
Event: 24.237 Executing VM operation: G1CollectForAllocation done
Event: 25.246 Executing VM operation: Cleanup
Event: 25.249 Executing VM operation: Cleanup done
Event: 25.384 Executing VM operation: G1CollectForAllocation
Event: 25.395 Executing VM operation: G1CollectForAllocation done
Event: 26.690 Executing VM operation: G1CollectForAllocation
Event: 26.701 Executing VM operation: G1CollectForAllocation done
Event: 27.296 Executing VM operation: HandshakeAllThreads
Event: 27.297 Executing VM operation: HandshakeAllThreads done
Event: 27.309 Executing VM operation: ICBufferFull
Event: 27.309 Executing VM operation: ICBufferFull done
Event: 27.706 Executing VM operation: G1CollectForAllocation
Event: 27.719 Executing VM operation: G1CollectForAllocation done

Events (20 events):
Event: 24.000 Thread 0x000001532e038d80 Thread exited: 0x000001532e038d80
Event: 24.519 Thread 0x000001532ca77060 Thread added: 0x000001532ca77060
Event: 24.790 loading class java/security/KeyStore
Event: 24.791 loading class java/security/KeyStore done
Event: 24.791 loading class java/security/KeyStore$1
Event: 24.791 loading class java/security/KeyStore$1 done
Event: 25.115 loading class javax/xml/stream/XMLStreamException
Event: 25.115 loading class javax/xml/stream/XMLStreamException done
Event: 25.148 loading class sun/reflect/annotation/AnnotationInvocationHandler$1
Event: 25.149 loading class sun/reflect/annotation/AnnotationInvocationHandler$1 done
Event: 26.032 Thread 0x000001532ca77060 Thread exited: 0x000001532ca77060
Event: 26.451 loading class java/util/ArrayList$SubList$1
Event: 26.451 loading class java/util/ArrayList$SubList$1 done
Event: 26.467 loading class java/lang/Override
Event: 26.467 loading class java/lang/Override done
Event: 26.908 Thread 0x0000015330ecb030 Thread added: 0x0000015330ecb030
Event: 27.280 Thread 0x0000015330ecb030 Thread exited: 0x0000015330ecb030
Event: 27.306 Thread 0x000001532c02cbf0 flushing nmethod 0x000001531205b590
Event: 27.306 Thread 0x000001532c02cbf0 flushing nmethod 0x000001531205c790
Event: 27.697 Thread 0x000001532cafa130 Thread added: 0x000001532cafa130


Dynamic libraries:
0x00007ff6ed950000 - 0x00007ff6ed95a000 	C:\Program Files\Android\Android Studio\jbr\bin\java.exe
0x00007ffc2adb0000 - 0x00007ffc2afa8000 	C:\WINDOWS\SYSTEM32\ntdll.dll
0x00007ffc29e90000 - 0x00007ffc29f4d000 	C:\WINDOWS\System32\KERNEL32.DLL
0x00007ffc289e0000 - 0x00007ffc28cd6000 	C:\WINDOWS\System32\KERNELBASE.dll
0x00007ffc288e0000 - 0x00007ffc289e0000 	C:\WINDOWS\System32\ucrtbase.dll
0x00007ffc118b0000 - 0x00007ffc118c7000 	C:\Program Files\Android\Android Studio\jbr\bin\jli.dll
0x00007ffc072e0000 - 0x00007ffc072fb000 	C:\Program Files\Android\Android Studio\jbr\bin\VCRUNTIME140.dll
0x00007ffc2a860000 - 0x00007ffc2a9fe000 	C:\WINDOWS\System32\USER32.dll
0x00007ffc28620000 - 0x00007ffc28642000 	C:\WINDOWS\System32\win32u.dll
0x00007ffc177d0000 - 0x00007ffc17a6a000 	C:\WINDOWS\WinSxS\amd64_microsoft.windows.common-controls_6595b64144ccf1df_6.0.19041.3636_none_60b6a03d71f818d5\COMCTL32.dll
0x00007ffc2a160000 - 0x00007ffc2a18b000 	C:\WINDOWS\System32\GDI32.dll
0x00007ffc29640000 - 0x00007ffc296de000 	C:\WINDOWS\System32\msvcrt.dll
0x00007ffc28650000 - 0x00007ffc28767000 	C:\WINDOWS\System32\gdi32full.dll
0x00007ffc28d50000 - 0x00007ffc28ded000 	C:\WINDOWS\System32\msvcp_win.dll
0x00007ffc29190000 - 0x00007ffc291c2000 	C:\WINDOWS\System32\IMM32.DLL
0x00007ffc1fb70000 - 0x00007ffc1fb7c000 	C:\Program Files\Android\Android Studio\jbr\bin\vcruntime140_1.dll
0x00007ffbfc990000 - 0x00007ffbfca1d000 	C:\Program Files\Android\Android Studio\jbr\bin\msvcp140.dll
0x00007ffbf3ec0000 - 0x00007ffbf4b43000 	C:\Program Files\Android\Android Studio\jbr\bin\server\jvm.dll
0x00007ffc28ea0000 - 0x00007ffc28f53000 	C:\WINDOWS\System32\ADVAPI32.dll
0x00007ffc2a2a0000 - 0x00007ffc2a33f000 	C:\WINDOWS\System32\sechost.dll
0x00007ffc2a680000 - 0x00007ffc2a7a6000 	C:\WINDOWS\System32\RPCRT4.dll
0x00007ffc288b0000 - 0x00007ffc288d7000 	C:\WINDOWS\System32\bcrypt.dll
0x00007ffc282d0000 - 0x00007ffc2831b000 	C:\WINDOWS\SYSTEM32\POWRPROF.dll
0x00007ffc1f3c0000 - 0x00007ffc1f3e7000 	C:\WINDOWS\SYSTEM32\WINMM.dll
0x00007ffc23be0000 - 0x00007ffc23be9000 	C:\WINDOWS\SYSTEM32\WSOCK32.dll
0x00007ffc20810000 - 0x00007ffc2081a000 	C:\WINDOWS\SYSTEM32\VERSION.dll
0x00007ffc2a0d0000 - 0x00007ffc2a13b000 	C:\WINDOWS\System32\WS2_32.dll
0x00007ffc282b0000 - 0x00007ffc282c2000 	C:\WINDOWS\SYSTEM32\UMPDC.dll
0x00007ffc26ce0000 - 0x00007ffc26cf2000 	C:\WINDOWS\SYSTEM32\kernel.appcore.dll
0x00007ffc23ab0000 - 0x00007ffc23aba000 	C:\Program Files\Android\Android Studio\jbr\bin\jimage.dll
0x00007ffc262f0000 - 0x00007ffc264d4000 	C:\WINDOWS\SYSTEM32\DBGHELP.DLL
0x00007ffc13c80000 - 0x00007ffc13cb4000 	C:\WINDOWS\SYSTEM32\dbgcore.DLL
0x00007ffc28820000 - 0x00007ffc288a2000 	C:\WINDOWS\System32\bcryptPrimitives.dll
0x00007ffc122e0000 - 0x00007ffc122ee000 	C:\Program Files\Android\Android Studio\jbr\bin\instrument.dll
0x00007ffc23730000 - 0x00007ffc23755000 	C:\Program Files\Android\Android Studio\jbr\bin\java.dll
0x00007ffc1d300000 - 0x00007ffc1d318000 	C:\Program Files\Android\Android Studio\jbr\bin\zip.dll
0x00007ffc296e0000 - 0x00007ffc29e25000 	C:\WINDOWS\System32\SHELL32.dll
0x00007ffc26500000 - 0x00007ffc26c9c000 	C:\WINDOWS\SYSTEM32\windows.storage.dll
0x00007ffc2aa00000 - 0x00007ffc2ad54000 	C:\WINDOWS\System32\combase.dll
0x00007ffc27dd0000 - 0x00007ffc27dfe000 	C:\WINDOWS\SYSTEM32\Wldp.dll
0x00007ffc28f60000 - 0x00007ffc2902d000 	C:\WINDOWS\System32\OLEAUT32.dll
0x00007ffc28df0000 - 0x00007ffc28e9d000 	C:\WINDOWS\System32\SHCORE.dll
0x00007ffc29040000 - 0x00007ffc29095000 	C:\WINDOWS\System32\shlwapi.dll
0x00007ffc283a0000 - 0x00007ffc283c5000 	C:\WINDOWS\SYSTEM32\profapi.dll
0x00007ffc17630000 - 0x00007ffc17649000 	C:\Program Files\Android\Android Studio\jbr\bin\net.dll
0x00007ffc1d6c0000 - 0x00007ffc1d7ca000 	C:\WINDOWS\SYSTEM32\WINHTTP.dll
0x00007ffc27b30000 - 0x00007ffc27b9a000 	C:\WINDOWS\system32\mswsock.dll
0x00007ffc17610000 - 0x00007ffc17626000 	C:\Program Files\Android\Android Studio\jbr\bin\nio.dll
0x00007ffc12ed0000 - 0x00007ffc12ee0000 	C:\Program Files\Android\Android Studio\jbr\bin\verify.dll
0x00007ffc0da20000 - 0x00007ffc0da47000 	C:\Users\gazhi\.gradle\native\c067742578af261105cb4f569cf0c3c89f3d7b1fecec35dd04571415982c5e48\windows-amd64\native-platform.dll
0x00007ffbf5cc0000 - 0x00007ffbf5e04000 	C:\Users\gazhi\.gradle\native\38dada09dfb8b06ba9b0570ebf7e218e3eb74d4ef43ca46872605cf95ebc2f47\windows-amd64\native-platform-file-events.dll
0x00007ffc1fb60000 - 0x00007ffc1fb69000 	C:\Program Files\Android\Android Studio\jbr\bin\management.dll
0x00007ffc16da0000 - 0x00007ffc16dab000 	C:\Program Files\Android\Android Studio\jbr\bin\management_ext.dll
0x00007ffc29180000 - 0x00007ffc29188000 	C:\WINDOWS\System32\PSAPI.DLL
0x00007ffc27d20000 - 0x00007ffc27d38000 	C:\WINDOWS\SYSTEM32\CRYPTSP.dll
0x00007ffc27460000 - 0x00007ffc27494000 	C:\WINDOWS\system32\rsaenh.dll
0x00007ffc28320000 - 0x00007ffc2834e000 	C:\WINDOWS\SYSTEM32\USERENV.dll
0x00007ffc27d40000 - 0x00007ffc27d4c000 	C:\WINDOWS\SYSTEM32\CRYPTBASE.dll
0x00007ffc27820000 - 0x00007ffc2785b000 	C:\WINDOWS\SYSTEM32\IPHLPAPI.DLL
0x00007ffc29030000 - 0x00007ffc29038000 	C:\WINDOWS\System32\NSI.dll
0x00007ffc205f0000 - 0x00007ffc20607000 	C:\WINDOWS\SYSTEM32\dhcpcsvc6.DLL
0x00007ffc205d0000 - 0x00007ffc205ed000 	C:\WINDOWS\SYSTEM32\dhcpcsvc.DLL
0x00007ffc27860000 - 0x00007ffc2792b000 	C:\WINDOWS\SYSTEM32\DNSAPI.dll
0x00007ffbdfcf0000 - 0x00007ffbdfcf7000 	C:\WINDOWS\system32\wshunix.dll

dbghelp: loaded successfully - version: 4.0.5 - missing functions: none
symbol engine: initialized successfully - sym options: 0x614 - pdb path: .;C:\Program Files\Android\Android Studio\jbr\bin;C:\WINDOWS\SYSTEM32;C:\WINDOWS\WinSxS\amd64_microsoft.windows.common-controls_6595b64144ccf1df_6.0.19041.3636_none_60b6a03d71f818d5;C:\Program Files\Android\Android Studio\jbr\bin\server;C:\Users\gazhi\.gradle\native\c067742578af261105cb4f569cf0c3c89f3d7b1fecec35dd04571415982c5e48\windows-amd64;C:\Users\gazhi\.gradle\native\38dada09dfb8b06ba9b0570ebf7e218e3eb74d4ef43ca46872605cf95ebc2f47\windows-amd64

VM Arguments:
jvm_args: --add-opens=java.base/java.util=ALL-UNNAMED --add-opens=java.base/java.lang=ALL-UNNAMED --add-opens=java.base/java.lang.invoke=ALL-UNNAMED --add-opens=java.prefs/java.util.prefs=ALL-UNNAMED --add-opens=java.base/java.nio.charset=ALL-UNNAMED --add-opens=java.base/java.net=ALL-UNNAMED --add-opens=java.base/java.util.concurrent.atomic=ALL-UNNAMED -Xmx2048m -Dfile.encoding=UTF-8 -Duser.country=RU -Duser.language=ru -Duser.variant -javaagent:C:\Users\gazhi\.gradle\wrapper\dists\gradle-8.4-bin\1w5dpkrfk8irigvoxmyhowfim\gradle-8.4\lib\agents\gradle-instrumentation-agent-8.4.jar 
java_command: org.gradle.launcher.daemon.bootstrap.GradleDaemon 8.4
java_class_path (initial): C:\Users\gazhi\.gradle\wrapper\dists\gradle-8.4-bin\1w5dpkrfk8irigvoxmyhowfim\gradle-8.4\lib\gradle-launcher-8.4.jar
Launcher Type: SUN_STANDARD

[Global flags]
     intx CICompilerCount                          = 3                                         {product} {ergonomic}
     uint ConcGCThreads                            = 1                                         {product} {ergonomic}
     uint G1ConcRefinementThreads                  = 4                                         {product} {ergonomic}
   size_t G1HeapRegionSize                         = 1048576                                   {product} {ergonomic}
    uintx GCDrainStackTargetSize                   = 64                                        {product} {ergonomic}
   size_t InitialHeapSize                          = 100663296                                 {product} {ergonomic}
   size_t MarkStackSize                            = 4194304                                   {product} {ergonomic}
   size_t MaxHeapSize                              = 2147483648                                {product} {command line}
   size_t MaxNewSize                               = 1287651328                                {product} {ergonomic}
   size_t MinHeapDeltaBytes                        = 1048576                                   {product} {ergonomic}
   size_t MinHeapSize                              = 8388608                                   {product} {ergonomic}
    uintx NonNMethodCodeHeapSize                   = 5832780                                {pd product} {ergonomic}
    uintx NonProfiledCodeHeapSize                  = 122912730                              {pd product} {ergonomic}
    uintx ProfiledCodeHeapSize                     = 122912730                              {pd product} {ergonomic}
    uintx ReservedCodeCacheSize                    = 251658240                              {pd product} {ergonomic}
     bool SegmentedCodeCache                       = true                                      {product} {ergonomic}
   size_t SoftMaxHeapSize                          = 2147483648                             {manageable} {ergonomic}
     bool UseCompressedClassPointers               = true                           {product lp64_product} {ergonomic}
     bool UseCompressedOops                        = true                           {product lp64_product} {ergonomic}
     bool UseG1GC                                  = true                                      {product} {ergonomic}
     bool UseLargePagesIndividualAllocation        = false                                  {pd product} {ergonomic}

Logging:
Log output configuration:
 #0: stdout all=warning uptime,level,tags
 #1: stderr all=off uptime,level,tags

Environment Variables:
PATH=C:\WINDOWS\system32;C:\WINDOWS;C:\WINDOWS\System32\Wbem;C:\WINDOWS\System32\WindowsPowerShell\v1.0\;C:\WINDOWS\System32\OpenSSH\;C:\Program Files\dotnet\;C:\Program Files (x86)\Windows Kits\10\Windows Performance Toolkit\;C:\Program Files\Git\cmd;C:\Users\gazhi\AppData\Local\Microsoft\WindowsApps;C:\Users\gazhi\.dotnet\tools
USERNAME=gazhi
OS=Windows_NT
PROCESSOR_IDENTIFIER=AMD64 Family 23 Model 24 Stepping 1, AuthenticAMD
TMP=C:\Users\gazhi\AppData\Local\Temp
TEMP=C:\Users\gazhi\AppData\Local\Temp



Periodic native trim disabled

JNI global refs:
JNI global refs: 27, weak refs: 0

JNI global refs memory usage: 843, weak refs: 841

OOME stack traces (most recent first):
Classloader memory used:
Loader org.gradle.internal.classloader.VisitableURLClassLoader                         : 4173K
Loader bootstrap                                                                       : 2706K
Loader org.gradle.internal.classloader.VisitableURLClassLoader$InstrumentingVisitableURLClassLoader: 1443K
Loader org.gradle.initialization.MixInLegacyTypesClassLoader                           : 1166K
Loader jdk.internal.loader.ClassLoaders$PlatformClassLoader                            : 67729B
Loader jdk.internal.reflect.DelegatingClassLoader                                      : 38182B
Loader jdk.internal.loader.ClassLoaders$AppClassLoader                                 : 28460B
Loader org.gradle.internal.classloader.VisitableURLClassLoader                         : 8071B

Classes loaded by more than one classloader:
Class Program                                                                         : loaded 5 times (x 70B)
Class Build_gradle$1                                                                  : loaded 3 times (x 72B)
Class Build_gradle                                                                    : loaded 3 times (x 128B)
Class [Lcom.google.common.collect.AbstractMapEntry;                                   : loaded 2 times (x 67B)
Class com.google.common.collect.SingletonImmutableList                                : loaded 2 times (x 167B)
Class com.google.common.cache.CacheLoader$SupplierToCacheLoader                       : loaded 2 times (x 73B)
Class org.gradle.internal.classpath.ClassPath                                         : loaded 2 times (x 68B)
Class com.google.common.cache.RemovalListener                                         : loaded 2 times (x 68B)
Class org.gradle.api.internal.classpath.DefaultModuleRegistry                         : loaded 2 times (x 84B)
Class Settings_gradle$1$1                                                             : loaded 2 times (x 72B)
Class com.google.common.collect.ImmutableEnumSet                                      : loaded 2 times (x 144B)
Class com.google.common.collect.ListMultimap                                          : loaded 2 times (x 68B)
Class com.google.common.base.CharMatcher$JavaDigit                                    : loaded 2 times (x 109B)
Class com.google.common.base.CharMatcher$Digit                                        : loaded 2 times (x 110B)
Class com.google.common.collect.AbstractMultimap                                      : loaded 2 times (x 121B)
Class com.google.common.cache.CacheBuilder$OneWeigher                                 : loaded 2 times (x 80B)
Class org.gradle.api.Action                                                           : loaded 2 times (x 68B)
Class com.google.common.collect.ImmutableEntry                                        : loaded 2 times (x 80B)
Class com.google.common.collect.Lists$StringAsImmutableList                           : loaded 2 times (x 167B)
Class com.google.common.cache.LocalCache$StrongEntry                                  : loaded 2 times (x 106B)
Class org.objectweb.asm.FieldWriter                                                   : loaded 2 times (x 76B)
Class com.google.common.base.CharMatcher                                              : loaded 2 times (x 109B)
Class com.google.common.base.CharMatcher$IsNot                                        : loaded 2 times (x 109B)
Class com.google.common.base.Splitter                                                 : loaded 2 times (x 70B)
Class [Lcom.google.common.cache.Weigher;                                              : loaded 2 times (x 67B)
Class com.google.common.collect.Iterators$ArrayItr                                    : loaded 2 times (x 95B)
Class com.google.common.cache.LocalCache$Segment                                      : loaded 2 times (x 152B)
Class org.gradle.api.internal.DefaultClassPathProvider                                : loaded 2 times (x 74B)
Class org.gradle.internal.installation.GradleInstallation$1                           : loaded 2 times (x 73B)
Class com.google.common.cache.LocalCache$AbstractReferenceEntry                       : loaded 2 times (x 105B)
Class org.objectweb.asm.Type                                                          : loaded 2 times (x 70B)
Class com.google.common.util.concurrent.AbstractFuture$Failure                        : loaded 2 times (x 70B)
Class com.google.common.base.CharMatcher$BitSetMatcher                                : loaded 2 times (x 110B)
Class com.google.common.collect.ImmutableMap$IteratorBasedImmutableMap                : loaded 2 times (x 123B)
Class com.google.common.collect.ImmutableMap                                          : loaded 2 times (x 118B)
Class com.google.common.base.Converter                                                : loaded 2 times (x 88B)
Class com.google.common.collect.ImmutableSet$EmptySetBuilderImpl                      : loaded 2 times (x 74B)
Class com.google.common.base.Equivalence                                              : loaded 2 times (x 80B)
Class com.google.common.primitives.Ints                                               : loaded 2 times (x 69B)
Class com.google.common.cache.LocalCache$EntryFactory$1                               : loaded 2 times (x 81B)
Class com.google.common.cache.LocalCache$EntryFactory$2                               : loaded 2 times (x 81B)
Class com.google.common.cache.LocalCache$EntryFactory$3                               : loaded 2 times (x 81B)
Class com.google.common.cache.LocalCache$EntryFactory$4                               : loaded 2 times (x 81B)
Class com.google.common.cache.LocalCache$EntryFactory$5                               : loaded 2 times (x 81B)
Class com.google.common.cache.LocalCache$EntryFactory$6                               : loaded 2 times (x 81B)
Class com.google.common.cache.LocalCache$EntryFactory$7                               : loaded 2 times (x 81B)
Class com.google.common.cache.LocalCache$EntryFactory$8                               : loaded 2 times (x 81B)
Class com.google.common.base.Predicate                                                : loaded 2 times (x 68B)
Class com.google.common.cache.LocalCache$StrongValueReference                         : loaded 2 times (x 88B)
Class org.gradle.internal.classloader.FilteringClassLoader                            : loaded 2 times (x 103B)
Class com.google.common.collect.RegularImmutableSet                                   : loaded 2 times (x 146B)
Class [Lcom.google.common.cache.LocalCache$Strength;                                  : loaded 2 times (x 67B)
Class org.gradle.internal.classpath.DefaultClassPath$ImmutableUniqueList$Builder      : loaded 2 times (x 73B)
Class com.google.common.collect.Maps$8                                                : loaded 2 times (x 80B)
Class [Lcom.google.common.cache.CacheBuilder$NullListener;                            : loaded 2 times (x 67B)
Class com.google.common.base.PatternCompiler                                          : loaded 2 times (x 68B)
Class com.google.common.base.CharMatcher$InRange                                      : loaded 2 times (x 109B)
Class com.google.common.collect.Sets$SetView                                          : loaded 2 times (x 136B)
Class com.google.common.collect.BiMap                                                 : loaded 2 times (x 68B)
Class com.google.common.collect.Lists                                                 : loaded 2 times (x 69B)
Class org.objectweb.asm.AnnotationWriter                                              : loaded 2 times (x 77B)
Class com.google.common.math.IntMath$1                                                : loaded 2 times (x 69B)
Class org.gradle.internal.classloader.ClassLoaderVisitor                              : loaded 2 times (x 74B)
Class org.objectweb.asm.Label                                                         : loaded 2 times (x 71B)
Class com.google.common.cache.CacheBuilder$NullListener                               : loaded 2 times (x 80B)
Class com.google.common.math.MathPreconditions                                        : loaded 2 times (x 69B)
Class org.gradle.internal.service.DefaultServiceLocator                               : loaded 2 times (x 81B)
Class org.gradle.internal.service.UnknownServiceException                             : loaded 2 times (x 81B)
Class com.google.common.util.concurrent.AbstractFuture$SynchronizedHelper             : loaded 2 times (x 76B)
Class com.google.common.collect.ArrayListMultimap                                     : loaded 2 times (x 170B)
Class com.google.common.base.Strings                                                  : loaded 2 times (x 69B)
Class com.google.common.cache.CacheLoader$InvalidCacheLoadException                   : loaded 2 times (x 80B)
Class org.gradle.internal.classloader.DefaultClassLoaderFactory                       : loaded 2 times (x 80B)
Class com.google.common.collect.UnmodifiableIterator                                  : loaded 2 times (x 78B)
Class com.google.common.base.Stopwatch                                                : loaded 2 times (x 70B)
Class com.google.common.base.Platform$JdkPatternCompiler                              : loaded 2 times (x 73B)
Class com.google.common.cache.LocalCache$LoadingValueReference                        : loaded 2 times (x 94B)
Class com.google.common.base.CharMatcher$SingleWidth                                  : loaded 2 times (x 110B)
Class com.google.common.collect.Hashing                                               : loaded 2 times (x 69B)
Class com.google.common.base.JdkPattern                                               : loaded 2 times (x 73B)
Class com.google.common.collect.Multimap                                              : loaded 2 times (x 68B)
Class com.google.common.base.FunctionalEquivalence                                    : loaded 2 times (x 81B)
Class org.objectweb.asm.AnnotationVisitor                                             : loaded 2 times (x 76B)
Class org.objectweb.asm.RecordComponentWriter                                         : loaded 2 times (x 76B)
Class com.google.common.cache.LocalCache$1                                            : loaded 2 times (x 87B)
Class com.google.common.cache.LocalCache$2                                            : loaded 2 times (x 140B)
Class com.google.common.collect.RegularImmutableBiMap                                 : loaded 2 times (x 146B)
Class org.gradle.internal.classloader.VisitableURLClassLoader$Spec                    : loaded 2 times (x 72B)
Class org.gradle.api.GradleException                                                  : loaded 2 times (x 80B)
Class com.google.common.base.CharMatcher$JavaLetterOrDigit                            : loaded 2 times (x 109B)
Class org.gradle.api.internal.classpath.ModuleRegistry                                : loaded 2 times (x 68B)
Class com.google.common.collect.ForwardingObject                                      : loaded 2 times (x 70B)
Class com.google.common.cache.CacheBuilder                                            : loaded 2 times (x 70B)
Class org.objectweb.asm.ByteVector                                                    : loaded 2 times (x 77B)
Class com.google.common.collect.ImmutableCollection                                   : loaded 2 times (x 123B)
Class com.google.common.base.PairwiseEquivalence                                      : loaded 2 times (x 81B)
Class com.google.common.base.Ticker                                                   : loaded 2 times (x 70B)
Class org.gradle.api.internal.ClassPathProvider                                       : loaded 2 times (x 68B)
Class com.google.common.base.Ascii                                                    : loaded 2 times (x 69B)
Class org.objectweb.asm.ModuleVisitor                                                 : loaded 2 times (x 79B)
Class org.objectweb.asm.ModuleWriter                                                  : loaded 2 times (x 80B)
Class org.gradle.internal.classloader.ClasspathUtil$1                                 : loaded 2 times (x 74B)
Class com.google.common.collect.ImmutableEnumMap                                      : loaded 2 times (x 123B)
Class com.google.common.collect.ForwardingMap                                         : loaded 2 times (x 130B)
Class com.google.common.collect.ImmutableList$ReverseImmutableList                    : loaded 2 times (x 168B)
Class com.google.common.cache.AbstractCache$StatsCounter                              : loaded 2 times (x 68B)
Class org.objectweb.asm.FieldVisitor                                                  : loaded 2 times (x 75B)
Class org.objectweb.asm.Symbol                                                        : loaded 2 times (x 71B)
Class com.google.common.cache.LocalCache$Strength$1                                   : loaded 2 times (x 79B)
Class com.google.common.cache.LocalCache$Strength$2                                   : loaded 2 times (x 79B)
Class com.google.common.cache.LocalCache$Strength$3                                   : loaded 2 times (x 79B)
Class org.gradle.internal.classloader.ClassLoaderFactory                              : loaded 2 times (x 68B)
Class com.google.common.collect.ObjectArrays                                          : loaded 2 times (x 69B)
Class com.google.common.util.concurrent.AbstractFuture$Waiter                         : loaded 2 times (x 70B)
Class com.google.common.util.concurrent.Uninterruptibles                              : loaded 2 times (x 69B)
Class com.google.common.collect.Iterators$10                                          : loaded 2 times (x 79B)
Class com.google.common.collect.ImmutableList                                         : loaded 2 times (x 166B)
Class org.gradle.api.internal.classpath.ManifestUtil                                  : loaded 2 times (x 69B)
Class org.gradle.api.specs.Spec                                                       : loaded 2 times (x 68B)
Class com.google.common.cache.CacheLoader$UnsupportedLoadingOperationException        : loaded 2 times (x 80B)
Class com.google.common.base.CharMatcher$Whitespace                                   : loaded 2 times (x 110B)
Class com.google.common.util.concurrent.ListenableFuture                              : loaded 2 times (x 68B)
Class com.google.common.collect.Iterators$1                                           : loaded 2 times (x 79B)
Class com.google.common.collect.Iterators$4                                           : loaded 2 times (x 80B)
Class com.google.common.collect.RegularImmutableMap$BucketOverflowException           : loaded 2 times (x 80B)
Class com.google.common.collect.Iterators$5                                           : loaded 2 times (x 80B)
Class com.google.common.util.concurrent.AbstractFuture$UnsafeAtomicHelper             : loaded 2 times (x 76B)
Class com.google.common.base.Joiner                                                   : loaded 2 times (x 77B)
Class com.google.common.base.Equivalence$Equals                                       : loaded 2 times (x 80B)
Class com.google.common.base.Preconditions                                            : loaded 2 times (x 69B)
Class com.google.common.base.Function                                                 : loaded 2 times (x 68B)
Class com.google.common.collect.Iterators$9                                           : loaded 2 times (x 79B)
Class org.gradle.internal.IoActions                                                   : loaded 2 times (x 69B)
Class com.google.common.cache.ReferenceEntry                                          : loaded 2 times (x 68B)
Class com.google.common.collect.RegularImmutableMap$KeySet                            : loaded 2 times (x 148B)
Class com.google.common.collect.CollectPreconditions                                  : loaded 2 times (x 69B)
Class com.google.common.primitives.IntsMethodsForWeb                                  : loaded 2 times (x 69B)
Class com.google.common.collect.Maps                                                  : loaded 2 times (x 69B)
Class com.google.common.collect.RegularImmutableMap                                   : loaded 2 times (x 119B)
Class com.google.common.collect.AbstractIndexedListIterator                           : loaded 2 times (x 94B)
Class com.google.common.base.CharMatcher$None                                         : loaded 2 times (x 110B)
Class org.gradle.api.internal.classpath.EffectiveClassPath                            : loaded 2 times (x 88B)
Class com.google.common.collect.UnmodifiableListIterator                              : loaded 2 times (x 93B)
Class com.google.common.cache.CacheLoader$FunctionToCacheLoader                       : loaded 2 times (x 73B)
Class com.google.common.cache.CacheBuilder$1                                          : loaded 2 times (x 83B)
Class com.google.common.cache.CacheBuilder$2                                          : loaded 2 times (x 70B)
Class com.google.common.collect.ImmutableList$1                                       : loaded 2 times (x 95B)
Class com.google.common.base.Splitter$Strategy                                        : loaded 2 times (x 68B)
Class com.google.common.collect.ImmutableMapEntrySet$RegularEntrySet                  : loaded 2 times (x 149B)
Class [Lcom.google.common.cache.RemovalListener;                                      : loaded 2 times (x 67B)
Class [Lcom.google.common.collect.ImmutableMapEntry;                                  : loaded 2 times (x 67B)
Class org.gradle.internal.installation.CurrentGradleInstallation                      : loaded 2 times (x 71B)
Class org.gradle.internal.agents.InstrumentingClassLoader                             : loaded 2 times (x 68B)
Class org.gradle.internal.installation.CurrentGradleInstallationLocator               : loaded 2 times (x 69B)
Class [Lcom.google.common.cache.LocalCache$Segment;                                   : loaded 2 times (x 67B)
Class org.gradle.api.internal.classpath.Module                                        : loaded 2 times (x 68B)
Class com.google.common.base.Splitter$1$1                                             : loaded 2 times (x 84B)
Class com.google.common.collect.ImmutableSet$JdkBackedSetBuilderImpl                  : loaded 2 times (x 74B)
Class com.google.common.collect.ImmutableSet$RegularSetBuilderImpl                    : loaded 2 times (x 75B)
Class [Lorg.objectweb.asm.AnnotationWriter;                                           : loaded 2 times (x 67B)
Class org.gradle.internal.service.CachingServiceLocator                               : loaded 2 times (x 80B)
Class [Lcom.google.common.collect.ImmutableEntry;                                     : loaded 2 times (x 67B)
Class org.gradle.internal.classpath.DefaultClassPath                                  : loaded 2 times (x 88B)
Class com.google.common.util.concurrent.AbstractFuture$SetFuture                      : loaded 2 times (x 73B)
Class com.google.common.base.Splitter$SplittingIterator                               : loaded 2 times (x 82B)
Class com.google.common.cache.LocalCache$LocalManualCache$1                           : loaded 2 times (x 73B)
Class com.google.common.collect.Iterators$MergingIterator                             : loaded 2 times (x 79B)
Class org.objectweb.asm.SymbolTable$Entry                                             : loaded 2 times (x 72B)
Class [Lcom.google.common.cache.LocalCache$EntryFactory;                              : loaded 2 times (x 67B)
Class com.google.common.base.CharMatcher$Is                                           : loaded 2 times (x 109B)
Class com.google.common.base.Platform                                                 : loaded 2 times (x 69B)
Class com.google.common.collect.RegularImmutableAsList                                : loaded 2 times (x 176B)
Class com.google.common.collect.PeekingIterator                                       : loaded 2 times (x 68B)
Class com.google.common.collect.ImmutableMapEntrySet                                  : loaded 2 times (x 149B)
Class com.google.common.cache.CacheLoader                                             : loaded 2 times (x 72B)
Class com.google.common.collect.ImmutableBiMapFauxverideShim                          : loaded 2 times (x 118B)
Class org.objectweb.asm.MethodTooLargeException                                       : loaded 2 times (x 81B)
Class com.google.common.cache.Cache                                                   : loaded 2 times (x 68B)
Class org.gradle.internal.classloader.SystemClassLoaderSpec                           : loaded 2 times (x 69B)
Class com.google.common.util.concurrent.internal.InternalFutureFailureAccess          : loaded 2 times (x 70B)
Class com.google.common.base.Charsets                                                 : loaded 2 times (x 69B)
Class com.google.common.primitives.Ints$IntConverter                                  : loaded 2 times (x 88B)
Class com.google.common.collect.SingletonImmutableSet                                 : loaded 2 times (x 144B)
Class [Lcom.google.common.base.AbstractIterator$State;                                : loaded 2 times (x 67B)
Class com.google.common.collect.ImmutableMap$Builder                                  : loaded 2 times (x 80B)
Class com.google.common.base.AbstractIterator                                         : loaded 2 times (x 78B)
Class org.objectweb.asm.ClassWriter                                                   : loaded 2 times (x 104B)
Class com.google.common.base.AbstractIterator$1                                       : loaded 2 times (x 69B)
Class [Lcom.google.common.cache.CacheBuilder$OneWeigher;                              : loaded 2 times (x 67B)
Class com.google.common.collect.Iterators                                             : loaded 2 times (x 69B)
Class com.google.common.base.CharMatcher$1                                            : loaded 2 times (x 111B)
Class com.google.common.base.CharMatcher$Ascii                                        : loaded 2 times (x 110B)
Class com.google.common.cache.LocalCache$ComputingValueReference                      : loaded 2 times (x 94B)
Class org.gradle.api.UncheckedIOException                                             : loaded 2 times (x 80B)
Class com.google.common.base.CharMatcher$And                                          : loaded 2 times (x 110B)
Class com.google.common.collect.IndexedImmutableSet                                   : loaded 2 times (x 148B)
Class com.google.common.collect.AbstractListMultimap                                  : loaded 2 times (x 170B)
Class com.google.common.base.CharMatcher$Any                                          : loaded 2 times (x 110B)
Class com.google.common.collect.RegularImmutableMap$Values                            : loaded 2 times (x 167B)
Class com.google.common.cache.LocalCache$Strength                                     : loaded 2 times (x 79B)
Class com.google.common.collect.ArrayListMultimapGwtSerializationDependencies         : loaded 2 times (x 170B)
Class com.google.common.base.CharMatcher$RangesMatcher                                : loaded 2 times (x 110B)
Class org.objectweb.asm.Handler                                                       : loaded 2 times (x 70B)
Class com.google.common.collect.ImmutableList$SubList                                 : loaded 2 times (x 168B)
Class com.google.common.cache.LocalCache$ValueReference                               : loaded 2 times (x 68B)
Class org.gradle.internal.classloader.ClasspathUtil                                   : loaded 2 times (x 69B)
Class org.objectweb.asm.CurrentFrame                                                  : loaded 2 times (x 71B)
Class com.google.common.util.concurrent.AbstractFuture                                : loaded 2 times (x 93B)
Class com.google.common.base.Splitter$1                                               : loaded 2 times (x 75B)
Class com.google.common.base.Ticker$1                                                 : loaded 2 times (x 70B)
Class com.google.common.collect.Maps$BiMapConverter                                   : loaded 2 times (x 88B)
Class org.gradle.api.internal.DefaultClassPathRegistry                                : loaded 2 times (x 74B)
Class com.google.common.util.concurrent.AbstractFuture$Cancellation                   : loaded 2 times (x 70B)
Class [Lorg.objectweb.asm.Symbol;                                                     : loaded 2 times (x 67B)
Class com.google.common.collect.ImmutableSet$SetBuilderImpl                           : loaded 2 times (x 74B)
Class org.gradle.api.internal.classpath.DefaultModuleRegistry$DefaultModule           : loaded 2 times (x 84B)
Class com.google.common.base.CharMatcher$JavaIsoControl                               : loaded 2 times (x 110B)
Class com.google.common.collect.ImmutableMap$1                                        : loaded 2 times (x 79B)
Class com.google.common.base.CharMatcher$Or                                           : loaded 2 times (x 110B)
Class org.gradle.kotlin.dsl.VersionCatalogAccessorsKt                                 : loaded 2 times (x 69B)
Class com.google.common.base.Suppliers$SupplierOfInstance                             : loaded 2 times (x 77B)
Class org.objectweb.asm.RecordComponentVisitor                                        : loaded 2 times (x 75B)
Class com.google.common.collect.Iterables                                             : loaded 2 times (x 69B)
Class com.google.common.base.CharMatcher$JavaLowerCase                                : loaded 2 times (x 109B)
Class org.objectweb.asm.ClassTooLargeException                                        : loaded 2 times (x 81B)
Class org.gradle.api.internal.classpath.UnknownModuleException                        : loaded 2 times (x 80B)
Class com.google.common.util.concurrent.AbstractFuture$Listener                       : loaded 2 times (x 70B)
Class org.objectweb.asm.Edge                                                          : loaded 2 times (x 70B)
Class com.google.common.collect.Maps$EntryTransformer                                 : loaded 2 times (x 68B)
Class com.google.common.collect.ImmutableCollection$Builder                           : loaded 2 times (x 74B)
Class [Lorg.objectweb.asm.SymbolTable$Entry;                                          : loaded 2 times (x 67B)
Class com.google.common.collect.SingletonImmutableBiMap                               : loaded 2 times (x 141B)
Class com.google.common.base.CommonPattern                                            : loaded 2 times (x 72B)
Class com.google.common.base.Suppliers                                                : loaded 2 times (x 69B)
Class org.objectweb.asm.ClassVisitor                                                  : loaded 2 times (x 86B)
Class com.google.common.cache.LoadingCache                                            : loaded 2 times (x 68B)
Class org.gradle.internal.service.ServiceLookupException                              : loaded 2 times (x 80B)
Class org.gradle.cache.GlobalCache                                                    : loaded 2 times (x 68B)
Class com.google.common.base.CharMatcher$NegatedFastMatcher                           : loaded 2 times (x 111B)
Class [Lorg.gradle.api.internal.ClassPathProvider;                                    : loaded 2 times (x 67B)
Class com.google.common.util.concurrent.AbstractFuture$SafeAtomicHelper               : loaded 2 times (x 77B)
Class org.gradle.util.internal.GUtil                                                  : loaded 2 times (x 69B)
Class com.google.common.math.IntMath                                                  : loaded 2 times (x 69B)
Class com.google.common.collect.AbstractIterator                                      : loaded 2 times (x 80B)
Class org.gradle.internal.classloader.ClassLoaderSpec                                 : loaded 2 times (x 69B)
Class com.google.common.base.NullnessCasts                                            : loaded 2 times (x 69B)
Class org.objectweb.asm.Frame                                                         : loaded 2 times (x 71B)
Class com.google.common.cache.LocalCache$LocalManualCache                             : loaded 2 times (x 97B)
Class com.google.common.collect.AbstractMapEntry                                      : loaded 2 times (x 79B)
Class com.google.common.collect.ImmutableList$Builder                                 : loaded 2 times (x 75B)
Class com.google.common.base.CharMatcher$Negated                                      : loaded 2 times (x 111B)
Class com.google.common.cache.CacheLoader$1                                           : loaded 2 times (x 73B)
Class com.google.common.util.concurrent.AbstractFuture$TrustedFuture                  : loaded 2 times (x 95B)
Class com.google.common.collect.Sets                                                  : loaded 2 times (x 69B)
Class com.google.common.collect.ImmutableSet$Builder                                  : loaded 2 times (x 83B)
Class com.google.common.base.CharMatcher$ForPredicate                                 : loaded 2 times (x 110B)
Class com.google.common.collect.ImmutableMap$MapViewOfValuesAsSingletonSets           : loaded 2 times (x 123B)
Class com.google.common.base.MoreObjects                                              : loaded 2 times (x 69B)
Class com.google.common.collect.SortedMapDifference                                   : loaded 2 times (x 68B)
Class org.objectweb.asm.SymbolTable                                                   : loaded 2 times (x 70B)
Class [Lorg.objectweb.asm.AnnotationVisitor;                                          : loaded 2 times (x 67B)
Class com.google.common.cache.CacheStats                                              : loaded 2 times (x 69B)
Class org.objectweb.asm.Attribute                                                     : loaded 2 times (x 75B)
Class org.gradle.internal.classloader.VisitableURLClassLoader                         : loaded 2 times (x 115B)
Class com.google.common.cache.LocalCache$LocalLoadingCache                            : loaded 2 times (x 132B)
Class com.google.common.base.Supplier                                                 : loaded 2 times (x 68B)
Class com.google.common.util.concurrent.AbstractFuture$AtomicHelper                   : loaded 2 times (x 76B)
Class com.google.common.collect.ImmutableBiMap                                        : loaded 2 times (x 141B)
Class org.gradle.internal.Cast                                                        : loaded 2 times (x 69B)
Class org.gradle.internal.installation.GradleInstallation                             : loaded 2 times (x 73B)
Class org.gradle.api.internal.ClassPathRegistry                                       : loaded 2 times (x 68B)
Class com.google.common.cache.LocalCache$EntryFactory                                 : loaded 2 times (x 81B)
Class com.google.common.util.concurrent.UncheckedExecutionException                   : loaded 2 times (x 80B)
Class com.google.common.collect.ImmutableSet                                          : loaded 2 times (x 143B)
Class org.gradle.internal.classloader.VisitableURLClassLoader$InstrumentingVisitableURLClassLoader: loaded 2 times (x 121B)
Class org.gradle.internal.classloader.ClassLoaderHierarchy                            : loaded 2 times (x 68B)
Class [Lorg.objectweb.asm.Type;                                                       : loaded 2 times (x 67B)
Class com.google.common.base.AbstractIterator$State                                   : loaded 2 times (x 77B)
Class com.google.common.cache.Weigher                                                 : loaded 2 times (x 68B)
Class com.google.common.base.CharMatcher$NamedFastMatcher                             : loaded 2 times (x 110B)
Class org.gradle.internal.InternalTransformer                                         : loaded 2 times (x 68B)
Class org.gradle.internal.service.ServiceLocator                                      : loaded 2 times (x 68B)
Class Settings_gradle$1                                                               : loaded 2 times (x 72B)
Class com.google.common.util.concurrent.SettableFuture                                : loaded 2 times (x 95B)
Class com.google.common.collect.ImmutableMapEntry                                     : loaded 2 times (x 83B)
Class com.google.common.base.CharMatcher$Invisible                                    : loaded 2 times (x 110B)
Class com.google.common.base.Joiner$1                                                 : loaded 2 times (x 78B)
Class com.google.common.base.Joiner$2                                                 : loaded 2 times (x 77B)
Class com.google.common.base.CharMatcher$FastMatcher                                  : loaded 2 times (x 109B)
Class org.gradle.internal.classpath.DefaultClassPath$ImmutableUniqueList              : loaded 2 times (x 159B)
Class com.google.common.base.CharMatcher$JavaLetter                                   : loaded 2 times (x 109B)
Class org.gradle.internal.classpath.TransformedClassPath                              : loaded 2 times (x 94B)
Class com.google.common.collect.MapDifference                                         : loaded 2 times (x 68B)
Class com.google.common.collect.Sets$1                                                : loaded 2 times (x 137B)
Class com.google.common.collect.Sets$2                                                : loaded 2 times (x 137B)
Class com.google.common.util.concurrent.AbstractFuture$Trusted                        : loaded 2 times (x 68B)
Class com.google.common.collect.Sets$3                                                : loaded 2 times (x 137B)
Class com.google.common.collect.Sets$4                                                : loaded 2 times (x 137B)
Class Settings_gradle                                                                 : loaded 2 times (x 126B)
Class org.objectweb.asm.MethodWriter                                                  : loaded 2 times (x 104B)
Class com.google.common.collect.Platform                                              : loaded 2 times (x 69B)
Class com.google.common.collect.ImmutableAsList                                       : loaded 2 times (x 169B)
Class com.google.common.util.concurrent.ExecutionError                                : loaded 2 times (x 80B)
Class com.google.common.base.Equivalence$Identity                                     : loaded 2 times (x 80B)
Class com.google.common.base.CharMatcher$AnyOf                                        : loaded 2 times (x 110B)
Class com.google.common.base.CharMatcher$IsEither                                     : loaded 2 times (x 109B)
Class com.google.common.cache.LocalCache                                              : loaded 2 times (x 185B)
Class com.google.common.collect.RegularImmutableList                                  : loaded 2 times (x 172B)
Class com.google.common.util.concurrent.AbstractFuture$UnsafeAtomicHelper$1           : loaded 2 times (x 74B)
Class com.google.common.base.CharMatcher$JavaUpperCase                                : loaded 2 times (x 109B)
Class com.google.common.collect.Multiset                                              : loaded 2 times (x 68B)
Class com.google.common.collect.ImmutableSet$CachingAsList                            : loaded 2 times (x 145B)
Class org.objectweb.asm.MethodVisitor                                                 : loaded 2 times (x 103B)
Class com.google.common.collect.ImmutableMapEntry$NonTerminalImmutableMapEntry        : loaded 2 times (x 83B)
Class com.google.common.collect.AbstractMapBasedMultimap                              : loaded 2 times (x 137B)


---------------  S Y S T E M  ---------------

OS:
 Windows 10 , 64 bit Build 19041 (10.0.19041.3636)
OS uptime: 5 days 15:49 hours

CPU: total 4 (initial active 4) (4 cores per cpu, 2 threads per core) family 23 model 24 stepping 1 microcode 0x0, cx8, cmov, fxsr, ht, mmx, 3dnowpref, sse, sse2, sse3, ssse3, sse4a, sse4.1, sse4.2, popcnt, lzcnt, tsc, tscinvbit, avx, avx2, aes, clmul, bmi1, bmi2, adx, sha, fma, vzeroupper, clflush, clflushopt
Processor Information for all 4 processors :
  Max Mhz: 2600, Current Mhz: 2600, Mhz Limit: 2600

Memory: 4k page, system-wide physical 6082M (681M free)
TotalPageFile size 24514M (AvailPageFile size 6M)
current process WorkingSet (physical memory assigned to process): 306M, peak: 306M
current process commit charge ("private bytes"): 358M, peak: 360M

vm_info: OpenJDK 64-Bit Server VM (17.0.9+0--11185874) for windows-amd64 JRE (17.0.9+0--11185874), built on Dec  6 2023 18:57:44 by "androidbuild" with MS VC++ 16.10 / 16.11 (VS2019)

END.
