#
# There is insufficient memory for the Java Runtime Environment to continue.
# Native memory allocation (mmap) failed to map 16777216 bytes for G1 virtual space
# Possible reasons:
#   The system is out of physical RAM or swap space
#   The process is running with CompressedOops enabled, and the Java Heap may be blocking the growth of the native heap
# Possible solutions:
#   Reduce memory load on the system
#   Increase physical memory or swap space
#   Check if swap backing store is full
#   Decrease Java heap size (-Xmx/-Xms)
#   Decrease number of Java threads
#   Decrease Java thread stack sizes (-Xss)
#   Set larger code cache with -XX:ReservedCodeCacheSize=
#   JVM is running with Unscaled Compressed Oops mode in which the Java heap is
#     placed in the first 4GB address space. The Java Heap base address is the
#     maximum limit for the native heap growth. Please use -XX:HeapBaseMinAddress
#     to set the Java Heap base and to place the Java Heap above 4GB virtual address.
# This output file may be truncated or incomplete.
#
#  Out of Memory Error (os_windows.cpp:3825), pid=9728, tid=9688
#
# JRE version: OpenJDK Runtime Environment (17.0.9) (build 17.0.9+0--11185874)
# Java VM: OpenJDK 64-Bit Server VM (17.0.9+0--11185874, mixed mode, tiered, compressed oops, compressed class ptrs, g1 gc, windows-amd64)
# No core dump will be written. Minidumps are not enabled by default on client versions of Windows
#

---------------  S U M M A R Y ------------

Command Line: --add-opens=java.base/java.util=ALL-UNNAMED --add-opens=java.base/java.lang=ALL-UNNAMED --add-opens=java.base/java.lang.invoke=ALL-UNNAMED --add-opens=java.prefs/java.util.prefs=ALL-UNNAMED --add-opens=java.base/java.nio.charset=ALL-UNNAMED --add-opens=java.base/java.net=ALL-UNNAMED --add-opens=java.base/java.util.concurrent.atomic=ALL-UNNAMED -Xmx2048m -Dfile.encoding=UTF-8 -Duser.country=RU -Duser.language=ru -Duser.variant -javaagent:C:\Users\gazhi\.gradle\wrapper\dists\gradle-8.4-bin\1w5dpkrfk8irigvoxmyhowfim\gradle-8.4\lib\agents\gradle-instrumentation-agent-8.4.jar org.gradle.launcher.daemon.bootstrap.GradleDaemon 8.4

Host: AMD Ryzen 3 3200U with Radeon Vega Mobile Gfx  , 4 cores, 5G,  Windows 10 , 64 bit Build 19041 (10.0.19041.3636)
Time: Fri Mar 22 14:01:52 2024 RTZ 2 (s 10 , 64 bit Build 19041 (10.0.19041.3636) elapsed time: 22.789184 seconds (0d 0h 0m 22s)

---------------  T H R E A D  ---------------

Current thread (0x000002076c5f1670):  VMThread "VM Thread" [stack: 0x000000f28d600000,0x000000f28d700000] [id=9688]

Stack: [0x000000f28d600000,0x000000f28d700000]
Native frames: (J=compiled Java code, j=interpreted, Vv=VM code, C=native code)
V  [jvm.dll+0x6886e9]
V  [jvm.dll+0x841e4a]
V  [jvm.dll+0x843a8e]
V  [jvm.dll+0x8440f3]
V  [jvm.dll+0x24c14f]
V  [jvm.dll+0x685499]
V  [jvm.dll+0x679c2a]
V  [jvm.dll+0x30cf9b]
V  [jvm.dll+0x314446]
V  [jvm.dll+0x36425e]
V  [jvm.dll+0x36448f]
V  [jvm.dll+0x2e2d68]
V  [jvm.dll+0x2e5e56]
V  [jvm.dll+0x2f066a]
V  [jvm.dll+0x325610]
V  [jvm.dll+0x8487eb]
V  [jvm.dll+0x849531]
V  [jvm.dll+0x849a4d]
V  [jvm.dll+0x849e24]
V  [jvm.dll+0x849ef0]
V  [jvm.dll+0x7f06aa]
V  [jvm.dll+0x687565]
C  [ucrtbase.dll+0x21bb2]
C  [KERNEL32.DLL+0x17344]
C  [ntdll.dll+0x526b1]

VM_Operation (0x000000f28d2ff560): G1PauseRemark, mode: safepoint, requested by thread 0x000002075111afd0


---------------  P R O C E S S  ---------------

Threads class SMR info:
_java_thread_list=0x00000207745fdfa0, length=45, elements={
0x00000207510acbd0, 0x000002076c5dc540, 0x000002076c5dd410, 0x000002076c621bd0,
0x000002076c6225a0, 0x000002076c88c090, 0x000002076c88c960, 0x000002076c8a27d0,
0x000002076c8a50f0, 0x000002076c8edff0, 0x000002076c990ce0, 0x000002076cabb030,
0x00000207727d0930, 0x00000207720e4ce0, 0x0000020771a8e120, 0x000002077284c250,
0x000002077284c730, 0x0000020772722770, 0x0000020772474080, 0x0000020772892ee0,
0x0000020772891590, 0x0000020772891fb0, 0x00000207728933f0, 0x0000020772894320,
0x00000207728929d0, 0x00000207728924c0, 0x0000020772893e10, 0x0000020772891aa0,
0x0000020772894830, 0x0000020772891080, 0x00000207736f5b80, 0x00000207736f3d20,
0x00000207736f0060, 0x00000207736f65a0, 0x00000207736f14a0, 0x00000207736f0a80,
0x00000207736f4740, 0x00000207736f19b0, 0x00000207736f1ec0, 0x00000207736f5670,
0x00000207736f2df0, 0x00000207736f23d0, 0x00000207736f4c50, 0x00000207736f0570,
0x00000207736f28e0
}

Java Threads: ( => current thread )
  0x00000207510acbd0 JavaThread "main" [_thread_blocked, id=7640, stack(0x000000f28d000000,0x000000f28d100000)]
  0x000002076c5dc540 JavaThread "Reference Handler" daemon [_thread_blocked, id=16192, stack(0x000000f28d700000,0x000000f28d800000)]
  0x000002076c5dd410 JavaThread "Finalizer" daemon [_thread_blocked, id=16372, stack(0x000000f28d800000,0x000000f28d900000)]
  0x000002076c621bd0 JavaThread "Signal Dispatcher" daemon [_thread_blocked, id=15432, stack(0x000000f28d900000,0x000000f28da00000)]
  0x000002076c6225a0 JavaThread "Attach Listener" daemon [_thread_blocked, id=2496, stack(0x000000f28da00000,0x000000f28db00000)]
  0x000002076c88c090 JavaThread "Service Thread" daemon [_thread_blocked, id=13520, stack(0x000000f28db00000,0x000000f28dc00000)]
  0x000002076c88c960 JavaThread "Monitor Deflation Thread" daemon [_thread_blocked, id=5368, stack(0x000000f28dc00000,0x000000f28dd00000)]
  0x000002076c8a27d0 JavaThread "C2 CompilerThread0" daemon [_thread_blocked, id=12336, stack(0x000000f28dd00000,0x000000f28de00000)]
  0x000002076c8a50f0 JavaThread "C1 CompilerThread0" daemon [_thread_blocked, id=4868, stack(0x000000f28de00000,0x000000f28df00000)]
  0x000002076c8edff0 JavaThread "Sweeper thread" daemon [_thread_blocked, id=13544, stack(0x000000f28df00000,0x000000f28e000000)]
  0x000002076c990ce0 JavaThread "Common-Cleaner" daemon [_thread_blocked, id=15468, stack(0x000000f28e000000,0x000000f28e100000)]
  0x000002076cabb030 JavaThread "Notification Thread" daemon [_thread_blocked, id=15656, stack(0x000000f28e100000,0x000000f28e200000)]
  0x00000207727d0930 JavaThread "Daemon health stats" [_thread_blocked, id=11140, stack(0x000000f28e600000,0x000000f28e700000)]
  0x00000207720e4ce0 JavaThread "Incoming local TCP Connector on port 55519" [_thread_in_native, id=15628, stack(0x000000f28e700000,0x000000f28e800000)]
  0x0000020771a8e120 JavaThread "Daemon periodic checks" [_thread_blocked, id=9944, stack(0x000000f28e800000,0x000000f28e900000)]
  0x000002077284c250 JavaThread "Daemon" [_thread_blocked, id=5988, stack(0x000000f28e900000,0x000000f28ea00000)]
  0x000002077284c730 JavaThread "Handler for socket connection from /127.0.0.1:55519 to /127.0.0.1:55520" [_thread_in_native, id=7592, stack(0x000000f28ea00000,0x000000f28eb00000)]
  0x0000020772722770 JavaThread "Cancel handler" [_thread_blocked, id=3200, stack(0x000000f28eb00000,0x000000f28ec00000)]
  0x0000020772474080 JavaThread "Daemon worker" [_thread_blocked, id=11468, stack(0x000000f28ec00000,0x000000f28ed00000)]
  0x0000020772892ee0 JavaThread "Asynchronous log dispatcher for DefaultDaemonConnection: socket connection from /127.0.0.1:55519 to /127.0.0.1:55520" [_thread_blocked, id=13268, stack(0x000000f28ed00000,0x000000f28ee00000)]
  0x0000020772891590 JavaThread "Stdin handler" [_thread_blocked, id=14512, stack(0x000000f28ee00000,0x000000f28ef00000)]
  0x0000020772891fb0 JavaThread "Daemon client event forwarder" [_thread_blocked, id=2132, stack(0x000000f28ef00000,0x000000f28f000000)]
  0x00000207728933f0 JavaThread "Cache worker for journal cache (C:\Users\gazhi\.gradle\caches\journal-1)" [_thread_blocked, id=15604, stack(0x000000f28f000000,0x000000f28f100000)]
  0x0000020772894320 JavaThread "File lock request listener" [_thread_in_native, id=5384, stack(0x000000f28f100000,0x000000f28f200000)]
  0x00000207728929d0 JavaThread "Cache worker for file hash cache (C:\Users\gazhi\.gradle\caches\8.4\fileHashes)" [_thread_blocked, id=5364, stack(0x000000f28f200000,0x000000f28f300000)]
  0x00000207728924c0 JavaThread "File watcher server" daemon [_thread_blocked, id=16276, stack(0x000000f28f300000,0x000000f28f400000)]
  0x0000020772893e10 JavaThread "File watcher consumer" daemon [_thread_blocked, id=13932, stack(0x000000f28f400000,0x000000f28f500000)]
  0x0000020772891aa0 JavaThread "Cache worker for checksums cache (C:\Users\gazhi\AndroidStudioProjects\project\.gradle\8.4\checksums)" [_thread_blocked, id=12332, stack(0x000000f28f500000,0x000000f28f600000)]
  0x0000020772894830 JavaThread "Cache worker for file hash cache (C:\Users\gazhi\AndroidStudioProjects\project\.gradle\8.4\fileHashes)" [_thread_blocked, id=6636, stack(0x000000f28f600000,0x000000f28f700000)]
  0x0000020772891080 JavaThread "Cache worker for cache directory md-supplier (C:\Users\gazhi\.gradle\caches\8.4\md-supplier)" [_thread_blocked, id=10392, stack(0x000000f28f700000,0x000000f28f800000)]
  0x00000207736f5b80 JavaThread "Cache worker for file content cache (C:\Users\gazhi\.gradle\caches\8.4\fileContent)" [_thread_blocked, id=11656, stack(0x000000f28f800000,0x000000f28f900000)]
  0x00000207736f3d20 JavaThread "Cache worker for cache directory md-rule (C:\Users\gazhi\.gradle\caches\8.4\md-rule)" [_thread_blocked, id=2996, stack(0x000000f28f900000,0x000000f28fa00000)]
  0x00000207736f0060 JavaThread "Cache worker for execution history cache (C:\Users\gazhi\.gradle\caches\8.4\executionHistory)" [_thread_blocked, id=6612, stack(0x000000f28fa00000,0x000000f28fb00000)]
  0x00000207736f65a0 JavaThread "Cache worker for kotlin-dsl (C:\Users\gazhi\.gradle\caches\8.4\kotlin-dsl)" [_thread_blocked, id=9032, stack(0x000000f28fb00000,0x000000f28fc00000)]
  0x00000207736f14a0 JavaThread "jar transforms" [_thread_blocked, id=2172, stack(0x000000f28fc00000,0x000000f28fd00000)]
  0x00000207736f0a80 JavaThread "jar transforms Thread 2" [_thread_blocked, id=5252, stack(0x000000f28fd00000,0x000000f28fe00000)]
  0x00000207736f4740 JavaThread "jar transforms Thread 3" [_thread_blocked, id=10040, stack(0x000000f28fe00000,0x000000f28ff00000)]
  0x00000207736f19b0 JavaThread "jar transforms Thread 4" [_thread_blocked, id=6228, stack(0x000000f28ff00000,0x000000f290000000)]
  0x00000207736f1ec0 JavaThread "Cache worker for dependencies-accessors (C:\Users\gazhi\AndroidStudioProjects\project\.gradle\8.4\dependencies-accessors)" [_thread_blocked, id=14608, stack(0x000000f290000000,0x000000f290100000)]
  0x00000207736f5670 JavaThread "Cache worker for Build Output Cleanup Cache (C:\Users\gazhi\AndroidStudioProjects\project\.gradle\buildOutputCleanup)" [_thread_blocked, id=11880, stack(0x000000f290100000,0x000000f290200000)]
  0x00000207736f2df0 JavaThread "Unconstrained build operations" [_thread_blocked, id=9508, stack(0x000000f290200000,0x000000f290300000)]
  0x00000207736f23d0 JavaThread "Unconstrained build operations Thread 2" [_thread_blocked, id=4508, stack(0x000000f290300000,0x000000f290400000)]
  0x00000207736f4c50 JavaThread "Unconstrained build operations Thread 3" [_thread_blocked, id=13540, stack(0x000000f290400000,0x000000f290500000)]
  0x00000207736f0570 JavaThread "build event listener" [_thread_blocked, id=15304, stack(0x000000f290500000,0x000000f290600000)]
  0x00000207736f28e0 JavaThread "Memory manager" [_thread_blocked, id=4012, stack(0x000000f290600000,0x000000f290700000)]

Other Threads:
=>0x000002076c5f1670 VMThread "VM Thread" [stack: 0x000000f28d600000,0x000000f28d700000] [id=9688]
  0x00000207510ad9a0 WatcherThread [stack: 0x000000f28e200000,0x000000f28e300000] [id=7752]
  0x000002075110a170 GCTaskThread "GC Thread#0" [stack: 0x000000f28d100000,0x000000f28d200000] [id=13608]
  0x0000020771291530 GCTaskThread "GC Thread#1" [stack: 0x000000f28e300000,0x000000f28e400000] [id=11960]
  0x00000207711b0760 GCTaskThread "GC Thread#2" [stack: 0x000000f28e400000,0x000000f28e500000] [id=12596]
  0x000002076cc7e850 GCTaskThread "GC Thread#3" [stack: 0x000000f28e500000,0x000000f28e600000] [id=1400]
  0x000002075111afd0 ConcurrentGCThread "G1 Main Marker" [stack: 0x000000f28d200000,0x000000f28d300000] [id=4704]
  0x000002075111c0a0 ConcurrentGCThread "G1 Conc#0" [stack: 0x000000f28d300000,0x000000f28d400000] [id=11240]
  0x000002076c440090 ConcurrentGCThread "G1 Refine#0" [stack: 0x000000f28d400000,0x000000f28d500000] [id=3216]
  0x000002076c4419e0 ConcurrentGCThread "G1 Service" [stack: 0x000000f28d500000,0x000000f28d600000] [id=13920]

Threads with active compile tasks:
C2 CompilerThread0    22841 6667   !   4       java.util.jar.Attributes::read (494 bytes)

VM state: at safepoint (normal execution)

VM Mutex/Monitor currently owned by a thread:  ([mutex/lock_event])
[0x00000207510a86c0] Threads_lock - owner thread: 0x000002076c5f1670
[0x00000207510a9560] Heap_lock - owner thread: 0x000002075111afd0

Heap address: 0x0000000080000000, size: 2048 MB, Compressed Oops mode: 32-bit

CDS archive(s) not mapped
Compressed class space mapped at: 0x0000000100000000-0x0000000140000000, reserved size: 1073741824
Narrow klass base: 0x0000000000000000, Narrow klass shift: 3, Narrow klass range: 0x140000000

GC Precious Log:
 CPUs: 4 total, 4 available
 Memory: 6082M
 Large Page Support: Disabled
 NUMA Support: Disabled
 Compressed Oops: Enabled (32-bit)
 Heap Region Size: 1M
 Heap Min Capacity: 8M
 Heap Initial Capacity: 96M
 Heap Max Capacity: 2G
 Pre-touch: Disabled
 Parallel Workers: 4
 Concurrent Workers: 1
 Concurrent Refinement Workers: 4
 Periodic GC: Disabled

Heap:
 garbage-first heap   total 98304K, used 65521K [0x0000000080000000, 0x0000000100000000)
  region size 1024K, 13 young (13312K), 4 survivors (4096K)
 Metaspace       used 66239K, committed 66880K, reserved 1114112K
  class space    used 8995K, committed 9280K, reserved 1048576K

Heap Regions: E=young(eden), S=young(survivor), O=old, HS=humongous(starts), HC=humongous(continues), CS=collection set, F=free, OA=open archive, CA=closed archive, TAMS=top-at-mark-start (previous, next)
|   0|0x0000000080000000, 0x0000000080100000, 0x0000000080100000|100%| O|  |TAMS 0x0000000080100000, 0x0000000080000000| Untracked 
|   1|0x0000000080100000, 0x0000000080200000, 0x0000000080200000|100%| O|  |TAMS 0x0000000080200000, 0x0000000080100000| Untracked 
|   2|0x0000000080200000, 0x0000000080300000, 0x0000000080300000|100%|HS|  |TAMS 0x0000000080300000, 0x0000000080200000| Complete 
|   3|0x0000000080300000, 0x0000000080400000, 0x0000000080400000|100%|HC|  |TAMS 0x0000000080400000, 0x0000000080300000| Complete 
|   4|0x0000000080400000, 0x0000000080500000, 0x0000000080500000|100%|HC|  |TAMS 0x0000000080500000, 0x0000000080400000| Complete 
|   5|0x0000000080500000, 0x0000000080600000, 0x0000000080600000|100%|HC|  |TAMS 0x0000000080600000, 0x0000000080500000| Complete 
|   6|0x0000000080600000, 0x0000000080700000, 0x0000000080700000|100%| O|  |TAMS 0x0000000080700000, 0x0000000080600000| Untracked 
|   7|0x0000000080700000, 0x0000000080800000, 0x0000000080800000|100%| O|  |TAMS 0x0000000080800000, 0x0000000080700000| Untracked 
|   8|0x0000000080800000, 0x0000000080900000, 0x0000000080900000|100%| O|  |TAMS 0x0000000080900000, 0x0000000080800000| Untracked 
|   9|0x0000000080900000, 0x0000000080a00000, 0x0000000080a00000|100%| O|  |TAMS 0x0000000080a00000, 0x0000000080900000| Untracked 
|  10|0x0000000080a00000, 0x0000000080b00000, 0x0000000080b00000|100%| O|  |TAMS 0x0000000080b00000, 0x0000000080a00000| Untracked 
|  11|0x0000000080b00000, 0x0000000080c00000, 0x0000000080c00000|100%| O|  |TAMS 0x0000000080c00000, 0x0000000080b00000| Untracked 
|  12|0x0000000080c00000, 0x0000000080d00000, 0x0000000080d00000|100%| O|  |TAMS 0x0000000080d00000, 0x0000000080c00000| Untracked 
|  13|0x0000000080d00000, 0x0000000080e00000, 0x0000000080e00000|100%| O|  |TAMS 0x0000000080e00000, 0x0000000080d00000| Updating 
|  14|0x0000000080e00000, 0x0000000080f00000, 0x0000000080f00000|100%| O|  |TAMS 0x0000000080f00000, 0x0000000080e00000| Untracked 
|  15|0x0000000080f00000, 0x0000000081000000, 0x0000000081000000|100%| O|  |TAMS 0x0000000081000000, 0x0000000080f00000| Untracked 
|  16|0x0000000081000000, 0x0000000081100000, 0x0000000081100000|100%| O|  |TAMS 0x0000000081100000, 0x0000000081000000| Untracked 
|  17|0x0000000081100000, 0x0000000081200000, 0x0000000081200000|100%| O|  |TAMS 0x0000000081200000, 0x0000000081100000| Untracked 
|  18|0x0000000081200000, 0x0000000081300000, 0x0000000081300000|100%| O|  |TAMS 0x0000000081300000, 0x0000000081200000| Untracked 
|  19|0x0000000081300000, 0x0000000081400000, 0x0000000081400000|100%| O|  |TAMS 0x0000000081400000, 0x0000000081300000| Untracked 
|  20|0x0000000081400000, 0x0000000081500000, 0x0000000081500000|100%| O|  |TAMS 0x0000000081500000, 0x0000000081400000| Updating 
|  21|0x0000000081500000, 0x0000000081600000, 0x0000000081600000|100%| O|  |TAMS 0x0000000081600000, 0x0000000081500000| Updating 
|  22|0x0000000081600000, 0x0000000081700000, 0x0000000081700000|100%| O|  |TAMS 0x0000000081700000, 0x0000000081600000| Updating 
|  23|0x0000000081700000, 0x0000000081800000, 0x0000000081800000|100%| O|  |TAMS 0x0000000081800000, 0x0000000081700000| Updating 
|  24|0x0000000081800000, 0x0000000081900000, 0x0000000081900000|100%| O|  |TAMS 0x0000000081900000, 0x0000000081800000| Untracked 
|  25|0x0000000081900000, 0x0000000081a00000, 0x0000000081a00000|100%| O|  |TAMS 0x0000000081a00000, 0x0000000081900000| Untracked 
|  26|0x0000000081a00000, 0x0000000081b00000, 0x0000000081b00000|100%| O|  |TAMS 0x0000000081b00000, 0x0000000081a00000| Untracked 
|  27|0x0000000081b00000, 0x0000000081c00000, 0x0000000081c00000|100%| O|  |TAMS 0x0000000081c00000, 0x0000000081b00000| Untracked 
|  28|0x0000000081c00000, 0x0000000081d00000, 0x0000000081d00000|100%| O|  |TAMS 0x0000000081d00000, 0x0000000081c00000| Updating 
|  29|0x0000000081d00000, 0x0000000081e00000, 0x0000000081e00000|100%| O|  |TAMS 0x0000000081e00000, 0x0000000081d00000| Untracked 
|  30|0x0000000081e00000, 0x0000000081f00000, 0x0000000081f00000|100%|HS|  |TAMS 0x0000000081f00000, 0x0000000081e00000| Complete 
|  31|0x0000000081f00000, 0x0000000082000000, 0x0000000082000000|100%|HS|  |TAMS 0x0000000082000000, 0x0000000081f00000| Complete 
|  32|0x0000000082000000, 0x0000000082100000, 0x0000000082100000|100%| O|  |TAMS 0x0000000082100000, 0x0000000082000000| Untracked 
|  33|0x0000000082100000, 0x0000000082200000, 0x0000000082200000|100%| O|  |TAMS 0x0000000082200000, 0x0000000082100000| Untracked 
|  34|0x0000000082200000, 0x0000000082300000, 0x0000000082300000|100%| O|  |TAMS 0x0000000082300000, 0x0000000082200000| Untracked 
|  35|0x0000000082300000, 0x0000000082400000, 0x0000000082400000|100%|HS|  |TAMS 0x0000000082400000, 0x0000000082300000| Complete 
|  36|0x0000000082400000, 0x0000000082500000, 0x0000000082500000|100%| O|  |TAMS 0x0000000082500000, 0x0000000082400000| Untracked 
|  37|0x0000000082500000, 0x0000000082600000, 0x0000000082600000|100%|HS|  |TAMS 0x0000000082600000, 0x0000000082500000| Complete 
|  38|0x0000000082600000, 0x0000000082700000, 0x0000000082700000|100%|HS|  |TAMS 0x0000000082700000, 0x0000000082600000| Complete 
|  39|0x0000000082700000, 0x0000000082800000, 0x0000000082800000|100%| O|  |TAMS 0x0000000082800000, 0x0000000082700000| Untracked 
|  40|0x0000000082800000, 0x0000000082900000, 0x0000000082900000|100%| O|  |TAMS 0x0000000082900000, 0x0000000082800000| Untracked 
|  41|0x0000000082900000, 0x0000000082a00000, 0x0000000082a00000|100%| O|  |TAMS 0x0000000082a00000, 0x0000000082900000| Untracked 
|  42|0x0000000082a00000, 0x0000000082b00000, 0x0000000082b00000|100%| O|  |TAMS 0x0000000082b00000, 0x0000000082a00000| Untracked 
|  43|0x0000000082b00000, 0x0000000082c00000, 0x0000000082c00000|100%| O|  |TAMS 0x0000000082c00000, 0x0000000082b00000| Untracked 
|  44|0x0000000082c00000, 0x0000000082d00000, 0x0000000082d00000|100%| O|  |TAMS 0x0000000082d00000, 0x0000000082c00000| Untracked 
|  45|0x0000000082d00000, 0x0000000082e00000, 0x0000000082e00000|100%| O|  |TAMS 0x0000000082e00000, 0x0000000082d00000| Updating 
|  46|0x0000000082e00000, 0x0000000082f00000, 0x0000000082f00000|100%| O|  |TAMS 0x0000000082f00000, 0x0000000082e00000| Updating 
|  47|0x0000000082f00000, 0x0000000083000000, 0x0000000083000000|100%| O|  |TAMS 0x0000000083000000, 0x0000000082f00000| Untracked 
|  48|0x0000000083000000, 0x0000000083100000, 0x0000000083100000|100%| O|  |TAMS 0x0000000083100000, 0x0000000083000000| Updating 
|  49|0x0000000083100000, 0x00000000831bd800, 0x0000000083200000| 74%| O|  |TAMS 0x00000000831bd800, 0x0000000083100000| Updating 
|  50|0x0000000083200000, 0x0000000083300000, 0x0000000083300000|100%|HS|  |TAMS 0x0000000083200000, 0x0000000083200000| Complete 
|  51|0x0000000083300000, 0x0000000083400000, 0x0000000083400000|100%|HS|  |TAMS 0x0000000083300000, 0x0000000083300000| Complete 
|  52|0x0000000083400000, 0x0000000083500000, 0x0000000083500000|100%|HS|  |TAMS 0x0000000083400000, 0x0000000083400000| Complete 
|  53|0x0000000083500000, 0x0000000083600000, 0x0000000083600000|100%|HS|  |TAMS 0x0000000083500000, 0x0000000083500000| Complete 
|  54|0x0000000083600000, 0x0000000083600000, 0x0000000083700000|  0%| F|  |TAMS 0x0000000083600000, 0x0000000083600000| Untracked 
|  55|0x0000000083700000, 0x0000000083700000, 0x0000000083800000|  0%| F|  |TAMS 0x0000000083700000, 0x0000000083700000| Untracked 
|  56|0x0000000083800000, 0x0000000083800000, 0x0000000083900000|  0%| F|  |TAMS 0x0000000083800000, 0x0000000083800000| Untracked 
|  57|0x0000000083900000, 0x0000000083900000, 0x0000000083a00000|  0%| F|  |TAMS 0x0000000083900000, 0x0000000083900000| Untracked 
|  58|0x0000000083a00000, 0x0000000083a00000, 0x0000000083b00000|  0%| F|  |TAMS 0x0000000083a00000, 0x0000000083a00000| Untracked 
|  59|0x0000000083b00000, 0x0000000083b00000, 0x0000000083c00000|  0%| F|  |TAMS 0x0000000083b00000, 0x0000000083b00000| Untracked 
|  60|0x0000000083c00000, 0x0000000083c00000, 0x0000000083d00000|  0%| F|  |TAMS 0x0000000083c00000, 0x0000000083c00000| Untracked 
|  61|0x0000000083d00000, 0x0000000083d00000, 0x0000000083e00000|  0%| F|  |TAMS 0x0000000083d00000, 0x0000000083d00000| Untracked 
|  62|0x0000000083e00000, 0x0000000083e00000, 0x0000000083f00000|  0%| F|  |TAMS 0x0000000083e00000, 0x0000000083e00000| Untracked 
|  63|0x0000000083f00000, 0x0000000083f3ef10, 0x0000000084000000| 24%| S|CS|TAMS 0x0000000083f00000, 0x0000000083f00000| Complete 
|  64|0x0000000084000000, 0x0000000084100000, 0x0000000084100000|100%| S|CS|TAMS 0x0000000084000000, 0x0000000084000000| Complete 
|  65|0x0000000084100000, 0x0000000084100000, 0x0000000084200000|  0%| F|  |TAMS 0x0000000084100000, 0x0000000084100000| Untracked 
|  66|0x0000000084200000, 0x0000000084200000, 0x0000000084300000|  0%| F|  |TAMS 0x0000000084200000, 0x0000000084200000| Untracked 
|  67|0x0000000084300000, 0x0000000084400000, 0x0000000084400000|100%| S|CS|TAMS 0x0000000084300000, 0x0000000084300000| Complete 
|  68|0x0000000084400000, 0x0000000084500000, 0x0000000084500000|100%| S|CS|TAMS 0x0000000084400000, 0x0000000084400000| Complete 
|  69|0x0000000084500000, 0x0000000084500000, 0x0000000084600000|  0%| F|  |TAMS 0x0000000084500000, 0x0000000084500000| Untracked 
|  70|0x0000000084600000, 0x0000000084600000, 0x0000000084700000|  0%| F|  |TAMS 0x0000000084600000, 0x0000000084600000| Untracked 
|  71|0x0000000084700000, 0x0000000084700000, 0x0000000084800000|  0%| F|  |TAMS 0x0000000084700000, 0x0000000084700000| Untracked 
|  72|0x0000000084800000, 0x0000000084800000, 0x0000000084900000|  0%| F|  |TAMS 0x0000000084800000, 0x0000000084800000| Untracked 
|  73|0x0000000084900000, 0x0000000084900000, 0x0000000084a00000|  0%| F|  |TAMS 0x0000000084900000, 0x0000000084900000| Untracked 
|  74|0x0000000084a00000, 0x0000000084a00000, 0x0000000084b00000|  0%| F|  |TAMS 0x0000000084a00000, 0x0000000084a00000| Untracked 
|  75|0x0000000084b00000, 0x0000000084b00000, 0x0000000084c00000|  0%| F|  |TAMS 0x0000000084b00000, 0x0000000084b00000| Untracked 
|  76|0x0000000084c00000, 0x0000000084c00000, 0x0000000084d00000|  0%| F|  |TAMS 0x0000000084c00000, 0x0000000084c00000| Untracked 
|  77|0x0000000084d00000, 0x0000000084d00000, 0x0000000084e00000|  0%| F|  |TAMS 0x0000000084d00000, 0x0000000084d00000| Untracked 
|  78|0x0000000084e00000, 0x0000000084e00000, 0x0000000084f00000|  0%| F|  |TAMS 0x0000000084e00000, 0x0000000084e00000| Untracked 
|  79|0x0000000084f00000, 0x0000000084f00000, 0x0000000085000000|  0%| F|  |TAMS 0x0000000084f00000, 0x0000000084f00000| Untracked 
|  80|0x0000000085000000, 0x0000000085000000, 0x0000000085100000|  0%| F|  |TAMS 0x0000000085000000, 0x0000000085000000| Untracked 
|  81|0x0000000085100000, 0x0000000085100000, 0x0000000085200000|  0%| F|  |TAMS 0x0000000085100000, 0x0000000085100000| Untracked 
|  82|0x0000000085200000, 0x0000000085200000, 0x0000000085300000|  0%| F|  |TAMS 0x0000000085200000, 0x0000000085200000| Untracked 
|  83|0x0000000085300000, 0x0000000085300000, 0x0000000085400000|  0%| F|  |TAMS 0x0000000085300000, 0x0000000085300000| Untracked 
|  84|0x0000000085400000, 0x0000000085400000, 0x0000000085500000|  0%| F|  |TAMS 0x0000000085400000, 0x0000000085400000| Untracked 
|  85|0x0000000085500000, 0x0000000085500000, 0x0000000085600000|  0%| F|  |TAMS 0x0000000085500000, 0x0000000085500000| Untracked 
|  86|0x0000000085600000, 0x0000000085600000, 0x0000000085700000|  0%| F|  |TAMS 0x0000000085600000, 0x0000000085600000| Untracked 
|  87|0x0000000085700000, 0x00000000857808b0, 0x0000000085800000| 50%| E|  |TAMS 0x0000000085700000, 0x0000000085700000| Complete 
|  88|0x0000000085800000, 0x0000000085900000, 0x0000000085900000|100%| E|CS|TAMS 0x0000000085800000, 0x0000000085800000| Complete 
|  89|0x0000000085900000, 0x0000000085a00000, 0x0000000085a00000|100%| E|CS|TAMS 0x0000000085900000, 0x0000000085900000| Complete 
|  90|0x0000000085a00000, 0x0000000085b00000, 0x0000000085b00000|100%| E|CS|TAMS 0x0000000085a00000, 0x0000000085a00000| Complete 
|  91|0x0000000085b00000, 0x0000000085c00000, 0x0000000085c00000|100%| E|CS|TAMS 0x0000000085b00000, 0x0000000085b00000| Complete 
|  92|0x0000000085c00000, 0x0000000085d00000, 0x0000000085d00000|100%| E|CS|TAMS 0x0000000085c00000, 0x0000000085c00000| Complete 
|  93|0x0000000085d00000, 0x0000000085e00000, 0x0000000085e00000|100%| E|  |TAMS 0x0000000085d00000, 0x0000000085d00000| Complete 
|  94|0x0000000085e00000, 0x0000000085f00000, 0x0000000085f00000|100%| E|CS|TAMS 0x0000000085e00000, 0x0000000085e00000| Complete 
|  95|0x0000000085f00000, 0x0000000086000000, 0x0000000086000000|100%| E|CS|TAMS 0x0000000085f00000, 0x0000000085f00000| Complete 

Card table byte_map: [0x0000020765790000,0x0000020765b90000] _byte_map_base: 0x0000020765390000

Marking Bits (Prev, Next): (CMBitMap*) 0x000002075110a6a0, (CMBitMap*) 0x000002075110a6e0
 Prev Bits: [0x0000020765f90000, 0x0000020767f90000)
 Next Bits: [0x0000020767f90000, 0x0000020769f90000)

Polling page: 0x0000020750e90000

Metaspace:

Usage:
  Non-class:     55.90 MB used.
      Class:      8.78 MB used.
       Both:     64.69 MB used.

Virtual space:
  Non-class space:       64.00 MB reserved,      56.25 MB ( 88%) committed,  1 nodes.
      Class space:        1.00 GB reserved,       9.06 MB ( <1%) committed,  1 nodes.
             Both:        1.06 GB reserved,      65.31 MB (  6%) committed. 

Chunk freelists:
   Non-Class:  7.00 MB
       Class:  6.89 MB
        Both:  13.89 MB

MaxMetaspaceSize: unlimited
CompressedClassSpaceSize: 1.00 GB
Initial GC threshold: 21.00 MB
Current GC threshold: 98.56 MB
CDS: off
MetaspaceReclaimPolicy: balanced
 - commit_granule_bytes: 65536.
 - commit_granule_words: 8192.
 - virtual_space_node_default_size: 8388608.
 - enlarge_chunks_in_place: 1.
 - new_chunks_are_fully_committed: 0.
 - uncommit_free_chunks: 1.
 - use_allocation_guard: 0.
 - handle_deallocations: 1.


Internal statistics:

num_allocs_failed_limit: 9.
num_arena_births: 752.
num_arena_deaths: 0.
num_vsnodes_births: 2.
num_vsnodes_deaths: 0.
num_space_committed: 1045.
num_space_uncommitted: 0.
num_chunks_returned_to_freelist: 9.
num_chunks_taken_from_freelist: 3016.
num_chunk_merges: 3.
num_chunk_splits: 1984.
num_chunks_enlarged: 1320.
num_inconsistent_stats: 0.

CodeHeap 'non-profiled nmethods': size=120000Kb used=2805Kb max_used=3355Kb free=117195Kb
 bounds [0x000002075d820000, 0x000002075db70000, 0x0000020764d50000]
CodeHeap 'profiled nmethods': size=120000Kb used=11132Kb max_used=12504Kb free=108867Kb
 bounds [0x0000020755d50000, 0x0000020756990000, 0x000002075d280000]
CodeHeap 'non-nmethods': size=5760Kb used=1654Kb max_used=1693Kb free=4105Kb
 bounds [0x000002075d280000, 0x000002075d4f0000, 0x000002075d820000]
 total_blobs=6598 nmethods=5868 adapters=641
 compilation: enabled
              stopped_count=0, restarted_count=0
 full_count=0

Compilation events (20 events):
Event: 22.722 Thread 0x000002076c8a50f0 6737       2       sun.security.util.DerValue::toDigit (51 bytes)
Event: 22.722 Thread 0x000002076c8a50f0 nmethod 6737 0x0000020756308010 code [0x0000020756308200, 0x0000020756308528]
Event: 22.723 Thread 0x000002076c8a50f0 6738       2       sun.security.util.DerValue::getOID (76 bytes)
Event: 22.723 Thread 0x000002076c8a50f0 nmethod 6738 0x0000020756146490 code [0x00000207561466a0, 0x0000020756146a78]
Event: 22.723 Thread 0x000002076c8a50f0 6739       2       sun.security.util.ObjectIdentifier::check (80 bytes)
Event: 22.724 Thread 0x000002076c8a50f0 nmethod 6739 0x0000020756145c10 code [0x0000020756145de0, 0x0000020756146118]
Event: 22.725 Thread 0x000002076c8a50f0 6740       2       java.util.concurrent.ConcurrentHashMap::isEmpty (15 bytes)
Event: 22.725 Thread 0x000002076c8a50f0 nmethod 6740 0x0000020756236b90 code [0x0000020756236d20, 0x0000020756236e68]
Event: 22.730 Thread 0x000002076c8a50f0 6741       2       java.math.MutableBigInteger::add (346 bytes)
Event: 22.731 Thread 0x000002076c8a50f0 nmethod 6741 0x0000020756173710 code [0x0000020756173900, 0x0000020756174088]
Event: 22.731 Thread 0x000002076c8a50f0 6742       2       java.math.BigInteger::trustedStripLeadingZeroInts (37 bytes)
Event: 22.731 Thread 0x000002076c8a50f0 nmethod 6742 0x00000207564fca90 code [0x00000207564fcc40, 0x00000207564fcdc8]
Event: 22.736 Thread 0x000002076c8a50f0 6743       2       java.math.BigInteger::multiplyToLen (20 bytes)
Event: 22.736 Thread 0x000002076c8a50f0 nmethod 6743 0x00000207564fc190 code [0x00000207564fc380, 0x00000207564fc7c8]
Event: 22.738 Thread 0x000002076c8a50f0 6744       2       java.math.BigInteger::montgomeryMultiply (54 bytes)
Event: 22.738 Thread 0x000002076c8a50f0 nmethod 6744 0x0000020755d63e90 code [0x0000020755d64060, 0x0000020755d64338]
Event: 22.740 Thread 0x000002076c8a50f0 6745       2       java.util.Collections$UnmodifiableList::get (11 bytes)
Event: 22.740 Thread 0x000002076c8a50f0 nmethod 6745 0x0000020756173390 code [0x0000020756173520, 0x0000020756173648]
Event: 22.741 Thread 0x000002076c8a50f0 6746       2       sun.security.util.ObjectIdentifier::hashCode (8 bytes)
Event: 22.741 Thread 0x000002076c8a50f0 nmethod 6746 0x000002075629b090 code [0x000002075629b220, 0x000002075629b348]

GC Heap History (20 events):
Event: 9.988 GC heap before
{Heap before GC invocations=9 (full 0):
 garbage-first heap   total 68608K, used 35654K [0x0000000080000000, 0x0000000100000000)
  region size 1024K, 16 young (16384K), 3 survivors (3072K)
 Metaspace       used 35743K, committed 36096K, reserved 1114112K
  class space    used 4858K, committed 5056K, reserved 1048576K
}
Event: 9.998 GC heap after
{Heap after GC invocations=10 (full 0):
 garbage-first heap   total 68608K, used 24137K [0x0000000080000000, 0x0000000100000000)
  region size 1024K, 2 young (2048K), 2 survivors (2048K)
 Metaspace       used 35743K, committed 36096K, reserved 1114112K
  class space    used 4858K, committed 5056K, reserved 1048576K
}
Event: 10.943 GC heap before
{Heap before GC invocations=11 (full 0):
 garbage-first heap   total 68608K, used 52809K [0x0000000080000000, 0x0000000100000000)
  region size 1024K, 31 young (31744K), 2 survivors (2048K)
 Metaspace       used 41025K, committed 41408K, reserved 1114112K
  class space    used 5422K, committed 5568K, reserved 1048576K
}
Event: 10.952 GC heap after
{Heap after GC invocations=12 (full 0):
 garbage-first heap   total 68608K, used 28120K [0x0000000080000000, 0x0000000100000000)
  region size 1024K, 4 young (4096K), 4 survivors (4096K)
 Metaspace       used 41025K, committed 41408K, reserved 1114112K
  class space    used 5422K, committed 5568K, reserved 1048576K
}
Event: 11.426 GC heap before
{Heap before GC invocations=12 (full 0):
 garbage-first heap   total 68608K, used 52696K [0x0000000080000000, 0x0000000100000000)
  region size 1024K, 28 young (28672K), 4 survivors (4096K)
 Metaspace       used 42004K, committed 42368K, reserved 1114112K
  class space    used 5585K, committed 5760K, reserved 1048576K
}
Event: 11.436 GC heap after
{Heap after GC invocations=13 (full 0):
 garbage-first heap   total 98304K, used 30034K [0x0000000080000000, 0x0000000100000000)
  region size 1024K, 2 young (2048K), 2 survivors (2048K)
 Metaspace       used 42004K, committed 42368K, reserved 1114112K
  class space    used 5585K, committed 5760K, reserved 1048576K
}
Event: 13.383 GC heap before
{Heap before GC invocations=13 (full 0):
 garbage-first heap   total 98304K, used 74066K [0x0000000080000000, 0x0000000100000000)
  region size 1024K, 44 young (45056K), 2 survivors (2048K)
 Metaspace       used 47595K, committed 48064K, reserved 1114112K
  class space    used 6406K, committed 6656K, reserved 1048576K
}
Event: 13.391 GC heap after
{Heap after GC invocations=14 (full 0):
 garbage-first heap   total 98304K, used 32434K [0x0000000080000000, 0x0000000100000000)
  region size 1024K, 5 young (5120K), 5 survivors (5120K)
 Metaspace       used 47595K, committed 48064K, reserved 1114112K
  class space    used 6406K, committed 6656K, reserved 1048576K
}
Event: 15.123 GC heap before
{Heap before GC invocations=14 (full 0):
 garbage-first heap   total 98304K, used 74418K [0x0000000080000000, 0x0000000100000000)
  region size 1024K, 46 young (47104K), 5 survivors (5120K)
 Metaspace       used 53164K, committed 53568K, reserved 1114112K
  class space    used 7294K, committed 7488K, reserved 1048576K
}
Event: 15.141 GC heap after
{Heap after GC invocations=15 (full 0):
 garbage-first heap   total 98304K, used 34530K [0x0000000080000000, 0x0000000100000000)
  region size 1024K, 5 young (5120K), 5 survivors (5120K)
 Metaspace       used 53164K, committed 53568K, reserved 1114112K
  class space    used 7294K, committed 7488K, reserved 1048576K
}
Event: 17.844 GC heap before
{Heap before GC invocations=15 (full 0):
 garbage-first heap   total 98304K, used 77538K [0x0000000080000000, 0x0000000100000000)
  region size 1024K, 46 young (47104K), 5 survivors (5120K)
 Metaspace       used 56034K, committed 56576K, reserved 1114112K
  class space    used 7659K, committed 7936K, reserved 1048576K
}
Event: 17.858 GC heap after
{Heap after GC invocations=16 (full 0):
 garbage-first heap   total 98304K, used 41156K [0x0000000080000000, 0x0000000100000000)
  region size 1024K, 6 young (6144K), 6 survivors (6144K)
 Metaspace       used 56034K, committed 56576K, reserved 1114112K
  class space    used 7659K, committed 7936K, reserved 1048576K
}
Event: 19.438 GC heap before
{Heap before GC invocations=16 (full 0):
 garbage-first heap   total 98304K, used 81092K [0x0000000080000000, 0x0000000100000000)
  region size 1024K, 41 young (41984K), 6 survivors (6144K)
 Metaspace       used 58214K, committed 58816K, reserved 1114112K
  class space    used 7944K, committed 8256K, reserved 1048576K
}
Event: 19.457 GC heap after
{Heap after GC invocations=17 (full 0):
 garbage-first heap   total 98304K, used 50553K [0x0000000080000000, 0x0000000100000000)
  region size 1024K, 6 young (6144K), 6 survivors (6144K)
 Metaspace       used 58214K, committed 58816K, reserved 1114112K
  class space    used 7944K, committed 8256K, reserved 1048576K
}
Event: 20.319 GC heap before
{Heap before GC invocations=17 (full 0):
 garbage-first heap   total 98304K, used 68985K [0x0000000080000000, 0x0000000100000000)
  region size 1024K, 25 young (25600K), 6 survivors (6144K)
 Metaspace       used 59914K, committed 60416K, reserved 1114112K
  class space    used 8183K, committed 8448K, reserved 1048576K
}
Event: 20.333 GC heap after
{Heap after GC invocations=18 (full 0):
 garbage-first heap   total 98304K, used 51932K [0x0000000080000000, 0x0000000100000000)
  region size 1024K, 1 young (1024K), 1 survivors (1024K)
 Metaspace       used 59914K, committed 60416K, reserved 1114112K
  class space    used 8183K, committed 8448K, reserved 1048576K
}
Event: 21.508 GC heap before
{Heap before GC invocations=19 (full 0):
 garbage-first heap   total 98304K, used 80604K [0x0000000080000000, 0x0000000100000000)
  region size 1024K, 29 young (29696K), 1 survivors (1024K)
 Metaspace       used 62847K, committed 63360K, reserved 1114112K
  class space    used 8515K, committed 8768K, reserved 1048576K
}
Event: 21.512 GC heap after
{Heap after GC invocations=20 (full 0):
 garbage-first heap   total 98304K, used 52195K [0x0000000080000000, 0x0000000100000000)
  region size 1024K, 2 young (2048K), 2 survivors (2048K)
 Metaspace       used 62847K, committed 63360K, reserved 1114112K
  class space    used 8515K, committed 8768K, reserved 1048576K
}
Event: 22.667 GC heap before
{Heap before GC invocations=20 (full 0):
 garbage-first heap   total 98304K, used 78819K [0x0000000080000000, 0x0000000100000000)
  region size 1024K, 29 young (29696K), 2 survivors (2048K)
 Metaspace       used 66233K, committed 66880K, reserved 1114112K
  class space    used 8995K, committed 9280K, reserved 1048576K
}
Event: 22.673 GC heap after
{Heap after GC invocations=21 (full 0):
 garbage-first heap   total 98304K, used 54257K [0x0000000080000000, 0x0000000100000000)
  region size 1024K, 4 young (4096K), 4 survivors (4096K)
 Metaspace       used 66233K, committed 66880K, reserved 1114112K
  class space    used 8995K, committed 9280K, reserved 1048576K
}

Dll operation events (3 events):
Event: 0.055 Loaded shared library C:\Program Files\Android\Android Studio\jbr\bin\java.dll
Event: 0.565 Loaded shared library C:\Program Files\Android\Android Studio\jbr\bin\zip.dll
Event: 1.468 Loaded shared library C:\Program Files\Android\Android Studio\jbr\bin\verify.dll

Deoptimization events (20 events):
Event: 22.660 Thread 0x0000020772474080 Uncommon trap: trap_request=0xffffff45 fr.pc=0x000002075d91389c relative=0x000000000000007c
Event: 22.660 Thread 0x0000020772474080 Uncommon trap: reason=unstable_if action=reinterpret pc=0x000002075d91389c method=java.util.jar.JarFile.maybeInstantiateVerifier()V @ 4 c2
Event: 22.660 Thread 0x0000020772474080 DEOPT PACKING pc=0x000002075d91389c sp=0x000000f28ecf0fd0
Event: 22.660 Thread 0x0000020772474080 DEOPT UNPACKING pc=0x000002075d2d69a3 sp=0x000000f28ecf0f60 mode 2
Event: 22.660 Thread 0x0000020772474080 Uncommon trap: trap_request=0xffffff45 fr.pc=0x000002075da108d0 relative=0x00000000000000b0
Event: 22.660 Thread 0x0000020772474080 Uncommon trap: reason=unstable_if action=reinterpret pc=0x000002075da108d0 method=java.util.jar.JarFile.maybeInstantiateVerifier()V @ 4 c2
Event: 22.660 Thread 0x0000020772474080 DEOPT PACKING pc=0x000002075da108d0 sp=0x000000f28ecf1070
Event: 22.660 Thread 0x0000020772474080 DEOPT UNPACKING pc=0x000002075d2d69a3 sp=0x000000f28ecf0fa0 mode 2
Event: 22.660 Thread 0x0000020772474080 Uncommon trap: trap_request=0xffffff45 fr.pc=0x000002075db4a380 relative=0x00000000000001e0
Event: 22.660 Thread 0x0000020772474080 Uncommon trap: reason=unstable_if action=reinterpret pc=0x000002075db4a380 method=java.security.CodeSource.matchCerts(Ljava/security/CodeSource;Z)Z @ 11 c2
Event: 22.660 Thread 0x0000020772474080 DEOPT PACKING pc=0x000002075db4a380 sp=0x000000f28ecf0ec0
Event: 22.660 Thread 0x0000020772474080 DEOPT UNPACKING pc=0x000002075d2d69a3 sp=0x000000f28ecf0dd0 mode 2
Event: 22.662 Thread 0x0000020772474080 Uncommon trap: trap_request=0xffffff45 fr.pc=0x000002075d86ec38 relative=0x0000000000001418
Event: 22.662 Thread 0x0000020772474080 Uncommon trap: reason=unstable_if action=reinterpret pc=0x000002075d86ec38 method=java.util.jar.JarFile.getEntry(Ljava/lang/String;)Ljava/util/zip/ZipEntry; @ 15 c2
Event: 22.662 Thread 0x0000020772474080 DEOPT PACKING pc=0x000002075d86ec38 sp=0x000000f28ecf2920
Event: 22.662 Thread 0x0000020772474080 DEOPT UNPACKING pc=0x000002075d2d69a3 sp=0x000000f28ecf2928 mode 2
Event: 22.705 Thread 0x0000020772474080 Uncommon trap: trap_request=0xffffff45 fr.pc=0x000002075db340bc relative=0x000000000000029c
Event: 22.705 Thread 0x0000020772474080 Uncommon trap: reason=unstable_if action=reinterpret pc=0x000002075db340bc method=java.util.LinkedHashMap.get(Ljava/lang/Object;)Ljava/lang/Object; @ 16 c2
Event: 22.705 Thread 0x0000020772474080 DEOPT PACKING pc=0x000002075db340bc sp=0x000000f28ecf2150
Event: 22.705 Thread 0x0000020772474080 DEOPT UNPACKING pc=0x000002075d2d69a3 sp=0x000000f28ecf2108 mode 2

Classes unloaded (0 events):
No events

Classes redefined (0 events):
No events

Internal exceptions (20 events):
Event: 16.181 Thread 0x0000020772474080 Exception <a 'java/lang/NoSuchMethodError'{0x0000000085288818}: 'java.lang.Object java.lang.invoke.DirectMethodHandle$Holder.newInvokeSpecial(java.lang.Object, java.lang.Object, java.lang.Object, java.lang.Object, java.lang.Object, int)'> (0x0000000085288818) 
thrown [s\src\hotspot\share\interpreter\linkResolver.cpp, line 771]
Event: 16.181 Thread 0x0000020772474080 Exception <a 'java/lang/NoSuchMethodError'{0x000000008528dc70}: 'java.lang.Object java.lang.invoke.DirectMethodHandle$Holder.invokeSpecial(java.lang.Object, java.lang.Object, java.lang.Object, java.lang.Object, java.lang.Object, java.lang.Object, int)'> (0x000000008528dc70) 
thrown [s\src\hotspot\share\interpreter\linkResolver.cpp, line 771]
Event: 16.190 Thread 0x0000020772474080 Exception <a 'java/lang/NoSuchMethodError'{0x00000000852c3c08}: 'java.lang.Object java.lang.invoke.DirectMethodHandle$Holder.invokeSpecial(java.lang.Object, java.lang.Object, java.lang.Object, java.lang.Object, java.lang.Object, long)'> (0x00000000852c3c08) 
thrown [s\src\hotspot\share\interpreter\linkResolver.cpp, line 771]
Event: 16.196 Thread 0x0000020772474080 Exception <a 'java/lang/NoSuchMethodError'{0x00000000852e5f38}: 'void java.lang.invoke.DirectMethodHandle$Holder.invokeStatic(java.lang.Object, java.lang.Object, java.lang.Object, int, java.lang.Object)'> (0x00000000852e5f38) 
thrown [s\src\hotspot\share\interpreter\linkResolver.cpp, line 771]
Event: 17.655 Thread 0x0000020772474080 Exception <a 'java/lang/NoSuchMethodError'{0x0000000083ba7cc0}: 'long java.lang.invoke.DirectMethodHandle$Holder.invokeVirtual(java.lang.Object, java.lang.Object)'> (0x0000000083ba7cc0) 
thrown [s\src\hotspot\share\interpreter\linkResolver.cpp, line 771]
Event: 17.660 Thread 0x0000020772891fb0 Exception <a 'java/lang/NoSuchMethodError'{0x0000000083be34b0}: static Lorg/gradle/internal/build/event/types/DefaultOperationFinishedProgressEvent;.<clinit>()V> (0x0000000083be34b0) 
thrown [s\src\hotspot\share\prims\jni.cpp, line 1108]
Event: 17.667 Thread 0x0000020772891fb0 Exception <a 'java/lang/NoSuchMethodError'{0x0000000083a08398}: static Lorg/gradle/internal/build/event/types/DefaultProjectConfigurationSuccessResult;.<clinit>()V> (0x0000000083a08398) 
thrown [s\src\hotspot\share\prims\jni.cpp, line 1108]
Event: 17.668 Thread 0x0000020772891fb0 Exception <a 'java/lang/NoSuchMethodError'{0x0000000083a0c440}: static Lorg/gradle/internal/build/event/types/AbstractProjectConfigurationResult;.<clinit>()V> (0x0000000083a0c440) 
thrown [s\src\hotspot\share\prims\jni.cpp, line 1108]
Event: 17.668 Thread 0x0000020772891fb0 Exception <a 'java/lang/NoSuchMethodError'{0x0000000083a0d6f0}: static Lorg/gradle/internal/build/event/types/AbstractOperationResult;.<clinit>()V> (0x0000000083a0d6f0) 
thrown [s\src\hotspot\share\prims\jni.cpp, line 1108]
Event: 17.668 Thread 0x0000020772891fb0 Exception <a 'java/lang/NoSuchMethodError'{0x0000000083a0e900}: static Lorg/gradle/internal/build/event/types/AbstractResult;.<clinit>()V> (0x0000000083a0e900) 
thrown [s\src\hotspot\share\prims\jni.cpp, line 1108]
Event: 17.670 Thread 0x0000020772891fb0 Exception <a 'java/lang/NoSuchMethodError'{0x0000000083a23bb0}: static Lorg/gradle/internal/build/event/types/DefaultPluginApplicationResult;.<clinit>()V> (0x0000000083a23bb0) 
thrown [s\src\hotspot\share\prims\jni.cpp, line 1108]
Event: 17.672 Thread 0x0000020772891fb0 Exception <a 'java/lang/NoSuchMethodError'{0x0000000083a2ef10}: static Lorg/gradle/internal/build/event/types/DefaultBinaryPluginIdentifier;.<clinit>()V> (0x0000000083a2ef10) 
thrown [s\src\hotspot\share\prims\jni.cpp, line 1108]
Event: 17.676 Thread 0x0000020772891fb0 Exception <a 'java/lang/NoSuchMethodError'{0x0000000083a45230}: static Lorg/gradle/internal/build/event/types/DefaultScriptPluginIdentifier;.<clinit>()V> (0x0000000083a45230) 
thrown [s\src\hotspot\share\prims\jni.cpp, line 1108]
Event: 17.796 Thread 0x0000020772474080 Implicit null exception at 0x000002075dac2b0f to 0x000002075dac3214
Event: 17.898 Thread 0x0000020772474080 Exception <a 'java/lang/NoSuchMethodError'{0x0000000085fc7a10}: 'void java.lang.invoke.Invokers$Holder.invoke_MT(java.lang.Object, java.lang.Object, java.lang.Object, java.lang.Object)'> (0x0000000085fc7a10) 
thrown [s\src\hotspot\share\interpreter\linkResolver.cpp, line 771]
Event: 18.190 Thread 0x0000020772474080 Exception <a 'java/lang/ClassNotFoundException'{0x0000000085849660}: sun/misc/SharedSecrets> (0x0000000085849660) 
thrown [s\src\hotspot\share\classfile\systemDictionary.cpp, line 256]
Event: 18.190 Thread 0x0000020772474080 Exception <a 'java/lang/ClassNotFoundException'{0x000000008584ac38}: org/gradle/api/internal/plugins/DefaultObjectConfigurationActionBeanInfo> (0x000000008584ac38) 
thrown [s\src\hotspot\share\classfile\systemDictionary.cpp, line 256]
Event: 18.193 Thread 0x0000020772474080 Exception <a 'java/lang/ClassNotFoundException'{0x00000000858614d0}: org/gradle/api/internal/plugins/DefaultObjectConfigurationActionCustomizer> (0x00000000858614d0) 
thrown [s\src\hotspot\share\classfile\systemDictionary.cpp, line 256]
Event: 20.166 Thread 0x0000020772474080 Exception <a 'java/lang/NoSuchMethodError'{0x0000000084f67f20}: 'int java.lang.invoke.DirectMethodHandle$Holder.invokeInterface(java.lang.Object, java.lang.Object, java.lang.Object, java.lang.Object)'> (0x0000000084f67f20) 
thrown [s\src\hotspot\share\interpreter\linkResolver.cpp, line 771]
Event: 22.534 Thread 0x0000020772474080 Implicit null exception at 0x000002075d9b8b0c to 0x000002075d9b8c42

VM Operations (20 events):
Event: 20.444 Executing VM operation: HandshakeAllThreads done
Event: 20.475 Executing VM operation: G1PauseRemark
Event: 20.501 Executing VM operation: G1PauseRemark done
Event: 20.534 Executing VM operation: G1PauseCleanup
Event: 20.535 Executing VM operation: G1PauseCleanup done
Event: 20.565 Executing VM operation: HandshakeAllThreads
Event: 20.566 Executing VM operation: HandshakeAllThreads done
Event: 20.633 Executing VM operation: HandshakeAllThreads
Event: 20.633 Executing VM operation: HandshakeAllThreads done
Event: 21.508 Executing VM operation: G1CollectForAllocation
Event: 21.512 Executing VM operation: G1CollectForAllocation done
Event: 22.474 Executing VM operation: HandshakeAllThreads
Event: 22.474 Executing VM operation: HandshakeAllThreads done
Event: 22.551 Executing VM operation: HandshakeAllThreads
Event: 22.551 Executing VM operation: HandshakeAllThreads done
Event: 22.551 Executing VM operation: Cleanup
Event: 22.551 Executing VM operation: Cleanup done
Event: 22.667 Executing VM operation: G1TryInitiateConcMark
Event: 22.673 Executing VM operation: G1TryInitiateConcMark done
Event: 22.768 Executing VM operation: G1PauseRemark

Events (20 events):
Event: 22.600 loading class java/security/cert/CertPathValidatorException$BasicReason
Event: 22.600 loading class java/security/cert/CertPathValidatorException$Reason
Event: 22.600 loading class java/security/cert/CertPathValidatorException$Reason done
Event: 22.600 loading class java/security/cert/CertPathValidatorException$BasicReason done
Event: 22.601 loading class java/security/SignatureException
Event: 22.601 loading class java/security/SignatureException done
Event: 22.610 loading class sun/security/rsa/RSASignature$SHA256withRSA
Event: 22.610 loading class sun/security/rsa/RSASignature$SHA256withRSA done
Event: 22.613 loading class sun/security/provider/DSA$SHA256withDSA
Event: 22.613 loading class sun/security/provider/DSA$SHA256withDSA done
Event: 22.645 loading class java/util/Base64
Event: 22.646 loading class java/util/Base64 done
Event: 22.646 loading class java/util/Base64$Decoder
Event: 22.647 loading class java/util/Base64$Decoder done
Event: 22.647 loading class java/util/Base64$Encoder
Event: 22.647 loading class java/util/Base64$Encoder done
Event: 22.649 loading class java/util/jar/JarVerifier$VerifierStream
Event: 22.650 loading class java/util/jar/JarVerifier$VerifierStream done
Event: 22.650 loading class sun/security/util/ManifestEntryVerifier$SunProviderHolder
Event: 22.651 loading class sun/security/util/ManifestEntryVerifier$SunProviderHolder done


Dynamic libraries:
0x00007ff7ae580000 - 0x00007ff7ae58a000 	C:\Program Files\Android\Android Studio\jbr\bin\java.exe
0x00007ffc2adb0000 - 0x00007ffc2afa8000 	C:\WINDOWS\SYSTEM32\ntdll.dll
0x00007ffc29e90000 - 0x00007ffc29f4d000 	C:\WINDOWS\System32\KERNEL32.DLL
0x00007ffc289e0000 - 0x00007ffc28cd6000 	C:\WINDOWS\System32\KERNELBASE.dll
0x00007ffc288e0000 - 0x00007ffc289e0000 	C:\WINDOWS\System32\ucrtbase.dll
0x00007ffc118b0000 - 0x00007ffc118c7000 	C:\Program Files\Android\Android Studio\jbr\bin\jli.dll
0x00007ffc1fb80000 - 0x00007ffc1fb9b000 	C:\Program Files\Android\Android Studio\jbr\bin\VCRUNTIME140.dll
0x00007ffc2a860000 - 0x00007ffc2a9fe000 	C:\WINDOWS\System32\USER32.dll
0x00007ffc177d0000 - 0x00007ffc17a6a000 	C:\WINDOWS\WinSxS\amd64_microsoft.windows.common-controls_6595b64144ccf1df_6.0.19041.3636_none_60b6a03d71f818d5\COMCTL32.dll
0x00007ffc28620000 - 0x00007ffc28642000 	C:\WINDOWS\System32\win32u.dll
0x00007ffc29640000 - 0x00007ffc296de000 	C:\WINDOWS\System32\msvcrt.dll
0x00007ffc2a160000 - 0x00007ffc2a18b000 	C:\WINDOWS\System32\GDI32.dll
0x00007ffc28650000 - 0x00007ffc28767000 	C:\WINDOWS\System32\gdi32full.dll
0x00007ffc28d50000 - 0x00007ffc28ded000 	C:\WINDOWS\System32\msvcp_win.dll
0x00007ffc29190000 - 0x00007ffc291c2000 	C:\WINDOWS\System32\IMM32.DLL
0x00007ffc23bf0000 - 0x00007ffc23bfc000 	C:\Program Files\Android\Android Studio\jbr\bin\vcruntime140_1.dll
0x00007ffc08990000 - 0x00007ffc08a1d000 	C:\Program Files\Android\Android Studio\jbr\bin\msvcp140.dll
0x00007ffbf3ec0000 - 0x00007ffbf4b43000 	C:\Program Files\Android\Android Studio\jbr\bin\server\jvm.dll
0x00007ffc28ea0000 - 0x00007ffc28f53000 	C:\WINDOWS\System32\ADVAPI32.dll
0x00007ffc2a2a0000 - 0x00007ffc2a33f000 	C:\WINDOWS\System32\sechost.dll
0x00007ffc2a680000 - 0x00007ffc2a7a6000 	C:\WINDOWS\System32\RPCRT4.dll
0x00007ffc288b0000 - 0x00007ffc288d7000 	C:\WINDOWS\System32\bcrypt.dll
0x00007ffc282d0000 - 0x00007ffc2831b000 	C:\WINDOWS\SYSTEM32\POWRPROF.dll
0x00007ffc20810000 - 0x00007ffc2081a000 	C:\WINDOWS\SYSTEM32\VERSION.dll
0x00007ffc23be0000 - 0x00007ffc23be9000 	C:\WINDOWS\SYSTEM32\WSOCK32.dll
0x00007ffc1f3c0000 - 0x00007ffc1f3e7000 	C:\WINDOWS\SYSTEM32\WINMM.dll
0x00007ffc2a0d0000 - 0x00007ffc2a13b000 	C:\WINDOWS\System32\WS2_32.dll
0x00007ffc282b0000 - 0x00007ffc282c2000 	C:\WINDOWS\SYSTEM32\UMPDC.dll
0x00007ffc26ce0000 - 0x00007ffc26cf2000 	C:\WINDOWS\SYSTEM32\kernel.appcore.dll
0x00007ffc23ab0000 - 0x00007ffc23aba000 	C:\Program Files\Android\Android Studio\jbr\bin\jimage.dll
0x00007ffc262f0000 - 0x00007ffc264d4000 	C:\WINDOWS\SYSTEM32\DBGHELP.DLL
0x00007ffc13c80000 - 0x00007ffc13cb4000 	C:\WINDOWS\SYSTEM32\dbgcore.DLL
0x00007ffc28820000 - 0x00007ffc288a2000 	C:\WINDOWS\System32\bcryptPrimitives.dll
0x00007ffc122e0000 - 0x00007ffc122ee000 	C:\Program Files\Android\Android Studio\jbr\bin\instrument.dll
0x00007ffc23730000 - 0x00007ffc23755000 	C:\Program Files\Android\Android Studio\jbr\bin\java.dll
0x00007ffc1d300000 - 0x00007ffc1d318000 	C:\Program Files\Android\Android Studio\jbr\bin\zip.dll
0x00007ffc296e0000 - 0x00007ffc29e25000 	C:\WINDOWS\System32\SHELL32.dll
0x00007ffc26500000 - 0x00007ffc26c9c000 	C:\WINDOWS\SYSTEM32\windows.storage.dll
0x00007ffc2aa00000 - 0x00007ffc2ad54000 	C:\WINDOWS\System32\combase.dll
0x00007ffc27dd0000 - 0x00007ffc27dfe000 	C:\WINDOWS\SYSTEM32\Wldp.dll
0x00007ffc28f60000 - 0x00007ffc2902d000 	C:\WINDOWS\System32\OLEAUT32.dll
0x00007ffc28df0000 - 0x00007ffc28e9d000 	C:\WINDOWS\System32\SHCORE.dll
0x00007ffc29040000 - 0x00007ffc29095000 	C:\WINDOWS\System32\shlwapi.dll
0x00007ffc283a0000 - 0x00007ffc283c5000 	C:\WINDOWS\SYSTEM32\profapi.dll
0x00007ffc17630000 - 0x00007ffc17649000 	C:\Program Files\Android\Android Studio\jbr\bin\net.dll
0x00007ffc1d6c0000 - 0x00007ffc1d7ca000 	C:\WINDOWS\SYSTEM32\WINHTTP.dll
0x00007ffc27b30000 - 0x00007ffc27b9a000 	C:\WINDOWS\system32\mswsock.dll
0x00007ffc17610000 - 0x00007ffc17626000 	C:\Program Files\Android\Android Studio\jbr\bin\nio.dll
0x00007ffc12ed0000 - 0x00007ffc12ee0000 	C:\Program Files\Android\Android Studio\jbr\bin\verify.dll
0x00007ffc0da20000 - 0x00007ffc0da47000 	C:\Users\gazhi\.gradle\native\c067742578af261105cb4f569cf0c3c89f3d7b1fecec35dd04571415982c5e48\windows-amd64\native-platform.dll
0x00007ffbfcf90000 - 0x00007ffbfd0d4000 	C:\Users\gazhi\.gradle\native\38dada09dfb8b06ba9b0570ebf7e218e3eb74d4ef43ca46872605cf95ebc2f47\windows-amd64\native-platform-file-events.dll
0x00007ffc1fb60000 - 0x00007ffc1fb69000 	C:\Program Files\Android\Android Studio\jbr\bin\management.dll
0x00007ffc16da0000 - 0x00007ffc16dab000 	C:\Program Files\Android\Android Studio\jbr\bin\management_ext.dll
0x00007ffc29180000 - 0x00007ffc29188000 	C:\WINDOWS\System32\PSAPI.DLL
0x00007ffc27d20000 - 0x00007ffc27d38000 	C:\WINDOWS\SYSTEM32\CRYPTSP.dll
0x00007ffc27460000 - 0x00007ffc27494000 	C:\WINDOWS\system32\rsaenh.dll
0x00007ffc28320000 - 0x00007ffc2834e000 	C:\WINDOWS\SYSTEM32\USERENV.dll
0x00007ffc27d40000 - 0x00007ffc27d4c000 	C:\WINDOWS\SYSTEM32\CRYPTBASE.dll
0x00007ffc27820000 - 0x00007ffc2785b000 	C:\WINDOWS\SYSTEM32\IPHLPAPI.DLL
0x00007ffc29030000 - 0x00007ffc29038000 	C:\WINDOWS\System32\NSI.dll
0x00007ffc205f0000 - 0x00007ffc20607000 	C:\WINDOWS\SYSTEM32\dhcpcsvc6.DLL
0x00007ffc205d0000 - 0x00007ffc205ed000 	C:\WINDOWS\SYSTEM32\dhcpcsvc.DLL
0x00007ffc27860000 - 0x00007ffc2792b000 	C:\WINDOWS\SYSTEM32\DNSAPI.dll
0x00007ffbdfcf0000 - 0x00007ffbdfcf7000 	C:\WINDOWS\system32\wshunix.dll

dbghelp: loaded successfully - version: 4.0.5 - missing functions: none
symbol engine: initialized successfully - sym options: 0x614 - pdb path: .;C:\Program Files\Android\Android Studio\jbr\bin;C:\WINDOWS\SYSTEM32;C:\WINDOWS\WinSxS\amd64_microsoft.windows.common-controls_6595b64144ccf1df_6.0.19041.3636_none_60b6a03d71f818d5;C:\Program Files\Android\Android Studio\jbr\bin\server;C:\Users\gazhi\.gradle\native\c067742578af261105cb4f569cf0c3c89f3d7b1fecec35dd04571415982c5e48\windows-amd64;C:\Users\gazhi\.gradle\native\38dada09dfb8b06ba9b0570ebf7e218e3eb74d4ef43ca46872605cf95ebc2f47\windows-amd64

VM Arguments:
jvm_args: --add-opens=java.base/java.util=ALL-UNNAMED --add-opens=java.base/java.lang=ALL-UNNAMED --add-opens=java.base/java.lang.invoke=ALL-UNNAMED --add-opens=java.prefs/java.util.prefs=ALL-UNNAMED --add-opens=java.base/java.nio.charset=ALL-UNNAMED --add-opens=java.base/java.net=ALL-UNNAMED --add-opens=java.base/java.util.concurrent.atomic=ALL-UNNAMED -Xmx2048m -Dfile.encoding=UTF-8 -Duser.country=RU -Duser.language=ru -Duser.variant -javaagent:C:\Users\gazhi\.gradle\wrapper\dists\gradle-8.4-bin\1w5dpkrfk8irigvoxmyhowfim\gradle-8.4\lib\agents\gradle-instrumentation-agent-8.4.jar 
java_command: org.gradle.launcher.daemon.bootstrap.GradleDaemon 8.4
java_class_path (initial): C:\Users\gazhi\.gradle\wrapper\dists\gradle-8.4-bin\1w5dpkrfk8irigvoxmyhowfim\gradle-8.4\lib\gradle-launcher-8.4.jar
Launcher Type: SUN_STANDARD

[Global flags]
     intx CICompilerCount                          = 3                                         {product} {ergonomic}
     uint ConcGCThreads                            = 1                                         {product} {ergonomic}
     uint G1ConcRefinementThreads                  = 4                                         {product} {ergonomic}
   size_t G1HeapRegionSize                         = 1048576                                   {product} {ergonomic}
    uintx GCDrainStackTargetSize                   = 64                                        {product} {ergonomic}
   size_t InitialHeapSize                          = 100663296                                 {product} {ergonomic}
   size_t MarkStackSize                            = 4194304                                   {product} {ergonomic}
   size_t MaxHeapSize                              = 2147483648                                {product} {command line}
   size_t MaxNewSize                               = 1287651328                                {product} {ergonomic}
   size_t MinHeapDeltaBytes                        = 1048576                                   {product} {ergonomic}
   size_t MinHeapSize                              = 8388608                                   {product} {ergonomic}
    uintx NonNMethodCodeHeapSize                   = 5832780                                {pd product} {ergonomic}
    uintx NonProfiledCodeHeapSize                  = 122912730                              {pd product} {ergonomic}
    uintx ProfiledCodeHeapSize                     = 122912730                              {pd product} {ergonomic}
    uintx ReservedCodeCacheSize                    = 251658240                              {pd product} {ergonomic}
     bool SegmentedCodeCache                       = true                                      {product} {ergonomic}
   size_t SoftMaxHeapSize                          = 2147483648                             {manageable} {ergonomic}
     bool UseCompressedClassPointers               = true                           {product lp64_product} {ergonomic}
     bool UseCompressedOops                        = true                           {product lp64_product} {ergonomic}
     bool UseG1GC                                  = true                                      {product} {ergonomic}
     bool UseLargePagesIndividualAllocation        = false                                  {pd product} {ergonomic}

Logging:
Log output configuration:
 #0: stdout all=warning uptime,level,tags
 #1: stderr all=off uptime,level,tags

Environment Variables:
PATH=C:\WINDOWS\system32;C:\WINDOWS;C:\WINDOWS\System32\Wbem;C:\WINDOWS\System32\WindowsPowerShell\v1.0\;C:\WINDOWS\System32\OpenSSH\;C:\Program Files\dotnet\;C:\Program Files (x86)\Windows Kits\10\Windows Performance Toolkit\;C:\Program Files\Git\cmd;C:\Users\gazhi\AppData\Local\Microsoft\WindowsApps;C:\Users\gazhi\.dotnet\tools
USERNAME=gazhi
OS=Windows_NT
PROCESSOR_IDENTIFIER=AMD64 Family 23 Model 24 Stepping 1, AuthenticAMD
TMP=C:\Users\gazhi\AppData\Local\Temp
TEMP=C:\Users\gazhi\AppData\Local\Temp



Periodic native trim disabled

JNI global refs:
JNI global refs: 26, weak refs: 0

JNI global refs memory usage: 843, weak refs: 209

OOME stack traces (most recent first):
Classloader memory used:
Loader org.gradle.internal.classloader.VisitableURLClassLoader                         : 3594K
Loader bootstrap                                                                       : 2693K
Loader org.gradle.initialization.MixInLegacyTypesClassLoader                           : 1150K
Loader org.gradle.internal.classloader.VisitableURLClassLoader$InstrumentingVisitableURLClassLoader: 709K
Loader jdk.internal.loader.ClassLoaders$PlatformClassLoader                            : 67761B
Loader jdk.internal.reflect.DelegatingClassLoader                                      : 30960B
Loader jdk.internal.loader.ClassLoaders$AppClassLoader                                 : 28453B
Loader org.gradle.internal.classloader.VisitableURLClassLoader                         : 7779B

Classes loaded by more than one classloader:
Class Program                                                                         : loaded 4 times (x 72B)
Class com.google.common.collect.Iterators$MergingIterator                             : loaded 2 times (x 79B)
Class [Lcom.google.common.collect.AbstractMapEntry;                                   : loaded 2 times (x 67B)
Class com.google.common.collect.SingletonImmutableList                                : loaded 2 times (x 167B)
Class com.google.common.cache.CacheLoader$SupplierToCacheLoader                       : loaded 2 times (x 73B)
Class org.gradle.internal.classpath.ClassPath                                         : loaded 2 times (x 68B)
Class com.google.common.cache.RemovalListener                                         : loaded 2 times (x 68B)
Class org.gradle.api.internal.classpath.DefaultModuleRegistry                         : loaded 2 times (x 84B)
Class Settings_gradle$1$1                                                             : loaded 2 times (x 72B)
Class com.google.common.collect.ListMultimap                                          : loaded 2 times (x 68B)
Class com.google.common.base.CharMatcher$JavaDigit                                    : loaded 2 times (x 109B)
Class com.google.common.base.CharMatcher$Digit                                        : loaded 2 times (x 110B)
Class com.google.common.collect.AbstractMultimap                                      : loaded 2 times (x 121B)
Class com.google.common.cache.CacheBuilder$OneWeigher                                 : loaded 2 times (x 80B)
Class org.gradle.api.Action                                                           : loaded 2 times (x 68B)
Class com.google.common.collect.ImmutableEntry                                        : loaded 2 times (x 80B)
Class com.google.common.collect.Lists$StringAsImmutableList                           : loaded 2 times (x 167B)
Class com.google.common.base.CharMatcher                                              : loaded 2 times (x 109B)
Class com.google.common.base.CharMatcher$IsNot                                        : loaded 2 times (x 109B)
Class com.google.common.base.Splitter                                                 : loaded 2 times (x 70B)
Class [Lcom.google.common.cache.Weigher;                                              : loaded 2 times (x 67B)
Class com.google.common.collect.Iterators$ArrayItr                                    : loaded 2 times (x 95B)
Class com.google.common.cache.LocalCache$Segment                                      : loaded 2 times (x 152B)
Class org.gradle.api.internal.DefaultClassPathProvider                                : loaded 2 times (x 74B)
Class org.gradle.internal.installation.GradleInstallation$1                           : loaded 2 times (x 73B)
Class com.google.common.base.CharMatcher$BitSetMatcher                                : loaded 2 times (x 110B)
Class com.google.common.collect.ImmutableMap$IteratorBasedImmutableMap                : loaded 2 times (x 123B)
Class com.google.common.collect.ImmutableMap                                          : loaded 2 times (x 118B)
Class com.google.common.base.Converter                                                : loaded 2 times (x 88B)
Class com.google.common.collect.ImmutableSet$EmptySetBuilderImpl                      : loaded 2 times (x 74B)
Class com.google.common.base.Equivalence                                              : loaded 2 times (x 80B)
Class com.google.common.cache.LocalCache$EntryFactory$1                               : loaded 2 times (x 81B)
Class com.google.common.cache.LocalCache$EntryFactory$2                               : loaded 2 times (x 81B)
Class com.google.common.cache.LocalCache$EntryFactory$3                               : loaded 2 times (x 81B)
Class com.google.common.cache.LocalCache$EntryFactory$4                               : loaded 2 times (x 81B)
Class com.google.common.cache.LocalCache$EntryFactory$5                               : loaded 2 times (x 81B)
Class com.google.common.cache.LocalCache$EntryFactory$6                               : loaded 2 times (x 81B)
Class com.google.common.cache.LocalCache$EntryFactory$7                               : loaded 2 times (x 81B)
Class com.google.common.cache.LocalCache$EntryFactory$8                               : loaded 2 times (x 81B)
Class com.google.common.base.Predicate                                                : loaded 2 times (x 68B)
Class org.gradle.internal.classloader.FilteringClassLoader                            : loaded 2 times (x 103B)
Class com.google.common.collect.RegularImmutableSet                                   : loaded 2 times (x 146B)
Class [Lcom.google.common.cache.LocalCache$Strength;                                  : loaded 2 times (x 67B)
Class org.gradle.internal.classpath.DefaultClassPath$ImmutableUniqueList$Builder      : loaded 2 times (x 73B)
Class com.google.common.collect.Maps$8                                                : loaded 2 times (x 80B)
Class [Lcom.google.common.cache.CacheBuilder$NullListener;                            : loaded 2 times (x 67B)
Class com.google.common.base.PatternCompiler                                          : loaded 2 times (x 68B)
Class com.google.common.base.CharMatcher$InRange                                      : loaded 2 times (x 109B)
Class com.google.common.collect.BiMap                                                 : loaded 2 times (x 68B)
Class com.google.common.collect.Lists                                                 : loaded 2 times (x 69B)
Class com.google.common.math.IntMath$1                                                : loaded 2 times (x 69B)
Class org.gradle.internal.classloader.ClassLoaderVisitor                              : loaded 2 times (x 74B)
Class com.google.common.cache.CacheBuilder$NullListener                               : loaded 2 times (x 80B)
Class com.google.common.math.MathPreconditions                                        : loaded 2 times (x 69B)
Class org.gradle.internal.service.DefaultServiceLocator                               : loaded 2 times (x 81B)
Class org.gradle.internal.service.UnknownServiceException                             : loaded 2 times (x 81B)
Class com.google.common.collect.ArrayListMultimap                                     : loaded 2 times (x 170B)
Class com.google.common.base.Strings                                                  : loaded 2 times (x 69B)
Class com.google.common.cache.CacheLoader$InvalidCacheLoadException                   : loaded 2 times (x 80B)
Class org.gradle.internal.classloader.DefaultClassLoaderFactory                       : loaded 2 times (x 80B)
Class com.google.common.collect.UnmodifiableIterator                                  : loaded 2 times (x 78B)
Class com.google.common.base.Platform$JdkPatternCompiler                              : loaded 2 times (x 73B)
Class com.google.common.cache.LocalCache$LoadingValueReference                        : loaded 2 times (x 94B)
Class com.google.common.base.CharMatcher$SingleWidth                                  : loaded 2 times (x 110B)
Class com.google.common.collect.Hashing                                               : loaded 2 times (x 69B)
Class com.google.common.base.JdkPattern                                               : loaded 2 times (x 73B)
Class com.google.common.collect.Multimap                                              : loaded 2 times (x 68B)
Class com.google.common.base.FunctionalEquivalence                                    : loaded 2 times (x 81B)
Class com.google.common.cache.LocalCache$1                                            : loaded 2 times (x 87B)
Class com.google.common.cache.LocalCache$2                                            : loaded 2 times (x 140B)
Class com.google.common.collect.RegularImmutableBiMap                                 : loaded 2 times (x 146B)
Class org.gradle.internal.classloader.VisitableURLClassLoader$Spec                    : loaded 2 times (x 72B)
Class org.gradle.api.GradleException                                                  : loaded 2 times (x 80B)
Class com.google.common.base.CharMatcher$JavaLetterOrDigit                            : loaded 2 times (x 109B)
Class org.gradle.api.internal.classpath.ModuleRegistry                                : loaded 2 times (x 68B)
Class com.google.common.collect.ForwardingObject                                      : loaded 2 times (x 70B)
Class com.google.common.cache.CacheBuilder                                            : loaded 2 times (x 70B)
Class com.google.common.collect.ImmutableCollection                                   : loaded 2 times (x 123B)
Class com.google.common.base.PairwiseEquivalence                                      : loaded 2 times (x 81B)
Class com.google.common.base.Ticker                                                   : loaded 2 times (x 70B)
Class org.gradle.api.internal.ClassPathProvider                                       : loaded 2 times (x 68B)
Class com.google.common.collect.RegularImmutableMap$Values                            : loaded 2 times (x 167B)
Class org.gradle.internal.classloader.ClasspathUtil$1                                 : loaded 2 times (x 74B)
Class com.google.common.collect.ImmutableEnumMap                                      : loaded 2 times (x 123B)
Class com.google.common.collect.ForwardingMap                                         : loaded 2 times (x 130B)
Class com.google.common.collect.ImmutableList$ReverseImmutableList                    : loaded 2 times (x 168B)
Class com.google.common.cache.AbstractCache$StatsCounter                              : loaded 2 times (x 68B)
Class com.google.common.cache.LocalCache$Strength$1                                   : loaded 2 times (x 79B)
Class com.google.common.cache.LocalCache$Strength$2                                   : loaded 2 times (x 79B)
Class com.google.common.cache.LocalCache$Strength$3                                   : loaded 2 times (x 79B)
Class org.gradle.internal.classloader.ClassLoaderFactory                              : loaded 2 times (x 68B)
Class com.google.common.collect.ObjectArrays                                          : loaded 2 times (x 69B)
Class com.google.common.collect.Iterators$10                                          : loaded 2 times (x 79B)
Class com.google.common.collect.ImmutableList                                         : loaded 2 times (x 166B)
Class org.gradle.api.internal.classpath.ManifestUtil                                  : loaded 2 times (x 69B)
Class org.gradle.api.specs.Spec                                                       : loaded 2 times (x 68B)
Class com.google.common.cache.CacheLoader$UnsupportedLoadingOperationException        : loaded 2 times (x 80B)
Class com.google.common.base.CharMatcher$Whitespace                                   : loaded 2 times (x 110B)
Class com.google.common.collect.Iterators$1                                           : loaded 2 times (x 79B)
Class com.google.common.collect.Iterators$4                                           : loaded 2 times (x 80B)
Class com.google.common.collect.RegularImmutableMap$BucketOverflowException           : loaded 2 times (x 80B)
Class com.google.common.collect.Iterators$5                                           : loaded 2 times (x 80B)
Class com.google.common.base.Equivalence$Equals                                       : loaded 2 times (x 80B)
Class com.google.common.base.Preconditions                                            : loaded 2 times (x 69B)
Class com.google.common.base.Function                                                 : loaded 2 times (x 68B)
Class com.google.common.collect.Iterators$9                                           : loaded 2 times (x 79B)
Class org.gradle.internal.IoActions                                                   : loaded 2 times (x 69B)
Class com.google.common.cache.ReferenceEntry                                          : loaded 2 times (x 68B)
Class com.google.common.collect.RegularImmutableMap$KeySet                            : loaded 2 times (x 148B)
Class com.google.common.collect.CollectPreconditions                                  : loaded 2 times (x 69B)
Class com.google.common.collect.Maps                                                  : loaded 2 times (x 69B)
Class com.google.common.collect.RegularImmutableMap                                   : loaded 2 times (x 119B)
Class com.google.common.collect.AbstractIndexedListIterator                           : loaded 2 times (x 94B)
Class com.google.common.base.CharMatcher$None                                         : loaded 2 times (x 110B)
Class org.gradle.api.internal.classpath.EffectiveClassPath                            : loaded 2 times (x 88B)
Class com.google.common.collect.UnmodifiableListIterator                              : loaded 2 times (x 93B)
Class com.google.common.cache.CacheLoader$FunctionToCacheLoader                       : loaded 2 times (x 73B)
Class com.google.common.cache.CacheBuilder$1                                          : loaded 2 times (x 83B)
Class com.google.common.cache.CacheBuilder$2                                          : loaded 2 times (x 70B)
Class com.google.common.collect.ImmutableList$1                                       : loaded 2 times (x 95B)
Class com.google.common.base.Splitter$Strategy                                        : loaded 2 times (x 68B)
Class com.google.common.collect.ImmutableMapEntrySet$RegularEntrySet                  : loaded 2 times (x 149B)
Class [Lcom.google.common.cache.RemovalListener;                                      : loaded 2 times (x 67B)
Class [Lcom.google.common.collect.ImmutableMapEntry;                                  : loaded 2 times (x 67B)
Class org.gradle.internal.installation.CurrentGradleInstallation                      : loaded 2 times (x 71B)
Class org.gradle.internal.agents.InstrumentingClassLoader                             : loaded 2 times (x 68B)
Class org.gradle.internal.installation.CurrentGradleInstallationLocator               : loaded 2 times (x 69B)
Class [Lcom.google.common.cache.LocalCache$Segment;                                   : loaded 2 times (x 67B)
Class org.gradle.api.internal.classpath.Module                                        : loaded 2 times (x 68B)
Class com.google.common.base.Splitter$1$1                                             : loaded 2 times (x 84B)
Class com.google.common.collect.ImmutableSet$JdkBackedSetBuilderImpl                  : loaded 2 times (x 74B)
Class com.google.common.collect.ImmutableSet$RegularSetBuilderImpl                    : loaded 2 times (x 75B)
Class org.gradle.internal.service.CachingServiceLocator                               : loaded 2 times (x 80B)
Class [Lcom.google.common.collect.ImmutableEntry;                                     : loaded 2 times (x 67B)
Class org.gradle.internal.classpath.DefaultClassPath                                  : loaded 2 times (x 88B)
Class com.google.common.base.Splitter$SplittingIterator                               : loaded 2 times (x 82B)
Class com.google.common.cache.LocalCache$LocalManualCache$1                           : loaded 2 times (x 73B)
Class Build_gradle$1                                                                  : loaded 2 times (x 76B)
Class [Lcom.google.common.cache.LocalCache$EntryFactory;                              : loaded 2 times (x 67B)
Class com.google.common.base.CharMatcher$Is                                           : loaded 2 times (x 109B)
Class com.google.common.base.Platform                                                 : loaded 2 times (x 69B)
Class com.google.common.collect.RegularImmutableAsList                                : loaded 2 times (x 176B)
Class com.google.common.collect.PeekingIterator                                       : loaded 2 times (x 68B)
Class com.google.common.collect.ImmutableMapEntrySet                                  : loaded 2 times (x 149B)
Class com.google.common.cache.CacheLoader                                             : loaded 2 times (x 72B)
Class com.google.common.collect.ImmutableBiMapFauxverideShim                          : loaded 2 times (x 118B)
Class com.google.common.cache.Cache                                                   : loaded 2 times (x 68B)
Class org.gradle.internal.classloader.SystemClassLoaderSpec                           : loaded 2 times (x 69B)
Class com.google.common.collect.SingletonImmutableSet                                 : loaded 2 times (x 144B)
Class [Lcom.google.common.base.AbstractIterator$State;                                : loaded 2 times (x 67B)
Class com.google.common.collect.ImmutableMap$Builder                                  : loaded 2 times (x 80B)
Class com.google.common.base.AbstractIterator                                         : loaded 2 times (x 78B)
Class com.google.common.base.AbstractIterator$1                                       : loaded 2 times (x 69B)
Class [Lcom.google.common.cache.CacheBuilder$OneWeigher;                              : loaded 2 times (x 67B)
Class com.google.common.collect.Iterators                                             : loaded 2 times (x 69B)
Class com.google.common.base.CharMatcher$1                                            : loaded 2 times (x 111B)
Class com.google.common.base.CharMatcher$Ascii                                        : loaded 2 times (x 110B)
Class com.google.common.cache.LocalCache$ComputingValueReference                      : loaded 2 times (x 94B)
Class org.gradle.api.UncheckedIOException                                             : loaded 2 times (x 80B)
Class com.google.common.base.CharMatcher$And                                          : loaded 2 times (x 110B)
Class com.google.common.collect.IndexedImmutableSet                                   : loaded 2 times (x 148B)
Class com.google.common.collect.AbstractListMultimap                                  : loaded 2 times (x 170B)
Class com.google.common.base.CharMatcher$Any                                          : loaded 2 times (x 110B)
Class org.gradle.internal.installation.GradleInstallation                             : loaded 2 times (x 73B)
Class com.google.common.cache.LocalCache$Strength                                     : loaded 2 times (x 79B)
Class com.google.common.collect.ArrayListMultimapGwtSerializationDependencies         : loaded 2 times (x 170B)
Class com.google.common.base.CharMatcher$RangesMatcher                                : loaded 2 times (x 110B)
Class com.google.common.collect.ImmutableList$SubList                                 : loaded 2 times (x 168B)
Class com.google.common.cache.LocalCache$ValueReference                               : loaded 2 times (x 68B)
Class org.gradle.internal.classloader.ClasspathUtil                                   : loaded 2 times (x 69B)
Class com.google.common.base.Splitter$1                                               : loaded 2 times (x 75B)
Class com.google.common.base.Ticker$1                                                 : loaded 2 times (x 70B)
Class com.google.common.collect.Maps$BiMapConverter                                   : loaded 2 times (x 88B)
Class org.gradle.api.internal.DefaultClassPathRegistry                                : loaded 2 times (x 74B)
Class com.google.common.collect.ImmutableSet$SetBuilderImpl                           : loaded 2 times (x 74B)
Class org.gradle.api.internal.classpath.DefaultModuleRegistry$DefaultModule           : loaded 2 times (x 84B)
Class com.google.common.base.CharMatcher$JavaIsoControl                               : loaded 2 times (x 110B)
Class com.google.common.collect.ImmutableMap$1                                        : loaded 2 times (x 79B)
Class com.google.common.base.CharMatcher$Or                                           : loaded 2 times (x 110B)
Class org.gradle.kotlin.dsl.VersionCatalogAccessorsKt                                 : loaded 2 times (x 69B)
Class com.google.common.base.Suppliers$SupplierOfInstance                             : loaded 2 times (x 77B)
Class com.google.common.collect.Iterables                                             : loaded 2 times (x 69B)
Class com.google.common.base.CharMatcher$JavaLowerCase                                : loaded 2 times (x 109B)
Class org.gradle.api.internal.classpath.UnknownModuleException                        : loaded 2 times (x 80B)
Class com.google.common.collect.Maps$EntryTransformer                                 : loaded 2 times (x 68B)
Class com.google.common.collect.ImmutableCollection$Builder                           : loaded 2 times (x 74B)
Class com.google.common.collect.SingletonImmutableBiMap                               : loaded 2 times (x 141B)
Class com.google.common.base.CommonPattern                                            : loaded 2 times (x 72B)
Class com.google.common.base.Suppliers                                                : loaded 2 times (x 69B)
Class com.google.common.cache.LoadingCache                                            : loaded 2 times (x 68B)
Class org.gradle.internal.service.ServiceLookupException                              : loaded 2 times (x 80B)
Class org.gradle.cache.GlobalCache                                                    : loaded 2 times (x 68B)
Class com.google.common.base.CharMatcher$NegatedFastMatcher                           : loaded 2 times (x 111B)
Class [Lorg.gradle.api.internal.ClassPathProvider;                                    : loaded 2 times (x 67B)
Class org.gradle.util.internal.GUtil                                                  : loaded 2 times (x 69B)
Class com.google.common.math.IntMath                                                  : loaded 2 times (x 69B)
Class com.google.common.collect.AbstractIterator                                      : loaded 2 times (x 80B)
Class org.gradle.internal.classloader.ClassLoaderSpec                                 : loaded 2 times (x 69B)
Class com.google.common.base.NullnessCasts                                            : loaded 2 times (x 69B)
Class com.google.common.cache.LocalCache$LocalManualCache                             : loaded 2 times (x 97B)
Class com.google.common.collect.AbstractMapEntry                                      : loaded 2 times (x 79B)
Class com.google.common.base.CharMatcher$Negated                                      : loaded 2 times (x 111B)
Class com.google.common.cache.CacheLoader$1                                           : loaded 2 times (x 73B)
Class com.google.common.collect.ImmutableSet$Builder                                  : loaded 2 times (x 83B)
Class com.google.common.base.CharMatcher$ForPredicate                                 : loaded 2 times (x 110B)
Class com.google.common.collect.ImmutableMap$MapViewOfValuesAsSingletonSets           : loaded 2 times (x 123B)
Class com.google.common.base.MoreObjects                                              : loaded 2 times (x 69B)
Class com.google.common.collect.SortedMapDifference                                   : loaded 2 times (x 68B)
Class com.google.common.cache.CacheStats                                              : loaded 2 times (x 69B)
Class org.gradle.internal.classloader.VisitableURLClassLoader                         : loaded 2 times (x 115B)
Class com.google.common.cache.LocalCache$LocalLoadingCache                            : loaded 2 times (x 132B)
Class com.google.common.base.Supplier                                                 : loaded 2 times (x 68B)
Class com.google.common.collect.ImmutableBiMap                                        : loaded 2 times (x 141B)
Class org.gradle.internal.Cast                                                        : loaded 2 times (x 69B)
Class Build_gradle                                                                    : loaded 2 times (x 70B)
Class org.gradle.api.internal.ClassPathRegistry                                       : loaded 2 times (x 68B)
Class com.google.common.cache.LocalCache$EntryFactory                                 : loaded 2 times (x 81B)
Class com.google.common.util.concurrent.UncheckedExecutionException                   : loaded 2 times (x 80B)
Class com.google.common.collect.ImmutableSet                                          : loaded 2 times (x 143B)
Class org.gradle.internal.classloader.VisitableURLClassLoader$InstrumentingVisitableURLClassLoader: loaded 2 times (x 121B)
Class org.gradle.internal.classloader.ClassLoaderHierarchy                            : loaded 2 times (x 68B)
Class com.google.common.base.AbstractIterator$State                                   : loaded 2 times (x 77B)
Class com.google.common.cache.Weigher                                                 : loaded 2 times (x 68B)
Class com.google.common.base.CharMatcher$NamedFastMatcher                             : loaded 2 times (x 110B)
Class org.gradle.internal.InternalTransformer                                         : loaded 2 times (x 68B)
Class org.gradle.internal.service.ServiceLocator                                      : loaded 2 times (x 68B)
Class Settings_gradle$1                                                               : loaded 2 times (x 72B)
Class com.google.common.collect.ImmutableMapEntry                                     : loaded 2 times (x 83B)
Class com.google.common.base.CharMatcher$Invisible                                    : loaded 2 times (x 110B)
Class com.google.common.base.CharMatcher$FastMatcher                                  : loaded 2 times (x 109B)
Class org.gradle.internal.classpath.DefaultClassPath$ImmutableUniqueList              : loaded 2 times (x 159B)
Class com.google.common.base.CharMatcher$JavaLetter                                   : loaded 2 times (x 109B)
Class org.gradle.internal.classpath.TransformedClassPath                              : loaded 2 times (x 94B)
Class com.google.common.collect.MapDifference                                         : loaded 2 times (x 68B)
Class Settings_gradle                                                                 : loaded 2 times (x 126B)
Class com.google.common.collect.Platform                                              : loaded 2 times (x 69B)
Class com.google.common.collect.ImmutableAsList                                       : loaded 2 times (x 169B)
Class com.google.common.util.concurrent.ExecutionError                                : loaded 2 times (x 80B)
Class com.google.common.base.Equivalence$Identity                                     : loaded 2 times (x 80B)
Class com.google.common.base.CharMatcher$AnyOf                                        : loaded 2 times (x 110B)
Class com.google.common.base.CharMatcher$IsEither                                     : loaded 2 times (x 109B)
Class com.google.common.cache.LocalCache                                              : loaded 2 times (x 185B)
Class com.google.common.collect.RegularImmutableList                                  : loaded 2 times (x 172B)
Class com.google.common.base.CharMatcher$JavaUpperCase                                : loaded 2 times (x 109B)
Class com.google.common.collect.Multiset                                              : loaded 2 times (x 68B)
Class com.google.common.collect.ImmutableSet$CachingAsList                            : loaded 2 times (x 145B)
Class com.google.common.collect.ImmutableMapEntry$NonTerminalImmutableMapEntry        : loaded 2 times (x 83B)
Class com.google.common.collect.AbstractMapBasedMultimap                              : loaded 2 times (x 137B)


---------------  S Y S T E M  ---------------

OS:
 Windows 10 , 64 bit Build 19041 (10.0.19041.3636)
OS uptime: 5 days 15:53 hours

CPU: total 4 (initial active 4) (4 cores per cpu, 2 threads per core) family 23 model 24 stepping 1 microcode 0x0, cx8, cmov, fxsr, ht, mmx, 3dnowpref, sse, sse2, sse3, ssse3, sse4a, sse4.1, sse4.2, popcnt, lzcnt, tsc, tscinvbit, avx, avx2, aes, clmul, bmi1, bmi2, adx, sha, fma, vzeroupper, clflush, clflushopt
Processor Information for all 4 processors :
  Max Mhz: 2600, Current Mhz: 2600, Mhz Limit: 2600

Memory: 4k page, system-wide physical 6082M (291M free)
TotalPageFile size 24514M (AvailPageFile size 14M)
current process WorkingSet (physical memory assigned to process): 224M, peak: 231M
current process commit charge ("private bytes"): 301M, peak: 318M

vm_info: OpenJDK 64-Bit Server VM (17.0.9+0--11185874) for windows-amd64 JRE (17.0.9+0--11185874), built on Dec  6 2023 18:57:44 by "androidbuild" with MS VC++ 16.10 / 16.11 (VS2019)

END.
